2025-11-26 12:37:54.154 [info] Reading sessions from keychain...
2025-11-26 12:37:54.154 [info] Got stored sessions!
2025-11-26 12:37:54.154 [info] Got 2 verified sessions.
2025-11-26 12:37:54.154 [info] Getting sessions for all scopes...
2025-11-26 12:37:54.154 [info] Got 2 sessions for ...
2025-11-26 12:37:54.154 [info] Getting sessions for all scopes...
2025-11-26 12:37:54.154 [info] Got 2 sessions for ...
2025-11-26 12:37:54.154 [info] Getting sessions for all scopes...
2025-11-26 12:37:54.154 [info] Got 2 sessions for ...
2025-11-26 12:37:54.154 [info] Getting sessions for all scopes...
2025-11-26 12:37:54.154 [info] Got 2 sessions for ...
2025-11-26 12:37:54.154 [info] Getting sessions for all scopes...
2025-11-26 12:37:54.154 [info] Got 2 sessions for ...
2025-11-26 12:37:54.154 [info] Getting sessions for all scopes...
2025-11-26 12:37:54.154 [info] Got 2 sessions for ...
2025-11-26 12:37:54.154 [info] Getting sessions for all scopes...
2025-11-26 12:37:54.154 [info] Got 2 sessions for ...
2025-11-26 12:37:54.154 [info] Getting sessions for all scopes...
2025-11-26 12:37:54.154 [info] Got 2 sessions for ...
2025-11-26 12:37:54.154 [info] Getting sessions for all scopes...
2025-11-26 12:37:54.154 [info] Got 2 sessions for ...
2025-11-26 12:37:54.154 [info] Getting sessions for all scopes...
2025-11-26 12:37:54.154 [info] Got 2 sessions for ...
2025-11-26 12:37:54.154 [info] Getting sessions for all scopes...
2025-11-26 12:37:54.154 [info] Got 2 sessions for ...
2025-11-26 12:37:54.154 [info] Getting sessions for all scopes...
2025-11-26 12:37:54.154 [info] Got 2 sessions for ...
2025-11-26 12:37:54.154 [info] Getting sessions for all scopes...
2025-11-26 12:37:54.154 [info] Got 2 sessions for ...
2025-11-26 12:37:54.154 [info] Getting sessions for all scopes...
2025-11-26 12:37:54.154 [info] Got 2 sessions for ...
2025-11-26 12:37:54.154 [info] Getting sessions for all scopes...
2025-11-26 12:37:54.154 [info] Got 2 sessions for ...
2025-11-26 12:37:54.154 [info] Getting sessions for read:user,repo,user:email,workflow...
2025-11-26 12:37:54.154 [info] Got 1 sessions for read:user,repo,user:email,workflow...
2025-11-26 12:37:54.180 [info] Getting sessions for all scopes...
2025-11-26 12:37:54.180 [info] Got 2 sessions for ...
2025-11-26 12:37:54.180 [info] Getting sessions for read:user,repo,user:email,workflow...
2025-11-26 12:37:54.180 [info] Got 1 sessions for read:user,repo,user:email,workflow...
2025-11-26 12:37:55.673 [info] Getting sessions for all scopes...
2025-11-26 12:37:55.673 [info] Got 2 sessions for ...
2025-11-26 12:37:55.683 [info] Getting sessions for all scopes...
2025-11-26 12:37:55.683 [info] Got 2 sessions for ...
2025-11-26 12:37:55.688 [info] Getting sessions for all scopes...
2025-11-26 12:37:55.688 [info] Got 2 sessions for ...
2025-11-26 12:37:55.688 [info] Getting sessions for all scopes...
2025-11-26 12:37:55.688 [info] Got 2 sessions for ...
2025-11-26 12:37:55.805 [info] Getting sessions for read:user,repo,user:email,workflow...
2025-11-26 12:37:55.805 [info] Got 1 sessions for read:user,repo,user:email,workflow...
2025-11-26 12:37:56.020 [info] Getting sessions for all scopes...
2025-11-26 12:37:56.020 [info] Got 2 sessions for ...
2025-11-26 12:37:56.144 [info] FetcherService: Electron fetch failed with status: 429 
2025-11-26 12:37:56.146 [info] Getting sessions for all scopes...
2025-11-26 12:37:56.146 [info] Got 2 sessions for ...
2025-11-26 12:37:56.147 [info] Getting sessions for all scopes...
2025-11-26 12:37:56.147 [info] Got 2 sessions for ...
2025-11-26 12:37:56.147 [info] Getting sessions for read:user,repo,user:email,workflow...
2025-11-26 12:37:56.147 [info] Got 1 sessions for read:user,repo,user:email,workflow...
2025-11-26 12:37:56.147 [info] Getting sessions for all scopes...
2025-11-26 12:37:56.147 [info] Got 2 sessions for ...
2025-11-26 12:37:56.147 [info] Getting sessions for all scopes...
2025-11-26 12:37:56.147 [info] Got 2 sessions for ...
2025-11-26 12:37:56.161 [info] Getting sessions for all scopes...
2025-11-26 12:37:56.161 [info] Got 2 sessions for ...
2025-11-26 12:37:56.265 [info] Getting sessions for read:user,repo,user:email,workflow...
2025-11-26 12:37:56.265 [info] Got 1 sessions for read:user,repo,user:email,workflow...
2025-11-26 12:37:56.616 [info] FetcherService: Node fetch failed with status: 429 Too Many Requests
2025-11-26 12:37:57.022 [info] FetcherService: Node http/s failed with status: 429 Too Many Requests
2025-11-26 12:40:21.955 [info] Getting sessions for all scopes...
2025-11-26 12:40:21.955 [info] Got 2 sessions for ...
