2025-11-26 12:38:02.884 [info] Reading sessions from keychain...
2025-11-26 12:38:02.884 [info] Got stored sessions!
2025-11-26 12:38:02.884 [info] Got 2 verified sessions.
2025-11-26 12:38:02.884 [info] Getting sessions for all scopes...
2025-11-26 12:38:02.884 [info] Got 2 sessions for ...
2025-11-26 12:38:02.884 [info] Getting sessions for all scopes...
2025-11-26 12:38:02.884 [info] Got 2 sessions for ...
2025-11-26 12:38:02.884 [info] Getting sessions for all scopes...
2025-11-26 12:38:02.884 [info] Got 2 sessions for ...
2025-11-26 12:38:02.884 [info] Getting sessions for all scopes...
2025-11-26 12:38:02.884 [info] Got 2 sessions for ...
2025-11-26 12:38:02.884 [info] Getting sessions for all scopes...
2025-11-26 12:38:02.884 [info] Got 2 sessions for ...
2025-11-26 12:38:02.884 [info] Getting sessions for all scopes...
2025-11-26 12:38:02.884 [info] Got 2 sessions for ...
2025-11-26 12:38:02.884 [info] Getting sessions for all scopes...
2025-11-26 12:38:02.884 [info] Got 2 sessions for ...
2025-11-26 12:38:02.884 [info] Getting sessions for all scopes...
2025-11-26 12:38:02.884 [info] Got 2 sessions for ...
2025-11-26 12:38:02.884 [info] Getting sessions for all scopes...
2025-11-26 12:38:02.884 [info] Got 2 sessions for ...
2025-11-26 12:38:02.884 [info] Getting sessions for all scopes...
2025-11-26 12:38:02.884 [info] Got 2 sessions for ...
2025-11-26 12:38:02.884 [info] Getting sessions for all scopes...
2025-11-26 12:38:02.884 [info] Got 2 sessions for ...
2025-11-26 12:38:02.884 [info] Getting sessions for all scopes...
2025-11-26 12:38:02.884 [info] Got 2 sessions for ...
2025-11-26 12:38:02.884 [info] Getting sessions for all scopes...
2025-11-26 12:38:02.884 [info] Got 2 sessions for ...
2025-11-26 12:38:02.884 [info] Getting sessions for all scopes...
2025-11-26 12:38:02.884 [info] Got 2 sessions for ...
2025-11-26 12:38:02.884 [info] Getting sessions for all scopes...
2025-11-26 12:38:02.884 [info] Got 2 sessions for ...
2025-11-26 12:38:02.884 [info] Getting sessions for all scopes...
2025-11-26 12:38:02.884 [info] Got 2 sessions for ...
2025-11-26 12:38:02.884 [info] Getting sessions for all scopes...
2025-11-26 12:38:02.884 [info] Got 2 sessions for ...
2025-11-26 12:38:02.884 [info] Getting sessions for all scopes...
2025-11-26 12:38:02.884 [info] Got 2 sessions for ...
2025-11-26 12:38:02.884 [info] Getting sessions for read:user,repo,user:email,workflow...
2025-11-26 12:38:02.884 [info] Got 1 sessions for read:user,repo,user:email,workflow...
2025-11-26 12:38:02.913 [info] Getting sessions for all scopes...
2025-11-26 12:38:02.913 [info] Got 2 sessions for ...
2025-11-26 12:38:02.913 [info] Getting sessions for read:user,repo,user:email,workflow...
2025-11-26 12:38:02.914 [info] Got 1 sessions for read:user,repo,user:email,workflow...
2025-11-26 12:38:04.271 [info] Getting sessions for all scopes...
2025-11-26 12:38:04.271 [info] Got 2 sessions for ...
2025-11-26 12:38:04.275 [info] Getting sessions for all scopes...
2025-11-26 12:38:04.275 [info] Got 2 sessions for ...
2025-11-26 12:38:04.276 [info] Getting sessions for all scopes...
2025-11-26 12:38:04.276 [info] Got 2 sessions for ...
2025-11-26 12:38:04.428 [info] Getting sessions for read:user,repo,user:email,workflow...
2025-11-26 12:38:04.428 [info] Got 1 sessions for read:user,repo,user:email,workflow...
2025-11-26 12:38:04.429 [info] FetcherService: Electron fetch failed with status: 429 
2025-11-26 12:38:04.659 [info] Getting sessions for all scopes...
2025-11-26 12:38:04.659 [info] Got 2 sessions for ...
2025-11-26 12:38:04.676 [info] Getting sessions for all scopes...
2025-11-26 12:38:04.676 [info] Got 2 sessions for ...
2025-11-26 12:38:04.676 [info] Getting sessions for all scopes...
2025-11-26 12:38:04.676 [info] Got 2 sessions for ...
2025-11-26 12:38:04.683 [info] Getting sessions for read:user,repo,user:email,workflow...
2025-11-26 12:38:04.683 [info] Got 1 sessions for read:user,repo,user:email,workflow...
2025-11-26 12:38:04.686 [info] Getting sessions for all scopes...
2025-11-26 12:38:04.686 [info] Got 2 sessions for ...
2025-11-26 12:38:04.687 [info] Getting sessions for all scopes...
2025-11-26 12:38:04.687 [info] Got 2 sessions for ...
2025-11-26 12:38:04.687 [info] Getting sessions for all scopes...
2025-11-26 12:38:04.687 [info] Got 2 sessions for ...
2025-11-26 12:38:04.897 [info] Getting sessions for read:user,repo,user:email,workflow...
2025-11-26 12:38:04.897 [info] Got 1 sessions for read:user,repo,user:email,workflow...
2025-11-26 12:38:05.219 [info] FetcherService: Node fetch failed with status: 429 Too Many Requests
2025-11-26 12:38:05.656 [info] FetcherService: Node http/s failed with status: 429 Too Many Requests
2025-11-26 12:38:09.415 [info] Reading sessions from keychain...
2025-11-26 12:38:09.415 [info] Getting sessions for all scopes...
2025-11-26 12:38:09.415 [info] Got stored sessions!
2025-11-26 12:38:09.415 [info] Got 2 verified sessions.
2025-11-26 12:38:09.415 [info] Got 2 sessions for ...
2025-11-26 12:38:09.415 [info] Getting sessions for all scopes...
2025-11-26 12:38:09.415 [info] Got 2 sessions for ...
2025-11-26 12:38:09.415 [info] Getting sessions for all scopes...
2025-11-26 12:38:09.415 [info] Got 2 sessions for ...
2025-11-26 12:38:09.415 [info] Getting sessions for all scopes...
2025-11-26 12:38:09.415 [info] Got 2 sessions for ...
2025-11-26 12:38:09.415 [info] Getting sessions for all scopes...
2025-11-26 12:38:09.415 [info] Got 2 sessions for ...
2025-11-26 12:38:09.415 [info] Getting sessions for all scopes...
2025-11-26 12:38:09.415 [info] Got 2 sessions for ...
2025-11-26 12:38:09.415 [info] Getting sessions for all scopes...
2025-11-26 12:38:09.415 [info] Got 2 sessions for ...
2025-11-26 12:38:09.415 [info] Getting sessions for all scopes...
2025-11-26 12:38:09.415 [info] Got 2 sessions for ...
2025-11-26 12:38:09.415 [info] Getting sessions for all scopes...
2025-11-26 12:38:09.415 [info] Got 2 sessions for ...
2025-11-26 12:38:09.415 [info] Getting sessions for all scopes...
2025-11-26 12:38:09.415 [info] Got 2 sessions for ...
2025-11-26 12:38:09.415 [info] Getting sessions for all scopes...
2025-11-26 12:38:09.415 [info] Got 2 sessions for ...
2025-11-26 12:38:09.415 [info] Getting sessions for all scopes...
2025-11-26 12:38:09.415 [info] Got 2 sessions for ...
2025-11-26 12:38:09.415 [info] Getting sessions for all scopes...
2025-11-26 12:38:09.415 [info] Got 2 sessions for ...
2025-11-26 12:38:09.415 [info] Getting sessions for all scopes...
2025-11-26 12:38:09.415 [info] Got 2 sessions for ...
2025-11-26 12:38:09.415 [info] Getting sessions for all scopes...
2025-11-26 12:38:09.415 [info] Got 2 sessions for ...
2025-11-26 12:38:09.415 [info] Getting sessions for all scopes...
2025-11-26 12:38:09.415 [info] Got 2 sessions for ...
2025-11-26 12:38:09.415 [info] Getting sessions for all scopes...
2025-11-26 12:38:09.415 [info] Got 2 sessions for ...
2025-11-26 12:38:09.415 [info] Getting sessions for all scopes...
2025-11-26 12:38:09.415 [info] Got 2 sessions for ...
2025-11-26 12:38:09.628 [info] Getting sessions for read:user,repo,user:email,workflow...
2025-11-26 12:38:09.628 [info] Got 1 sessions for read:user,repo,user:email,workflow...
2025-11-26 12:38:11.372 [info] Getting sessions for all scopes...
2025-11-26 12:38:11.372 [info] Got 2 sessions for ...
2025-11-26 12:38:11.430 [info] Getting sessions for all scopes...
2025-11-26 12:38:11.430 [info] Got 2 sessions for ...
2025-11-26 12:38:11.459 [info] Getting sessions for read:user,repo,user:email,workflow...
2025-11-26 12:38:11.459 [info] Got 1 sessions for read:user,repo,user:email,workflow...
2025-11-26 12:38:11.668 [info] FetcherService: Electron fetch failed with status: 429 
2025-11-26 12:38:11.693 [info] Getting sessions for read:user,repo,user:email,workflow...
2025-11-26 12:38:11.693 [info] Got 1 sessions for read:user,repo,user:email,workflow...
2025-11-26 12:38:12.097 [info] Getting sessions for all scopes...
2025-11-26 12:38:12.098 [info] Got 2 sessions for ...
2025-11-26 12:38:12.117 [info] Getting sessions for all scopes...
2025-11-26 12:38:12.117 [info] Got 2 sessions for ...
2025-11-26 12:38:12.117 [info] Getting sessions for read:user,repo,user:email,workflow...
2025-11-26 12:38:12.117 [info] Got 1 sessions for read:user,repo,user:email,workflow...
2025-11-26 12:38:12.658 [info] FetcherService: Node fetch failed with status: 429 Too Many Requests
2025-11-26 12:38:12.672 [info] Getting sessions for all scopes...
2025-11-26 12:38:12.672 [info] Got 2 sessions for ...
2025-11-26 12:38:12.672 [info] Getting sessions for all scopes...
2025-11-26 12:38:12.673 [info] Got 2 sessions for ...
2025-11-26 12:38:12.704 [info] Getting sessions for read:user,repo,user:email,workflow...
2025-11-26 12:38:12.704 [info] Got 1 sessions for read:user,repo,user:email,workflow...
2025-11-26 12:38:13.143 [info] FetcherService: Node http/s failed with status: 429 Too Many Requests
2025-11-26 12:38:13.526 [info] Getting sessions for all scopes...
2025-11-26 12:38:13.526 [info] Got 2 sessions for ...
2025-11-26 12:38:13.747 [info] Getting sessions for all scopes...
2025-11-26 12:38:13.747 [info] Got 2 sessions for ...
2025-11-26 12:38:13.748 [info] Getting sessions for all scopes...
2025-11-26 12:38:13.748 [info] Got 2 sessions for ...
2025-11-26 12:38:13.748 [info] Getting sessions for all scopes...
2025-11-26 12:38:13.748 [info] Got 2 sessions for ...
2025-11-26 12:38:13.776 [info] Getting sessions for all scopes...
2025-11-26 12:38:13.776 [info] Got 2 sessions for ...
2025-11-26 12:38:13.777 [info] Getting sessions for all scopes...
2025-11-26 12:38:13.777 [info] Got 2 sessions for ...
2025-11-26 12:38:13.897 [info] Getting sessions for read:user,repo,user:email,workflow...
2025-11-26 12:38:13.897 [info] Got 1 sessions for read:user,repo,user:email,workflow...
2025-11-26 12:43:09.625 [info] Getting sessions for all scopes...
2025-11-26 12:43:09.625 [info] Got 2 sessions for ...
2025-11-26 12:43:09.626 [info] Getting sessions for read:user,repo,user:email,workflow...
2025-11-26 12:43:09.626 [info] Got 1 sessions for read:user,repo,user:email,workflow...
2025-11-26 12:48:09.625 [info] Getting sessions for all scopes...
2025-11-26 12:48:09.625 [info] Got 2 sessions for ...
2025-11-26 12:48:09.626 [info] Getting sessions for read:user,repo,user:email,workflow...
2025-11-26 12:48:09.626 [info] Got 1 sessions for read:user,repo,user:email,workflow...
2025-11-26 12:53:09.624 [info] Getting sessions for all scopes...
2025-11-26 12:53:09.624 [info] Got 2 sessions for ...
2025-11-26 12:53:09.625 [info] Getting sessions for read:user,repo,user:email,workflow...
2025-11-26 12:53:09.625 [info] Got 1 sessions for read:user,repo,user:email,workflow...
2025-11-26 12:58:09.625 [info] Getting sessions for all scopes...
2025-11-26 12:58:09.625 [info] Got 2 sessions for ...
2025-11-26 12:58:09.625 [info] Getting sessions for read:user,repo,user:email,workflow...
2025-11-26 12:58:09.625 [info] Got 1 sessions for read:user,repo,user:email,workflow...
2025-11-26 13:03:09.625 [info] Getting sessions for all scopes...
2025-11-26 13:03:09.625 [info] Got 2 sessions for ...
2025-11-26 13:03:09.626 [info] Getting sessions for read:user,repo,user:email,workflow...
2025-11-26 13:03:09.626 [info] Got 1 sessions for read:user,repo,user:email,workflow...
2025-11-26 13:08:09.625 [info] Getting sessions for all scopes...
2025-11-26 13:08:09.625 [info] Got 2 sessions for ...
2025-11-26 13:08:09.626 [info] Getting sessions for read:user,repo,user:email,workflow...
2025-11-26 13:08:09.626 [info] Got 1 sessions for read:user,repo,user:email,workflow...
2025-11-26 13:13:09.625 [info] Getting sessions for all scopes...
2025-11-26 13:13:09.625 [info] Got 2 sessions for ...
2025-11-26 13:13:09.625 [info] Getting sessions for read:user,repo,user:email,workflow...
2025-11-26 13:13:09.625 [info] Got 1 sessions for read:user,repo,user:email,workflow...
2025-11-26 13:18:09.625 [info] Getting sessions for all scopes...
2025-11-26 13:18:09.625 [info] Got 2 sessions for ...
2025-11-26 13:18:09.626 [info] Getting sessions for read:user,repo,user:email,workflow...
2025-11-26 13:18:09.626 [info] Got 1 sessions for read:user,repo,user:email,workflow...
2025-11-26 13:23:09.626 [info] Getting sessions for all scopes...
2025-11-26 13:23:09.626 [info] Got 2 sessions for ...
2025-11-26 13:23:09.626 [info] Getting sessions for read:user,repo,user:email,workflow...
2025-11-26 13:23:09.626 [info] Got 1 sessions for read:user,repo,user:email,workflow...
2025-11-26 13:28:09.626 [info] Getting sessions for all scopes...
2025-11-26 13:28:09.626 [info] Got 2 sessions for ...
2025-11-26 13:28:09.627 [info] Getting sessions for read:user,repo,user:email,workflow...
2025-11-26 13:28:09.627 [info] Got 1 sessions for read:user,repo,user:email,workflow...
2025-11-26 13:33:09.627 [info] Getting sessions for all scopes...
2025-11-26 13:33:09.627 [info] Got 2 sessions for ...
2025-11-26 13:33:09.628 [info] Getting sessions for read:user,repo,user:email,workflow...
2025-11-26 13:33:09.628 [info] Got 1 sessions for read:user,repo,user:email,workflow...
2025-11-26 13:38:09.627 [info] Getting sessions for all scopes...
2025-11-26 13:38:09.627 [info] Got 2 sessions for ...
2025-11-26 13:38:09.628 [info] Getting sessions for read:user,repo,user:email,workflow...
2025-11-26 13:38:09.628 [info] Got 1 sessions for read:user,repo,user:email,workflow...
2025-11-26 13:43:09.627 [info] Getting sessions for all scopes...
2025-11-26 13:43:09.627 [info] Got 2 sessions for ...
2025-11-26 13:43:09.628 [info] Getting sessions for read:user,repo,user:email,workflow...
2025-11-26 13:43:09.628 [info] Got 1 sessions for read:user,repo,user:email,workflow...
2025-11-26 13:48:09.627 [info] Getting sessions for all scopes...
2025-11-26 13:48:09.627 [info] Got 2 sessions for ...
2025-11-26 13:48:09.628 [info] Getting sessions for read:user,repo,user:email,workflow...
2025-11-26 13:48:09.628 [info] Got 1 sessions for read:user,repo,user:email,workflow...
2025-11-26 13:53:09.627 [info] Getting sessions for all scopes...
2025-11-26 13:53:09.627 [info] Got 2 sessions for ...
2025-11-26 13:53:09.628 [info] Getting sessions for read:user,repo,user:email,workflow...
2025-11-26 13:53:09.628 [info] Got 1 sessions for read:user,repo,user:email,workflow...
2025-11-26 13:58:09.627 [info] Getting sessions for all scopes...
2025-11-26 13:58:09.627 [info] Got 2 sessions for ...
2025-11-26 13:58:09.628 [info] Getting sessions for read:user,repo,user:email,workflow...
2025-11-26 13:58:09.628 [info] Got 1 sessions for read:user,repo,user:email,workflow...
2025-11-26 14:03:09.627 [info] Getting sessions for all scopes...
2025-11-26 14:03:09.627 [info] Got 2 sessions for ...
2025-11-26 14:03:09.627 [info] Getting sessions for read:user,repo,user:email,workflow...
2025-11-26 14:03:09.628 [info] Got 1 sessions for read:user,repo,user:email,workflow...
2025-11-26 14:08:09.627 [info] Getting sessions for all scopes...
2025-11-26 14:08:09.627 [info] Got 2 sessions for ...
2025-11-26 14:08:09.627 [info] Getting sessions for read:user,repo,user:email,workflow...
2025-11-26 14:08:09.627 [info] Got 1 sessions for read:user,repo,user:email,workflow...
2025-11-26 14:13:09.627 [info] Getting sessions for all scopes...
2025-11-26 14:13:09.627 [info] Got 2 sessions for ...
2025-11-26 14:13:09.628 [info] Getting sessions for read:user,repo,user:email,workflow...
2025-11-26 14:13:09.628 [info] Got 1 sessions for read:user,repo,user:email,workflow...
2025-11-26 14:18:09.627 [info] Getting sessions for all scopes...
2025-11-26 14:18:09.627 [info] Got 2 sessions for ...
2025-11-26 14:18:09.628 [info] Getting sessions for read:user,repo,user:email,workflow...
2025-11-26 14:18:09.628 [info] Got 1 sessions for read:user,repo,user:email,workflow...
2025-11-26 14:23:09.627 [info] Getting sessions for all scopes...
2025-11-26 14:23:09.627 [info] Got 2 sessions for ...
2025-11-26 14:23:09.628 [info] Getting sessions for read:user,repo,user:email,workflow...
2025-11-26 14:23:09.628 [info] Got 1 sessions for read:user,repo,user:email,workflow...
2025-11-26 14:28:09.627 [info] Getting sessions for all scopes...
2025-11-26 14:28:09.627 [info] Got 2 sessions for ...
2025-11-26 14:28:09.627 [info] Getting sessions for read:user,repo,user:email,workflow...
2025-11-26 14:28:09.628 [info] Got 1 sessions for read:user,repo,user:email,workflow...
2025-11-26 14:33:09.627 [info] Getting sessions for all scopes...
2025-11-26 14:33:09.627 [info] Got 2 sessions for ...
2025-11-26 14:33:09.628 [info] Getting sessions for read:user,repo,user:email,workflow...
2025-11-26 14:33:09.628 [info] Got 1 sessions for read:user,repo,user:email,workflow...
2025-11-26 14:38:09.628 [info] Getting sessions for all scopes...
2025-11-26 14:38:09.628 [info] Got 2 sessions for ...
2025-11-26 14:38:09.629 [info] Getting sessions for read:user,repo,user:email,workflow...
2025-11-26 14:38:09.629 [info] Got 1 sessions for read:user,repo,user:email,workflow...
2025-11-26 14:43:09.628 [info] Getting sessions for all scopes...
2025-11-26 14:43:09.628 [info] Got 2 sessions for ...
2025-11-26 14:43:09.629 [info] Getting sessions for read:user,repo,user:email,workflow...
2025-11-26 14:43:09.629 [info] Got 1 sessions for read:user,repo,user:email,workflow...
2025-11-26 14:48:09.628 [info] Getting sessions for all scopes...
2025-11-26 14:48:09.628 [info] Got 2 sessions for ...
2025-11-26 14:48:09.629 [info] Getting sessions for read:user,repo,user:email,workflow...
2025-11-26 14:48:09.629 [info] Got 1 sessions for read:user,repo,user:email,workflow...
2025-11-26 14:53:09.628 [info] Getting sessions for all scopes...
2025-11-26 14:53:09.628 [info] Got 2 sessions for ...
2025-11-26 14:53:09.629 [info] Getting sessions for read:user,repo,user:email,workflow...
2025-11-26 14:53:09.629 [info] Got 1 sessions for read:user,repo,user:email,workflow...
2025-11-26 14:58:09.628 [info] Getting sessions for all scopes...
2025-11-26 14:58:09.628 [info] Got 2 sessions for ...
2025-11-26 14:58:09.629 [info] Getting sessions for read:user,repo,user:email,workflow...
2025-11-26 14:58:09.629 [info] Got 1 sessions for read:user,repo,user:email,workflow...
2025-11-26 15:03:09.628 [info] Getting sessions for all scopes...
2025-11-26 15:03:09.628 [info] Got 2 sessions for ...
2025-11-26 15:03:09.628 [info] Getting sessions for read:user,repo,user:email,workflow...
2025-11-26 15:03:09.628 [info] Got 1 sessions for read:user,repo,user:email,workflow...
2025-11-26 15:08:09.627 [info] Getting sessions for all scopes...
2025-11-26 15:08:09.627 [info] Got 2 sessions for ...
2025-11-26 15:08:09.628 [info] Getting sessions for read:user,repo,user:email,workflow...
2025-11-26 15:08:09.628 [info] Got 1 sessions for read:user,repo,user:email,workflow...
2025-11-26 15:13:09.628 [info] Getting sessions for all scopes...
2025-11-26 15:13:09.628 [info] Got 2 sessions for ...
2025-11-26 15:13:09.629 [info] Getting sessions for read:user,repo,user:email,workflow...
2025-11-26 15:13:09.629 [info] Got 1 sessions for read:user,repo,user:email,workflow...
2025-11-26 15:18:09.627 [info] Getting sessions for all scopes...
2025-11-26 15:18:09.627 [info] Got 2 sessions for ...
2025-11-26 15:18:09.628 [info] Getting sessions for read:user,repo,user:email,workflow...
2025-11-26 15:18:09.628 [info] Got 1 sessions for read:user,repo,user:email,workflow...
2025-11-26 15:23:09.628 [info] Getting sessions for all scopes...
2025-11-26 15:23:09.628 [info] Got 2 sessions for ...
2025-11-26 15:23:09.628 [info] Getting sessions for read:user,repo,user:email,workflow...
2025-11-26 15:23:09.628 [info] Got 1 sessions for read:user,repo,user:email,workflow...
2025-11-26 15:28:09.627 [info] Getting sessions for all scopes...
2025-11-26 15:28:09.627 [info] Got 2 sessions for ...
2025-11-26 15:28:09.628 [info] Getting sessions for read:user,repo,user:email,workflow...
2025-11-26 15:28:09.628 [info] Got 1 sessions for read:user,repo,user:email,workflow...
2025-11-26 15:33:09.629 [info] Getting sessions for all scopes...
2025-11-26 15:33:09.629 [info] Got 2 sessions for ...
2025-11-26 15:33:09.630 [info] Getting sessions for read:user,repo,user:email,workflow...
2025-11-26 15:33:09.630 [info] Got 1 sessions for read:user,repo,user:email,workflow...
2025-11-26 15:38:09.629 [info] Getting sessions for all scopes...
2025-11-26 15:38:09.629 [info] Got 2 sessions for ...
2025-11-26 15:38:09.630 [info] Getting sessions for read:user,repo,user:email,workflow...
2025-11-26 15:38:09.630 [info] Got 1 sessions for read:user,repo,user:email,workflow...
2025-11-26 15:43:09.629 [info] Getting sessions for all scopes...
2025-11-26 15:43:09.629 [info] Got 2 sessions for ...
2025-11-26 15:43:09.630 [info] Getting sessions for read:user,repo,user:email,workflow...
2025-11-26 15:43:09.630 [info] Got 1 sessions for read:user,repo,user:email,workflow...
2025-11-26 15:48:09.629 [info] Getting sessions for all scopes...
2025-11-26 15:48:09.629 [info] Got 2 sessions for ...
2025-11-26 15:48:09.630 [info] Getting sessions for read:user,repo,user:email,workflow...
2025-11-26 15:48:09.630 [info] Got 1 sessions for read:user,repo,user:email,workflow...
2025-11-26 15:53:09.628 [info] Getting sessions for all scopes...
2025-11-26 15:53:09.628 [info] Got 2 sessions for ...
2025-11-26 15:53:09.629 [info] Getting sessions for read:user,repo,user:email,workflow...
2025-11-26 15:53:09.629 [info] Got 1 sessions for read:user,repo,user:email,workflow...
2025-11-26 15:58:09.629 [info] Getting sessions for all scopes...
2025-11-26 15:58:09.629 [info] Got 2 sessions for ...
2025-11-26 15:58:09.629 [info] Getting sessions for read:user,repo,user:email,workflow...
2025-11-26 15:58:09.630 [info] Got 1 sessions for read:user,repo,user:email,workflow...
2025-11-26 16:03:09.629 [info] Getting sessions for all scopes...
2025-11-26 16:03:09.629 [info] Got 2 sessions for ...
2025-11-26 16:03:09.630 [info] Getting sessions for read:user,repo,user:email,workflow...
2025-11-26 16:03:09.630 [info] Got 1 sessions for read:user,repo,user:email,workflow...
2025-11-26 16:08:09.630 [info] Getting sessions for all scopes...
2025-11-26 16:08:09.630 [info] Got 2 sessions for ...
2025-11-26 16:08:09.630 [info] Getting sessions for read:user,repo,user:email,workflow...
2025-11-26 16:08:09.630 [info] Got 1 sessions for read:user,repo,user:email,workflow...
2025-11-26 16:13:09.631 [info] Getting sessions for all scopes...
2025-11-26 16:13:09.631 [info] Got 2 sessions for ...
2025-11-26 16:13:09.632 [info] Getting sessions for read:user,repo,user:email,workflow...
2025-11-26 16:13:09.632 [info] Got 1 sessions for read:user,repo,user:email,workflow...
2025-11-26 16:18:09.631 [info] Getting sessions for all scopes...
2025-11-26 16:18:09.631 [info] Got 2 sessions for ...
2025-11-26 16:18:09.632 [info] Getting sessions for read:user,repo,user:email,workflow...
2025-11-26 16:18:09.632 [info] Got 1 sessions for read:user,repo,user:email,workflow...
2025-11-26 16:23:09.631 [info] Getting sessions for all scopes...
2025-11-26 16:23:09.631 [info] Got 2 sessions for ...
2025-11-26 16:23:09.632 [info] Getting sessions for read:user,repo,user:email,workflow...
2025-11-26 16:23:09.632 [info] Got 1 sessions for read:user,repo,user:email,workflow...
2025-11-26 16:28:09.631 [info] Getting sessions for all scopes...
2025-11-26 16:28:09.631 [info] Got 2 sessions for ...
2025-11-26 16:28:09.632 [info] Getting sessions for read:user,repo,user:email,workflow...
2025-11-26 16:28:09.632 [info] Got 1 sessions for read:user,repo,user:email,workflow...
2025-11-26 16:33:09.631 [info] Getting sessions for all scopes...
2025-11-26 16:33:09.631 [info] Got 2 sessions for ...
2025-11-26 16:33:09.632 [info] Getting sessions for read:user,repo,user:email,workflow...
2025-11-26 16:33:09.632 [info] Got 1 sessions for read:user,repo,user:email,workflow...
2025-11-26 16:38:09.630 [info] Getting sessions for all scopes...
2025-11-26 16:38:09.630 [info] Got 2 sessions for ...
2025-11-26 16:38:09.631 [info] Getting sessions for read:user,repo,user:email,workflow...
2025-11-26 16:38:09.631 [info] Got 1 sessions for read:user,repo,user:email,workflow...
2025-11-26 16:43:09.631 [info] Getting sessions for all scopes...
2025-11-26 16:43:09.631 [info] Got 2 sessions for ...
2025-11-26 16:43:09.631 [info] Getting sessions for read:user,repo,user:email,workflow...
2025-11-26 16:43:09.631 [info] Got 1 sessions for read:user,repo,user:email,workflow...
2025-11-26 16:48:09.631 [info] Getting sessions for all scopes...
2025-11-26 16:48:09.631 [info] Got 2 sessions for ...
2025-11-26 16:48:09.632 [info] Getting sessions for read:user,repo,user:email,workflow...
2025-11-26 16:48:09.632 [info] Got 1 sessions for read:user,repo,user:email,workflow...
2025-11-26 16:53:09.631 [info] Getting sessions for all scopes...
2025-11-26 16:53:09.631 [info] Got 2 sessions for ...
2025-11-26 16:53:09.632 [info] Getting sessions for read:user,repo,user:email,workflow...
2025-11-26 16:53:09.632 [info] Got 1 sessions for read:user,repo,user:email,workflow...
2025-11-26 16:58:09.631 [info] Getting sessions for all scopes...
2025-11-26 16:58:09.631 [info] Got 2 sessions for ...
2025-11-26 16:58:09.631 [info] Getting sessions for read:user,repo,user:email,workflow...
2025-11-26 16:58:09.631 [info] Got 1 sessions for read:user,repo,user:email,workflow...
2025-11-26 17:03:09.631 [info] Getting sessions for all scopes...
2025-11-26 17:03:09.631 [info] Got 2 sessions for ...
2025-11-26 17:03:09.632 [info] Getting sessions for read:user,repo,user:email,workflow...
2025-11-26 17:03:09.632 [info] Got 1 sessions for read:user,repo,user:email,workflow...
2025-11-26 17:08:09.632 [info] Getting sessions for all scopes...
2025-11-26 17:08:09.632 [info] Got 2 sessions for ...
2025-11-26 17:08:09.633 [info] Getting sessions for read:user,repo,user:email,workflow...
2025-11-26 17:08:09.633 [info] Got 1 sessions for read:user,repo,user:email,workflow...
2025-11-26 17:13:09.632 [info] Getting sessions for all scopes...
2025-11-26 17:13:09.632 [info] Got 2 sessions for ...
2025-11-26 17:13:09.633 [info] Getting sessions for read:user,repo,user:email,workflow...
2025-11-26 17:13:09.633 [info] Got 1 sessions for read:user,repo,user:email,workflow...
2025-11-26 17:18:09.632 [info] Getting sessions for all scopes...
2025-11-26 17:18:09.632 [info] Got 2 sessions for ...
2025-11-26 17:18:09.633 [info] Getting sessions for read:user,repo,user:email,workflow...
2025-11-26 17:18:09.633 [info] Got 1 sessions for read:user,repo,user:email,workflow...
2025-11-26 17:23:09.632 [info] Getting sessions for all scopes...
2025-11-26 17:23:09.632 [info] Got 2 sessions for ...
2025-11-26 17:23:09.632 [info] Getting sessions for read:user,repo,user:email,workflow...
2025-11-26 17:23:09.632 [info] Got 1 sessions for read:user,repo,user:email,workflow...
2025-11-26 17:28:09.632 [info] Getting sessions for all scopes...
2025-11-26 17:28:09.632 [info] Got 2 sessions for ...
2025-11-26 17:28:09.633 [info] Getting sessions for read:user,repo,user:email,workflow...
2025-11-26 17:28:09.633 [info] Got 1 sessions for read:user,repo,user:email,workflow...
2025-11-26 17:33:09.633 [info] Getting sessions for all scopes...
2025-11-26 17:33:09.633 [info] Got 2 sessions for ...
2025-11-26 17:33:09.634 [info] Getting sessions for read:user,repo,user:email,workflow...
2025-11-26 17:33:09.634 [info] Got 1 sessions for read:user,repo,user:email,workflow...
