Visual Studio Code (1.106.2, undefined, desktop)
Jupyter Extension Version: 2025.9.1.
Python Extension Version: 2025.18.0.
Python Environment Extension Version: 1.12.0.
Pylance Extension Version: 2025.9.1.
Platform: linux (x64).
Home = /home/east
Temp Storage folder ~/.config/Code/User/globalStorage/ms-toolsai.jupyter/version-2025.9.1
Workspace folder ~/shared/eastSync/pyEast/MLDev
16:56:53.412 [info] Starting Kernel (Python Path: ~/shared/<username>Sync/py<username>/MLDev/.venv/bin/python, Venv, 3.13.7) for '~/shared/<username>Sync/py<username>/MLDev/market_analysis.ipynb' (disableUI=true)
16:56:53.477 [info] Process Execution: ~/shared/<username>Sync/py<username>/MLDev/.venv/bin/python -m pip list
16:56:53.486 [info] Process Execution: ~/shared/<username>Sync/py<username>/MLDev/.venv/bin/python -c "import ipykernel; print(ipykernel.__version__); print("5dc3a68c-e34e-4080-9c3e-2a532b2ccb4d"); print(ipykernel.__file__)"
16:56:53.497 [info] Process Execution: ~/shared/<username>Sync/py<username>/MLDev/.venv/bin/python -m ipykernel_launcher --f=/run/user/1000/jupyter/runtime/kernel-v342472dfe52ad5b5ea198ed02dc608322e47582e3.json
    > cwd: ~/shared/<username>Sync/py<username>/MLDev
16:56:53.945 [info] Kernel successfully started
16:56:53.956 [info] Process Execution: ~/shared/<username>Sync/py<username>/MLDev/.venv/bin/python ~/.vscode/extensions/ms-toolsai.jupyter-2025.9.1-linux-x64/pythonFiles/printJupyterDataDir.py
19:05:58.984 [info] Starting Kernel (Python Path: ~/shared/<username>Sync/py<username>/MLDev/.venv/bin/python, Venv, 3.13.7) for 'Untitled-1.ipynb' (disableUI=true)
19:05:59.038 [info] Process Execution: ~/shared/<username>Sync/py<username>/MLDev/.venv/bin/python -m pip list
19:05:59.048 [info] Process Execution: ~/shared/<username>Sync/py<username>/MLDev/.venv/bin/python -c "import ipykernel; print(ipykernel.__version__); print("5dc3a68c-e34e-4080-9c3e-2a532b2ccb4d"); print(ipykernel.__file__)"
19:05:59.058 [info] Process Execution: ~/shared/<username>Sync/py<username>/MLDev/.venv/bin/python -m ipykernel_launcher --f=/run/user/1000/jupyter/runtime/kernel-v37c817bd39b0662e53e6e5e6f0249742bba4b7917.json
    > cwd: ~/shared/<username>Sync/py<username>/MLDev
19:05:59.482 [info] Kernel successfully started
19:07:20.144 [warn] Cell completed with errors Iu [Error]: No module named 'sktime'
    at n.execute (~/.vscode/extensions/ms-toolsai.jupyter-2025.9.1-linux-x64/dist/extension.node.js:302:4958) {
  ename: 'ModuleNotFoundError',
  evalue: "No module named 'sktime'",
  traceback: [
    '\x1B[31m---------------------------------------------------------------------------\x1B[39m',
    '\x1B[31mModuleNotFoundError\x1B[39m                       Traceback (most recent call last)',
    '\x1B[36mCell\x1B[39m\x1B[36m \x1B[39m\x1B[32mIn[2]\x1B[39m\x1B[32m, line 4\x1B[39m\n' +
      '\x1B[32m      2\x1B[39m \x1B[38;5;28;01mimport\x1B[39;00m\x1B[38;5;250m \x1B[39m\x1B[34;01mnumpy\x1B[39;00m\x1B[38;5;250m \x1B[39m\x1B[38;5;28;01mas\x1B[39;00m\x1B[38;5;250m \x1B[39m\x1B[34;01mnp\x1B[39;00m\n' +
      '\x1B[32m      3\x1B[39m \x1B[38;5;28;01mimport\x1B[39;00m\x1B[38;5;250m \x1B[39m\x1B[34;01mxgboost\x1B[39;00m\x1B[38;5;250m \x1B[39m\x1B[38;5;28;01mas\x1B[39;00m\x1B[38;5;250m \x1B[39m\x1B[34;01mxgb\x1B[39;00m\n' +
      '\x1B[32m----> \x1B[39m\x1B[32m4\x1B[39m \x1B[38;5;28;01mfrom\x1B[39;00m\x1B[38;5;250m \x1B[39m\x1B[34;01msktime\x1B[39;00m\x1B[34;01m.\x1B[39;00m\x1B[34;01mtransformations\x1B[39;00m\x1B[34;01m.\x1B[39;00m\x1B[34;01mpanel\x1B[39;00m\x1B[34;01m.\x1B[39;00m\x1B[34;01mrocket\x1B[39;00m\x1B[38;5;250m \x1B[39m\x1B[38;5;28;01mimport\x1B[39;00m MiniRocketMultivariate\n' +
      '\x1B[32m      5\x1B[39m \x1B[38;5;28;01mfrom\x1B[39;00m\x1B[38;5;250m \x1B[39m\x1B[34;01msklearn\x1B[39;00m\x1B[34;01m.\x1B[39;00m\x1B[34;01mlinear_model\x1B[39;00m\x1B[38;5;250m \x1B[39m\x1B[38;5;28;01mimport\x1B[39;00m LogisticRegression\n' +
      '\x1B[32m      6\x1B[39m \x1B[38;5;28;01mfrom\x1B[39;00m\x1B[38;5;250m \x1B[39m\x1B[34;01msklearn\x1B[39;00m\x1B[34;01m.\x1B[39;00m\x1B[34;01mfeature_selection\x1B[39;00m\x1B[38;5;250m \x1B[39m\x1B[38;5;28;01mimport\x1B[39;00m SelectFromModel\n',
    "\x1B[31mModuleNotFoundError\x1B[39m: No module named 'sktime'"
  ]
}
19:08:24.308 [warn] No interpreter with path /shared/<username>Sync/py<username>/MLDev/.venv/bin/python found in Python API, will convert Uri path to string as Id /shared/<username>Sync/py<username>/MLDev/.venv/bin/python
19:08:24.335 [info] Check & install missing Kernel dependencies for /shared/<username>Sync/py<username>/MLDev/.venv/bin/python, ui.disabled=false for resource 'Untitled-1.ipynb'
19:08:24.394 [info] Process Execution: /shared/<username>Sync/py<username>/MLDev/.venv/bin/python -c "import ipykernel;print('6af208d0-cb9c-427f-b937-ff563e17efdf')"
19:08:24.427 [info] Process Execution: /shared/<username>Sync/py<username>/MLDev/.venv/bin/python -c "import pip;print('6af208d0-cb9c-427f-b937-ff563e17efdf')"
19:08:24.438 [info] Process Execution: /shared/<username>Sync/py<username>/MLDev/.venv/bin/python -m pip list
19:08:24.626 [info] Process Execution: /shared/<username>Sync/py<username>/MLDev/.venv/bin/python -c "import pip;print('6af208d0-cb9c-427f-b937-ff563e17efdf')"
19:08:24.651 [info] Process Execution: /shared/<username>Sync/py<username>/MLDev/.venv/bin/python -m pip install -U ipykernel
19:08:28.778 [info] Process Execution: /shared/<username>Sync/py<username>/MLDev/.venv/bin/python -c "import ipykernel;print('6af208d0-cb9c-427f-b937-ff563e17efdf')"
19:08:28.927 [info] Process Execution: /shared/<username>Sync/py<username>/MLDev/.venv/bin/python -m pip list
19:08:28.931 [info] Disposing kernel .jvsc74a57bd004b142038ebbbf6c7681f77a7735bbff52eb06fb41ef814b5c60b84734f25b30.~/shared/<username>Sync/py<username>/MLDev/.venv/python.~/shared/<username>Sync/py<username>/MLDev/.venv/python.-m#ipykernel_launcher for notebook Untitled-1.ipynb due to selection of another kernel or closing of the notebook
19:08:28.931 [info] Dispose Kernel 'Untitled-1.ipynb' associated with 'Untitled-1.ipynb'
19:08:28.947 [info] Starting Kernel (Python Path: /shared/<username>Sync/py<username>/MLDev/.venv/bin/python, Venv, 3.13.7) for 'Untitled-1.ipynb' (disableUI=true)
19:08:29.007 [info] Process Execution: /shared/<username>Sync/py<username>/MLDev/.venv/bin/python -c "import ipykernel; print(ipykernel.__version__); print("5dc3a68c-e34e-4080-9c3e-2a532b2ccb4d"); print(ipykernel.__file__)"
19:08:29.020 [info] Process Execution: /shared/<username>Sync/py<username>/MLDev/.venv/bin/python -m ipykernel_launcher --f=/run/user/1000/jupyter/runtime/kernel-v3bcd0ad6179e0b9cb05a2c86f2e688c342551b4de.json
    > cwd: ~/shared/<username>Sync/py<username>/MLDev
19:08:29.443 [info] Kernel successfully started
19:08:29.455 [info] Process Execution: /shared/<username>Sync/py<username>/MLDev/.venv/bin/python ~/.vscode/extensions/ms-toolsai.jupyter-2025.9.1-linux-x64/pythonFiles/printJupyterDataDir.py
19:10:33.755 [warn] Cell completed with errors Iu [Error]: MiniRocketMultivariate requires package 'numba' to be present in the python environment, but 'numba' was not found. 'numba' is a dependency of MiniRocketMultivariate and required to construct it. To install the requirement 'numba', please run: `pip install numba` 
    at n.execute (~/.vscode/extensions/ms-toolsai.jupyter-2025.9.1-linux-x64/dist/extension.node.js:302:4958) {
  ename: 'ModuleNotFoundError',
  evalue: "MiniRocketMultivariate requires package 'numba' to be present in the python environment, but 'numba' was not found. 'numba' is a dependency of MiniRocketMultivariate and required to construct it. To install the requirement 'numba', please run: `pip install numba` ",
  traceback: [
    '\x1B[31m---------------------------------------------------------------------------\x1B[39m',
    '\x1B[31mModuleNotFoundError\x1B[39m                       Traceback (most recent call last)',
    '\x1B[36mCell\x1B[39m\x1B[36m \x1B[39m\x1B[32mIn[2]\x1B[39m\x1B[32m, line 99\x1B[39m\n' +
      '\x1B[32m     96\x1B[39m \x1B[38;5;28mprint\x1B[39m(\x1B[33m"\x1B[39m\x1B[33mApplying MiniRocket (Generating ~10k features)...\x1B[39m\x1B[33m"\x1B[39m)\n' +
      '\x1B[32m     98\x1B[39m \x1B[38;5;66;03m# num_kernels=10000 is standard. \x1B[39;00m\n' +
      '\x1B[32m---> \x1B[39m\x1B[32m99\x1B[39m minirocket = \x1B[43mMiniRocketMultivariate\x1B[49m\x1B[43m(\x1B[49m\x1B[43mnum_kernels\x1B[49m\x1B[43m=\x1B[49m\x1B[32;43m10000\x1B[39;49m\x1B[43m,\x1B[49m\x1B[43m \x1B[49m\x1B[43mrandom_state\x1B[49m\x1B[43m=\x1B[49m\x1B[32;43m42\x1B[39;49m\x1B[43m)\x1B[49m\n' +
      '\x1B[32m    101\x1B[39m \x1B[38;5;66;03m# Fit on train, transform both\x1B[39;00m\n' +
      '\x1B[32m    102\x1B[39m X_train_rocket = minirocket.fit_transform(X_train)\n',
    '\x1B[36mFile \x1B[39m\x1B[32m/shared/<username>Sync/py<username>/MLDev/.venv/lib/python3.13/site-packages/sktime/transformations/panel/rocket/_minirocket_multivariate.py:121\x1B[39m, in \x1B[36mMiniRocketMultivariate.__init__\x1B[39m\x1B[34m(self, num_kernels, max_dilations_per_kernel, n_jobs, random_state)\x1B[39m\n' +
      '\x1B[32m    118\x1B[39m \x1B[38;5;28;01melse\x1B[39;00m:\n' +
      '\x1B[32m    119\x1B[39m     \x1B[38;5;28mself\x1B[39m.random_state_ = random_state\n' +
      '\x1B[32m--> \x1B[39m\x1B[32m121\x1B[39m \x1B[38;5;28;43msuper\x1B[39;49m\x1B[43m(\x1B[49m\x1B[43m)\x1B[49m\x1B[43m.\x1B[49m\x1B[34;43m__init__\x1B[39;49m\x1B[43m(\x1B[49m\x1B[43m)\x1B[49m\n',
    '\x1B[36mFile \x1B[39m\x1B[32m/shared/<username>Sync/py<username>/MLDev/.venv/lib/python3.13/site-packages/sktime/transformations/base.py:216\x1B[39m, in \x1B[36mBaseTransformer.__init__\x1B[39m\x1B[34m(self)\x1B[39m\n' +
      '\x1B[32m    213\x1B[39m \x1B[38;5;28mself\x1B[39m._converter_store_X = \x1B[38;5;28mdict\x1B[39m()  \x1B[38;5;66;03m# storage dictionary for in/output conversion\x1B[39;00m\n' +
      '\x1B[32m    215\x1B[39m \x1B[38;5;28msuper\x1B[39m().\x1B[34m__init__\x1B[39m()\n' +
      '\x1B[32m--> \x1B[39m\x1B[32m216\x1B[39m \x1B[43m_check_estimator_deps\x1B[49m\x1B[43m(\x1B[49m\x1B[38;5;28;43mself\x1B[39;49m\x1B[43m)\x1B[49m\n',
    '\x1B[36mFile \x1B[39m\x1B[32m/shared/<username>Sync/py<username>/MLDev/.venv/lib/python3.13/site-packages/sktime/utils/dependencies/_dependencies.py:640\x1B[39m, in \x1B[36m_check_estimator_deps\x1B[39m\x1B[34m(obj, msg, severity)\x1B[39m\n' +
      '\x1B[32m    638\x1B[39m     pkg_deps = [pkg_deps]\n' +
      '\x1B[32m    639\x1B[39m \x1B[38;5;28;01mif\x1B[39;00m pkg_deps \x1B[38;5;129;01mis\x1B[39;00m \x1B[38;5;129;01mnot\x1B[39;00m \x1B[38;5;28;01mNone\x1B[39;00m:\n' +
      '\x1B[32m--> \x1B[39m\x1B[32m640\x1B[39m     pkg_deps_ok = \x1B[43m_check_soft_dependencies\x1B[49m\x1B[43m(\x1B[49m\x1B[43mpkg_deps\x1B[49m\x1B[43m,\x1B[49m\x1B[43m \x1B[49m\x1B[43mseverity\x1B[49m\x1B[43m=\x1B[49m\x1B[43mseverity\x1B[49m\x1B[43m,\x1B[49m\x1B[43m \x1B[49m\x1B[43mobj\x1B[49m\x1B[43m=\x1B[49m\x1B[43mobj\x1B[49m\x1B[43m)\x1B[49m\n' +
      '\x1B[32m    641\x1B[39m     compatible = compatible \x1B[38;5;129;01mand\x1B[39;00m pkg_deps_ok\n' +
      '\x1B[32m    643\x1B[39m \x1B[38;5;28;01mreturn\x1B[39;00m compatible\n',
    '\x1B[36mFile \x1B[39m\x1B[32m/shared/<username>Sync/py<username>/MLDev/.venv/lib/python3.13/site-packages/sktime/utils/dependencies/_dependencies.py:249\x1B[39m, in \x1B[36m_check_soft_dependencies\x1B[39m\x1B[34m(severity, obj, msg, normalize_reqs, *packages)\x1B[39m\n' +
      '\x1B[32m    242\x1B[39m     msg = msg + (\n' +
      '\x1B[32m    243\x1B[39m         \x1B[33mf\x1B[39m\x1B[33m"\x1B[39m\x1B[33mTo install the requirement \x1B[39m\x1B[38;5;132;01m{\x1B[39;00mpackage_str_q\x1B[38;5;132;01m}\x1B[39;00m\x1B[33m, please run: \x1B[39m\x1B[33m"\x1B[39m\n' +
      '\x1B[32m    244\x1B[39m         \x1B[33mf\x1B[39m\x1B[33m"\x1B[39m\x1B[38;5;132;01m{\x1B[39;00mpackage_str\x1B[38;5;132;01m}\x1B[39;00m\x1B[33m \x1B[39m\x1B[33m"\x1B[39m\n' +
      '\x1B[32m    245\x1B[39m     )\n' +
      '\x1B[32m    246\x1B[39m     \x1B[38;5;66;03m# if msg is not None, none of the above is executed,\x1B[39;00m\n' +
      '\x1B[32m    247\x1B[39m     \x1B[38;5;66;03m# so if msg is passed it overrides the default messages\x1B[39;00m\n' +
      '\x1B[32m--> \x1B[39m\x1B[32m249\x1B[39m     \x1B[43m_raise_at_severity\x1B[49m\x1B[43m(\x1B[49m\x1B[43mmsg\x1B[49m\x1B[43m,\x1B[49m\x1B[43m \x1B[49m\x1B[43mseverity\x1B[49m\x1B[43m,\x1B[49m\x1B[43m \x1B[49m\x1B[43mcaller\x1B[49m\x1B[43m=\x1B[49m\x1B[33;43m"\x1B[39;49m\x1B[33;43m_check_soft_dependencies\x1B[39;49m\x1B[33;43m"\x1B[39;49m\x1B[43m)\x1B[49m\n' +
      '\x1B[32m    250\x1B[39m     \x1B[38;5;28;01mreturn\x1B[39;00m \x1B[38;5;28;01mFalse\x1B[39;00m\n' +
      '\x1B[32m    252\x1B[39m \x1B[38;5;66;03m# now we check compatibility with the version specifier if non-empty\x1B[39;00m\n',
    '\x1B[36mFile \x1B[39m\x1B[32m/shared/<username>Sync/py<username>/MLDev/.venv/lib/python3.13/site-packages/sktime/utils/dependencies/_dependencies.py:747\x1B[39m, in \x1B[36m_raise_at_severity\x1B[39m\x1B[34m(msg, severity, exception_type, warning_type, stacklevel, caller)\x1B[39m\n' +
      '\x1B[32m    744\x1B[39m     exception_type = \x1B[38;5;167;01mModuleNotFoundError\x1B[39;00m\n' +
      '\x1B[32m    746\x1B[39m \x1B[38;5;28;01mif\x1B[39;00m severity == \x1B[33m"\x1B[39m\x1B[33merror\x1B[39m\x1B[33m"\x1B[39m:\n' +
      '\x1B[32m--> \x1B[39m\x1B[32m747\x1B[39m     \x1B[38;5;28;01mraise\x1B[39;00m exception_type(msg)\n' +
      '\x1B[32m    748\x1B[39m \x1B[38;5;28;01melif\x1B[39;00m severity == \x1B[33m"\x1B[39m\x1B[33mwarning\x1B[39m\x1B[33m"\x1B[39m:\n' +
      '\x1B[32m    749\x1B[39m     warnings.warn(msg, category=warning_type, stacklevel=stacklevel)\n',
    "\x1B[31mModuleNotFoundError\x1B[39m: MiniRocketMultivariate requires package 'numba' to be present in the python environment, but 'numba' was not found. 'numba' is a dependency of MiniRocketMultivariate and required to construct it. To install the requirement 'numba', please run: `pip install numba` "
  ]
}
19:11:14.148 [warn] Cell completed with errors Iu [Error]: MiniRocketMultivariate requires package 'numba' to be present in the python environment, but 'numba' was not found. 'numba' is a dependency of MiniRocketMultivariate and required to construct it. To install the requirement 'numba', please run: `pip install numba` 
    at n.execute (~/.vscode/extensions/ms-toolsai.jupyter-2025.9.1-linux-x64/dist/extension.node.js:302:4958) {
  ename: 'ModuleNotFoundError',
  evalue: "MiniRocketMultivariate requires package 'numba' to be present in the python environment, but 'numba' was not found. 'numba' is a dependency of MiniRocketMultivariate and required to construct it. To install the requirement 'numba', please run: `pip install numba` ",
  traceback: [
    '\x1B[31m---------------------------------------------------------------------------\x1B[39m',
    '\x1B[31mModuleNotFoundError\x1B[39m                       Traceback (most recent call last)',
    '\x1B[36mCell\x1B[39m\x1B[36m \x1B[39m\x1B[32mIn[5]\x1B[39m\x1B[32m, line 99\x1B[39m\n' +
      '\x1B[32m     96\x1B[39m \x1B[38;5;28mprint\x1B[39m(\x1B[33m"\x1B[39m\x1B[33mApplying MiniRocket (Generating ~10k features)...\x1B[39m\x1B[33m"\x1B[39m)\n' +
      '\x1B[32m     98\x1B[39m \x1B[38;5;66;03m# num_kernels=10000 is standard. \x1B[39;00m\n' +
      '\x1B[32m---> \x1B[39m\x1B[32m99\x1B[39m minirocket = \x1B[43mMiniRocketMultivariate\x1B[49m\x1B[43m(\x1B[49m\x1B[43mnum_kernels\x1B[49m\x1B[43m=\x1B[49m\x1B[32;43m10000\x1B[39;49m\x1B[43m,\x1B[49m\x1B[43m \x1B[49m\x1B[43mrandom_state\x1B[49m\x1B[43m=\x1B[49m\x1B[32;43m42\x1B[39;49m\x1B[43m)\x1B[49m\n' +
      '\x1B[32m    101\x1B[39m \x1B[38;5;66;03m# Fit on train, transform both\x1B[39;00m\n' +
      '\x1B[32m    102\x1B[39m X_train_rocket = minirocket.fit_transform(X_train)\n',
    '\x1B[36mFile \x1B[39m\x1B[32m/shared/<username>Sync/py<username>/MLDev/.venv/lib/python3.13/site-packages/sktime/transformations/panel/rocket/_minirocket_multivariate.py:121\x1B[39m, in \x1B[36mMiniRocketMultivariate.__init__\x1B[39m\x1B[34m(self, num_kernels, max_dilations_per_kernel, n_jobs, random_state)\x1B[39m\n' +
      '\x1B[32m    118\x1B[39m \x1B[38;5;28;01melse\x1B[39;00m:\n' +
      '\x1B[32m    119\x1B[39m     \x1B[38;5;28mself\x1B[39m.random_state_ = random_state\n' +
      '\x1B[32m--> \x1B[39m\x1B[32m121\x1B[39m \x1B[38;5;28;43msuper\x1B[39;49m\x1B[43m(\x1B[49m\x1B[43m)\x1B[49m\x1B[43m.\x1B[49m\x1B[34;43m__init__\x1B[39;49m\x1B[43m(\x1B[49m\x1B[43m)\x1B[49m\n',
    '\x1B[36mFile \x1B[39m\x1B[32m/shared/<username>Sync/py<username>/MLDev/.venv/lib/python3.13/site-packages/sktime/transformations/base.py:216\x1B[39m, in \x1B[36mBaseTransformer.__init__\x1B[39m\x1B[34m(self)\x1B[39m\n' +
      '\x1B[32m    213\x1B[39m \x1B[38;5;28mself\x1B[39m._converter_store_X = \x1B[38;5;28mdict\x1B[39m()  \x1B[38;5;66;03m# storage dictionary for in/output conversion\x1B[39;00m\n' +
      '\x1B[32m    215\x1B[39m \x1B[38;5;28msuper\x1B[39m().\x1B[34m__init__\x1B[39m()\n' +
      '\x1B[32m--> \x1B[39m\x1B[32m216\x1B[39m \x1B[43m_check_estimator_deps\x1B[49m\x1B[43m(\x1B[49m\x1B[38;5;28;43mself\x1B[39;49m\x1B[43m)\x1B[49m\n',
    '\x1B[36mFile \x1B[39m\x1B[32m/shared/<username>Sync/py<username>/MLDev/.venv/lib/python3.13/site-packages/sktime/utils/dependencies/_dependencies.py:640\x1B[39m, in \x1B[36m_check_estimator_deps\x1B[39m\x1B[34m(obj, msg, severity)\x1B[39m\n' +
      '\x1B[32m    638\x1B[39m     pkg_deps = [pkg_deps]\n' +
      '\x1B[32m    639\x1B[39m \x1B[38;5;28;01mif\x1B[39;00m pkg_deps \x1B[38;5;129;01mis\x1B[39;00m \x1B[38;5;129;01mnot\x1B[39;00m \x1B[38;5;28;01mNone\x1B[39;00m:\n' +
      '\x1B[32m--> \x1B[39m\x1B[32m640\x1B[39m     pkg_deps_ok = \x1B[43m_check_soft_dependencies\x1B[49m\x1B[43m(\x1B[49m\x1B[43mpkg_deps\x1B[49m\x1B[43m,\x1B[49m\x1B[43m \x1B[49m\x1B[43mseverity\x1B[49m\x1B[43m=\x1B[49m\x1B[43mseverity\x1B[49m\x1B[43m,\x1B[49m\x1B[43m \x1B[49m\x1B[43mobj\x1B[49m\x1B[43m=\x1B[49m\x1B[43mobj\x1B[49m\x1B[43m)\x1B[49m\n' +
      '\x1B[32m    641\x1B[39m     compatible = compatible \x1B[38;5;129;01mand\x1B[39;00m pkg_deps_ok\n' +
      '\x1B[32m    643\x1B[39m \x1B[38;5;28;01mreturn\x1B[39;00m compatible\n',
    '\x1B[36mFile \x1B[39m\x1B[32m/shared/<username>Sync/py<username>/MLDev/.venv/lib/python3.13/site-packages/sktime/utils/dependencies/_dependencies.py:249\x1B[39m, in \x1B[36m_check_soft_dependencies\x1B[39m\x1B[34m(severity, obj, msg, normalize_reqs, *packages)\x1B[39m\n' +
      '\x1B[32m    242\x1B[39m     msg = msg + (\n' +
      '\x1B[32m    243\x1B[39m         \x1B[33mf\x1B[39m\x1B[33m"\x1B[39m\x1B[33mTo install the requirement \x1B[39m\x1B[38;5;132;01m{\x1B[39;00mpackage_str_q\x1B[38;5;132;01m}\x1B[39;00m\x1B[33m, please run: \x1B[39m\x1B[33m"\x1B[39m\n' +
      '\x1B[32m    244\x1B[39m         \x1B[33mf\x1B[39m\x1B[33m"\x1B[39m\x1B[38;5;132;01m{\x1B[39;00mpackage_str\x1B[38;5;132;01m}\x1B[39;00m\x1B[33m \x1B[39m\x1B[33m"\x1B[39m\n' +
      '\x1B[32m    245\x1B[39m     )\n' +
      '\x1B[32m    246\x1B[39m     \x1B[38;5;66;03m# if msg is not None, none of the above is executed,\x1B[39;00m\n' +
      '\x1B[32m    247\x1B[39m     \x1B[38;5;66;03m# so if msg is passed it overrides the default messages\x1B[39;00m\n' +
      '\x1B[32m--> \x1B[39m\x1B[32m249\x1B[39m     \x1B[43m_raise_at_severity\x1B[49m\x1B[43m(\x1B[49m\x1B[43mmsg\x1B[49m\x1B[43m,\x1B[49m\x1B[43m \x1B[49m\x1B[43mseverity\x1B[49m\x1B[43m,\x1B[49m\x1B[43m \x1B[49m\x1B[43mcaller\x1B[49m\x1B[43m=\x1B[49m\x1B[33;43m"\x1B[39;49m\x1B[33;43m_check_soft_dependencies\x1B[39;49m\x1B[33;43m"\x1B[39;49m\x1B[43m)\x1B[49m\n' +
      '\x1B[32m    250\x1B[39m     \x1B[38;5;28;01mreturn\x1B[39;00m \x1B[38;5;28;01mFalse\x1B[39;00m\n' +
      '\x1B[32m    252\x1B[39m \x1B[38;5;66;03m# now we check compatibility with the version specifier if non-empty\x1B[39;00m\n',
    '\x1B[36mFile \x1B[39m\x1B[32m/shared/<username>Sync/py<username>/MLDev/.venv/lib/python3.13/site-packages/sktime/utils/dependencies/_dependencies.py:747\x1B[39m, in \x1B[36m_raise_at_severity\x1B[39m\x1B[34m(msg, severity, exception_type, warning_type, stacklevel, caller)\x1B[39m\n' +
      '\x1B[32m    744\x1B[39m     exception_type = \x1B[38;5;167;01mModuleNotFoundError\x1B[39;00m\n' +
      '\x1B[32m    746\x1B[39m \x1B[38;5;28;01mif\x1B[39;00m severity == \x1B[33m"\x1B[39m\x1B[33merror\x1B[39m\x1B[33m"\x1B[39m:\n' +
      '\x1B[32m--> \x1B[39m\x1B[32m747\x1B[39m     \x1B[38;5;28;01mraise\x1B[39;00m exception_type(msg)\n' +
      '\x1B[32m    748\x1B[39m \x1B[38;5;28;01melif\x1B[39;00m severity == \x1B[33m"\x1B[39m\x1B[33mwarning\x1B[39m\x1B[33m"\x1B[39m:\n' +
      '\x1B[32m    749\x1B[39m     warnings.warn(msg, category=warning_type, stacklevel=stacklevel)\n',
    "\x1B[31mModuleNotFoundError\x1B[39m: MiniRocketMultivariate requires package 'numba' to be present in the python environment, but 'numba' was not found. 'numba' is a dependency of MiniRocketMultivariate and required to construct it. To install the requirement 'numba', please run: `pip install numba` "
  ]
}
19:11:27.706 [info] Restart requested Untitled-1.ipynb
19:11:27.731 [info] Process Execution: /shared/<username>Sync/py<username>/MLDev/.venv/bin/python -c "import ipykernel; print(ipykernel.__version__); print("5dc3a68c-e34e-4080-9c3e-2a532b2ccb4d"); print(ipykernel.__file__)"
19:11:27.748 [info] Process Execution: /shared/<username>Sync/py<username>/MLDev/.venv/bin/python -m ipykernel_launcher --f=/run/user/1000/jupyter/runtime/kernel-v3abf71ebd79eecd9b5bef80cadefd246d4602dac8.json
    > cwd: ~/shared/<username>Sync/py<username>/MLDev
19:11:28.156 [info] Restarted 1484db31-ec4d-475a-88d6-ff470101c2bf
19:26:29.418 [warn] Cell completed with errors Iu [Error]: No module named 'matplotlib'
    at n.execute (~/.vscode/extensions/ms-toolsai.jupyter-2025.9.1-linux-x64/dist/extension.node.js:302:4958) {
  ename: 'ModuleNotFoundError',
  evalue: "No module named 'matplotlib'",
  traceback: [
    '\x1B[31m---------------------------------------------------------------------------\x1B[39m',
    '\x1B[31mModuleNotFoundError\x1B[39m                       Traceback (most recent call last)',
    '\x1B[36mCell\x1B[39m\x1B[36m \x1B[39m\x1B[32mIn[8]\x1B[39m\x1B[32m, line 4\x1B[39m\n' +
      '\x1B[32m      1\x1B[39m \x1B[38;5;66;03m# ==========================================\x1B[39;00m\n' +
      '\x1B[32m      2\x1B[39m \x1B[38;5;66;03m# 8. THE PROFITABILITY CURVE\x1B[39;00m\n' +
      '\x1B[32m      3\x1B[39m \x1B[38;5;66;03m# ==========================================\x1B[39;00m\n' +
      '\x1B[32m----> \x1B[39m\x1B[32m4\x1B[39m \x1B[38;5;28;01mimport\x1B[39;00m\x1B[38;5;250m \x1B[39m\x1B[34;01mmatplotlib\x1B[39;00m\x1B[34;01m.\x1B[39;00m\x1B[34;01mpyplot\x1B[39;00m\x1B[38;5;250m \x1B[39m\x1B[38;5;28;01mas\x1B[39;00m\x1B[38;5;250m \x1B[39m\x1B[34;01mplt\x1B[39;00m\n' +
      '\x1B[32m      6\x1B[39m \x1B[38;5;66;03m# Get the raw probabilities of class 1\x1B[39;00m\n' +
      '\x1B[32m      7\x1B[39m probs = xgb_model.predict_proba(X_test_selected)[:, \x1B[32m1\x1B[39m]\n',
    "\x1B[31mModuleNotFoundError\x1B[39m: No module named 'matplotlib'"
  ]
}
20:26:37.503 [warn] Cell completed with errors Iu [Error]: XGBClassifier.fit() got an unexpected keyword argument 'early_stopping_rounds'
    at n.execute (~/.vscode/extensions/ms-toolsai.jupyter-2025.9.1-linux-x64/dist/extension.node.js:302:4958) {
  ename: 'TypeError',
  evalue: "XGBClassifier.fit() got an unexpected keyword argument 'early_stopping_rounds'",
  traceback: [
    '\x1B[31m---------------------------------------------------------------------------\x1B[39m',
    '\x1B[31mTypeError\x1B[39m                                 Traceback (most recent call last)',
    '\x1B[36mCell\x1B[39m\x1B[36m \x1B[39m\x1B[32mIn[13]\x1B[39m\x1B[32m, line 125\x1B[39m\n' +
      '\x1B[32m    111\x1B[39m ratio = n_neg / n_pos\n' +
      '\x1B[32m    113\x1B[39m xgb_model = xgb.XGBClassifier(\n' +
      '\x1B[32m    114\x1B[39m     n_estimators=\x1B[32m1000\x1B[39m,\n' +
      '\x1B[32m    115\x1B[39m     learning_rate=\x1B[32m0.01\x1B[39m,\n' +
      '\x1B[32m   (...)\x1B[39m\x1B[32m    122\x1B[39m     random_state=\x1B[32m42\x1B[39m\n' +
      '\x1B[32m    123\x1B[39m )\n' +
      '\x1B[32m--> \x1B[39m\x1B[32m125\x1B[39m \x1B[43mxgb_model\x1B[49m\x1B[43m.\x1B[49m\x1B[43mfit\x1B[49m\x1B[43m(\x1B[49m\n' +
      '\x1B[32m    126\x1B[39m \x1B[43m    \x1B[49m\x1B[43mX_train_sel\x1B[49m\x1B[43m,\x1B[49m\x1B[43m \x1B[49m\x1B[43my_train\x1B[49m\x1B[43m,\x1B[49m\n' +
      '\x1B[32m    127\x1B[39m \x1B[43m    \x1B[49m\x1B[43meval_set\x1B[49m\x1B[43m=\x1B[49m\x1B[43m[\x1B[49m\x1B[43m(\x1B[49m\x1B[43mX_test_sel\x1B[49m\x1B[43m,\x1B[49m\x1B[43m \x1B[49m\x1B[43my_test\x1B[49m\x1B[43m)\x1B[49m\x1B[43m]\x1B[49m\x1B[43m,\x1B[49m\n' +
      '\x1B[32m    128\x1B[39m \x1B[43m    \x1B[49m\x1B[43mverbose\x1B[49m\x1B[43m=\x1B[49m\x1B[38;5;28;43;01mFalse\x1B[39;49;00m\x1B[43m,\x1B[49m\n' +
      '\x1B[32m    129\x1B[39m \x1B[43m    \x1B[49m\x1B[43mearly_stopping_rounds\x1B[49m\x1B[43m=\x1B[49m\x1B[32;43m50\x1B[39;49m\n' +
      '\x1B[32m    130\x1B[39m \x1B[43m)\x1B[49m\n' +
      '\x1B[32m    132\x1B[39m \x1B[38;5;66;03m# ==========================================\x1B[39;00m\n' +
      '\x1B[32m    133\x1B[39m \x1B[38;5;66;03m# 6. EVALUATION (PRECISION-RECALL)\x1B[39;00m\n' +
      '\x1B[32m    134\x1B[39m \x1B[38;5;66;03m# ==========================================\x1B[39;00m\n' +
      '\x1B[32m    135\x1B[39m \x1B[38;5;66;03m# For extreme events, Accuracy is useless (90% accuracy is easy if events are 5%).\x1B[39;00m\n' +
      '\x1B[32m    136\x1B[39m \x1B[38;5;66;03m# We care about Precision: "When you predicted an Explosion, did it happen?"\x1B[39;00m\n' +
      '\x1B[32m    138\x1B[39m probs = xgb_model.predict_proba(X_test_sel)[:, \x1B[32m1\x1B[39m]\n',
    '\x1B[36mFile \x1B[39m\x1B[32m/shared/<username>Sync/py<username>/MLDev/.venv/lib/python3.13/site-packages/xgboost/core.py:774\x1B[39m, in \x1B[36mrequire_keyword_args.<locals>.throw_if.<locals>.inner_f\x1B[39m\x1B[34m(*args, **kwargs)\x1B[39m\n' +
      '\x1B[32m    772\x1B[39m \x1B[38;5;28;01mfor\x1B[39;00m k, arg \x1B[38;5;129;01min\x1B[39;00m \x1B[38;5;28mzip\x1B[39m(sig.parameters, args):\n' +
      '\x1B[32m    773\x1B[39m     kwargs[k] = arg\n' +
      '\x1B[32m--> \x1B[39m\x1B[32m774\x1B[39m \x1B[38;5;28;01mreturn\x1B[39;00m \x1B[43mfunc\x1B[49m\x1B[43m(\x1B[49m\x1B[43m*\x1B[49m\x1B[43m*\x1B[49m\x1B[43mkwargs\x1B[49m\x1B[43m)\x1B[49m\n',
    "\x1B[31mTypeError\x1B[39m: XGBClassifier.fit() got an unexpected keyword argument 'early_stopping_rounds'"
  ]
}
20:31:56.554 [warn] Cell completed with errors Iu [Error]: No module named 'ta'
    at n.execute (~/.vscode/extensions/ms-toolsai.jupyter-2025.9.1-linux-x64/dist/extension.node.js:302:4958) {
  ename: 'ModuleNotFoundError',
  evalue: "No module named 'ta'",
  traceback: [
    '\x1B[31m---------------------------------------------------------------------------\x1B[39m',
    '\x1B[31mModuleNotFoundError\x1B[39m                       Traceback (most recent call last)',
    '\x1B[36mCell\x1B[39m\x1B[36m \x1B[39m\x1B[32mIn[15]\x1B[39m\x1B[32m, line 16\x1B[39m\n' +
      '\x1B[32m     13\x1B[39m \x1B[38;5;28;01mimport\x1B[39;00m\x1B[38;5;250m \x1B[39m\x1B[34;01mpandas\x1B[39;00m\x1B[38;5;250m \x1B[39m\x1B[38;5;28;01mas\x1B[39;00m\x1B[38;5;250m \x1B[39m\x1B[34;01mpd\x1B[39;00m\n' +
      '\x1B[32m     15\x1B[39m \x1B[38;5;28;01mfrom\x1B[39;00m\x1B[38;5;250m \x1B[39m\x1B[34;01mdata_pipeline\x1B[39;00m\x1B[38;5;250m \x1B[39m\x1B[38;5;28;01mimport\x1B[39;00m load_data\n' +
      '\x1B[32m---> \x1B[39m\x1B[32m16\x1B[39m \x1B[38;5;28;01mfrom\x1B[39;00m\x1B[38;5;250m \x1B[39m\x1B[34;01mfeatureEngineer\x1B[39;00m\x1B[38;5;250m \x1B[39m\x1B[38;5;28;01mimport\x1B[39;00m FeatureEngineer\n' +
      '\x1B[32m     17\x1B[39m \x1B[38;5;28;01mfrom\x1B[39;00m\x1B[38;5;250m \x1B[39m\x1B[34;01mtargetEngineer\x1B[39;00m\x1B[38;5;250m \x1B[39m\x1B[38;5;28;01mimport\x1B[39;00m ExpirationTargetEngineer\n' +
      '\x1B[32m     18\x1B[39m \x1B[38;5;28;01mfrom\x1B[39;00m\x1B[38;5;250m \x1B[39m\x1B[34;01mML_setup\x1B[39;00m\x1B[38;5;250m \x1B[39m\x1B[38;5;28;01mimport\x1B[39;00m CONFIG\n',
    '\x1B[36mFile \x1B[39m\x1B[32m/shared/<username>Sync/py<username>/MLDev/featureEngineer.py:63\x1B[39m\n' +
      '\x1B[32m     61\x1B[39m \x1B[38;5;28;01mimport\x1B[39;00m\x1B[38;5;250m \x1B[39m\x1B[34;01mnumpy\x1B[39;00m\x1B[38;5;250m \x1B[39m\x1B[38;5;28;01mas\x1B[39;00m\x1B[38;5;250m \x1B[39m\x1B[34;01mnp\x1B[39;00m\n' +
      '\x1B[32m     62\x1B[39m \x1B[38;5;28;01mimport\x1B[39;00m\x1B[38;5;250m \x1B[39m\x1B[34;01mpandas\x1B[39;00m\x1B[38;5;250m \x1B[39m\x1B[38;5;28;01mas\x1B[39;00m\x1B[38;5;250m \x1B[39m\x1B[34;01mpd\x1B[39;00m\n' +
      '\x1B[32m---> \x1B[39m\x1B[32m63\x1B[39m \x1B[38;5;28;01mimport\x1B[39;00m\x1B[38;5;250m \x1B[39m\x1B[34;01mta\x1B[39;00m\n' +
      '\x1B[32m     64\x1B[39m \x1B[38;5;28;01mfrom\x1B[39;00m\x1B[38;5;250m \x1B[39m\x1B[34;01msklearn\x1B[39;00m\x1B[34;01m.\x1B[39;00m\x1B[34;01mbase\x1B[39;00m\x1B[38;5;250m \x1B[39m\x1B[38;5;28;01mimport\x1B[39;00m BaseEstimator, TransformerMixin\n' +
      '\x1B[32m     66\x1B[39m \x1B[38;5;28;01mfrom\x1B[39;00m\x1B[38;5;250m \x1B[39m\x1B[34;01mML_general_tools\x1B[39;00m\x1B[38;5;250m \x1B[39m\x1B[38;5;28;01mimport\x1B[39;00m stat_tools\n',
    "\x1B[31mModuleNotFoundError\x1B[39m: No module named 'ta'"
  ]
}
20:32:11.621 [info] Restart requested Untitled-1.ipynb
20:32:11.723 [info] Process Execution: /shared/<username>Sync/py<username>/MLDev/.venv/bin/python -c "import ipykernel; print(ipykernel.__version__); print("5dc3a68c-e34e-4080-9c3e-2a532b2ccb4d"); print(ipykernel.__file__)"
20:32:11.734 [info] Process Execution: /shared/<username>Sync/py<username>/MLDev/.venv/bin/python -m ipykernel_launcher --f=/run/user/1000/jupyter/runtime/kernel-v340270ce9c7c431efebcfe05f0b747748b756a3b2.json
    > cwd: ~/shared/<username>Sync/py<username>/MLDev
20:32:12.141 [info] Restarted 1484db31-ec4d-475a-88d6-ff470101c2bf
20:32:14.361 [warn] Cell completed with errors Iu [Error]: No module named 'tqdm'
    at n.execute (~/.vscode/extensions/ms-toolsai.jupyter-2025.9.1-linux-x64/dist/extension.node.js:302:4958) {
  ename: 'ModuleNotFoundError',
  evalue: "No module named 'tqdm'",
  traceback: [
    '\x1B[31m---------------------------------------------------------------------------\x1B[39m',
    '\x1B[31mModuleNotFoundError\x1B[39m                       Traceback (most recent call last)',
    '\x1B[36mCell\x1B[39m\x1B[36m \x1B[39m\x1B[32mIn[1]\x1B[39m\x1B[32m, line 16\x1B[39m\n' +
      '\x1B[32m     13\x1B[39m \x1B[38;5;28;01mimport\x1B[39;00m\x1B[38;5;250m \x1B[39m\x1B[34;01mpandas\x1B[39;00m\x1B[38;5;250m \x1B[39m\x1B[38;5;28;01mas\x1B[39;00m\x1B[38;5;250m \x1B[39m\x1B[34;01mpd\x1B[39;00m\n' +
      '\x1B[32m     15\x1B[39m \x1B[38;5;28;01mfrom\x1B[39;00m\x1B[38;5;250m \x1B[39m\x1B[34;01mdata_pipeline\x1B[39;00m\x1B[38;5;250m \x1B[39m\x1B[38;5;28;01mimport\x1B[39;00m load_data\n' +
      '\x1B[32m---> \x1B[39m\x1B[32m16\x1B[39m \x1B[38;5;28;01mfrom\x1B[39;00m\x1B[38;5;250m \x1B[39m\x1B[34;01mfeatureEngineer\x1B[39;00m\x1B[38;5;250m \x1B[39m\x1B[38;5;28;01mimport\x1B[39;00m FeatureEngineer\n' +
      '\x1B[32m     17\x1B[39m \x1B[38;5;28;01mfrom\x1B[39;00m\x1B[38;5;250m \x1B[39m\x1B[34;01mtargetEngineer\x1B[39;00m\x1B[38;5;250m \x1B[39m\x1B[38;5;28;01mimport\x1B[39;00m ExpirationTargetEngineer\n' +
      '\x1B[32m     18\x1B[39m \x1B[38;5;28;01mfrom\x1B[39;00m\x1B[38;5;250m \x1B[39m\x1B[34;01mML_setup\x1B[39;00m\x1B[38;5;250m \x1B[39m\x1B[38;5;28;01mimport\x1B[39;00m CONFIG\n',
    '\x1B[36mFile \x1B[39m\x1B[32m/shared/<username>Sync/py<username>/MLDev/featureEngineer.py:66\x1B[39m\n' +
      '\x1B[32m     63\x1B[39m \x1B[38;5;28;01mimport\x1B[39;00m\x1B[38;5;250m \x1B[39m\x1B[34;01mta\x1B[39;00m\n' +
      '\x1B[32m     64\x1B[39m \x1B[38;5;28;01mfrom\x1B[39;00m\x1B[38;5;250m \x1B[39m\x1B[34;01msklearn\x1B[39;00m\x1B[34;01m.\x1B[39;00m\x1B[34;01mbase\x1B[39;00m\x1B[38;5;250m \x1B[39m\x1B[38;5;28;01mimport\x1B[39;00m BaseEstimator, TransformerMixin\n' +
      '\x1B[32m---> \x1B[39m\x1B[32m66\x1B[39m \x1B[38;5;28;01mfrom\x1B[39;00m\x1B[38;5;250m \x1B[39m\x1B[34;01mML_general_tools\x1B[39;00m\x1B[38;5;250m \x1B[39m\x1B[38;5;28;01mimport\x1B[39;00m stat_tools\n' +
      '\x1B[32m     67\x1B[39m \x1B[38;5;28;01mfrom\x1B[39;00m\x1B[38;5;250m \x1B[39m\x1B[34;01mdata_pipeline\x1B[39;00m\x1B[38;5;250m \x1B[39m\x1B[38;5;28;01mimport\x1B[39;00m is_europe_dst\n' +
      '\x1B[32m     70\x1B[39m HEAVY_CACHE_VERSION = \x1B[32m1\x1B[39m\n',
    '\x1B[36mFile \x1B[39m\x1B[32m/shared/<username>Sync/py<username>/MLDev/ML_general_tools.py:17\x1B[39m\n' +
      '\x1B[32m     15\x1B[39m \x1B[38;5;28;01mimport\x1B[39;00m\x1B[38;5;250m \x1B[39m\x1B[34;01mmatplotlib\x1B[39;00m\x1B[34;01m.\x1B[39;00m\x1B[34;01mpyplot\x1B[39;00m\x1B[38;5;250m \x1B[39m\x1B[38;5;28;01mas\x1B[39;00m\x1B[38;5;250m \x1B[39m\x1B[34;01mplt\x1B[39;00m\n' +
      '\x1B[32m     16\x1B[39m \x1B[38;5;28;01mimport\x1B[39;00m\x1B[38;5;250m \x1B[39m\x1B[34;01mmatplotlib\x1B[39;00m\x1B[34;01m.\x1B[39;00m\x1B[34;01mdates\x1B[39;00m\x1B[38;5;250m \x1B[39m\x1B[38;5;28;01mas\x1B[39;00m\x1B[38;5;250m \x1B[39m\x1B[34;01mmdates\x1B[39;00m\n' +
      '\x1B[32m---> \x1B[39m\x1B[32m17\x1B[39m \x1B[38;5;28;01mfrom\x1B[39;00m\x1B[38;5;250m \x1B[39m\x1B[34;01mtqdm\x1B[39;00m\x1B[34;01m.\x1B[39;00m\x1B[34;01mauto\x1B[39;00m\x1B[38;5;250m \x1B[39m\x1B[38;5;28;01mimport\x1B[39;00m tqdm\n' +
      '\x1B[32m     19\x1B[39m \x1B[38;5;66;03m# Visualization\x1B[39;00m\n' +
      '\x1B[32m     20\x1B[39m \x1B[38;5;28;01mimport\x1B[39;00m\x1B[38;5;250m \x1B[39m\x1B[34;01mmatplotlib\x1B[39;00m\x1B[34;01m.\x1B[39;00m\x1B[34;01mpyplot\x1B[39;00m\x1B[38;5;250m \x1B[39m\x1B[38;5;28;01mas\x1B[39;00m\x1B[38;5;250m \x1B[39m\x1B[34;01mplt\x1B[39;00m\n',
    "\x1B[31mModuleNotFoundError\x1B[39m: No module named 'tqdm'"
  ]
}
20:32:25.277 [info] Restart requested Untitled-1.ipynb
20:32:25.303 [info] Process Execution: /shared/<username>Sync/py<username>/MLDev/.venv/bin/python -c "import ipykernel; print(ipykernel.__version__); print("5dc3a68c-e34e-4080-9c3e-2a532b2ccb4d"); print(ipykernel.__file__)"
20:32:25.322 [info] Process Execution: /shared/<username>Sync/py<username>/MLDev/.venv/bin/python -m ipykernel_launcher --f=/run/user/1000/jupyter/runtime/kernel-v32b0007f319b3771adddfedd1b11882f8afc5cfd0.json
    > cwd: ~/shared/<username>Sync/py<username>/MLDev
20:32:25.730 [info] Restarted 1484db31-ec4d-475a-88d6-ff470101c2bf
20:32:27.909 [warn] Cell completed with errors Iu [Error]: No module named 'seaborn'
    at n.execute (~/.vscode/extensions/ms-toolsai.jupyter-2025.9.1-linux-x64/dist/extension.node.js:302:4958) {
  ename: 'ModuleNotFoundError',
  evalue: "No module named 'seaborn'",
  traceback: [
    '\x1B[31m---------------------------------------------------------------------------\x1B[39m',
    '\x1B[31mModuleNotFoundError\x1B[39m                       Traceback (most recent call last)',
    '\x1B[36mCell\x1B[39m\x1B[36m \x1B[39m\x1B[32mIn[1]\x1B[39m\x1B[32m, line 16\x1B[39m\n' +
      '\x1B[32m     13\x1B[39m \x1B[38;5;28;01mimport\x1B[39;00m\x1B[38;5;250m \x1B[39m\x1B[34;01mpandas\x1B[39;00m\x1B[38;5;250m \x1B[39m\x1B[38;5;28;01mas\x1B[39;00m\x1B[38;5;250m \x1B[39m\x1B[34;01mpd\x1B[39;00m\n' +
      '\x1B[32m     15\x1B[39m \x1B[38;5;28;01mfrom\x1B[39;00m\x1B[38;5;250m \x1B[39m\x1B[34;01mdata_pipeline\x1B[39;00m\x1B[38;5;250m \x1B[39m\x1B[38;5;28;01mimport\x1B[39;00m load_data\n' +
      '\x1B[32m---> \x1B[39m\x1B[32m16\x1B[39m \x1B[38;5;28;01mfrom\x1B[39;00m\x1B[38;5;250m \x1B[39m\x1B[34;01mfeatureEngineer\x1B[39;00m\x1B[38;5;250m \x1B[39m\x1B[38;5;28;01mimport\x1B[39;00m FeatureEngineer\n' +
      '\x1B[32m     17\x1B[39m \x1B[38;5;28;01mfrom\x1B[39;00m\x1B[38;5;250m \x1B[39m\x1B[34;01mtargetEngineer\x1B[39;00m\x1B[38;5;250m \x1B[39m\x1B[38;5;28;01mimport\x1B[39;00m ExpirationTargetEngineer\n' +
      '\x1B[32m     18\x1B[39m \x1B[38;5;28;01mfrom\x1B[39;00m\x1B[38;5;250m \x1B[39m\x1B[34;01mML_setup\x1B[39;00m\x1B[38;5;250m \x1B[39m\x1B[38;5;28;01mimport\x1B[39;00m CONFIG\n',
    '\x1B[36mFile \x1B[39m\x1B[32m/shared/<username>Sync/py<username>/MLDev/featureEngineer.py:66\x1B[39m\n' +
      '\x1B[32m     63\x1B[39m \x1B[38;5;28;01mimport\x1B[39;00m\x1B[38;5;250m \x1B[39m\x1B[34;01mta\x1B[39;00m\n' +
      '\x1B[32m     64\x1B[39m \x1B[38;5;28;01mfrom\x1B[39;00m\x1B[38;5;250m \x1B[39m\x1B[34;01msklearn\x1B[39;00m\x1B[34;01m.\x1B[39;00m\x1B[34;01mbase\x1B[39;00m\x1B[38;5;250m \x1B[39m\x1B[38;5;28;01mimport\x1B[39;00m BaseEstimator, TransformerMixin\n' +
      '\x1B[32m---> \x1B[39m\x1B[32m66\x1B[39m \x1B[38;5;28;01mfrom\x1B[39;00m\x1B[38;5;250m \x1B[39m\x1B[34;01mML_general_tools\x1B[39;00m\x1B[38;5;250m \x1B[39m\x1B[38;5;28;01mimport\x1B[39;00m stat_tools\n' +
      '\x1B[32m     67\x1B[39m \x1B[38;5;28;01mfrom\x1B[39;00m\x1B[38;5;250m \x1B[39m\x1B[34;01mdata_pipeline\x1B[39;00m\x1B[38;5;250m \x1B[39m\x1B[38;5;28;01mimport\x1B[39;00m is_europe_dst\n' +
      '\x1B[32m     70\x1B[39m HEAVY_CACHE_VERSION = \x1B[32m1\x1B[39m\n',
    '\x1B[36mFile \x1B[39m\x1B[32m/shared/<username>Sync/py<username>/MLDev/ML_general_tools.py:21\x1B[39m\n' +
      '\x1B[32m     19\x1B[39m \x1B[38;5;66;03m# Visualization\x1B[39;00m\n' +
      '\x1B[32m     20\x1B[39m \x1B[38;5;28;01mimport\x1B[39;00m\x1B[38;5;250m \x1B[39m\x1B[34;01mmatplotlib\x1B[39;00m\x1B[34;01m.\x1B[39;00m\x1B[34;01mpyplot\x1B[39;00m\x1B[38;5;250m \x1B[39m\x1B[38;5;28;01mas\x1B[39;00m\x1B[38;5;250m \x1B[39m\x1B[34;01mplt\x1B[39;00m\n' +
      '\x1B[32m---> \x1B[39m\x1B[32m21\x1B[39m \x1B[38;5;28;01mimport\x1B[39;00m\x1B[38;5;250m \x1B[39m\x1B[34;01mseaborn\x1B[39;00m\x1B[38;5;250m \x1B[39m\x1B[38;5;28;01mas\x1B[39;00m\x1B[38;5;250m \x1B[39m\x1B[34;01msns\x1B[39;00m\n' +
      '\x1B[32m     22\x1B[39m \x1B[38;5;66;03m# Scikit-learn\x1B[39;00m\n' +
      '\x1B[32m     23\x1B[39m \x1B[38;5;28;01mfrom\x1B[39;00m\x1B[38;5;250m \x1B[39m\x1B[34;01msklearn\x1B[39;00m\x1B[34;01m.\x1B[39;00m\x1B[34;01mbase\x1B[39;00m\x1B[38;5;250m \x1B[39m\x1B[38;5;28;01mimport\x1B[39;00m BaseEstimator, TransformerMixin\n',
    "\x1B[31mModuleNotFoundError\x1B[39m: No module named 'seaborn'"
  ]
}
20:32:41.209 [info] Restart requested Untitled-1.ipynb
20:32:41.235 [info] Process Execution: /shared/<username>Sync/py<username>/MLDev/.venv/bin/python -c "import ipykernel; print(ipykernel.__version__); print("5dc3a68c-e34e-4080-9c3e-2a532b2ccb4d"); print(ipykernel.__file__)"
20:32:41.255 [info] Process Execution: /shared/<username>Sync/py<username>/MLDev/.venv/bin/python -m ipykernel_launcher --f=/run/user/1000/jupyter/runtime/kernel-v33d7a790100c1c2de4b8647ab1da5f7726603e88f.json
    > cwd: ~/shared/<username>Sync/py<username>/MLDev
20:32:41.663 [info] Restarted 1484db31-ec4d-475a-88d6-ff470101c2bf
20:32:43.772 [warn] Cell completed with errors Iu [Error]: No module named 'lightgbm'
    at n.execute (~/.vscode/extensions/ms-toolsai.jupyter-2025.9.1-linux-x64/dist/extension.node.js:302:4958) {
  ename: 'ModuleNotFoundError',
  evalue: "No module named 'lightgbm'",
  traceback: [
    '\x1B[31m---------------------------------------------------------------------------\x1B[39m',
    '\x1B[31mModuleNotFoundError\x1B[39m                       Traceback (most recent call last)',
    '\x1B[36mCell\x1B[39m\x1B[36m \x1B[39m\x1B[32mIn[1]\x1B[39m\x1B[32m, line 16\x1B[39m\n' +
      '\x1B[32m     13\x1B[39m \x1B[38;5;28;01mimport\x1B[39;00m\x1B[38;5;250m \x1B[39m\x1B[34;01mpandas\x1B[39;00m\x1B[38;5;250m \x1B[39m\x1B[38;5;28;01mas\x1B[39;00m\x1B[38;5;250m \x1B[39m\x1B[34;01mpd\x1B[39;00m\n' +
      '\x1B[32m     15\x1B[39m \x1B[38;5;28;01mfrom\x1B[39;00m\x1B[38;5;250m \x1B[39m\x1B[34;01mdata_pipeline\x1B[39;00m\x1B[38;5;250m \x1B[39m\x1B[38;5;28;01mimport\x1B[39;00m load_data\n' +
      '\x1B[32m---> \x1B[39m\x1B[32m16\x1B[39m \x1B[38;5;28;01mfrom\x1B[39;00m\x1B[38;5;250m \x1B[39m\x1B[34;01mfeatureEngineer\x1B[39;00m\x1B[38;5;250m \x1B[39m\x1B[38;5;28;01mimport\x1B[39;00m FeatureEngineer\n' +
      '\x1B[32m     17\x1B[39m \x1B[38;5;28;01mfrom\x1B[39;00m\x1B[38;5;250m \x1B[39m\x1B[34;01mtargetEngineer\x1B[39;00m\x1B[38;5;250m \x1B[39m\x1B[38;5;28;01mimport\x1B[39;00m ExpirationTargetEngineer\n' +
      '\x1B[32m     18\x1B[39m \x1B[38;5;28;01mfrom\x1B[39;00m\x1B[38;5;250m \x1B[39m\x1B[34;01mML_setup\x1B[39;00m\x1B[38;5;250m \x1B[39m\x1B[38;5;28;01mimport\x1B[39;00m CONFIG\n',
    '\x1B[36mFile \x1B[39m\x1B[32m/shared/<username>Sync/py<username>/MLDev/featureEngineer.py:66\x1B[39m\n' +
      '\x1B[32m     63\x1B[39m \x1B[38;5;28;01mimport\x1B[39;00m\x1B[38;5;250m \x1B[39m\x1B[34;01mta\x1B[39;00m\n' +
      '\x1B[32m     64\x1B[39m \x1B[38;5;28;01mfrom\x1B[39;00m\x1B[38;5;250m \x1B[39m\x1B[34;01msklearn\x1B[39;00m\x1B[34;01m.\x1B[39;00m\x1B[34;01mbase\x1B[39;00m\x1B[38;5;250m \x1B[39m\x1B[38;5;28;01mimport\x1B[39;00m BaseEstimator, TransformerMixin\n' +
      '\x1B[32m---> \x1B[39m\x1B[32m66\x1B[39m \x1B[38;5;28;01mfrom\x1B[39;00m\x1B[38;5;250m \x1B[39m\x1B[34;01mML_general_tools\x1B[39;00m\x1B[38;5;250m \x1B[39m\x1B[38;5;28;01mimport\x1B[39;00m stat_tools\n' +
      '\x1B[32m     67\x1B[39m \x1B[38;5;28;01mfrom\x1B[39;00m\x1B[38;5;250m \x1B[39m\x1B[34;01mdata_pipeline\x1B[39;00m\x1B[38;5;250m \x1B[39m\x1B[38;5;28;01mimport\x1B[39;00m is_europe_dst\n' +
      '\x1B[32m     70\x1B[39m HEAVY_CACHE_VERSION = \x1B[32m1\x1B[39m\n',
    '\x1B[36mFile \x1B[39m\x1B[32m/shared/<username>Sync/py<username>/MLDev/ML_general_tools.py:34\x1B[39m\n' +
      '\x1B[32m     31\x1B[39m \x1B[38;5;28;01mfrom\x1B[39;00m\x1B[38;5;250m \x1B[39m\x1B[34;01msklearn\x1B[39;00m\x1B[34;01m.\x1B[39;00m\x1B[34;01mfeature_selection\x1B[39;00m\x1B[38;5;250m \x1B[39m\x1B[38;5;28;01mimport\x1B[39;00m RFECV\n' +
      '\x1B[32m     33\x1B[39m \x1B[38;5;66;03m# ML libraries\x1B[39;00m\n' +
      '\x1B[32m---> \x1B[39m\x1B[32m34\x1B[39m \x1B[38;5;28;01mimport\x1B[39;00m\x1B[38;5;250m \x1B[39m\x1B[34;01mlightgbm\x1B[39;00m\x1B[38;5;250m \x1B[39m\x1B[38;5;28;01mas\x1B[39;00m\x1B[38;5;250m \x1B[39m\x1B[34;01mlgb\x1B[39;00m\n' +
      '\x1B[32m     35\x1B[39m \x1B[38;5;28;01mimport\x1B[39;00m\x1B[38;5;250m \x1B[39m\x1B[34;01mxgboost\x1B[39;00m\x1B[38;5;250m \x1B[39m\x1B[38;5;28;01mas\x1B[39;00m\x1B[38;5;250m \x1B[39m\x1B[34;01mxgb\x1B[39;00m\n' +
      '\x1B[32m     36\x1B[39m \x1B[38;5;28;01mimport\x1B[39;00m\x1B[38;5;250m \x1B[39m\x1B[34;01mcatboost\x1B[39;00m\x1B[38;5;250m \x1B[39m\x1B[38;5;28;01mas\x1B[39;00m\x1B[38;5;250m \x1B[39m\x1B[34;01mcb\x1B[39;00m\n',
    "\x1B[31mModuleNotFoundError\x1B[39m: No module named 'lightgbm'"
  ]
}
20:33:03.655 [info] Restart requested Untitled-1.ipynb
20:33:03.680 [info] Process Execution: /shared/<username>Sync/py<username>/MLDev/.venv/bin/python -c "import ipykernel; print(ipykernel.__version__); print("5dc3a68c-e34e-4080-9c3e-2a532b2ccb4d"); print(ipykernel.__file__)"
20:33:03.697 [info] Process Execution: /shared/<username>Sync/py<username>/MLDev/.venv/bin/python -m ipykernel_launcher --f=/run/user/1000/jupyter/runtime/kernel-v3bbbee84d0c70b3eb00dcf3e0d0bfa1e10a8e9966.json
    > cwd: ~/shared/<username>Sync/py<username>/MLDev
20:33:04.105 [info] Restarted 1484db31-ec4d-475a-88d6-ff470101c2bf
20:33:07.720 [warn] Cell completed with errors Iu [Error]: No module named 'optuna'
    at n.execute (~/.vscode/extensions/ms-toolsai.jupyter-2025.9.1-linux-x64/dist/extension.node.js:302:4958) {
  ename: 'ModuleNotFoundError',
  evalue: "No module named 'optuna'",
  traceback: [
    '\x1B[31m---------------------------------------------------------------------------\x1B[39m',
    '\x1B[31mModuleNotFoundError\x1B[39m                       Traceback (most recent call last)',
    '\x1B[36mCell\x1B[39m\x1B[36m \x1B[39m\x1B[32mIn[1]\x1B[39m\x1B[32m, line 16\x1B[39m\n' +
      '\x1B[32m     13\x1B[39m \x1B[38;5;28;01mimport\x1B[39;00m\x1B[38;5;250m \x1B[39m\x1B[34;01mpandas\x1B[39;00m\x1B[38;5;250m \x1B[39m\x1B[38;5;28;01mas\x1B[39;00m\x1B[38;5;250m \x1B[39m\x1B[34;01mpd\x1B[39;00m\n' +
      '\x1B[32m     15\x1B[39m \x1B[38;5;28;01mfrom\x1B[39;00m\x1B[38;5;250m \x1B[39m\x1B[34;01mdata_pipeline\x1B[39;00m\x1B[38;5;250m \x1B[39m\x1B[38;5;28;01mimport\x1B[39;00m load_data\n' +
      '\x1B[32m---> \x1B[39m\x1B[32m16\x1B[39m \x1B[38;5;28;01mfrom\x1B[39;00m\x1B[38;5;250m \x1B[39m\x1B[34;01mfeatureEngineer\x1B[39;00m\x1B[38;5;250m \x1B[39m\x1B[38;5;28;01mimport\x1B[39;00m FeatureEngineer\n' +
      '\x1B[32m     17\x1B[39m \x1B[38;5;28;01mfrom\x1B[39;00m\x1B[38;5;250m \x1B[39m\x1B[34;01mtargetEngineer\x1B[39;00m\x1B[38;5;250m \x1B[39m\x1B[38;5;28;01mimport\x1B[39;00m ExpirationTargetEngineer\n' +
      '\x1B[32m     18\x1B[39m \x1B[38;5;28;01mfrom\x1B[39;00m\x1B[38;5;250m \x1B[39m\x1B[34;01mML_setup\x1B[39;00m\x1B[38;5;250m \x1B[39m\x1B[38;5;28;01mimport\x1B[39;00m CONFIG\n',
    '\x1B[36mFile \x1B[39m\x1B[32m/shared/<username>Sync/py<username>/MLDev/featureEngineer.py:66\x1B[39m\n' +
      '\x1B[32m     63\x1B[39m \x1B[38;5;28;01mimport\x1B[39;00m\x1B[38;5;250m \x1B[39m\x1B[34;01mta\x1B[39;00m\n' +
      '\x1B[32m     64\x1B[39m \x1B[38;5;28;01mfrom\x1B[39;00m\x1B[38;5;250m \x1B[39m\x1B[34;01msklearn\x1B[39;00m\x1B[34;01m.\x1B[39;00m\x1B[34;01mbase\x1B[39;00m\x1B[38;5;250m \x1B[39m\x1B[38;5;28;01mimport\x1B[39;00m BaseEstimator, TransformerMixin\n' +
      '\x1B[32m---> \x1B[39m\x1B[32m66\x1B[39m \x1B[38;5;28;01mfrom\x1B[39;00m\x1B[38;5;250m \x1B[39m\x1B[34;01mML_general_tools\x1B[39;00m\x1B[38;5;250m \x1B[39m\x1B[38;5;28;01mimport\x1B[39;00m stat_tools\n' +
      '\x1B[32m     67\x1B[39m \x1B[38;5;28;01mfrom\x1B[39;00m\x1B[38;5;250m \x1B[39m\x1B[34;01mdata_pipeline\x1B[39;00m\x1B[38;5;250m \x1B[39m\x1B[38;5;28;01mimport\x1B[39;00m is_europe_dst\n' +
      '\x1B[32m     70\x1B[39m HEAVY_CACHE_VERSION = \x1B[32m1\x1B[39m\n',
    '\x1B[36mFile \x1B[39m\x1B[32m/shared/<username>Sync/py<username>/MLDev/ML_general_tools.py:43\x1B[39m\n' +
      '\x1B[32m     38\x1B[39m \x1B[38;5;28;01mfrom\x1B[39;00m\x1B[38;5;250m \x1B[39m\x1B[34;01mproduction_postprocess\x1B[39;00m\x1B[38;5;250m \x1B[39m\x1B[38;5;28;01mimport\x1B[39;00m convert_predictions_to_prices\n' +
      '\x1B[32m     39\x1B[39m \x1B[38;5;66;03m# Imbalanced-learn\x1B[39;00m\n' +
      '\x1B[32m     40\x1B[39m \x1B[38;5;66;03m#import imblearn\x1B[39;00m\n' +
      '\x1B[32m     41\x1B[39m \n' +
      '\x1B[32m     42\x1B[39m \x1B[38;5;66;03m# Optuna\x1B[39;00m\n' +
      '\x1B[32m---> \x1B[39m\x1B[32m43\x1B[39m \x1B[38;5;28;01mimport\x1B[39;00m\x1B[38;5;250m \x1B[39m\x1B[34;01moptuna\x1B[39;00m\n' +
      '\x1B[32m     44\x1B[39m optuna.logging.set_verbosity(optuna.logging.WARNING)\n' +
      "\x1B[32m     46\x1B[39m \x1B[38;5;28;01mdef\x1B[39;00m\x1B[38;5;250m \x1B[39m\x1B[34msafe_open_write\x1B[39m(filepath, mode=\x1B[33m'\x1B[39m\x1B[33mwb\x1B[39m\x1B[33m'\x1B[39m):\n",
    "\x1B[31mModuleNotFoundError\x1B[39m: No module named 'optuna'"
  ]
}
20:33:20.381 [info] Restart requested Untitled-1.ipynb
20:33:20.405 [info] Process Execution: /shared/<username>Sync/py<username>/MLDev/.venv/bin/python -c "import ipykernel; print(ipykernel.__version__); print("5dc3a68c-e34e-4080-9c3e-2a532b2ccb4d"); print(ipykernel.__file__)"
20:33:20.423 [info] Process Execution: /shared/<username>Sync/py<username>/MLDev/.venv/bin/python -m ipykernel_launcher --f=/run/user/1000/jupyter/runtime/kernel-v39022897fb6884366ef7b2369d85a820a1adcb995.json
    > cwd: ~/shared/<username>Sync/py<username>/MLDev
20:33:20.831 [info] Restarted 1484db31-ec4d-475a-88d6-ff470101c2bf
20:39:29.891 [warn] Cell completed with errors Iu [Error]: name 'PCA' is not defined
    at n.execute (~/.vscode/extensions/ms-toolsai.jupyter-2025.9.1-linux-x64/dist/extension.node.js:302:4958) {
  ename: 'NameError',
  evalue: "name 'PCA' is not defined",
  traceback: [
    '\x1B[31m---------------------------------------------------------------------------\x1B[39m',
    '\x1B[31mNameError\x1B[39m                                 Traceback (most recent call last)',
    '\x1B[36mCell\x1B[39m\x1B[36m \x1B[39m\x1B[32mIn[2]\x1B[39m\x1B[32m, line 67\x1B[39m\n' +
      '\x1B[32m     65\x1B[39m \x1B[38;5;28mprint\x1B[39m(\x1B[33m"\x1B[39m\x1B[33mFitting PCA (Compressing 10k -> 30 features)...\x1B[39m\x1B[33m"\x1B[39m)\n' +
      '\x1B[32m     66\x1B[39m scaler = StandardScaler()\n' +
      '\x1B[32m---> \x1B[39m\x1B[32m67\x1B[39m pca = \x1B[43mPCA\x1B[49m(n_components=\x1B[32m30\x1B[39m) \x1B[38;5;66;03m# Extract top 30 Eigen-Shapes\x1B[39;00m\n' +
      '\x1B[32m     69\x1B[39m \x1B[38;5;66;03m# Pipeline: Scaler -> PCA\x1B[39;00m\n' +
      '\x1B[32m     70\x1B[39m \x1B[38;5;66;03m# Fit only on Train\x1B[39;00m\n' +
      '\x1B[32m     71\x1B[39m X_scaled_train = scaler.fit_transform(X_rocket_train)\n',
    "\x1B[31mNameError\x1B[39m: name 'PCA' is not defined"
  ]
}
12:12:34.305 [info] Starting Kernel (Python Path: ~/shared/<username>Sync/py<username>/MLDev/.venv/bin/python, Venv, 3.13.7) for '~/shared/<username>Sync/py<username>/MLDev/ML_to_beat_BS.ipynb' (disableUI=true)
12:12:34.368 [info] Process Execution: ~/shared/<username>Sync/py<username>/MLDev/.venv/bin/python -m pip list
12:12:34.384 [info] Process Execution: ~/shared/<username>Sync/py<username>/MLDev/.venv/bin/python -c "import ipykernel; print(ipykernel.__version__); print("5dc3a68c-e34e-4080-9c3e-2a532b2ccb4d"); print(ipykernel.__file__)"
12:12:34.399 [info] Process Execution: ~/shared/<username>Sync/py<username>/MLDev/.venv/bin/python -m ipykernel_launcher --f=/run/user/1000/jupyter/runtime/kernel-v30521358360c638bcd5864b4520e2f486565b4e70.json
    > cwd: ~/shared/<username>Sync/py<username>/MLDev
12:12:34.847 [info] Kernel successfully started
16:50:25.944 [info] Starting Kernel (Python Path: ~/shared/<username>Sync/py<username>/MLDev/.venv/bin/python, Venv, 3.13.7) for '~/shared/<username>Sync/py<username>/MLDev/market_analysis_volatility.ipynb' (disableUI=true)
16:50:26.016 [info] Process Execution: ~/shared/<username>Sync/py<username>/MLDev/.venv/bin/python -m pip list
16:50:26.031 [info] Process Execution: ~/shared/<username>Sync/py<username>/MLDev/.venv/bin/python -c "import ipykernel; print(ipykernel.__version__); print("5dc3a68c-e34e-4080-9c3e-2a532b2ccb4d"); print(ipykernel.__file__)"
16:50:26.048 [info] Process Execution: ~/shared/<username>Sync/py<username>/MLDev/.venv/bin/python -m ipykernel_launcher --f=/run/user/1000/jupyter/runtime/kernel-v3495edd881998b2dde78829408d2e0ec8f95287e6.json
    > cwd: ~/shared/<username>Sync/py<username>/MLDev
16:50:26.531 [info] Kernel successfully started
16:52:52.939 [info] Disposing request as the cell (1) was deleted ~/shared/<username>Sync/py<username>/MLDev/market_analysis_volatility.ipynb
16:52:52.939 [info] Disposing request as the cell (1) was deleted ~/shared/<username>Sync/py<username>/MLDev/market_analysis_volatility.ipynb
16:52:52.939 [info] Disposing request as the cell (1) was deleted ~/shared/<username>Sync/py<username>/MLDev/market_analysis_volatility.ipynb
16:52:52.939 [info] Disposing request as the cell (2) was deleted ~/shared/<username>Sync/py<username>/MLDev/market_analysis_volatility.ipynb
16:52:52.940 [info] Dispose Kernel '~/shared/<username>Sync/py<username>/MLDev/market_analysis_volatility.ipynb' associated with '~/shared/<username>Sync/py<username>/MLDev/market_analysis_volatility.ipynb'
16:52:55.219 [info] Starting Kernel (Python Path: ~/shared/<username>Sync/py<username>/MLDev/.venv/bin/python, Venv, 3.13.7) for '~/shared/<username>Sync/py<username>/MLDev/market_analysis_volatility.ipynb' (disableUI=true)
16:52:55.243 [info] Process Execution: ~/shared/<username>Sync/py<username>/MLDev/.venv/bin/python -c "import ipykernel; print(ipykernel.__version__); print("5dc3a68c-e34e-4080-9c3e-2a532b2ccb4d"); print(ipykernel.__file__)"
16:52:55.263 [info] Process Execution: ~/shared/<username>Sync/py<username>/MLDev/.venv/bin/python -m ipykernel_launcher --f=/run/user/1000/jupyter/runtime/kernel-v353d99715c018a549d0ecbb1450b97797077f1877.json
    > cwd: ~/shared/<username>Sync/py<username>/MLDev
16:52:55.729 [info] Kernel successfully started
16:57:34.708 [warn] Cell completed with errors Iu [Error]: name 'np' is not defined
    at n.execute (~/.vscode/extensions/ms-toolsai.jupyter-2025.9.1-linux-x64/dist/extension.node.js:302:4958) {
  ename: 'NameError',
  evalue: "name 'np' is not defined",
  traceback: [
    '\x1B[31m---------------------------------------------------------------------------\x1B[39m',
    '\x1B[31mNameError\x1B[39m                                 Traceback (most recent call last)',
    '\x1B[36mCell\x1B[39m\x1B[36m \x1B[39m\x1B[32mIn[8]\x1B[39m\x1B[32m, line 1\x1B[39m\n' +
      "\x1B[32m----> \x1B[39m\x1B[32m1\x1B[39m df[\x1B[33m'\x1B[39m\x1B[33mlog_ret\x1B[39m\x1B[33m'\x1B[39m] = \x1B[43mnp\x1B[49m.log(df[\x1B[33m'\x1B[39m\x1B[33mc\x1B[39m\x1B[33m'\x1B[39m] / df[\x1B[33m'\x1B[39m\x1B[33mc\x1B[39m\x1B[33m'\x1B[39m].shift(\x1B[32m1\x1B[39m))\n" +
      "\x1B[32m      5\x1B[39m df[\x1B[33m'\x1B[39m\x1B[33mvol_24h\x1B[39m\x1B[33m'\x1B[39m] = df[\x1B[33m'\x1B[39m\x1B[33mlog_ret\x1B[39m\x1B[33m'\x1B[39m].rolling(window=\x1B[32m24\x1B[39m).std() * np.sqrt(\x1B[32m365\x1B[39m*\x1B[32m24\x1B[39m)\n" +
      "\x1B[32m      6\x1B[39m df[\x1B[33m'\x1B[39m\x1B[33mvol_144h\x1B[39m\x1B[33m'\x1B[39m] = df[\x1B[33m'\x1B[39m\x1B[33mlog_ret\x1B[39m\x1B[33m'\x1B[39m].rolling(window=\x1B[32m144\x1B[39m).std() * np.sqrt(\x1B[32m365\x1B[39m*\x1B[32m24\x1B[39m)\n",
    "\x1B[31mNameError\x1B[39m: name 'np' is not defined"
  ]
}
17:28:09.444 [info] Restart requested ~/shared/<username>Sync/py<username>/MLDev/market_analysis_volatility.ipynb
17:28:09.588 [info] Process Execution: ~/shared/<username>Sync/py<username>/MLDev/.venv/bin/python -c "import ipykernel; print(ipykernel.__version__); print("5dc3a68c-e34e-4080-9c3e-2a532b2ccb4d"); print(ipykernel.__file__)"
17:28:09.599 [info] Process Execution: ~/shared/<username>Sync/py<username>/MLDev/.venv/bin/python -m ipykernel_launcher --f=/run/user/1000/jupyter/runtime/kernel-v3410d83aecb1d097c21eca3fcfc3bfcb1975d37a8.json
    > cwd: ~/shared/<username>Sync/py<username>/MLDev
17:28:10.008 [info] Restarted dedbd92a-49b0-4508-89f6-491afc7f0602
17:30:44.360 [warn] Cell completed with errors Iu [Error]: 'Index' object has no attribute 'tolsit'
    at n.execute (~/.vscode/extensions/ms-toolsai.jupyter-2025.9.1-linux-x64/dist/extension.node.js:302:4958) {
  ename: 'AttributeError',
  evalue: "'Index' object has no attribute 'tolsit'",
  traceback: [
    '\x1B[31m---------------------------------------------------------------------------\x1B[39m',
    '\x1B[31mAttributeError\x1B[39m                            Traceback (most recent call last)',
    '\x1B[36mCell\x1B[39m\x1B[36m \x1B[39m\x1B[32mIn[3]\x1B[39m\x1B[32m, line 1\x1B[39m\n' +
      '\x1B[32m----> \x1B[39m\x1B[32m1\x1B[39m \x1B[43mfeatures\x1B[49m\x1B[43m.\x1B[49m\x1B[43mcolumns\x1B[49m\x1B[43m.\x1B[49m\x1B[43mtolsit\x1B[49m()\n',
    "\x1B[31mAttributeError\x1B[39m: 'Index' object has no attribute 'tolsit'"
  ]
}
17:34:06.541 [info] Restart requested ~/shared/<username>Sync/py<username>/MLDev/market_analysis_volatility.ipynb
17:34:06.574 [info] Process Execution: ~/shared/<username>Sync/py<username>/MLDev/.venv/bin/python -c "import ipykernel; print(ipykernel.__version__); print("5dc3a68c-e34e-4080-9c3e-2a532b2ccb4d"); print(ipykernel.__file__)"
17:34:06.587 [info] Process Execution: ~/shared/<username>Sync/py<username>/MLDev/.venv/bin/python -m ipykernel_launcher --f=/run/user/1000/jupyter/runtime/kernel-v3d36a06525394b5661bc9259df4378b03bb438114.json
    > cwd: ~/shared/<username>Sync/py<username>/MLDev
17:34:06.993 [info] Restarted dedbd92a-49b0-4508-89f6-491afc7f0602
17:37:50.641 [info] Restart requested ~/shared/<username>Sync/py<username>/MLDev/market_analysis_volatility.ipynb
17:37:50.674 [info] Process Execution: ~/shared/<username>Sync/py<username>/MLDev/.venv/bin/python -c "import ipykernel; print(ipykernel.__version__); print("5dc3a68c-e34e-4080-9c3e-2a532b2ccb4d"); print(ipykernel.__file__)"
17:37:50.686 [info] Process Execution: ~/shared/<username>Sync/py<username>/MLDev/.venv/bin/python -m ipykernel_launcher --f=/run/user/1000/jupyter/runtime/kernel-v3b31bb19c1de2879082afe57276a446e0ca4a079e.json
    > cwd: ~/shared/<username>Sync/py<username>/MLDev
17:37:51.093 [info] Restarted dedbd92a-49b0-4508-89f6-491afc7f0602
18:05:07.856 [info] Restart requested Untitled-1.ipynb
18:05:08.209 [info] Process Execution: /shared/<username>Sync/py<username>/MLDev/.venv/bin/python -c "import ipykernel; print(ipykernel.__version__); print("5dc3a68c-e34e-4080-9c3e-2a532b2ccb4d"); print(ipykernel.__file__)"
18:05:08.247 [info] Process Execution: /shared/<username>Sync/py<username>/MLDev/.venv/bin/python -m ipykernel_launcher --f=/run/user/1000/jupyter/runtime/kernel-v3c75137127fa36d95906b1e64bd5ba10d813c51f3.json
    > cwd: ~/shared/<username>Sync/py<username>/MLDev
18:05:09.144 [info] Restarted 1484db31-ec4d-475a-88d6-ff470101c2bf
18:08:43.355 [info] Disposing request as the cell (2) was deleted ~/shared/<username>Sync/py<username>/MLDev/market_analysis_volatility.ipynb
18:08:43.355 [info] Disposing request as the cell (2) was deleted ~/shared/<username>Sync/py<username>/MLDev/market_analysis_volatility.ipynb
18:08:43.355 [info] Disposing request as the cell (2) was deleted ~/shared/<username>Sync/py<username>/MLDev/market_analysis_volatility.ipynb
18:08:43.355 [info] Disposing request as the cell (2) was deleted ~/shared/<username>Sync/py<username>/MLDev/market_analysis_volatility.ipynb
18:08:43.361 [info] Disposing request as the cell (3) was deleted ~/shared/<username>Sync/py<username>/MLDev/market_analysis_volatility.ipynb
18:08:43.361 [info] Disposing request as the cell (3) was deleted ~/shared/<username>Sync/py<username>/MLDev/market_analysis_volatility.ipynb
18:08:43.361 [info] Disposing request as the cell (3) was deleted ~/shared/<username>Sync/py<username>/MLDev/market_analysis_volatility.ipynb
18:08:43.361 [info] Disposing request as the cell (3) was deleted ~/shared/<username>Sync/py<username>/MLDev/market_analysis_volatility.ipynb
18:08:43.361 [info] Disposing request as the cell (3) was deleted ~/shared/<username>Sync/py<username>/MLDev/market_analysis_volatility.ipynb
18:08:43.361 [info] Disposing request as the cell (3) was deleted ~/shared/<username>Sync/py<username>/MLDev/market_analysis_volatility.ipynb
18:08:43.361 [info] Disposing request as the cell (3) was deleted ~/shared/<username>Sync/py<username>/MLDev/market_analysis_volatility.ipynb
18:08:43.361 [info] Disposing request as the cell (3) was deleted ~/shared/<username>Sync/py<username>/MLDev/market_analysis_volatility.ipynb
18:08:43.361 [info] Disposing request as the cell (3) was deleted ~/shared/<username>Sync/py<username>/MLDev/market_analysis_volatility.ipynb
18:08:43.361 [info] Disposing request as the cell (3) was deleted ~/shared/<username>Sync/py<username>/MLDev/market_analysis_volatility.ipynb
18:08:43.366 [info] Disposing request as the cell (4) was deleted ~/shared/<username>Sync/py<username>/MLDev/market_analysis_volatility.ipynb
18:08:43.366 [info] Disposing request as the cell (4) was deleted ~/shared/<username>Sync/py<username>/MLDev/market_analysis_volatility.ipynb
18:08:43.370 [info] Disposing request as the cell (5) was deleted ~/shared/<username>Sync/py<username>/MLDev/market_analysis_volatility.ipynb
18:08:43.370 [info] Disposing request as the cell (5) was deleted ~/shared/<username>Sync/py<username>/MLDev/market_analysis_volatility.ipynb
18:08:43.370 [info] Disposing request as the cell (5) was deleted ~/shared/<username>Sync/py<username>/MLDev/market_analysis_volatility.ipynb
18:08:43.377 [info] Dispose Kernel '~/shared/<username>Sync/py<username>/MLDev/market_analysis_volatility.ipynb' associated with '~/shared/<username>Sync/py<username>/MLDev/market_analysis_volatility.ipynb'
18:08:52.710 [info] Disposing request as the cell (0) was deleted ~/shared/<username>Sync/py<username>/MLDev/ML_to_beat_BS.ipynb
18:08:52.710 [info] Disposing request as the cell (0) was deleted ~/shared/<username>Sync/py<username>/MLDev/ML_to_beat_BS.ipynb
18:08:52.717 [info] Disposing request as the cell (1) was deleted ~/shared/<username>Sync/py<username>/MLDev/ML_to_beat_BS.ipynb
18:08:52.719 [info] Disposing request as the cell (2) was deleted ~/shared/<username>Sync/py<username>/MLDev/ML_to_beat_BS.ipynb
18:08:52.719 [info] Disposing request as the cell (2) was deleted ~/shared/<username>Sync/py<username>/MLDev/ML_to_beat_BS.ipynb
18:08:52.724 [info] Disposing request as the cell (4) was deleted ~/shared/<username>Sync/py<username>/MLDev/ML_to_beat_BS.ipynb
18:08:52.957 [info] Dispose Kernel '~/shared/<username>Sync/py<username>/MLDev/ML_to_beat_BS.ipynb' associated with '~/shared/<username>Sync/py<username>/MLDev/ML_to_beat_BS.ipynb'
18:23:01.225 [info] Starting Kernel (Python Path: /shared/<username>Sync/py<username>/MLDev/.venv/bin/python, Venv, 3.13.7) for 'Untitled-2.ipynb' (disableUI=false)
18:23:01.319 [info] Process Execution: /shared/<username>Sync/py<username>/MLDev/.venv/bin/python -c "import ipykernel; print(ipykernel.__version__); print("5dc3a68c-e34e-4080-9c3e-2a532b2ccb4d"); print(ipykernel.__file__)"
18:23:01.330 [info] Process Execution: /shared/<username>Sync/py<username>/MLDev/.venv/bin/python -m ipykernel_launcher --f=/run/user/1000/jupyter/runtime/kernel-v33916c69d8618b5d44536bbcc842ba4877f34a010.json
    > cwd: ~/shared/<username>Sync/py<username>/MLDev
18:23:01.344 [info] Process Execution: /shared/<username>Sync/py<username>/MLDev/.venv/bin/python -m pip list
18:23:01.750 [info] Kernel successfully started
18:24:47.413 [warn] Cell completed with errors Iu [Error]: 'list' object has no attribute 'items'
    at n.execute (~/.vscode/extensions/ms-toolsai.jupyter-2025.9.1-linux-x64/dist/extension.node.js:302:4958) {
  ename: 'AttributeError',
  evalue: "'list' object has no attribute 'items'",
  traceback: [
    '\x1B[31m---------------------------------------------------------------------------\x1B[39m',
    '\x1B[31mAttributeError\x1B[39m                            Traceback (most recent call last)',
    '\x1B[36mCell\x1B[39m\x1B[36m \x1B[39m\x1B[32mIn[8]\x1B[39m\x1B[32m, line 10\x1B[39m\n' +
      '\x1B[32m      7\x1B[39m \x1B[38;5;28mprint\x1B[39m(\x1B[33m"\x1B[39m\x1B[33m Prefilter Stage - Features Dropped Before RFECV:\x1B[39m\x1B[38;5;130;01m\\n\x1B[39;00m\x1B[33m"\x1B[39m)\n' +
      '\x1B[32m      9\x1B[39m drop_reasons = {}\n' +
      '\x1B[32m---> \x1B[39m\x1B[32m10\x1B[39m \x1B[38;5;28;01mfor\x1B[39;00m reason, features \x1B[38;5;129;01min\x1B[39;00m \x1B[43mprefilter_data\x1B[49m\x1B[43m.\x1B[49m\x1B[43mitems\x1B[49m():\n' +
      '\x1B[32m     11\x1B[39m     drop_reasons[reason] = \x1B[38;5;28mlen\x1B[39m(features)\n' +
      '\x1B[32m     12\x1B[39m     \x1B[38;5;28mprint\x1B[39m(\x1B[33mf\x1B[39m\x1B[33m"\x1B[39m\x1B[38;5;132;01m{\x1B[39;00mreason\x1B[38;5;132;01m}\x1B[39;00m\x1B[33m: \x1B[39m\x1B[38;5;132;01m{\x1B[39;00m\x1B[38;5;28mlen\x1B[39m(features)\x1B[38;5;132;01m}\x1B[39;00m\x1B[33m features\x1B[39m\x1B[33m"\x1B[39m)\n',
    "\x1B[31mAttributeError\x1B[39m: 'list' object has no attribute 'items'"
  ]
}
18:24:51.056 [warn] Cell completed with errors Iu [Error]: name 'importance_df' is not defined
    at n.execute (~/.vscode/extensions/ms-toolsai.jupyter-2025.9.1-linux-x64/dist/extension.node.js:302:4958) {
  ename: 'NameError',
  evalue: "name 'importance_df' is not defined",
  traceback: [
    '\x1B[31m---------------------------------------------------------------------------\x1B[39m',
    '\x1B[31mNameError\x1B[39m                                 Traceback (most recent call last)',
    '\x1B[36mCell\x1B[39m\x1B[36m \x1B[39m\x1B[32mIn[9]\x1B[39m\x1B[32m, line 8\x1B[39m\n' +
      '\x1B[32m      6\x1B[39m \x1B[38;5;28mprint\x1B[39m(\x1B[33mf\x1B[39m\x1B[33m"\x1B[39m\x1B[38;5;130;01m\\n\x1B[39;00m\x1B[33m SELECTION RESULTS:\x1B[39m\x1B[33m"\x1B[39m)\n' +
      '\x1B[32m      7\x1B[39m \x1B[38;5;28mprint\x1B[39m(\x1B[33mf\x1B[39m\x1B[33m"\x1B[39m\x1B[33m   Features selected: \x1B[39m\x1B[38;5;132;01m{\x1B[39;00m\x1B[38;5;28mlen\x1B[39m(selected_features)\x1B[38;5;132;01m}\x1B[39;00m\x1B[33m"\x1B[39m)\n' +
      `\x1B[32m----> \x1B[39m\x1B[32m8\x1B[39m \x1B[38;5;28mprint\x1B[39m(\x1B[33mf\x1B[39m\x1B[33m"\x1B[39m\x1B[33m   Average importance: \x1B[39m\x1B[38;5;132;01m{\x1B[39;00m\x1B[43mimportance_df\x1B[49m[\x1B[33m'\x1B[39m\x1B[33mimportance\x1B[39m\x1B[33m'\x1B[39m].mean()\x1B[38;5;132;01m:\x1B[39;00m\x1B[33m.4f\x1B[39m\x1B[38;5;132;01m}\x1B[39;00m\x1B[33m"\x1B[39m)\n` +
      `\x1B[32m      9\x1B[39m \x1B[38;5;28mprint\x1B[39m(\x1B[33mf\x1B[39m\x1B[33m"\x1B[39m\x1B[33m   Importance std dev: \x1B[39m\x1B[38;5;132;01m{\x1B[39;00mimportance_df[\x1B[33m'\x1B[39m\x1B[33mimportance\x1B[39m\x1B[33m'\x1B[39m].std()\x1B[38;5;132;01m:\x1B[39;00m\x1B[33m.4f\x1B[39m\x1B[38;5;132;01m}\x1B[39;00m\x1B[33m"\x1B[39m)\n` +
      '\x1B[32m     11\x1B[39m \x1B[38;5;66;03m# Top performers\x1B[39;00m\n',
    "\x1B[31mNameError\x1B[39m: name 'importance_df' is not defined"
  ]
}
18:37:06.953 [info] Starting Kernel (Python Path: ~/shared/<username>Sync/py<username>/MLDev/.venv/bin/python, Venv, 3.13.7) for '~/shared/<username>Sync/py<username>/MLDev/market_analysis_volatility.ipynb' (disableUI=true)
18:37:07.057 [info] Process Execution: ~/shared/<username>Sync/py<username>/MLDev/.venv/bin/python -m pip list
18:37:07.074 [info] Process Execution: ~/shared/<username>Sync/py<username>/MLDev/.venv/bin/python -c "import ipykernel; print(ipykernel.__version__); print("5dc3a68c-e34e-4080-9c3e-2a532b2ccb4d"); print(ipykernel.__file__)"
18:37:07.088 [info] Process Execution: ~/shared/<username>Sync/py<username>/MLDev/.venv/bin/python -m ipykernel_launcher --f=/run/user/1000/jupyter/runtime/kernel-v3336129f0ff6b2cbf024fa159e85c1a184442e347.json
    > cwd: ~/shared/<username>Sync/py<username>/MLDev
18:37:07.515 [info] Kernel successfully started
21:13:45.859 [info] Interrupt kernel execution
21:13:45.859 [info] Interrupt requested ~/shared/<username>Sync/py<username>/MLDev/market_analysis_volatility.ipynb
21:13:45.859 [info] Interrupt kernel execution
21:13:45.859 [info] Interrupting kernel: python3137jvsc74a57bd004b142038ebbbf6c7681f77a7735bbff52eb06fb41ef814b5c60b84734f25b30
21:13:45.859 [info] Interrupting kernel via SIGINT
21:13:46.589 [warn] Cell completed with errors (cancelled)
21:13:46.590 [info] Interrupt requested & sent for ~/shared/<username>Sync/py<username>/MLDev/market_analysis_volatility.ipynb in notebookEditor.
21:13:52.250 [info] Restart requested ~/shared/<username>Sync/py<username>/MLDev/market_analysis_volatility.ipynb
21:13:52.551 [info] Process Execution: ~/shared/<username>Sync/py<username>/MLDev/.venv/bin/python -c "import ipykernel; print(ipykernel.__version__); print("5dc3a68c-e34e-4080-9c3e-2a532b2ccb4d"); print(ipykernel.__file__)"
21:13:52.565 [info] Process Execution: ~/shared/<username>Sync/py<username>/MLDev/.venv/bin/python -m ipykernel_launcher --f=/run/user/1000/jupyter/runtime/kernel-v3be60faabda336d56f8f08ad065173bd06a7fee5c.json
    > cwd: ~/shared/<username>Sync/py<username>/MLDev
21:13:52.972 [info] Restarted e0ee5c66-ee06-42c6-bf18-d66e0d8a2123
21:16:58.956 [warn] Cell completed with errors Iu [Error]: name 'paths' is not defined
    at n.execute (~/.vscode/extensions/ms-toolsai.jupyter-2025.9.1-linux-x64/dist/extension.node.js:302:4958) {
  ename: 'NameError',
  evalue: "name 'paths' is not defined",
  traceback: [
    '\x1B[31m---------------------------------------------------------------------------\x1B[39m',
    '\x1B[31mNameError\x1B[39m                                 Traceback (most recent call last)',
    '\x1B[36mCell\x1B[39m\x1B[36m \x1B[39m\x1B[32mIn[1]\x1B[39m\x1B[32m, line 33\x1B[39m\n' +
      '\x1B[32m     28\x1B[39m \x1B[38;5;28;01mif\x1B[39;00m derived_proba_config.get(\x1B[33m"\x1B[39m\x1B[33menabled\x1B[39m\x1B[33m"\x1B[39m, \x1B[38;5;28;01mFalse\x1B[39;00m):\n' +
      '\x1B[32m     29\x1B[39m     \x1B[38;5;28mprint\x1B[39m(\x1B[33m"\x1B[39m\x1B[38;5;130;01m\\n\x1B[39;00m\x1B[33m2b. Adding Derived Probability Features\x1B[39m\x1B[33m"\x1B[39m)\n' +
      '\x1B[32m     30\x1B[39m     features, newly_added_proba_features = generate_and_add_derived_probability_features(\n' +
      '\x1B[32m     31\x1B[39m         features.copy(),\n' +
      '\x1B[32m     32\x1B[39m         derived_proba_config,\n' +
      '\x1B[32m---> \x1B[39m\x1B[32m33\x1B[39m         \x1B[43mpaths\x1B[49m\n' +
      '\x1B[32m     34\x1B[39m     )\n' +
      '\x1B[32m     35\x1B[39m     \x1B[38;5;28;01mif\x1B[39;00m newly_added_proba_features:\n' +
      '\x1B[32m     36\x1B[39m         \x1B[38;5;28mprint\x1B[39m(\x1B[33mf\x1B[39m\x1B[33m"\x1B[39m\x1B[33m  Successfully added derived probability features: \x1B[39m\x1B[38;5;132;01m{\x1B[39;00mnewly_added_proba_features\x1B[38;5;132;01m}\x1B[39;00m\x1B[33m"\x1B[39m)\n',
    "\x1B[31mNameError\x1B[39m: name 'paths' is not defined"
  ]
}
21:17:46.907 [warn] Cell completed with errors Iu [Error]: name 'current_output_root_path' is not defined
    at n.execute (~/.vscode/extensions/ms-toolsai.jupyter-2025.9.1-linux-x64/dist/extension.node.js:302:4958) {
  ename: 'NameError',
  evalue: "name 'current_output_root_path' is not defined",
  traceback: [
    '\x1B[31m---------------------------------------------------------------------------\x1B[39m',
    '\x1B[31mNameError\x1B[39m                                 Traceback (most recent call last)',
    '\x1B[36mCell\x1B[39m\x1B[36m \x1B[39m\x1B[32mIn[2]\x1B[39m\x1B[32m, line 4\x1B[39m\n' +
      '\x1B[32m      1\x1B[39m \x1B[38;5;28;01mfrom\x1B[39;00m\x1B[38;5;250m \x1B[39m\x1B[34;01mpathlib\x1B[39;00m\x1B[38;5;250m \x1B[39m\x1B[38;5;28;01mimport\x1B[39;00m Path\n' +
      '\x1B[32m      3\x1B[39m paths = {\n' +
      '\x1B[32m----> \x1B[39m\x1B[32m4\x1B[39m     \x1B[33m"\x1B[39m\x1B[33mroot\x1B[39m\x1B[33m"\x1B[39m: \x1B[43mcurrent_output_root_path\x1B[49m,\n' +
      '\x1B[32m      5\x1B[39m     \x1B[33m"\x1B[39m\x1B[33mfeature_selection\x1B[39m\x1B[33m"\x1B[39m: current_output_root_path / CONFIG[\x1B[33m"\x1B[39m\x1B[33moutput\x1B[39m\x1B[33m"\x1B[39m][\x1B[33m"\x1B[39m\x1B[33msubdirectories\x1B[39m\x1B[33m"\x1B[39m][\x1B[33m"\x1B[39m\x1B[33mfeatures\x1B[39m\x1B[33m"\x1B[39m],\n' +
      '\x1B[32m      6\x1B[39m     \x1B[33m"\x1B[39m\x1B[33mtrained_models\x1B[39m\x1B[33m"\x1B[39m: current_output_root_path / CONFIG[\x1B[33m"\x1B[39m\x1B[33moutput\x1B[39m\x1B[33m"\x1B[39m][\x1B[33m"\x1B[39m\x1B[33msubdirectories\x1B[39m\x1B[33m"\x1B[39m][\x1B[33m"\x1B[39m\x1B[33mmodels\x1B[39m\x1B[33m"\x1B[39m],\n' +
      '\x1B[32m      7\x1B[39m     \x1B[33m"\x1B[39m\x1B[33mhpt_studies\x1B[39m\x1B[33m"\x1B[39m: current_output_root_path / CONFIG[\x1B[33m"\x1B[39m\x1B[33moutput\x1B[39m\x1B[33m"\x1B[39m][\x1B[33m"\x1B[39m\x1B[33msubdirectories\x1B[39m\x1B[33m"\x1B[39m][\x1B[33m"\x1B[39m\x1B[33mhpt\x1B[39m\x1B[33m"\x1B[39m],\n' +
      '\x1B[32m      8\x1B[39m     \x1B[33m"\x1B[39m\x1B[33mfeature_cache\x1B[39m\x1B[33m"\x1B[39m: current_output_root_path / CONFIG[\x1B[33m"\x1B[39m\x1B[33moutput\x1B[39m\x1B[33m"\x1B[39m][\x1B[33m"\x1B[39m\x1B[33msubdirectories\x1B[39m\x1B[33m"\x1B[39m][\x1B[33m"\x1B[39m\x1B[33mcache\x1B[39m\x1B[33m"\x1B[39m]\n' +
      '\x1B[32m      9\x1B[39m }\n' +
      '\x1B[32m     12\x1B[39m \x1B[38;5;66;03m# --- 2b. Adding Derived Probability Features (from pre-trained models) ---\x1B[39;00m\n' +
      '\x1B[32m     13\x1B[39m derived_proba_config = CONFIG[\x1B[33m"\x1B[39m\x1B[33mfeatures\x1B[39m\x1B[33m"\x1B[39m].get(\x1B[33m"\x1B[39m\x1B[33mderived_probability_features\x1B[39m\x1B[33m"\x1B[39m, {})\n',
    "\x1B[31mNameError\x1B[39m: name 'current_output_root_path' is not defined"
  ]
}
21:20:05.195 [warn] Cell completed with errors Iu [Error]: "['next_24h_vol'] not in index"
    at n.execute (~/.vscode/extensions/ms-toolsai.jupyter-2025.9.1-linux-x64/dist/extension.node.js:302:4958) {
  ename: 'KeyError',
  evalue: `"['next_24h_vol'] not in index"`,
  traceback: [
    '\x1B[31m---------------------------------------------------------------------------\x1B[39m',
    '\x1B[31mKeyError\x1B[39m                                  Traceback (most recent call last)',
    '\x1B[36mCell\x1B[39m\x1B[36m \x1B[39m\x1B[32mIn[5]\x1B[39m\x1B[32m, line 4\x1B[39m\n' +
      "\x1B[32m      1\x1B[39m cols = [\x1B[33m'\x1B[39m\x1B[33mmodel_next_24h_vol_p-100\x1B[39m\x1B[33m'\x1B[39m,\x1B[33m'\x1B[39m\x1B[33mnext_24h_vol\x1B[39m\x1B[33m'\x1B[39m]\n" +
      '\x1B[32m----> \x1B[39m\x1B[32m4\x1B[39m new = \x1B[43mfeatures\x1B[49m\x1B[43m[\x1B[49m\x1B[43mcols\x1B[49m\x1B[43m]\x1B[49m.copy()\n' +
      "\x1B[32m      6\x1B[39m new[[\x1B[33m'\x1B[39m\x1B[33mmodel_next_24h_vol_p-100\x1B[39m\x1B[33m'\x1B[39m, \x1B[33m'\x1B[39m\x1B[33mnext_24h_vol\x1B[39m\x1B[33m'\x1B[39m]][-\x1B[32m100\x1B[39m:].plot() \n",
    '\x1B[36mFile \x1B[39m\x1B[32m~/shared/<username>Sync/py<username>/MLDev/.venv/lib/python3.13/site-packages/pandas/core/frame.py:4119\x1B[39m, in \x1B[36mDataFrame.__getitem__\x1B[39m\x1B[34m(self, key)\x1B[39m\n' +
      '\x1B[32m   4117\x1B[39m     \x1B[38;5;28;01mif\x1B[39;00m is_iterator(key):\n' +
      '\x1B[32m   4118\x1B[39m         key = \x1B[38;5;28mlist\x1B[39m(key)\n' +
      '\x1B[32m-> \x1B[39m\x1B[32m4119\x1B[39m     indexer = \x1B[38;5;28;43mself\x1B[39;49m\x1B[43m.\x1B[49m\x1B[43mcolumns\x1B[49m\x1B[43m.\x1B[49m\x1B[43m_get_indexer_strict\x1B[49m\x1B[43m(\x1B[49m\x1B[43mkey\x1B[49m\x1B[43m,\x1B[49m\x1B[43m \x1B[49m\x1B[33;43m"\x1B[39;49m\x1B[33;43mcolumns\x1B[39;49m\x1B[33;43m"\x1B[39;49m\x1B[43m)\x1B[49m[\x1B[32m1\x1B[39m]\n' +
      '\x1B[32m   4121\x1B[39m \x1B[38;5;66;03m# take() does not accept boolean indexers\x1B[39;00m\n' +
      '\x1B[32m   4122\x1B[39m \x1B[38;5;28;01mif\x1B[39;00m \x1B[38;5;28mgetattr\x1B[39m(indexer, \x1B[33m"\x1B[39m\x1B[33mdtype\x1B[39m\x1B[33m"\x1B[39m, \x1B[38;5;28;01mNone\x1B[39;00m) == \x1B[38;5;28mbool\x1B[39m:\n',
    '\x1B[36mFile \x1B[39m\x1B[32m~/shared/<username>Sync/py<username>/MLDev/.venv/lib/python3.13/site-packages/pandas/core/indexes/base.py:6212\x1B[39m, in \x1B[36mIndex._get_indexer_strict\x1B[39m\x1B[34m(self, key, axis_name)\x1B[39m\n' +
      '\x1B[32m   6209\x1B[39m \x1B[38;5;28;01melse\x1B[39;00m:\n' +
      '\x1B[32m   6210\x1B[39m     keyarr, indexer, new_indexer = \x1B[38;5;28mself\x1B[39m._reindex_non_unique(keyarr)\n' +
      '\x1B[32m-> \x1B[39m\x1B[32m6212\x1B[39m \x1B[38;5;28;43mself\x1B[39;49m\x1B[43m.\x1B[49m\x1B[43m_raise_if_missing\x1B[49m\x1B[43m(\x1B[49m\x1B[43mkeyarr\x1B[49m\x1B[43m,\x1B[49m\x1B[43m \x1B[49m\x1B[43mindexer\x1B[49m\x1B[43m,\x1B[49m\x1B[43m \x1B[49m\x1B[43maxis_name\x1B[49m\x1B[43m)\x1B[49m\n' +
      '\x1B[32m   6214\x1B[39m keyarr = \x1B[38;5;28mself\x1B[39m.take(indexer)\n' +
      '\x1B[32m   6215\x1B[39m \x1B[38;5;28;01mif\x1B[39;00m \x1B[38;5;28misinstance\x1B[39m(key, Index):\n' +
      '\x1B[32m   6216\x1B[39m     \x1B[38;5;66;03m# GH 42790 - Preserve name from an Index\x1B[39;00m\n',
    '\x1B[36mFile \x1B[39m\x1B[32m~/shared/<username>Sync/py<username>/MLDev/.venv/lib/python3.13/site-packages/pandas/core/indexes/base.py:6264\x1B[39m, in \x1B[36mIndex._raise_if_missing\x1B[39m\x1B[34m(self, key, indexer, axis_name)\x1B[39m\n' +
      '\x1B[32m   6261\x1B[39m     \x1B[38;5;28;01mraise\x1B[39;00m \x1B[38;5;167;01mKeyError\x1B[39;00m(\x1B[33mf\x1B[39m\x1B[33m"\x1B[39m\x1B[33mNone of [\x1B[39m\x1B[38;5;132;01m{\x1B[39;00mkey\x1B[38;5;132;01m}\x1B[39;00m\x1B[33m] are in the [\x1B[39m\x1B[38;5;132;01m{\x1B[39;00maxis_name\x1B[38;5;132;01m}\x1B[39;00m\x1B[33m]\x1B[39m\x1B[33m"\x1B[39m)\n' +
      '\x1B[32m   6263\x1B[39m not_found = \x1B[38;5;28mlist\x1B[39m(ensure_index(key)[missing_mask.nonzero()[\x1B[32m0\x1B[39m]].unique())\n' +
      '\x1B[32m-> \x1B[39m\x1B[32m6264\x1B[39m \x1B[38;5;28;01mraise\x1B[39;00m \x1B[38;5;167;01mKeyError\x1B[39;00m(\x1B[33mf\x1B[39m\x1B[33m"\x1B[39m\x1B[38;5;132;01m{\x1B[39;00mnot_found\x1B[38;5;132;01m}\x1B[39;00m\x1B[33m not in index\x1B[39m\x1B[33m"\x1B[39m)\n',
    `\x1B[31mKeyError\x1B[39m: "['next_24h_vol'] not in index"`
  ]
}
21:20:29.612 [warn] Cell completed with errors Iu [Error]: "['next_24h_vol'] not in index"
    at n.execute (~/.vscode/extensions/ms-toolsai.jupyter-2025.9.1-linux-x64/dist/extension.node.js:302:4958) {
  ename: 'KeyError',
  evalue: `"['next_24h_vol'] not in index"`,
  traceback: [
    '\x1B[31m---------------------------------------------------------------------------\x1B[39m',
    '\x1B[31mKeyError\x1B[39m                                  Traceback (most recent call last)',
    '\x1B[36mCell\x1B[39m\x1B[36m \x1B[39m\x1B[32mIn[6]\x1B[39m\x1B[32m, line 4\x1B[39m\n' +
      "\x1B[32m      1\x1B[39m cols = [\x1B[33m'\x1B[39m\x1B[33mmodel_next_24h_vol_p-100\x1B[39m\x1B[33m'\x1B[39m,\x1B[33m'\x1B[39m\x1B[33mnext_24h_vol\x1B[39m\x1B[33m'\x1B[39m]\n" +
      '\x1B[32m----> \x1B[39m\x1B[32m4\x1B[39m new = \x1B[43mfeatures\x1B[49m\x1B[43m[\x1B[49m\x1B[43mcols\x1B[49m\x1B[43m]\x1B[49m.copy()\n' +
      '\x1B[32m      6\x1B[39m new[-\x1B[32m100\x1B[39m:].plot() \n',
    '\x1B[36mFile \x1B[39m\x1B[32m~/shared/<username>Sync/py<username>/MLDev/.venv/lib/python3.13/site-packages/pandas/core/frame.py:4119\x1B[39m, in \x1B[36mDataFrame.__getitem__\x1B[39m\x1B[34m(self, key)\x1B[39m\n' +
      '\x1B[32m   4117\x1B[39m     \x1B[38;5;28;01mif\x1B[39;00m is_iterator(key):\n' +
      '\x1B[32m   4118\x1B[39m         key = \x1B[38;5;28mlist\x1B[39m(key)\n' +
      '\x1B[32m-> \x1B[39m\x1B[32m4119\x1B[39m     indexer = \x1B[38;5;28;43mself\x1B[39;49m\x1B[43m.\x1B[49m\x1B[43mcolumns\x1B[49m\x1B[43m.\x1B[49m\x1B[43m_get_indexer_strict\x1B[49m\x1B[43m(\x1B[49m\x1B[43mkey\x1B[49m\x1B[43m,\x1B[49m\x1B[43m \x1B[49m\x1B[33;43m"\x1B[39;49m\x1B[33;43mcolumns\x1B[39;49m\x1B[33;43m"\x1B[39;49m\x1B[43m)\x1B[49m[\x1B[32m1\x1B[39m]\n' +
      '\x1B[32m   4121\x1B[39m \x1B[38;5;66;03m# take() does not accept boolean indexers\x1B[39;00m\n' +
      '\x1B[32m   4122\x1B[39m \x1B[38;5;28;01mif\x1B[39;00m \x1B[38;5;28mgetattr\x1B[39m(indexer, \x1B[33m"\x1B[39m\x1B[33mdtype\x1B[39m\x1B[33m"\x1B[39m, \x1B[38;5;28;01mNone\x1B[39;00m) == \x1B[38;5;28mbool\x1B[39m:\n',
    '\x1B[36mFile \x1B[39m\x1B[32m~/shared/<username>Sync/py<username>/MLDev/.venv/lib/python3.13/site-packages/pandas/core/indexes/base.py:6212\x1B[39m, in \x1B[36mIndex._get_indexer_strict\x1B[39m\x1B[34m(self, key, axis_name)\x1B[39m\n' +
      '\x1B[32m   6209\x1B[39m \x1B[38;5;28;01melse\x1B[39;00m:\n' +
      '\x1B[32m   6210\x1B[39m     keyarr, indexer, new_indexer = \x1B[38;5;28mself\x1B[39m._reindex_non_unique(keyarr)\n' +
      '\x1B[32m-> \x1B[39m\x1B[32m6212\x1B[39m \x1B[38;5;28;43mself\x1B[39;49m\x1B[43m.\x1B[49m\x1B[43m_raise_if_missing\x1B[49m\x1B[43m(\x1B[49m\x1B[43mkeyarr\x1B[49m\x1B[43m,\x1B[49m\x1B[43m \x1B[49m\x1B[43mindexer\x1B[49m\x1B[43m,\x1B[49m\x1B[43m \x1B[49m\x1B[43maxis_name\x1B[49m\x1B[43m)\x1B[49m\n' +
      '\x1B[32m   6214\x1B[39m keyarr = \x1B[38;5;28mself\x1B[39m.take(indexer)\n' +
      '\x1B[32m   6215\x1B[39m \x1B[38;5;28;01mif\x1B[39;00m \x1B[38;5;28misinstance\x1B[39m(key, Index):\n' +
      '\x1B[32m   6216\x1B[39m     \x1B[38;5;66;03m# GH 42790 - Preserve name from an Index\x1B[39;00m\n',
    '\x1B[36mFile \x1B[39m\x1B[32m~/shared/<username>Sync/py<username>/MLDev/.venv/lib/python3.13/site-packages/pandas/core/indexes/base.py:6264\x1B[39m, in \x1B[36mIndex._raise_if_missing\x1B[39m\x1B[34m(self, key, indexer, axis_name)\x1B[39m\n' +
      '\x1B[32m   6261\x1B[39m     \x1B[38;5;28;01mraise\x1B[39;00m \x1B[38;5;167;01mKeyError\x1B[39;00m(\x1B[33mf\x1B[39m\x1B[33m"\x1B[39m\x1B[33mNone of [\x1B[39m\x1B[38;5;132;01m{\x1B[39;00mkey\x1B[38;5;132;01m}\x1B[39;00m\x1B[33m] are in the [\x1B[39m\x1B[38;5;132;01m{\x1B[39;00maxis_name\x1B[38;5;132;01m}\x1B[39;00m\x1B[33m]\x1B[39m\x1B[33m"\x1B[39m)\n' +
      '\x1B[32m   6263\x1B[39m not_found = \x1B[38;5;28mlist\x1B[39m(ensure_index(key)[missing_mask.nonzero()[\x1B[32m0\x1B[39m]].unique())\n' +
      '\x1B[32m-> \x1B[39m\x1B[32m6264\x1B[39m \x1B[38;5;28;01mraise\x1B[39;00m \x1B[38;5;167;01mKeyError\x1B[39;00m(\x1B[33mf\x1B[39m\x1B[33m"\x1B[39m\x1B[38;5;132;01m{\x1B[39;00mnot_found\x1B[38;5;132;01m}\x1B[39;00m\x1B[33m not in index\x1B[39m\x1B[33m"\x1B[39m)\n',
    `\x1B[31mKeyError\x1B[39m: "['next_24h_vol'] not in index"`
  ]
}
21:23:51.062 [warn] Cell completed with errors Iu [Error]: '(' was never closed (601669315.py, line 6)
    at n.execute (~/.vscode/extensions/ms-toolsai.jupyter-2025.9.1-linux-x64/dist/extension.node.js:302:4958) {
  ename: 'SyntaxError',
  evalue: "'(' was never closed (601669315.py, line 6)",
  traceback: [
    '  \x1B[36mCell\x1B[39m\x1B[36m \x1B[39m\x1B[32mIn[14]\x1B[39m\x1B[32m, line 6\x1B[39m\n' +
      "\x1B[31m    \x1B[39m\x1B[31mnew['future_vol'] = new['vol_raw_24h'].shift(-24\x1B[39m\n" +
      '                                                ^\n' +
      "\x1B[31mSyntaxError\x1B[39m\x1B[31m:\x1B[39m '(' was never closed\n"
  ]
}
21:24:35.846 [warn] Cell completed with errors Iu [Error]: "['vol_raw_48h'] not in index"
    at n.execute (~/.vscode/extensions/ms-toolsai.jupyter-2025.9.1-linux-x64/dist/extension.node.js:302:4958) {
  ename: 'KeyError',
  evalue: `"['vol_raw_48h'] not in index"`,
  traceback: [
    '\x1B[31m---------------------------------------------------------------------------\x1B[39m',
    '\x1B[31mKeyError\x1B[39m                                  Traceback (most recent call last)',
    '\x1B[36mCell\x1B[39m\x1B[36m \x1B[39m\x1B[32mIn[18]\x1B[39m\x1B[32m, line 5\x1B[39m\n' +
      "\x1B[32m      1\x1B[39m cols = [\x1B[33m'\x1B[39m\x1B[33mvol_raw_48h\x1B[39m\x1B[33m'\x1B[39m,\x1B[33m'\x1B[39m\x1B[33mmodel_next_24h_vol_p-100\x1B[39m\x1B[33m'\x1B[39m]\n" +
      "\x1B[32m      2\x1B[39m _cols = [\x1B[33m'\x1B[39m\x1B[33mfuture_vol\x1B[39m\x1B[33m'\x1B[39m,\x1B[33m'\x1B[39m\x1B[33mmodel_next_24h_vol_p-100\x1B[39m\x1B[33m'\x1B[39m]\n" +
      '\x1B[32m----> \x1B[39m\x1B[32m5\x1B[39m new = \x1B[43mfeatures\x1B[49m\x1B[43m[\x1B[49m\x1B[43mcols\x1B[49m\x1B[43m]\x1B[49m.copy()\n' +
      "\x1B[32m      6\x1B[39m new[\x1B[33m'\x1B[39m\x1B[33mfuture_vol\x1B[39m\x1B[33m'\x1B[39m] = new[\x1B[33m'\x1B[39m\x1B[33mvol_raw_48h\x1B[39m\x1B[33m'\x1B[39m].shift(\x1B[32m0\x1B[39m)\n" +
      '\x1B[32m      7\x1B[39m new[_cols][-\x1B[32m500\x1B[39m:-\x1B[32m100\x1B[39m].plot()\n',
    '\x1B[36mFile \x1B[39m\x1B[32m~/shared/<username>Sync/py<username>/MLDev/.venv/lib/python3.13/site-packages/pandas/core/frame.py:4119\x1B[39m, in \x1B[36mDataFrame.__getitem__\x1B[39m\x1B[34m(self, key)\x1B[39m\n' +
      '\x1B[32m   4117\x1B[39m     \x1B[38;5;28;01mif\x1B[39;00m is_iterator(key):\n' +
      '\x1B[32m   4118\x1B[39m         key = \x1B[38;5;28mlist\x1B[39m(key)\n' +
      '\x1B[32m-> \x1B[39m\x1B[32m4119\x1B[39m     indexer = \x1B[38;5;28;43mself\x1B[39;49m\x1B[43m.\x1B[49m\x1B[43mcolumns\x1B[49m\x1B[43m.\x1B[49m\x1B[43m_get_indexer_strict\x1B[49m\x1B[43m(\x1B[49m\x1B[43mkey\x1B[49m\x1B[43m,\x1B[49m\x1B[43m \x1B[49m\x1B[33;43m"\x1B[39;49m\x1B[33;43mcolumns\x1B[39;49m\x1B[33;43m"\x1B[39;49m\x1B[43m)\x1B[49m[\x1B[32m1\x1B[39m]\n' +
      '\x1B[32m   4121\x1B[39m \x1B[38;5;66;03m# take() does not accept boolean indexers\x1B[39;00m\n' +
      '\x1B[32m   4122\x1B[39m \x1B[38;5;28;01mif\x1B[39;00m \x1B[38;5;28mgetattr\x1B[39m(indexer, \x1B[33m"\x1B[39m\x1B[33mdtype\x1B[39m\x1B[33m"\x1B[39m, \x1B[38;5;28;01mNone\x1B[39;00m) == \x1B[38;5;28mbool\x1B[39m:\n',
    '\x1B[36mFile \x1B[39m\x1B[32m~/shared/<username>Sync/py<username>/MLDev/.venv/lib/python3.13/site-packages/pandas/core/indexes/base.py:6212\x1B[39m, in \x1B[36mIndex._get_indexer_strict\x1B[39m\x1B[34m(self, key, axis_name)\x1B[39m\n' +
      '\x1B[32m   6209\x1B[39m \x1B[38;5;28;01melse\x1B[39;00m:\n' +
      '\x1B[32m   6210\x1B[39m     keyarr, indexer, new_indexer = \x1B[38;5;28mself\x1B[39m._reindex_non_unique(keyarr)\n' +
      '\x1B[32m-> \x1B[39m\x1B[32m6212\x1B[39m \x1B[38;5;28;43mself\x1B[39;49m\x1B[43m.\x1B[49m\x1B[43m_raise_if_missing\x1B[49m\x1B[43m(\x1B[49m\x1B[43mkeyarr\x1B[49m\x1B[43m,\x1B[49m\x1B[43m \x1B[49m\x1B[43mindexer\x1B[49m\x1B[43m,\x1B[49m\x1B[43m \x1B[49m\x1B[43maxis_name\x1B[49m\x1B[43m)\x1B[49m\n' +
      '\x1B[32m   6214\x1B[39m keyarr = \x1B[38;5;28mself\x1B[39m.take(indexer)\n' +
      '\x1B[32m   6215\x1B[39m \x1B[38;5;28;01mif\x1B[39;00m \x1B[38;5;28misinstance\x1B[39m(key, Index):\n' +
      '\x1B[32m   6216\x1B[39m     \x1B[38;5;66;03m# GH 42790 - Preserve name from an Index\x1B[39;00m\n',
    '\x1B[36mFile \x1B[39m\x1B[32m~/shared/<username>Sync/py<username>/MLDev/.venv/lib/python3.13/site-packages/pandas/core/indexes/base.py:6264\x1B[39m, in \x1B[36mIndex._raise_if_missing\x1B[39m\x1B[34m(self, key, indexer, axis_name)\x1B[39m\n' +
      '\x1B[32m   6261\x1B[39m     \x1B[38;5;28;01mraise\x1B[39;00m \x1B[38;5;167;01mKeyError\x1B[39;00m(\x1B[33mf\x1B[39m\x1B[33m"\x1B[39m\x1B[33mNone of [\x1B[39m\x1B[38;5;132;01m{\x1B[39;00mkey\x1B[38;5;132;01m}\x1B[39;00m\x1B[33m] are in the [\x1B[39m\x1B[38;5;132;01m{\x1B[39;00maxis_name\x1B[38;5;132;01m}\x1B[39;00m\x1B[33m]\x1B[39m\x1B[33m"\x1B[39m)\n' +
      '\x1B[32m   6263\x1B[39m not_found = \x1B[38;5;28mlist\x1B[39m(ensure_index(key)[missing_mask.nonzero()[\x1B[32m0\x1B[39m]].unique())\n' +
      '\x1B[32m-> \x1B[39m\x1B[32m6264\x1B[39m \x1B[38;5;28;01mraise\x1B[39;00m \x1B[38;5;167;01mKeyError\x1B[39;00m(\x1B[33mf\x1B[39m\x1B[33m"\x1B[39m\x1B[38;5;132;01m{\x1B[39;00mnot_found\x1B[38;5;132;01m}\x1B[39;00m\x1B[33m not in index\x1B[39m\x1B[33m"\x1B[39m)\n',
    `\x1B[31mKeyError\x1B[39m: "['vol_raw_48h'] not in index"`
  ]
}
12:23:34.947 [info] Disposing kernel .jvsc74a57bd074f4e13093314c5e4554b6a5ab35895c2a2e2ec17957e40ea13ffa078abeacc0./shared/<username>Sync/py<username>/MLDev/.venv/python./shared/<username>Sync/py<username>/MLDev/.venv/python.-m#ipykernel_launcher for notebook Untitled-1.ipynb due to selection of another kernel or closing of the notebook
12:23:34.947 [info] Dispose Kernel 'Untitled-1.ipynb' associated with 'Untitled-1.ipynb'
12:23:34.963 [info] Disposing request as the cell (0) was deleted Untitled-1.ipynb
12:23:34.964 [info] Disposing request as the cell (0) was deleted Untitled-1.ipynb
12:23:34.964 [info] Disposing request as the cell (0) was deleted Untitled-1.ipynb
12:23:34.964 [info] Disposing request as the cell (0) was deleted Untitled-1.ipynb
12:23:34.964 [info] Disposing request as the cell (0) was deleted Untitled-1.ipynb
12:23:34.965 [info] Disposing request as the cell (1) was deleted Untitled-1.ipynb
12:23:34.965 [info] Disposing request as the cell (1) was deleted Untitled-1.ipynb
12:23:34.965 [info] Disposing request as the cell (1) was deleted Untitled-1.ipynb
12:23:34.965 [info] Disposing request as the cell (1) was deleted Untitled-1.ipynb
12:23:34.965 [info] Disposing request as the cell (1) was deleted Untitled-1.ipynb
12:23:34.965 [info] Disposing request as the cell (1) was deleted Untitled-1.ipynb
12:23:34.965 [info] Disposing request as the cell (1) was deleted Untitled-1.ipynb
12:23:34.965 [info] Disposing request as the cell (3) was deleted Untitled-1.ipynb
12:23:34.965 [info] Disposing request as the cell (3) was deleted Untitled-1.ipynb
12:23:34.965 [info] Disposing request as the cell (3) was deleted Untitled-1.ipynb
12:23:34.965 [info] Disposing request as the cell (3) was deleted Untitled-1.ipynb
12:23:34.965 [info] Disposing request as the cell (3) was deleted Untitled-1.ipynb
12:23:34.965 [info] Disposing request as the cell (3) was deleted Untitled-1.ipynb
12:23:34.965 [info] Disposing request as the cell (3) was deleted Untitled-1.ipynb
12:23:34.968 [info] Disposing kernel .jvsc74a57bd074f4e13093314c5e4554b6a5ab35895c2a2e2ec17957e40ea13ffa078abeacc0./shared/<username>Sync/py<username>/MLDev/.venv/python./shared/<username>Sync/py<username>/MLDev/.venv/python.-m#ipykernel_launcher for notebook Untitled-2.ipynb due to selection of another kernel or closing of the notebook
12:23:34.968 [info] Dispose Kernel 'Untitled-2.ipynb' associated with 'Untitled-2.ipynb'
12:23:34.991 [info] Disposing request as the cell (2) was deleted Untitled-1.ipynb
12:23:34.991 [info] Disposing request as the cell (2) was deleted Untitled-1.ipynb
12:23:35.346 [info] Dispose Kernel '~/shared/<username>Sync/py<username>/MLDev/market_analysis.ipynb' associated with '~/shared/<username>Sync/py<username>/MLDev/market_analysis.ipynb'
12:23:35.360 [info] Dispose Kernel 'Untitled-1.ipynb' associated with 'Untitled-1.ipynb'
12:23:35.360 [info] Dispose Kernel 'Untitled-1.ipynb' associated with 'Untitled-1.ipynb'
12:23:35.360 [info] Dispose Kernel '~/shared/<username>Sync/py<username>/MLDev/ML_to_beat_BS.ipynb' associated with '~/shared/<username>Sync/py<username>/MLDev/ML_to_beat_BS.ipynb'
12:23:35.360 [info] Dispose Kernel '~/shared/<username>Sync/py<username>/MLDev/market_analysis_volatility.ipynb' associated with '~/shared/<username>Sync/py<username>/MLDev/market_analysis_volatility.ipynb'
12:23:35.360 [info] Dispose Kernel '~/shared/<username>Sync/py<username>/MLDev/market_analysis_volatility.ipynb' associated with '~/shared/<username>Sync/py<username>/MLDev/market_analysis_volatility.ipynb'
12:23:35.360 [info] Dispose Kernel 'Untitled-2.ipynb' associated with 'Untitled-2.ipynb'
12:23:35.360 [info] Dispose Kernel '~/shared/<username>Sync/py<username>/MLDev/market_analysis_volatility.ipynb' associated with '~/shared/<username>Sync/py<username>/MLDev/market_analysis_volatility.ipynb'
