2025-11-24 15:57:30.946 [info] [main] Log level: Info
2025-11-24 15:57:30.946 [info] [main] Validating found git in: "git"
2025-11-24 15:57:30.946 [info] [main] Using git "2.51.0" from "git"
2025-11-24 15:57:30.946 [info] [Model][doInitialScan] Initial repository scan started
2025-11-24 15:57:30.946 [info] > git rev-parse --show-toplevel [15ms]
2025-11-24 15:57:30.946 [info] > git rev-parse --path-format=relative --show-toplevel [9ms]
2025-11-24 15:57:30.946 [info] > git rev-parse --git-dir --git-common-dir --show-superproject-working-tree [3ms]
2025-11-24 15:57:30.946 [info] [Model][openRepository] Opened repository (path): /home/east/shared/eastSync/pyEast/ML/research/MLDev
2025-11-24 15:57:30.946 [info] [Model][openRepository] Opened repository (real path): /shared/eastSync/pyEast/ML/research/MLDev
2025-11-24 15:57:30.946 [info] [Model][openRepository] Opened repository (kind): repository
2025-11-24 15:57:30.946 [info] > git config --get commit.template [10ms]
2025-11-24 15:57:30.947 [info] > git for-each-ref --format=%(refname)%00%(upstream:short)%00%(objectname)%00%(upstream:track)%00%(upstream:remotename)%00%(upstream:remoteref) refs/heads/main refs/remotes/main [2ms]
2025-11-24 15:57:30.999 [info] > git for-each-ref --sort -committerdate --format %(refname)%00%(objectname)%00%(*objectname) [37ms]
2025-11-24 15:57:31.074 [info] > git status -z -uall [120ms]
2025-11-24 15:57:31.074 [info] > git rev-parse --show-toplevel [106ms]
2025-11-24 15:57:31.363 [info] > git for-each-ref --format=%(refname)%00%(upstream:short)%00%(objectname)%00%(upstream:track)%00%(upstream:remotename)%00%(upstream:remoteref) refs/heads/main refs/remotes/main [250ms]
2025-11-24 15:57:31.372 [info] > git rev-parse --path-format=relative --show-toplevel [292ms]
2025-11-24 15:57:33.135 [info] > git config --get --local branch.main.vscode-merge-base [1764ms]
2025-11-24 15:57:33.136 [warning] [Git][config] git config failed: Failed to execute git
2025-11-24 15:57:33.143 [info] > git config --get commit.template [1782ms]
2025-11-24 15:57:33.208 [info] > git check-ignore -v -z --stdin [56ms]
2025-11-24 15:57:33.209 [info] > git reflog main --grep-reflog=branch: Created from *. [66ms]
2025-11-24 15:57:33.215 [info] > git rev-parse --show-toplevel [81ms]
2025-11-24 15:57:33.262 [info] > git rev-parse --path-format=relative --show-toplevel [39ms]
2025-11-24 15:57:33.262 [info] > git symbolic-ref --short refs/remotes/origin/HEAD [47ms]
2025-11-24 15:57:33.262 [info] fatal: ref refs/remotes/origin/HEAD is not a symbolic ref
2025-11-24 15:57:33.262 [warning] [Repository][getDefaultBranch] Failed to get default branch details: Failed to execute git.
2025-11-24 15:57:33.288 [info] > git merge-base refs/heads/main refs/remotes/origin/main [18ms]
2025-11-24 15:57:33.295 [info] > git for-each-ref --format=%(refname)%00%(upstream:short)%00%(objectname)%00%(upstream:track)%00%(upstream:remotename)%00%(upstream:remoteref) refs/heads/main refs/remotes/main [58ms]
2025-11-24 15:57:33.430 [info] > git diff --name-status -z --diff-filter=ADMR --find-renames=50% bc3275f8d6bd9be6bcd06098349cb0d69ea91ff9...refs/remotes/origin/main -- [135ms]
2025-11-24 15:57:33.431 [info] > git rev-parse --show-toplevel [144ms]
2025-11-24 15:57:33.499 [info] > git rev-parse --path-format=relative --show-toplevel [61ms]
2025-11-24 15:57:33.812 [info] > git rev-parse --show-toplevel [49ms]
2025-11-24 15:57:33.842 [info] > git rev-parse --path-format=relative --show-toplevel [22ms]
2025-11-24 15:57:33.842 [info] > git for-each-ref --sort -committerdate --format %(refname)%00%(objectname)%00%(*objectname) [36ms]
2025-11-24 15:57:33.863 [info] > git status -z -uall [65ms]
2025-11-24 15:57:33.881 [info] > git rev-parse --show-toplevel [19ms]
2025-11-24 15:57:33.892 [info] > git rev-parse --path-format=relative --show-toplevel [3ms]
2025-11-24 15:57:33.904 [info] > git rev-parse --show-toplevel [1ms]
2025-11-24 15:57:33.913 [info] > git rev-parse --path-format=relative --show-toplevel [2ms]
2025-11-24 15:57:34.255 [info] > git rev-parse --show-toplevel [333ms]
2025-11-24 15:57:34.284 [info] > git rev-parse --path-format=relative --show-toplevel [21ms]
2025-11-24 15:57:34.415 [info] > git rev-parse --show-toplevel [92ms]
2025-11-24 15:57:34.431 [info] > git rev-parse --path-format=relative --show-toplevel [8ms]
2025-11-24 15:57:34.441 [info] > git rev-parse --show-toplevel [1ms]
2025-11-24 15:57:34.500 [info] > git rev-parse --path-format=relative --show-toplevel [51ms]
2025-11-24 15:57:34.516 [info] > git rev-parse --show-toplevel [3ms]
2025-11-24 15:57:34.528 [info] > git rev-parse --path-format=relative --show-toplevel [3ms]
2025-11-24 15:57:34.545 [info] > git rev-parse --show-toplevel [8ms]
2025-11-24 15:57:34.560 [info] > git rev-parse --path-format=relative --show-toplevel [6ms]
2025-11-24 15:57:34.571 [info] > git rev-parse --show-toplevel [1ms]
2025-11-24 15:57:34.585 [info] > git rev-parse --path-format=relative --show-toplevel [6ms]
2025-11-24 15:57:34.626 [info] > git rev-parse --show-toplevel [5ms]
2025-11-24 15:57:34.636 [info] > git rev-parse --path-format=relative --show-toplevel [2ms]
2025-11-24 15:57:34.655 [info] > git rev-parse --show-toplevel [2ms]
2025-11-24 15:57:34.665 [info] > git rev-parse --path-format=relative --show-toplevel [2ms]
2025-11-24 15:57:34.675 [info] > git rev-parse --show-toplevel [1ms]
2025-11-24 15:57:34.684 [info] > git rev-parse --path-format=relative --show-toplevel [2ms]
2025-11-24 15:57:34.695 [info] > git rev-parse --show-toplevel [1ms]
2025-11-24 15:57:34.704 [info] > git rev-parse --path-format=relative --show-toplevel [2ms]
2025-11-24 15:57:34.715 [info] > git rev-parse --show-toplevel [2ms]
2025-11-24 15:57:34.725 [info] > git rev-parse --path-format=relative --show-toplevel [1ms]
2025-11-24 15:57:34.737 [info] > git rev-parse --show-toplevel [4ms]
2025-11-24 15:57:34.748 [info] > git rev-parse --path-format=relative --show-toplevel [2ms]
2025-11-24 15:57:34.762 [info] > git rev-parse --show-toplevel [6ms]
2025-11-24 15:57:34.771 [info] > git rev-parse --path-format=relative --show-toplevel [1ms]
2025-11-24 15:57:34.773 [info] [Model][doInitialScan] Initial repository scan completed - repositories (1), closed repositories (0), parent repositories (0), unsafe repositories (0)
2025-11-24 15:57:40.114 [info] > git check-ignore -v -z --stdin [4ms]
2025-11-24 15:58:10.418 [info] [main] Log level: Info
2025-11-24 15:58:10.418 [info] [main] Validating found git in: "git"
2025-11-24 15:58:10.418 [info] [main] Using git "2.51.0" from "git"
2025-11-24 15:58:10.418 [info] [Model][doInitialScan] Initial repository scan started
2025-11-24 15:58:10.418 [info] > git rev-parse --show-toplevel [90ms]
2025-11-24 15:58:10.418 [info] > git rev-parse --path-format=relative --show-toplevel [36ms]
2025-11-24 15:58:10.738 [info] > git rev-parse --git-dir --git-common-dir --show-superproject-working-tree [214ms]
2025-11-24 15:58:10.745 [info] [Model][openRepository] Opened repository (path): /home/east/shared/eastSync/pyEast/repos_playground/Time-Series-Library
2025-11-24 15:58:10.745 [info] [Model][openRepository] Opened repository (real path): /shared/eastSync/pyEast/repos_playground/Time-Series-Library
2025-11-24 15:58:10.745 [info] [Model][openRepository] Opened repository (kind): repository
2025-11-24 15:58:10.759 [info] > git config --get commit.template [4ms]
2025-11-24 15:58:10.795 [info] > git rev-parse --show-toplevel [12ms]
2025-11-24 15:58:10.806 [info] > git rev-parse --path-format=relative --show-toplevel [5ms]
2025-11-24 15:58:10.806 [info] > git for-each-ref --format=%(refname)%00%(upstream:short)%00%(objectname)%00%(upstream:track)%00%(upstream:remotename)%00%(upstream:remoteref) refs/heads/main refs/remotes/main [11ms]
2025-11-24 15:58:10.821 [warning] [Git][revParse] Unable to read file: ENOENT: no such file or directory, open '/home/east/shared/eastSync/pyEast/repos_playground/Time-Series-Library/.git/refs/remotes/origin/main'
2025-11-24 15:58:10.822 [info] > git rev-parse --show-toplevel [8ms]
2025-11-24 15:58:10.832 [info] > git rev-parse --path-format=relative --show-toplevel [3ms]
2025-11-24 15:58:10.832 [info] > git rev-parse refs/remotes/origin/main [11ms]
2025-11-24 15:58:10.859 [info] > git status -z -uall [19ms]
2025-11-24 15:58:10.859 [info] > git for-each-ref --sort -committerdate --format %(refname)%00%(objectname)%00%(*objectname) [11ms]
2025-11-24 15:58:10.977 [info] > git rev-parse --show-toplevel [120ms]
2025-11-24 15:58:11.086 [info] > git for-each-ref --format=%(refname)%00%(upstream:short)%00%(objectname)%00%(upstream:track)%00%(upstream:remotename)%00%(upstream:remoteref) refs/heads/main refs/remotes/main [86ms]
2025-11-24 15:58:11.094 [info] > git rev-parse --path-format=relative --show-toplevel [110ms]
2025-11-24 15:58:11.109 [info] > git config --get --local branch.main.vscode-merge-base [15ms]
2025-11-24 15:58:11.110 [warning] [Git][config] git config failed: Failed to execute git
2025-11-24 15:58:11.117 [info] > git config --get commit.template [33ms]
2025-11-24 15:58:11.209 [info] > git reflog main --grep-reflog=branch: Created from *. [92ms]
2025-11-24 15:58:11.217 [info] > git rev-parse --show-toplevel [111ms]
2025-11-24 15:58:11.233 [info] > git rev-parse --path-format=relative --show-toplevel [10ms]
2025-11-24 15:58:11.234 [info] > git symbolic-ref --short refs/remotes/origin/HEAD [18ms]
2025-11-24 15:58:11.310 [info] > git for-each-ref --format=%(refname)%00%(upstream:short)%00%(objectname)%00%(upstream:track)%00%(upstream:remotename)%00%(upstream:remoteref) refs/heads/origin/main refs/remotes/origin/main [70ms]
2025-11-24 15:58:11.317 [info] > git for-each-ref --format=%(refname)%00%(upstream:short)%00%(objectname)%00%(upstream:track)%00%(upstream:remotename)%00%(upstream:remoteref) refs/heads/main refs/remotes/main [85ms]
2025-11-24 15:58:11.338 [warning] [Git][revParse] Unable to read file: ENOENT: no such file or directory, open '/home/east/shared/eastSync/pyEast/repos_playground/Time-Series-Library/.git/refs/remotes/origin/main'
2025-11-24 15:58:11.339 [info] > git check-ignore -v -z --stdin [11ms]
2025-11-24 15:58:11.339 [info] > git config --add --local branch.main.vscode-merge-base origin/main [22ms]
2025-11-24 15:58:11.339 [info] > git rev-parse --show-toplevel [35ms]
2025-11-24 15:58:11.361 [info] > git rev-parse --path-format=relative --show-toplevel [14ms]
2025-11-24 15:58:11.361 [info] > git rev-parse refs/remotes/origin/main [23ms]
2025-11-24 15:58:11.380 [info] > git config --get commit.template [23ms]
2025-11-24 15:58:11.380 [info] > git rev-parse --show-toplevel [2ms]
2025-11-24 15:58:11.397 [info] > git rev-parse --path-format=relative --show-toplevel [9ms]
2025-11-24 15:58:11.398 [info] > git for-each-ref --format=%(refname)%00%(upstream:short)%00%(objectname)%00%(upstream:track)%00%(upstream:remotename)%00%(upstream:remoteref) refs/heads/main refs/remotes/main [2ms]
2025-11-24 15:58:11.412 [warning] [Git][revParse] Unable to read file: ENOENT: no such file or directory, open '/home/east/shared/eastSync/pyEast/repos_playground/Time-Series-Library/.git/refs/remotes/origin/main'
2025-11-24 15:58:11.435 [info] > git rev-parse refs/remotes/origin/main [22ms]
2025-11-24 15:58:11.451 [info] > git rev-parse --show-toplevel [45ms]
2025-11-24 15:58:11.465 [info] > git status -z -uall [22ms]
2025-11-24 15:58:11.465 [info] > git rev-parse --path-format=relative --show-toplevel [5ms]
2025-11-24 15:58:11.465 [info] > git for-each-ref --sort -committerdate --format %(refname)%00%(objectname)%00%(*objectname) [14ms]
2025-11-24 15:58:11.496 [info] > git merge-base refs/heads/main refs/remotes/origin/main [13ms]
2025-11-24 15:58:11.505 [info] > git merge-base refs/heads/main refs/remotes/origin/main [31ms]
2025-11-24 15:58:11.528 [info] > git diff --name-status -z --diff-filter=ADMR --find-renames=50% c7055ee2a596b663b807721808170387dd5ea014...refs/remotes/origin/main -- [15ms]
2025-11-24 15:58:11.528 [info] > git diff --name-status -z --diff-filter=ADMR --find-renames=50% c7055ee2a596b663b807721808170387dd5ea014...refs/remotes/origin/main -- [23ms]
2025-11-24 15:58:11.528 [info] > git rev-parse --show-toplevel [33ms]
2025-11-24 15:58:11.581 [info] > git rev-parse --path-format=relative --show-toplevel [45ms]
2025-11-24 15:58:11.582 [info] [Model][doInitialScan] Initial repository scan completed - repositories (1), closed repositories (0), parent repositories (0), unsafe repositories (0)
2025-11-24 15:58:15.849 [info] > git config --get commit.template [8ms]
2025-11-24 15:58:15.850 [info] > git for-each-ref --format=%(refname)%00%(upstream:short)%00%(objectname)%00%(upstream:track)%00%(upstream:remotename)%00%(upstream:remoteref) refs/heads/main refs/remotes/main [1ms]
2025-11-24 15:58:15.858 [warning] [Git][revParse] Unable to read file: ENOENT: no such file or directory, open '/home/east/shared/eastSync/pyEast/repos_playground/Time-Series-Library/.git/refs/remotes/origin/main'
2025-11-24 15:58:15.859 [info] > git rev-parse refs/remotes/origin/main [1ms]
2025-11-24 15:58:15.879 [info] > git for-each-ref --sort -committerdate --format %(refname)%00%(objectname)%00%(*objectname) [1ms]
2025-11-24 15:58:15.880 [info] > git status -z -uall [11ms]
2025-11-24 15:59:04.312 [info] > git check-ignore -v -z --stdin [1ms]
2025-11-24 15:59:04.372 [info] > git show --textconv :BTC_1H.csv [9ms]
2025-11-24 15:59:04.380 [info] > git ls-files --stage -- BTC_1H.csv [8ms]
2025-11-24 15:59:04.388 [info] > git hash-object -t tree /dev/null [9ms]
2025-11-24 15:59:04.388 [warning] [GitFileSystemProvider][readFile] File not found - git:/home/east/shared/eastSync/pyEast/repos_playground/Time-Series-Library/BTC_1H.csv.git?%7B%22path%22%3A%22%2Fhome%2Feast%2Fshared%2FeastSync%2FpyEast%2Frepos_playground%2FTime-Series-Library%2FBTC_1H.csv%22%2C%22ref%22%3A%22%22%7D
2025-11-24 15:59:04.391 [info] > git hash-object -t tree /dev/null [3ms]
2025-11-24 15:59:04.391 [warning] [GitFileSystemProvider][stat] File not found - git:/home/east/shared/eastSync/pyEast/repos_playground/Time-Series-Library/BTC_1H.csv.git?%7B%22path%22%3A%22%2Fhome%2Feast%2Fshared%2FeastSync%2FpyEast%2Frepos_playground%2FTime-Series-Library%2FBTC_1H.csv%22%2C%22ref%22%3A%22%22%7D
2025-11-24 15:59:04.402 [info] > git blame --root --incremental c7055ee2a596b663b807721808170387dd5ea014 -- BTC_1H.csv [1ms]
2025-11-24 15:59:04.402 [info] fatal: no such path BTC_1H.csv in c7055ee2a596b663b807721808170387dd5ea014
2025-11-24 15:59:05.205 [info] > git config --get commit.template [8ms]
2025-11-24 15:59:05.205 [info] > git for-each-ref --format=%(refname)%00%(upstream:short)%00%(objectname)%00%(upstream:track)%00%(upstream:remotename)%00%(upstream:remoteref) refs/heads/main refs/remotes/main [1ms]
2025-11-24 15:59:05.213 [warning] [Git][revParse] Unable to read file: ENOENT: no such file or directory, open '/home/east/shared/eastSync/pyEast/repos_playground/Time-Series-Library/.git/refs/remotes/origin/main'
2025-11-24 15:59:05.214 [info] > git rev-parse refs/remotes/origin/main [1ms]
2025-11-24 15:59:05.230 [info] > git for-each-ref --sort -committerdate --format %(refname)%00%(objectname)%00%(*objectname) [2ms]
2025-11-24 15:59:05.231 [info] > git status -z -uall [10ms]
2025-11-24 15:59:34.601 [info] > git config --get commit.template [9ms]
2025-11-24 15:59:34.602 [info] > git check-ignore -v -z --stdin [2ms]
2025-11-24 15:59:34.612 [info] > git for-each-ref --format=%(refname)%00%(upstream:short)%00%(objectname)%00%(upstream:track)%00%(upstream:remotename)%00%(upstream:remoteref) refs/heads/main refs/remotes/main [1ms]
2025-11-24 15:59:34.622 [warning] [Git][revParse] Unable to read file: ENOENT: no such file or directory, open '/home/east/shared/eastSync/pyEast/repos_playground/Time-Series-Library/.git/refs/remotes/origin/main'
2025-11-24 15:59:34.623 [info] > git rev-parse refs/remotes/origin/main [1ms]
2025-11-24 15:59:34.642 [info] > git status -z -uall [11ms]
2025-11-24 15:59:34.643 [info] > git for-each-ref --sort -committerdate --format %(refname)%00%(objectname)%00%(*objectname) [2ms]
2025-11-24 15:59:39.666 [info] > git config --get commit.template [12ms]
2025-11-24 15:59:39.667 [info] > git for-each-ref --format=%(refname)%00%(upstream:short)%00%(objectname)%00%(upstream:track)%00%(upstream:remotename)%00%(upstream:remoteref) refs/heads/main refs/remotes/main [2ms]
2025-11-24 15:59:39.678 [warning] [Git][revParse] Unable to read file: ENOENT: no such file or directory, open '/home/east/shared/eastSync/pyEast/repos_playground/Time-Series-Library/.git/refs/remotes/origin/main'
2025-11-24 15:59:39.682 [info] > git rev-parse refs/remotes/origin/main [3ms]
2025-11-24 15:59:39.700 [info] > git status -z -uall [9ms]
2025-11-24 15:59:39.700 [info] > git for-each-ref --sort -committerdate --format %(refname)%00%(objectname)%00%(*objectname) [1ms]
2025-11-24 15:59:44.720 [info] > git config --get commit.template [9ms]
2025-11-24 15:59:44.721 [info] > git for-each-ref --format=%(refname)%00%(upstream:short)%00%(objectname)%00%(upstream:track)%00%(upstream:remotename)%00%(upstream:remoteref) refs/heads/main refs/remotes/main [2ms]
2025-11-24 15:59:44.729 [warning] [Git][revParse] Unable to read file: ENOENT: no such file or directory, open '/home/east/shared/eastSync/pyEast/repos_playground/Time-Series-Library/.git/refs/remotes/origin/main'
2025-11-24 15:59:44.729 [info] > git rev-parse refs/remotes/origin/main [1ms]
2025-11-24 15:59:44.746 [info] > git for-each-ref --sort -committerdate --format %(refname)%00%(objectname)%00%(*objectname) [1ms]
2025-11-24 15:59:44.747 [info] > git status -z -uall [10ms]
2025-11-24 15:59:49.766 [info] > git config --get commit.template [9ms]
2025-11-24 15:59:49.767 [info] > git for-each-ref --format=%(refname)%00%(upstream:short)%00%(objectname)%00%(upstream:track)%00%(upstream:remotename)%00%(upstream:remoteref) refs/heads/main refs/remotes/main [1ms]
2025-11-24 15:59:49.776 [warning] [Git][revParse] Unable to read file: ENOENT: no such file or directory, open '/home/east/shared/eastSync/pyEast/repos_playground/Time-Series-Library/.git/refs/remotes/origin/main'
2025-11-24 15:59:49.777 [info] > git rev-parse refs/remotes/origin/main [1ms]
2025-11-24 15:59:49.795 [info] > git status -z -uall [10ms]
2025-11-24 15:59:49.795 [info] > git for-each-ref --sort -committerdate --format %(refname)%00%(objectname)%00%(*objectname) [2ms]
2025-11-24 15:59:54.809 [info] > git config --get commit.template [2ms]
2025-11-24 15:59:54.818 [info] > git for-each-ref --format=%(refname)%00%(upstream:short)%00%(objectname)%00%(upstream:track)%00%(upstream:remotename)%00%(upstream:remoteref) refs/heads/main refs/remotes/main [1ms]
2025-11-24 15:59:54.827 [warning] [Git][revParse] Unable to read file: ENOENT: no such file or directory, open '/home/east/shared/eastSync/pyEast/repos_playground/Time-Series-Library/.git/refs/remotes/origin/main'
2025-11-24 15:59:54.828 [info] > git rev-parse refs/remotes/origin/main [1ms]
2025-11-24 15:59:54.848 [info] > git status -z -uall [11ms]
2025-11-24 15:59:54.848 [info] > git for-each-ref --sort -committerdate --format %(refname)%00%(objectname)%00%(*objectname) [1ms]
2025-11-24 15:59:59.869 [info] > git config --get commit.template [8ms]
2025-11-24 15:59:59.869 [info] > git for-each-ref --format=%(refname)%00%(upstream:short)%00%(objectname)%00%(upstream:track)%00%(upstream:remotename)%00%(upstream:remoteref) refs/heads/main refs/remotes/main [1ms]
2025-11-24 15:59:59.878 [warning] [Git][revParse] Unable to read file: ENOENT: no such file or directory, open '/home/east/shared/eastSync/pyEast/repos_playground/Time-Series-Library/.git/refs/remotes/origin/main'
2025-11-24 15:59:59.879 [info] > git rev-parse refs/remotes/origin/main [1ms]
2025-11-24 15:59:59.897 [info] > git status -z -uall [9ms]
2025-11-24 15:59:59.898 [info] > git for-each-ref --sort -committerdate --format %(refname)%00%(objectname)%00%(*objectname) [2ms]
2025-11-24 16:01:32.033 [info] > git config --get commit.template [8ms]
2025-11-24 16:01:32.034 [info] > git for-each-ref --format=%(refname)%00%(upstream:short)%00%(objectname)%00%(upstream:track)%00%(upstream:remotename)%00%(upstream:remoteref) refs/heads/main refs/remotes/main [1ms]
2025-11-24 16:01:32.043 [warning] [Git][revParse] Unable to read file: ENOENT: no such file or directory, open '/home/east/shared/eastSync/pyEast/repos_playground/Time-Series-Library/.git/refs/remotes/origin/main'
2025-11-24 16:01:32.044 [info] > git rev-parse refs/remotes/origin/main [1ms]
2025-11-24 16:01:32.061 [info] > git status -z -uall [10ms]
2025-11-24 16:01:32.061 [info] > git for-each-ref --sort -committerdate --format %(refname)%00%(objectname)%00%(*objectname) [1ms]
2025-11-24 16:02:10.146 [info] > git config --get commit.template [9ms]
2025-11-24 16:02:10.147 [info] > git for-each-ref --format=%(refname)%00%(upstream:short)%00%(objectname)%00%(upstream:track)%00%(upstream:remotename)%00%(upstream:remoteref) refs/heads/main refs/remotes/main [1ms]
2025-11-24 16:02:10.155 [warning] [Git][revParse] Unable to read file: ENOENT: no such file or directory, open '/home/east/shared/eastSync/pyEast/repos_playground/Time-Series-Library/.git/refs/remotes/origin/main'
2025-11-24 16:02:10.156 [info] > git rev-parse refs/remotes/origin/main [1ms]
2025-11-24 16:02:10.173 [info] > git status -z -uall [9ms]
2025-11-24 16:02:10.173 [info] > git for-each-ref --sort -committerdate --format %(refname)%00%(objectname)%00%(*objectname) [1ms]
2025-11-24 16:23:47.817 [info] > git config --get commit.template [1ms]
2025-11-24 16:23:47.827 [info] > git for-each-ref --format=%(refname)%00%(upstream:short)%00%(objectname)%00%(upstream:track)%00%(upstream:remotename)%00%(upstream:remoteref) refs/heads/main refs/remotes/main [1ms]
2025-11-24 16:23:47.835 [warning] [Git][revParse] Unable to read file: ENOENT: no such file or directory, open '/home/east/shared/eastSync/pyEast/repos_playground/Time-Series-Library/.git/refs/remotes/origin/main'
2025-11-24 16:23:47.836 [info] > git rev-parse refs/remotes/origin/main [1ms]
2025-11-24 16:23:47.853 [info] > git for-each-ref --sort -committerdate --format %(refname)%00%(objectname)%00%(*objectname) [2ms]
2025-11-24 16:23:47.854 [info] > git status -z -uall [10ms]
2025-11-24 16:24:12.016 [info] > git config --get commit.template [10ms]
2025-11-24 16:24:12.016 [info] > git for-each-ref --format=%(refname)%00%(upstream:short)%00%(objectname)%00%(upstream:track)%00%(upstream:remotename)%00%(upstream:remoteref) refs/heads/main refs/remotes/main [1ms]
2025-11-24 16:24:12.024 [warning] [Git][revParse] Unable to read file: ENOENT: no such file or directory, open '/home/east/shared/eastSync/pyEast/repos_playground/Time-Series-Library/.git/refs/remotes/origin/main'
2025-11-24 16:24:12.025 [info] > git rev-parse refs/remotes/origin/main [1ms]
2025-11-24 16:24:12.044 [info] > git status -z -uall [10ms]
2025-11-24 16:24:12.044 [info] > git for-each-ref --sort -committerdate --format %(refname)%00%(objectname)%00%(*objectname) [1ms]
2025-11-24 16:56:16.999 [info] > git config --get commit.template [9ms]
2025-11-24 16:56:17.000 [info] > git for-each-ref --format=%(refname)%00%(upstream:short)%00%(objectname)%00%(upstream:track)%00%(upstream:remotename)%00%(upstream:remoteref) refs/heads/main refs/remotes/main [1ms]
2025-11-24 16:56:17.007 [warning] [Git][revParse] Unable to read file: ENOENT: no such file or directory, open '/home/east/shared/eastSync/pyEast/repos_playground/Time-Series-Library/.git/refs/remotes/origin/main'
2025-11-24 16:56:17.008 [info] > git rev-parse refs/remotes/origin/main [1ms]
2025-11-24 16:56:17.026 [info] > git for-each-ref --sort -committerdate --format %(refname)%00%(objectname)%00%(*objectname) [2ms]
2025-11-24 16:56:17.038 [info] > git status -z -uall [22ms]
2025-11-24 16:56:22.057 [info] > git config --get commit.template [8ms]
2025-11-24 16:56:22.058 [info] > git for-each-ref --format=%(refname)%00%(upstream:short)%00%(objectname)%00%(upstream:track)%00%(upstream:remotename)%00%(upstream:remoteref) refs/heads/main refs/remotes/main [1ms]
2025-11-24 16:56:22.067 [warning] [Git][revParse] Unable to read file: ENOENT: no such file or directory, open '/home/east/shared/eastSync/pyEast/repos_playground/Time-Series-Library/.git/refs/remotes/origin/main'
2025-11-24 16:56:22.067 [info] > git rev-parse refs/remotes/origin/main [0ms]
2025-11-24 16:56:22.084 [info] > git status -z -uall [10ms]
2025-11-24 16:56:22.085 [info] > git for-each-ref --sort -committerdate --format %(refname)%00%(objectname)%00%(*objectname) [1ms]
2025-11-24 16:56:40.638 [info] [main] Log level: Info
2025-11-24 16:56:40.638 [info] [main] Validating found git in: "git"
2025-11-24 16:56:40.638 [info] [main] Using git "2.51.0" from "git"
2025-11-24 16:56:40.638 [info] [Model][doInitialScan] Initial repository scan started
2025-11-24 16:56:40.638 [info] > git rev-parse --show-toplevel [100ms]
2025-11-24 16:56:40.638 [info] > git rev-parse --path-format=relative --show-toplevel [25ms]
2025-11-24 16:56:40.950 [info] > git rev-parse --git-dir --git-common-dir --show-superproject-working-tree [198ms]
2025-11-24 16:56:40.957 [info] [Model][openRepository] Opened repository (path): /home/east/shared/eastSync/pyEast/MLDev
2025-11-24 16:56:40.957 [info] [Model][openRepository] Opened repository (real path): /shared/eastSync/pyEast/MLDev
2025-11-24 16:56:40.957 [info] [Model][openRepository] Opened repository (kind): repository
2025-11-24 16:56:40.974 [info] > git config --get commit.template [7ms]
2025-11-24 16:56:41.000 [info] > git for-each-ref --format=%(refname)%00%(upstream:short)%00%(objectname)%00%(upstream:track)%00%(upstream:remotename)%00%(upstream:remoteref) refs/heads/main refs/remotes/main [16ms]
2025-11-24 16:56:41.053 [info] > git for-each-ref --sort -committerdate --format %(refname)%00%(objectname)%00%(*objectname) [5ms]
2025-11-24 16:56:41.055 [info] > git status -z -uall [15ms]
2025-11-24 16:56:41.165 [info] > git for-each-ref --format=%(refname)%00%(upstream:short)%00%(objectname)%00%(upstream:track)%00%(upstream:remotename)%00%(upstream:remoteref) refs/heads/main refs/remotes/main [81ms]
2025-11-24 16:56:41.339 [info] > git config --get --local branch.main.vscode-merge-base [167ms]
2025-11-24 16:56:41.339 [warning] [Git][config] git config failed: Failed to execute git
2025-11-24 16:56:41.348 [info] > git config --get commit.template [183ms]
2025-11-24 16:56:41.364 [info] > git reflog main --grep-reflog=branch: Created from *. [17ms]
2025-11-24 16:56:43.059 [info] [main] Log level: Info
2025-11-24 16:56:43.059 [info] [main] Validating found git in: "git"
2025-11-24 16:56:43.059 [info] [main] Using git "2.51.0" from "git"
2025-11-24 16:56:43.059 [info] [Model][doInitialScan] Initial repository scan started
2025-11-24 16:56:43.059 [info] > git rev-parse --show-toplevel [5ms]
2025-11-24 16:56:43.059 [info] > git rev-parse --path-format=relative --show-toplevel [2ms]
2025-11-24 16:56:43.067 [info] > git rev-parse --git-dir --git-common-dir --show-superproject-working-tree [3ms]
2025-11-24 16:56:43.074 [info] [Model][openRepository] Opened repository (path): /home/east/shared/eastSync/pyEast/MLDev
2025-11-24 16:56:43.074 [info] [Model][openRepository] Opened repository (real path): /shared/eastSync/pyEast/MLDev
2025-11-24 16:56:43.074 [info] [Model][openRepository] Opened repository (kind): repository
2025-11-24 16:56:43.084 [info] > git config --get commit.template [2ms]
2025-11-24 16:56:43.093 [info] > git for-each-ref --format=%(refname)%00%(upstream:short)%00%(objectname)%00%(upstream:track)%00%(upstream:remotename)%00%(upstream:remoteref) refs/heads/main refs/remotes/main [2ms]
2025-11-24 16:56:43.106 [info] > git status -z -uall [6ms]
2025-11-24 16:56:43.106 [info] > git for-each-ref --sort -committerdate --format %(refname)%00%(objectname)%00%(*objectname) [2ms]
2025-11-24 16:56:43.140 [info] > git for-each-ref --format=%(refname)%00%(upstream:short)%00%(objectname)%00%(upstream:track)%00%(upstream:remotename)%00%(upstream:remoteref) refs/heads/main refs/remotes/main [6ms]
2025-11-24 16:56:43.153 [info] > git config --get --local branch.main.vscode-merge-base [8ms]
2025-11-24 16:56:43.153 [warning] [Git][config] git config failed: Failed to execute git
2025-11-24 16:56:43.332 [info] > git reflog main --grep-reflog=branch: Created from *. [174ms]
2025-11-24 16:56:43.338 [info] > git rev-parse --show-toplevel [186ms]
2025-11-24 16:56:43.516 [info] > git rev-parse --path-format=relative --show-toplevel [173ms]
2025-11-24 16:56:43.516 [info] > git symbolic-ref --short refs/remotes/origin/HEAD [178ms]
2025-11-24 16:56:43.516 [info] fatal: ref refs/remotes/origin/HEAD is not a symbolic ref
2025-11-24 16:56:43.516 [warning] [Repository][getDefaultBranch] Failed to get default branch details: Failed to execute git.
2025-11-24 16:56:44.881 [info] > git merge-base refs/heads/main refs/remotes/origin/main [1357ms]
2025-11-24 16:56:44.933 [info] > git check-ignore -v -z --stdin [37ms]
2025-11-24 16:56:44.934 [info] > git diff --name-status -z --diff-filter=ADMR --find-renames=50% bc3275f8d6bd9be6bcd06098349cb0d69ea91ff9...refs/remotes/origin/main -- [46ms]
2025-11-24 16:56:44.935 [info] > git rev-parse --show-toplevel [61ms]
2025-11-24 16:56:44.974 [info] > git rev-parse --path-format=relative --show-toplevel [34ms]
2025-11-24 16:56:44.982 [info] > git config --get commit.template [30ms]
2025-11-24 16:56:45.083 [info] > git rev-parse --show-toplevel [102ms]
2025-11-24 16:56:45.101 [info] > git rev-parse --path-format=relative --show-toplevel [11ms]
2025-11-24 16:56:45.289 [info] > git for-each-ref --format=%(refname)%00%(upstream:short)%00%(objectname)%00%(upstream:track)%00%(upstream:remotename)%00%(upstream:remoteref) refs/heads/main refs/remotes/main [189ms]
2025-11-24 16:56:45.302 [info] > git rev-parse --show-toplevel [14ms]
2025-11-24 16:56:45.323 [info] > git rev-parse --path-format=relative --show-toplevel [15ms]
2025-11-24 16:56:45.350 [info] > git rev-parse --show-toplevel [18ms]
2025-11-24 16:56:45.360 [info] > git status -z -uall [18ms]
2025-11-24 16:56:45.360 [info] > git rev-parse --path-format=relative --show-toplevel [3ms]
2025-11-24 16:56:45.360 [info] > git for-each-ref --sort -committerdate --format %(refname)%00%(objectname)%00%(*objectname) [10ms]
2025-11-24 16:56:45.418 [info] > git rev-parse --show-toplevel [30ms]
2025-11-24 16:56:45.546 [info] > git check-ignore -v -z --stdin [112ms]
2025-11-24 16:56:45.547 [info] > git rev-parse --path-format=relative --show-toplevel [121ms]
2025-11-24 16:56:45.720 [info] > git rev-parse --show-toplevel [10ms]
2025-11-24 16:56:45.863 [info] > git rev-parse --path-format=relative --show-toplevel [135ms]
2025-11-24 16:56:45.955 [info] > git rev-parse --show-toplevel [77ms]
2025-11-24 16:56:45.981 [info] > git rev-parse --path-format=relative --show-toplevel [18ms]
2025-11-24 16:56:46.005 [info] > git rev-parse --show-toplevel [7ms]
2025-11-24 16:56:46.058 [info] > git rev-parse --path-format=relative --show-toplevel [46ms]
2025-11-24 16:56:46.069 [info] > git rev-parse --show-toplevel [3ms]
2025-11-24 16:56:46.080 [info] > git rev-parse --path-format=relative --show-toplevel [3ms]
2025-11-24 16:56:46.089 [info] > git rev-parse --show-toplevel [1ms]
2025-11-24 16:56:46.099 [info] > git rev-parse --path-format=relative --show-toplevel [1ms]
2025-11-24 16:56:46.113 [info] > git rev-parse --show-toplevel [6ms]
2025-11-24 16:56:46.122 [info] > git rev-parse --path-format=relative --show-toplevel [1ms]
2025-11-24 16:56:46.132 [info] > git rev-parse --show-toplevel [2ms]
2025-11-24 16:56:46.144 [info] > git rev-parse --path-format=relative --show-toplevel [5ms]
2025-11-24 16:56:46.153 [info] > git rev-parse --show-toplevel [2ms]
2025-11-24 16:56:46.163 [info] > git rev-parse --path-format=relative --show-toplevel [3ms]
2025-11-24 16:56:46.173 [info] > git rev-parse --show-toplevel [2ms]
2025-11-24 16:56:46.182 [info] > git rev-parse --path-format=relative --show-toplevel [1ms]
2025-11-24 16:56:46.191 [info] > git rev-parse --show-toplevel [2ms]
2025-11-24 16:56:46.200 [info] > git rev-parse --path-format=relative --show-toplevel [1ms]
2025-11-24 16:56:46.211 [info] > git rev-parse --show-toplevel [3ms]
2025-11-24 16:56:46.221 [info] > git rev-parse --path-format=relative --show-toplevel [2ms]
2025-11-24 16:56:46.233 [info] > git rev-parse --show-toplevel [2ms]
2025-11-24 16:56:46.240 [info] > git rev-parse --path-format=relative --show-toplevel [0ms]
2025-11-24 16:56:46.250 [info] > git rev-parse --show-toplevel [1ms]
2025-11-24 16:56:46.257 [info] > git rev-parse --path-format=relative --show-toplevel [1ms]
2025-11-24 16:56:46.258 [info] [Model][doInitialScan] Initial repository scan completed - repositories (1), closed repositories (0), parent repositories (0), unsafe repositories (0)
2025-11-24 16:56:47.719 [info] > git config --get commit.template [11ms]
2025-11-24 16:56:47.757 [info] > git for-each-ref --format=%(refname)%00%(upstream:short)%00%(objectname)%00%(upstream:track)%00%(upstream:remotename)%00%(upstream:remoteref) refs/heads/main refs/remotes/main [39ms]
2025-11-24 16:56:47.803 [info] > git for-each-ref --sort -committerdate --format %(refname)%00%(objectname)%00%(*objectname) [4ms]
2025-11-24 16:56:47.803 [info] > git status -z -uall [14ms]
2025-11-24 16:59:33.000 [info] > git config --get commit.template [10ms]
2025-11-24 16:59:33.001 [info] > git for-each-ref --format=%(refname)%00%(upstream:short)%00%(objectname)%00%(upstream:track)%00%(upstream:remotename)%00%(upstream:remoteref) refs/heads/main refs/remotes/main [1ms]
2025-11-24 16:59:33.020 [info] > git status -z -uall [12ms]
2025-11-24 16:59:33.020 [info] > git for-each-ref --sort -committerdate --format %(refname)%00%(objectname)%00%(*objectname) [2ms]
2025-11-24 17:00:40.999 [info] > git config --get commit.template [9ms]
2025-11-24 17:00:40.999 [info] > git for-each-ref --format=%(refname)%00%(upstream:short)%00%(objectname)%00%(upstream:track)%00%(upstream:remotename)%00%(upstream:remoteref) refs/heads/main refs/remotes/main [1ms]
2025-11-24 17:00:41.020 [info] > git status -z -uall [12ms]
2025-11-24 17:00:41.020 [info] > git for-each-ref --sort -committerdate --format %(refname)%00%(objectname)%00%(*objectname) [2ms]
2025-11-24 17:04:14.220 [info] > git config --get commit.template [10ms]
2025-11-24 17:04:14.220 [info] > git for-each-ref --format=%(refname)%00%(upstream:short)%00%(objectname)%00%(upstream:track)%00%(upstream:remotename)%00%(upstream:remoteref) refs/heads/main refs/remotes/main [1ms]
2025-11-24 17:04:14.241 [info] > git status -z -uall [12ms]
2025-11-24 17:04:14.241 [info] > git for-each-ref --sort -committerdate --format %(refname)%00%(objectname)%00%(*objectname) [3ms]
2025-11-24 17:04:20.333 [info] > git config --get commit.template [11ms]
2025-11-24 17:04:20.334 [info] > git for-each-ref --format=%(refname)%00%(upstream:short)%00%(objectname)%00%(upstream:track)%00%(upstream:remotename)%00%(upstream:remoteref) refs/heads/main refs/remotes/main [2ms]
2025-11-24 17:04:20.364 [info] > git status -z -uall [20ms]
2025-11-24 17:04:20.364 [info] > git for-each-ref --sort -committerdate --format %(refname)%00%(objectname)%00%(*objectname) [12ms]
2025-11-24 17:05:56.062 [info] > git config --get commit.template [10ms]
2025-11-24 17:05:56.062 [info] > git for-each-ref --format=%(refname)%00%(upstream:short)%00%(objectname)%00%(upstream:track)%00%(upstream:remotename)%00%(upstream:remoteref) refs/heads/main refs/remotes/main [1ms]
2025-11-24 17:05:56.084 [info] > git status -z -uall [12ms]
2025-11-24 17:05:56.084 [info] > git for-each-ref --sort -committerdate --format %(refname)%00%(objectname)%00%(*objectname) [2ms]
2025-11-24 17:23:30.193 [info] > git config --get commit.template [10ms]
2025-11-24 17:23:30.193 [info] > git for-each-ref --format=%(refname)%00%(upstream:short)%00%(objectname)%00%(upstream:track)%00%(upstream:remotename)%00%(upstream:remoteref) refs/heads/main refs/remotes/main [1ms]
2025-11-24 17:23:30.214 [info] > git status -z -uall [10ms]
2025-11-24 17:23:30.218 [info] > git for-each-ref --sort -committerdate --format %(refname)%00%(objectname)%00%(*objectname) [5ms]
2025-11-24 17:23:39.494 [info] > git config --get commit.template [10ms]
2025-11-24 17:23:39.495 [info] > git for-each-ref --format=%(refname)%00%(upstream:short)%00%(objectname)%00%(upstream:track)%00%(upstream:remotename)%00%(upstream:remoteref) refs/heads/main refs/remotes/main [2ms]
2025-11-24 17:23:39.515 [info] > git status -z -uall [10ms]
2025-11-24 17:23:39.518 [info] > git for-each-ref --sort -committerdate --format %(refname)%00%(objectname)%00%(*objectname) [4ms]
2025-11-24 17:24:09.396 [info] > git config --get commit.template [10ms]
2025-11-24 17:24:09.396 [info] > git for-each-ref --format=%(refname)%00%(upstream:short)%00%(objectname)%00%(upstream:track)%00%(upstream:remotename)%00%(upstream:remoteref) refs/heads/main refs/remotes/main [1ms]
2025-11-24 17:24:09.417 [info] > git status -z -uall [11ms]
2025-11-24 17:24:09.420 [info] > git for-each-ref --sort -committerdate --format %(refname)%00%(objectname)%00%(*objectname) [4ms]
2025-11-24 17:26:43.762 [info] > git config --get commit.template [10ms]
2025-11-24 17:26:43.762 [info] > git for-each-ref --format=%(refname)%00%(upstream:short)%00%(objectname)%00%(upstream:track)%00%(upstream:remotename)%00%(upstream:remoteref) refs/heads/main refs/remotes/main [1ms]
2025-11-24 17:26:43.784 [info] > git status -z -uall [11ms]
2025-11-24 17:26:43.787 [info] > git for-each-ref --sort -committerdate --format %(refname)%00%(objectname)%00%(*objectname) [4ms]
2025-11-24 17:34:23.498 [info] > git config --get commit.template [12ms]
2025-11-24 17:34:23.498 [info] > git for-each-ref --format=%(refname)%00%(upstream:short)%00%(objectname)%00%(upstream:track)%00%(upstream:remotename)%00%(upstream:remoteref) refs/heads/main refs/remotes/main [1ms]
2025-11-24 17:34:23.521 [info] > git status -z -uall [12ms]
2025-11-24 17:34:23.524 [info] > git for-each-ref --sort -committerdate --format %(refname)%00%(objectname)%00%(*objectname) [4ms]
2025-11-24 17:38:39.668 [info] > git config --get commit.template [1ms]
2025-11-24 17:38:39.681 [info] > git for-each-ref --format=%(refname)%00%(upstream:short)%00%(objectname)%00%(upstream:track)%00%(upstream:remotename)%00%(upstream:remoteref) refs/heads/main refs/remotes/main [1ms]
2025-11-24 17:38:39.704 [info] > git status -z -uall [12ms]
2025-11-24 17:38:39.704 [info] > git for-each-ref --sort -committerdate --format %(refname)%00%(objectname)%00%(*objectname) [1ms]
2025-11-24 19:05:57.664 [info] > git config --get commit.template [10ms]
2025-11-24 19:05:57.665 [info] > git for-each-ref --format=%(refname)%00%(upstream:short)%00%(objectname)%00%(upstream:track)%00%(upstream:remotename)%00%(upstream:remoteref) refs/heads/main refs/remotes/main [1ms]
2025-11-24 19:05:57.685 [info] > git status -z -uall [11ms]
2025-11-24 19:05:57.685 [info] > git for-each-ref --sort -committerdate --format %(refname)%00%(objectname)%00%(*objectname) [1ms]
2025-11-24 19:06:02.715 [info] > git config --get commit.template [8ms]
2025-11-24 19:06:02.716 [info] > git for-each-ref --format=%(refname)%00%(upstream:short)%00%(objectname)%00%(upstream:track)%00%(upstream:remotename)%00%(upstream:remoteref) refs/heads/main refs/remotes/main [1ms]
2025-11-24 19:06:02.733 [info] > git status -z -uall [10ms]
2025-11-24 19:06:02.733 [info] > git for-each-ref --sort -committerdate --format %(refname)%00%(objectname)%00%(*objectname) [2ms]
2025-11-24 19:08:22.014 [info] > git config --get commit.template [11ms]
2025-11-24 19:08:22.014 [info] > git for-each-ref --format=%(refname)%00%(upstream:short)%00%(objectname)%00%(upstream:track)%00%(upstream:remotename)%00%(upstream:remoteref) refs/heads/main refs/remotes/main [1ms]
2025-11-24 19:08:22.037 [info] > git status -z -uall [12ms]
2025-11-24 19:08:22.038 [info] > git for-each-ref --sort -committerdate --format %(refname)%00%(objectname)%00%(*objectname) [3ms]
2025-11-24 19:08:35.623 [info] > git config --get commit.template [12ms]
2025-11-24 19:08:35.623 [info] > git for-each-ref --format=%(refname)%00%(upstream:short)%00%(objectname)%00%(upstream:track)%00%(upstream:remotename)%00%(upstream:remoteref) refs/heads/main refs/remotes/main [1ms]
2025-11-24 19:08:35.645 [info] > git status -z -uall [11ms]
2025-11-24 19:08:35.645 [info] > git for-each-ref --sort -committerdate --format %(refname)%00%(objectname)%00%(*objectname) [2ms]
2025-11-24 20:32:04.782 [info] > git config --get commit.template [1ms]
2025-11-24 20:32:04.792 [info] > git for-each-ref --format=%(refname)%00%(upstream:short)%00%(objectname)%00%(upstream:track)%00%(upstream:remotename)%00%(upstream:remoteref) refs/heads/main refs/remotes/main [1ms]
2025-11-24 20:32:04.814 [info] > git status -z -uall [11ms]
2025-11-24 20:32:04.814 [info] > git for-each-ref --sort -committerdate --format %(refname)%00%(objectname)%00%(*objectname) [1ms]
2025-11-24 20:36:00.185 [info] > git show --textconv :ML_setup.py [13ms]
2025-11-24 20:36:00.186 [info] > git ls-files --stage -- ML_setup.py [1ms]
2025-11-24 20:36:00.201 [info] > git cat-file -s f447280e5c51527dc42332f8f23e1cf0b37364f7 [2ms]
2025-11-24 20:36:00.621 [info] > git config --get commit.template [1ms]
2025-11-24 20:36:00.635 [info] > git for-each-ref --format=%(refname)%00%(upstream:short)%00%(objectname)%00%(upstream:track)%00%(upstream:remotename)%00%(upstream:remoteref) refs/heads/main refs/remotes/main [1ms]
2025-11-24 20:36:00.659 [info] > git status -z -uall [12ms]
2025-11-24 20:36:00.663 [info] > git for-each-ref --sort -committerdate --format %(refname)%00%(objectname)%00%(*objectname) [6ms]
2025-11-24 20:46:09.361 [info] > git config --get commit.template [10ms]
2025-11-24 20:46:09.361 [info] > git for-each-ref --format=%(refname)%00%(upstream:short)%00%(objectname)%00%(upstream:track)%00%(upstream:remotename)%00%(upstream:remoteref) refs/heads/main refs/remotes/main [1ms]
2025-11-24 20:46:09.385 [info] > git status -z -uall [13ms]
2025-11-24 20:46:09.385 [info] > git for-each-ref --sort -committerdate --format %(refname)%00%(objectname)%00%(*objectname) [2ms]
2025-11-25 12:09:59.714 [info] > git config --get commit.template [1ms]
2025-11-25 12:09:59.727 [info] > git for-each-ref --format=%(refname)%00%(upstream:short)%00%(objectname)%00%(upstream:track)%00%(upstream:remotename)%00%(upstream:remoteref) refs/heads/main refs/remotes/main [1ms]
2025-11-25 12:09:59.751 [info] > git status -z -uall [13ms]
2025-11-25 12:09:59.751 [info] > git for-each-ref --sort -committerdate --format %(refname)%00%(objectname)%00%(*objectname) [2ms]
2025-11-25 12:10:04.784 [info] > git config --get commit.template [9ms]
2025-11-25 12:10:04.785 [info] > git for-each-ref --format=%(refname)%00%(upstream:short)%00%(objectname)%00%(upstream:track)%00%(upstream:remotename)%00%(upstream:remoteref) refs/heads/main refs/remotes/main [1ms]
2025-11-25 12:10:04.806 [info] > git status -z -uall [11ms]
2025-11-25 12:10:04.806 [info] > git for-each-ref --sort -committerdate --format %(refname)%00%(objectname)%00%(*objectname) [1ms]
2025-11-25 12:12:01.323 [info] > git check-ignore -v -z --stdin [1ms]
2025-11-25 12:34:13.341 [info] > git config --get commit.template [12ms]
2025-11-25 12:34:13.342 [info] > git for-each-ref --format=%(refname)%00%(upstream:short)%00%(objectname)%00%(upstream:track)%00%(upstream:remotename)%00%(upstream:remoteref) refs/heads/main refs/remotes/main [2ms]
2025-11-25 12:34:13.365 [info] > git status -z -uall [13ms]
2025-11-25 12:34:13.365 [info] > git for-each-ref --sort -committerdate --format %(refname)%00%(objectname)%00%(*objectname) [2ms]
2025-11-25 12:34:18.396 [info] > git config --get commit.template [9ms]
2025-11-25 12:34:18.397 [info] > git for-each-ref --format=%(refname)%00%(upstream:short)%00%(objectname)%00%(upstream:track)%00%(upstream:remotename)%00%(upstream:remoteref) refs/heads/main refs/remotes/main [1ms]
2025-11-25 12:34:18.416 [info] > git status -z -uall [10ms]
2025-11-25 12:34:18.419 [info] > git for-each-ref --sort -committerdate --format %(refname)%00%(objectname)%00%(*objectname) [4ms]
2025-11-25 12:44:10.168 [info] > git config --get commit.template [12ms]
2025-11-25 12:44:10.169 [info] > git for-each-ref --format=%(refname)%00%(upstream:short)%00%(objectname)%00%(upstream:track)%00%(upstream:remotename)%00%(upstream:remoteref) refs/heads/main refs/remotes/main [2ms]
2025-11-25 12:44:10.192 [info] > git status -z -uall [12ms]
2025-11-25 12:44:10.193 [info] > git for-each-ref --sort -committerdate --format %(refname)%00%(objectname)%00%(*objectname) [2ms]
2025-11-25 12:44:15.225 [info] > git config --get commit.template [11ms]
2025-11-25 12:44:15.226 [info] > git for-each-ref --format=%(refname)%00%(upstream:short)%00%(objectname)%00%(upstream:track)%00%(upstream:remotename)%00%(upstream:remoteref) refs/heads/main refs/remotes/main [1ms]
2025-11-25 12:44:15.250 [info] > git status -z -uall [14ms]
2025-11-25 12:44:15.254 [info] > git for-each-ref --sort -committerdate --format %(refname)%00%(objectname)%00%(*objectname) [5ms]
2025-11-25 12:44:32.606 [info] > git show --textconv :ML_setup.py [10ms]
2025-11-25 12:44:32.606 [info] > git ls-files --stage -- ML_setup.py [1ms]
2025-11-25 12:44:32.618 [info] > git cat-file -s f447280e5c51527dc42332f8f23e1cf0b37364f7 [2ms]
2025-11-25 12:45:09.249 [info] > git show --textconv :featureEngineer.py [16ms]
2025-11-25 12:45:09.251 [info] > git ls-files --stage -- featureEngineer.py [2ms]
2025-11-25 12:45:09.267 [info] > git cat-file -s b8cc8bbcf5780b06aec6c573479476dc93b8e6c0 [1ms]
2025-11-25 12:46:33.319 [info] > git blame --root --incremental bc3275f8d6bd9be6bcd06098349cb0d69ea91ff9 -- featureEngineer.py [2ms]
2025-11-25 16:13:16.096 [info] > git config --get commit.template [15ms]
2025-11-25 16:13:16.097 [info] > git for-each-ref --format=%(refname)%00%(upstream:short)%00%(objectname)%00%(upstream:track)%00%(upstream:remotename)%00%(upstream:remoteref) refs/heads/main refs/remotes/main [1ms]
2025-11-25 16:13:16.124 [info] > git status -z -uall [14ms]
2025-11-25 16:13:16.124 [info] > git for-each-ref --sort -committerdate --format %(refname)%00%(objectname)%00%(*objectname) [1ms]
2025-11-25 16:14:12.982 [info] > git config --get commit.template [12ms]
2025-11-25 16:14:12.983 [info] > git for-each-ref --format=%(refname)%00%(upstream:short)%00%(objectname)%00%(upstream:track)%00%(upstream:remotename)%00%(upstream:remoteref) refs/heads/main refs/remotes/main [1ms]
2025-11-25 16:14:13.005 [info] > git status -z -uall [12ms]
2025-11-25 16:14:13.007 [info] > git for-each-ref --sort -committerdate --format %(refname)%00%(objectname)%00%(*objectname) [3ms]
2025-11-25 16:43:40.899 [info] > git config --get commit.template [13ms]
2025-11-25 16:43:40.900 [info] > git for-each-ref --format=%(refname)%00%(upstream:short)%00%(objectname)%00%(upstream:track)%00%(upstream:remotename)%00%(upstream:remoteref) refs/heads/main refs/remotes/main [1ms]
2025-11-25 16:43:40.927 [info] > git for-each-ref --sort -committerdate --format %(refname)%00%(objectname)%00%(*objectname) [1ms]
2025-11-25 16:43:40.927 [info] > git status -z -uall [15ms]
2025-11-25 16:44:35.545 [info] > git config --get commit.template [13ms]
2025-11-25 16:44:35.546 [info] > git for-each-ref --format=%(refname)%00%(upstream:short)%00%(objectname)%00%(upstream:track)%00%(upstream:remotename)%00%(upstream:remoteref) refs/heads/main refs/remotes/main [1ms]
2025-11-25 16:44:35.570 [info] > git status -z -uall [13ms]
2025-11-25 16:44:35.570 [info] > git for-each-ref --sort -committerdate --format %(refname)%00%(objectname)%00%(*objectname) [2ms]
2025-11-25 16:47:05.649 [info] > git show --textconv :featureEngineer.py [14ms]
2025-11-25 16:47:05.649 [info] > git ls-files --stage -- featureEngineer.py [1ms]
2025-11-25 16:47:05.662 [info] > git cat-file -s b8cc8bbcf5780b06aec6c573479476dc93b8e6c0 [1ms]
2025-11-25 16:47:27.897 [info] > git show --textconv :featureEngineer.py [12ms]
2025-11-25 16:47:27.898 [info] > git ls-files --stage -- featureEngineer.py [1ms]
2025-11-25 16:47:27.911 [info] > git cat-file -s b8cc8bbcf5780b06aec6c573479476dc93b8e6c0 [2ms]
2025-11-25 16:47:36.528 [info] > git config --get commit.template [16ms]
2025-11-25 16:47:36.529 [info] > git for-each-ref --format=%(refname)%00%(upstream:short)%00%(objectname)%00%(upstream:track)%00%(upstream:remotename)%00%(upstream:remoteref) refs/heads/main refs/remotes/main [2ms]
2025-11-25 16:47:36.557 [info] > git status -z -uall [15ms]
2025-11-25 16:47:36.561 [info] > git for-each-ref --sort -committerdate --format %(refname)%00%(objectname)%00%(*objectname) [5ms]
2025-11-25 16:48:00.248 [info] > git config --get commit.template [12ms]
2025-11-25 16:48:00.249 [info] > git for-each-ref --format=%(refname)%00%(upstream:short)%00%(objectname)%00%(upstream:track)%00%(upstream:remotename)%00%(upstream:remoteref) refs/heads/main refs/remotes/main [1ms]
2025-11-25 16:48:00.274 [info] > git for-each-ref --sort -committerdate --format %(refname)%00%(objectname)%00%(*objectname) [2ms]
2025-11-25 16:48:00.274 [info] > git status -z -uall [14ms]
2025-11-25 16:48:01.276 [info] > git show --textconv :featureEngineer.py [13ms]
2025-11-25 16:48:01.277 [info] > git ls-files --stage -- featureEngineer.py [1ms]
2025-11-25 16:48:01.290 [info] > git cat-file -s b8cc8bbcf5780b06aec6c573479476dc93b8e6c0 [1ms]
2025-11-25 16:48:05.306 [info] > git config --get commit.template [11ms]
2025-11-25 16:48:05.307 [info] > git for-each-ref --format=%(refname)%00%(upstream:short)%00%(objectname)%00%(upstream:track)%00%(upstream:remotename)%00%(upstream:remoteref) refs/heads/main refs/remotes/main [1ms]
2025-11-25 16:48:05.331 [info] > git status -z -uall [13ms]
2025-11-25 16:48:05.333 [info] > git for-each-ref --sort -committerdate --format %(refname)%00%(objectname)%00%(*objectname) [3ms]
2025-11-25 16:48:10.223 [info] > git show --textconv :ML_setup.py [13ms]
2025-11-25 16:48:10.223 [info] > git ls-files --stage -- ML_setup.py [1ms]
2025-11-25 16:48:10.237 [info] > git cat-file -s f447280e5c51527dc42332f8f23e1cf0b37364f7 [1ms]
2025-11-25 16:48:16.348 [info] > git blame --root --incremental bc3275f8d6bd9be6bcd06098349cb0d69ea91ff9 -- ML_setup.py [8ms]
2025-11-25 16:50:04.065 [info] > git check-ignore -v -z --stdin [1ms]
2025-11-25 16:50:04.787 [info] > git config --get commit.template [13ms]
2025-11-25 16:50:04.787 [info] > git for-each-ref --format=%(refname)%00%(upstream:short)%00%(objectname)%00%(upstream:track)%00%(upstream:remotename)%00%(upstream:remoteref) refs/heads/main refs/remotes/main [1ms]
2025-11-25 16:50:04.812 [info] > git status -z -uall [13ms]
2025-11-25 16:50:04.817 [info] > git for-each-ref --sort -committerdate --format %(refname)%00%(objectname)%00%(*objectname) [6ms]
2025-11-25 16:50:27.899 [info] > git config --get commit.template [13ms]
2025-11-25 16:50:27.899 [info] > git for-each-ref --format=%(refname)%00%(upstream:short)%00%(objectname)%00%(upstream:track)%00%(upstream:remotename)%00%(upstream:remoteref) refs/heads/main refs/remotes/main [1ms]
2025-11-25 16:50:27.927 [info] > git status -z -uall [15ms]
2025-11-25 16:50:27.927 [info] > git for-each-ref --sort -committerdate --format %(refname)%00%(objectname)%00%(*objectname) [1ms]
2025-11-25 16:52:15.429 [info] > git config --get commit.template [13ms]
2025-11-25 16:52:15.430 [info] > git for-each-ref --format=%(refname)%00%(upstream:short)%00%(objectname)%00%(upstream:track)%00%(upstream:remotename)%00%(upstream:remoteref) refs/heads/main refs/remotes/main [1ms]
2025-11-25 16:52:15.457 [info] > git for-each-ref --sort -committerdate --format %(refname)%00%(objectname)%00%(*objectname) [2ms]
2025-11-25 16:52:15.458 [info] > git status -z -uall [17ms]
2025-11-25 17:27:11.079 [info] > git show --textconv :featureEngineer.py [12ms]
2025-11-25 17:27:11.080 [info] > git ls-files --stage -- featureEngineer.py [1ms]
2025-11-25 17:27:11.092 [info] > git cat-file -s b8cc8bbcf5780b06aec6c573479476dc93b8e6c0 [1ms]
2025-11-25 17:27:39.921 [info] > git config --get commit.template [12ms]
2025-11-25 17:27:39.921 [info] > git for-each-ref --format=%(refname)%00%(upstream:short)%00%(objectname)%00%(upstream:track)%00%(upstream:remotename)%00%(upstream:remoteref) refs/heads/main refs/remotes/main [1ms]
2025-11-25 17:27:39.945 [info] > git status -z -uall [13ms]
2025-11-25 17:27:39.945 [info] > git for-each-ref --sort -committerdate --format %(refname)%00%(objectname)%00%(*objectname) [2ms]
2025-11-25 17:27:55.015 [info] > git show --textconv :ML_setup.py [13ms]
2025-11-25 17:27:55.015 [info] > git ls-files --stage -- ML_setup.py [1ms]
2025-11-25 17:27:55.027 [info] > git cat-file -s f447280e5c51527dc42332f8f23e1cf0b37364f7 [1ms]
2025-11-25 17:28:06.314 [info] > git config --get commit.template [10ms]
2025-11-25 17:28:06.315 [info] > git for-each-ref --format=%(refname)%00%(upstream:short)%00%(objectname)%00%(upstream:track)%00%(upstream:remotename)%00%(upstream:remoteref) refs/heads/main refs/remotes/main [2ms]
2025-11-25 17:28:06.338 [info] > git status -z -uall [12ms]
2025-11-25 17:28:06.338 [info] > git for-each-ref --sort -committerdate --format %(refname)%00%(objectname)%00%(*objectname) [1ms]
2025-11-25 17:28:14.099 [info] > git config --get commit.template [11ms]
2025-11-25 17:28:14.100 [info] > git for-each-ref --format=%(refname)%00%(upstream:short)%00%(objectname)%00%(upstream:track)%00%(upstream:remotename)%00%(upstream:remoteref) refs/heads/main refs/remotes/main [1ms]
2025-11-25 17:28:14.124 [info] > git status -z -uall [13ms]
2025-11-25 17:28:14.125 [info] > git for-each-ref --sort -committerdate --format %(refname)%00%(objectname)%00%(*objectname) [2ms]
2025-11-25 17:28:29.500 [info] > git config --get commit.template [12ms]
2025-11-25 17:28:29.501 [info] > git for-each-ref --format=%(refname)%00%(upstream:short)%00%(objectname)%00%(upstream:track)%00%(upstream:remotename)%00%(upstream:remoteref) refs/heads/main refs/remotes/main [1ms]
2025-11-25 17:28:29.525 [info] > git status -z -uall [13ms]
2025-11-25 17:28:29.527 [info] > git for-each-ref --sort -committerdate --format %(refname)%00%(objectname)%00%(*objectname) [3ms]
2025-11-25 17:32:27.639 [info] > git show --textconv :featureEngineer.py [13ms]
2025-11-25 17:32:27.640 [info] > git ls-files --stage -- featureEngineer.py [2ms]
2025-11-25 17:32:27.651 [info] > git cat-file -s b8cc8bbcf5780b06aec6c573479476dc93b8e6c0 [1ms]
2025-11-25 17:33:26.705 [info] > git show --textconv :ML_setup.py [13ms]
2025-11-25 17:33:26.705 [info] > git ls-files --stage -- ML_setup.py [1ms]
2025-11-25 17:33:26.718 [info] > git cat-file -s f447280e5c51527dc42332f8f23e1cf0b37364f7 [2ms]
2025-11-25 17:33:36.773 [info] > git show --textconv :featureEngineer.py [13ms]
2025-11-25 17:33:36.774 [info] > git ls-files --stage -- featureEngineer.py [2ms]
2025-11-25 17:33:36.786 [info] > git cat-file -s b8cc8bbcf5780b06aec6c573479476dc93b8e6c0 [1ms]
2025-11-25 17:33:43.428 [info] > git show --textconv :ML_setup.py [12ms]
2025-11-25 17:33:43.429 [info] > git ls-files --stage -- ML_setup.py [1ms]
2025-11-25 17:33:43.441 [info] > git cat-file -s f447280e5c51527dc42332f8f23e1cf0b37364f7 [1ms]
2025-11-25 17:34:04.005 [info] > git config --get commit.template [12ms]
2025-11-25 17:34:04.006 [info] > git for-each-ref --format=%(refname)%00%(upstream:short)%00%(objectname)%00%(upstream:track)%00%(upstream:remotename)%00%(upstream:remoteref) refs/heads/main refs/remotes/main [1ms]
2025-11-25 17:34:04.031 [info] > git status -z -uall [14ms]
2025-11-25 17:34:04.031 [info] > git for-each-ref --sort -committerdate --format %(refname)%00%(objectname)%00%(*objectname) [2ms]
2025-11-25 17:34:12.676 [info] > git config --get commit.template [14ms]
2025-11-25 17:34:12.676 [info] > git for-each-ref --format=%(refname)%00%(upstream:short)%00%(objectname)%00%(upstream:track)%00%(upstream:remotename)%00%(upstream:remoteref) refs/heads/main refs/remotes/main [1ms]
2025-11-25 17:34:12.701 [info] > git status -z -uall [13ms]
2025-11-25 17:34:12.703 [info] > git for-each-ref --sort -committerdate --format %(refname)%00%(objectname)%00%(*objectname) [3ms]
2025-11-25 17:34:27.118 [info] > git show --textconv :ML_setup.py [12ms]
2025-11-25 17:34:27.119 [info] > git ls-files --stage -- ML_setup.py [1ms]
2025-11-25 17:34:27.131 [info] > git cat-file -s f447280e5c51527dc42332f8f23e1cf0b37364f7 [1ms]
2025-11-25 17:34:28.574 [info] > git config --get commit.template [12ms]
2025-11-25 17:34:28.574 [info] > git for-each-ref --format=%(refname)%00%(upstream:short)%00%(objectname)%00%(upstream:track)%00%(upstream:remotename)%00%(upstream:remoteref) refs/heads/main refs/remotes/main [1ms]
2025-11-25 17:34:28.598 [info] > git status -z -uall [12ms]
2025-11-25 17:34:28.600 [info] > git for-each-ref --sort -committerdate --format %(refname)%00%(objectname)%00%(*objectname) [3ms]
2025-11-25 17:36:23.969 [info] > git show --textconv :featureEngineer.py [13ms]
2025-11-25 17:36:23.970 [info] > git ls-files --stage -- featureEngineer.py [2ms]
2025-11-25 17:36:23.982 [info] > git cat-file -s b8cc8bbcf5780b06aec6c573479476dc93b8e6c0 [1ms]
2025-11-25 17:37:13.430 [info] > git config --get commit.template [13ms]
2025-11-25 17:37:13.430 [info] > git for-each-ref --format=%(refname)%00%(upstream:short)%00%(objectname)%00%(upstream:track)%00%(upstream:remotename)%00%(upstream:remoteref) refs/heads/main refs/remotes/main [1ms]
2025-11-25 17:37:13.456 [info] > git status -z -uall [13ms]
2025-11-25 17:37:13.458 [info] > git for-each-ref --sort -committerdate --format %(refname)%00%(objectname)%00%(*objectname) [3ms]
2025-11-25 17:37:18.678 [info] > git config --get commit.template [14ms]
2025-11-25 17:37:18.679 [info] > git for-each-ref --format=%(refname)%00%(upstream:short)%00%(objectname)%00%(upstream:track)%00%(upstream:remotename)%00%(upstream:remoteref) refs/heads/main refs/remotes/main [2ms]
2025-11-25 17:37:18.704 [info] > git status -z -uall [14ms]
2025-11-25 17:37:18.704 [info] > git for-each-ref --sort -committerdate --format %(refname)%00%(objectname)%00%(*objectname) [1ms]
2025-11-25 17:37:35.255 [info] > git config --get commit.template [12ms]
2025-11-25 17:37:35.255 [info] > git for-each-ref --format=%(refname)%00%(upstream:short)%00%(objectname)%00%(upstream:track)%00%(upstream:remotename)%00%(upstream:remoteref) refs/heads/main refs/remotes/main [1ms]
2025-11-25 17:37:35.279 [info] > git status -z -uall [13ms]
2025-11-25 17:37:35.281 [info] > git for-each-ref --sort -committerdate --format %(refname)%00%(objectname)%00%(*objectname) [3ms]
2025-11-25 17:37:40.372 [info] > git show --textconv :ML_setup.py [12ms]
2025-11-25 17:37:40.372 [info] > git ls-files --stage -- ML_setup.py [1ms]
2025-11-25 17:37:40.385 [info] > git cat-file -s f447280e5c51527dc42332f8f23e1cf0b37364f7 [1ms]
2025-11-25 17:37:48.340 [info] > git config --get commit.template [1ms]
2025-11-25 17:37:48.352 [info] > git for-each-ref --format=%(refname)%00%(upstream:short)%00%(objectname)%00%(upstream:track)%00%(upstream:remotename)%00%(upstream:remoteref) refs/heads/main refs/remotes/main [1ms]
2025-11-25 17:37:48.375 [info] > git status -z -uall [12ms]
2025-11-25 17:37:48.377 [info] > git for-each-ref --sort -committerdate --format %(refname)%00%(objectname)%00%(*objectname) [3ms]
2025-11-25 17:37:59.254 [info] > git config --get commit.template [13ms]
2025-11-25 17:37:59.255 [info] > git for-each-ref --format=%(refname)%00%(upstream:short)%00%(objectname)%00%(upstream:track)%00%(upstream:remotename)%00%(upstream:remoteref) refs/heads/main refs/remotes/main [1ms]
2025-11-25 17:37:59.279 [info] > git status -z -uall [13ms]
2025-11-25 17:37:59.281 [info] > git for-each-ref --sort -committerdate --format %(refname)%00%(objectname)%00%(*objectname) [3ms]
2025-11-25 17:38:14.875 [info] > git config --get commit.template [13ms]
2025-11-25 17:38:14.875 [info] > git for-each-ref --format=%(refname)%00%(upstream:short)%00%(objectname)%00%(upstream:track)%00%(upstream:remotename)%00%(upstream:remoteref) refs/heads/main refs/remotes/main [1ms]
2025-11-25 17:38:14.899 [info] > git status -z -uall [12ms]
2025-11-25 17:38:14.901 [info] > git for-each-ref --sort -committerdate --format %(refname)%00%(objectname)%00%(*objectname) [3ms]
2025-11-25 17:38:41.207 [info] > git show --textconv :targetEngineer.py [18ms]
2025-11-25 17:38:41.208 [info] > git ls-files --stage -- targetEngineer.py [2ms]
2025-11-25 17:38:41.224 [info] > git cat-file -s b2562bf1c3577f9124ee267a23a24a630da200a1 [2ms]
2025-11-25 17:39:02.827 [info] > git show --textconv :targetEngineer.py [13ms]
2025-11-25 17:39:02.828 [info] > git ls-files --stage -- targetEngineer.py [1ms]
2025-11-25 17:39:02.840 [info] > git cat-file -s b2562bf1c3577f9124ee267a23a24a630da200a1 [1ms]
2025-11-25 17:39:10.368 [info] > git show --textconv :targetEngineer.py [12ms]
2025-11-25 17:39:10.369 [info] > git ls-files --stage -- targetEngineer.py [1ms]
2025-11-25 17:39:10.380 [info] > git cat-file -s b2562bf1c3577f9124ee267a23a24a630da200a1 [1ms]
2025-11-25 17:39:27.779 [info] > git blame --root --incremental bc3275f8d6bd9be6bcd06098349cb0d69ea91ff9 -- targetEngineer.py [2ms]
2025-11-25 17:41:58.037 [info] > git show --textconv :targetEngineer.py [12ms]
2025-11-25 17:41:58.038 [info] > git ls-files --stage -- targetEngineer.py [1ms]
2025-11-25 17:41:58.050 [info] > git cat-file -s b2562bf1c3577f9124ee267a23a24a630da200a1 [1ms]
2025-11-25 17:43:17.105 [info] > git for-each-ref --format=%(refname)%00%(upstream:short)%00%(objectname)%00%(upstream:track)%00%(upstream:remotename)%00%(upstream:remoteref) refs/heads/main refs/remotes/main [3ms]
2025-11-25 17:43:17.105 [info] > git config --get commit.template [15ms]
2025-11-25 17:43:17.130 [info] > git status -z -uall [13ms]
2025-11-25 17:43:17.132 [info] > git for-each-ref --sort -committerdate --format %(refname)%00%(objectname)%00%(*objectname) [3ms]
2025-11-25 17:43:43.906 [info] > git config --get commit.template [11ms]
2025-11-25 17:43:43.906 [info] > git for-each-ref --format=%(refname)%00%(upstream:short)%00%(objectname)%00%(upstream:track)%00%(upstream:remotename)%00%(upstream:remoteref) refs/heads/main refs/remotes/main [1ms]
2025-11-25 17:43:43.927 [info] > git status -z -uall [11ms]
2025-11-25 17:43:43.929 [info] > git for-each-ref --sort -committerdate --format %(refname)%00%(objectname)%00%(*objectname) [3ms]
2025-11-25 17:43:47.543 [info] > git show --textconv :ML_setup.py [12ms]
2025-11-25 17:43:47.543 [info] > git ls-files --stage -- ML_setup.py [1ms]
2025-11-25 17:43:47.555 [info] > git cat-file -s f447280e5c51527dc42332f8f23e1cf0b37364f7 [1ms]
2025-11-25 17:43:48.959 [info] > git config --get commit.template [11ms]
2025-11-25 17:43:48.959 [info] > git for-each-ref --format=%(refname)%00%(upstream:short)%00%(objectname)%00%(upstream:track)%00%(upstream:remotename)%00%(upstream:remoteref) refs/heads/main refs/remotes/main [1ms]
2025-11-25 17:43:48.980 [info] > git status -z -uall [11ms]
2025-11-25 17:43:48.984 [info] > git for-each-ref --sort -committerdate --format %(refname)%00%(objectname)%00%(*objectname) [5ms]
2025-11-25 17:44:34.687 [info] > git show --textconv :targetEngineer.py [12ms]
2025-11-25 17:44:34.688 [info] > git ls-files --stage -- targetEngineer.py [2ms]
2025-11-25 17:44:34.698 [info] > git cat-file -s b2562bf1c3577f9124ee267a23a24a630da200a1 [1ms]
2025-11-25 17:44:40.382 [info] > git show --textconv :featureEngineer.py [11ms]
2025-11-25 17:44:40.383 [info] > git ls-files --stage -- featureEngineer.py [1ms]
2025-11-25 17:44:40.395 [info] > git cat-file -s b8cc8bbcf5780b06aec6c573479476dc93b8e6c0 [1ms]
2025-11-25 17:44:41.109 [info] > git show --textconv :ML_setup.py [12ms]
2025-11-25 17:44:41.110 [info] > git ls-files --stage -- ML_setup.py [2ms]
2025-11-25 17:44:41.121 [info] > git cat-file -s f447280e5c51527dc42332f8f23e1cf0b37364f7 [1ms]
2025-11-25 17:44:43.267 [info] > git config --get commit.template [12ms]
2025-11-25 17:44:43.268 [info] > git for-each-ref --format=%(refname)%00%(upstream:short)%00%(objectname)%00%(upstream:track)%00%(upstream:remotename)%00%(upstream:remoteref) refs/heads/main refs/remotes/main [1ms]
2025-11-25 17:44:43.290 [info] > git status -z -uall [12ms]
2025-11-25 17:44:43.294 [info] > git for-each-ref --sort -committerdate --format %(refname)%00%(objectname)%00%(*objectname) [5ms]
2025-11-25 17:45:36.634 [info] > git config --get commit.template [11ms]
2025-11-25 17:45:36.634 [info] > git for-each-ref --format=%(refname)%00%(upstream:short)%00%(objectname)%00%(upstream:track)%00%(upstream:remotename)%00%(upstream:remoteref) refs/heads/main refs/remotes/main [1ms]
2025-11-25 17:45:36.657 [info] > git status -z -uall [12ms]
2025-11-25 17:45:36.659 [info] > git for-each-ref --sort -committerdate --format %(refname)%00%(objectname)%00%(*objectname) [3ms]
2025-11-25 17:46:31.934 [info] > git config --get commit.template [11ms]
2025-11-25 17:46:31.934 [info] > git for-each-ref --format=%(refname)%00%(upstream:short)%00%(objectname)%00%(upstream:track)%00%(upstream:remotename)%00%(upstream:remoteref) refs/heads/main refs/remotes/main [1ms]
2025-11-25 17:46:31.957 [info] > git status -z -uall [12ms]
2025-11-25 17:46:31.958 [info] > git for-each-ref --sort -committerdate --format %(refname)%00%(objectname)%00%(*objectname) [2ms]
2025-11-25 17:47:12.356 [info] > git config --get commit.template [24ms]
2025-11-25 17:47:12.357 [info] > git ls-files --stage -- ML_setup.py [12ms]
2025-11-25 17:47:12.369 [info] > git for-each-ref --format=%(refname)%00%(upstream:short)%00%(objectname)%00%(upstream:track)%00%(upstream:remotename)%00%(upstream:remoteref) refs/heads/main refs/remotes/main [13ms]
2025-11-25 17:47:12.392 [info] > git cat-file -s f447280e5c51527dc42332f8f23e1cf0b37364f7 [24ms]
2025-11-25 17:47:12.393 [info] > git status -z -uall [13ms]
2025-11-25 17:47:12.393 [info] > git for-each-ref --sort -committerdate --format %(refname)%00%(objectname)%00%(*objectname) [2ms]
2025-11-25 17:47:12.413 [info] > git show --textconv :ML_setup.py [2ms]
2025-11-25 17:47:17.414 [info] > git config --get commit.template [0ms]
2025-11-25 17:47:17.426 [info] > git for-each-ref --format=%(refname)%00%(upstream:short)%00%(objectname)%00%(upstream:track)%00%(upstream:remotename)%00%(upstream:remoteref) refs/heads/main refs/remotes/main [1ms]
2025-11-25 17:47:17.448 [info] > git status -z -uall [11ms]
2025-11-25 17:47:17.450 [info] > git for-each-ref --sort -committerdate --format %(refname)%00%(objectname)%00%(*objectname) [3ms]
2025-11-25 17:47:50.588 [info] > git check-ignore -v -z --stdin [1ms]
2025-11-25 17:48:23.272 [info] > git config --get commit.template [13ms]
2025-11-25 17:48:23.273 [info] > git for-each-ref --format=%(refname)%00%(upstream:short)%00%(objectname)%00%(upstream:track)%00%(upstream:remotename)%00%(upstream:remoteref) refs/heads/main refs/remotes/main [2ms]
2025-11-25 17:48:23.299 [info] > git status -z -uall [13ms]
2025-11-25 17:48:23.303 [info] > git for-each-ref --sort -committerdate --format %(refname)%00%(objectname)%00%(*objectname) [5ms]
2025-11-25 17:49:00.521 [info] > git show --textconv :ML_setup.py [12ms]
2025-11-25 17:49:00.522 [info] > git ls-files --stage -- ML_setup.py [1ms]
2025-11-25 17:49:00.535 [info] > git cat-file -s f447280e5c51527dc42332f8f23e1cf0b37364f7 [1ms]
2025-11-25 17:54:03.635 [info] > git config --get commit.template [1ms]
2025-11-25 17:54:03.648 [info] > git for-each-ref --format=%(refname)%00%(upstream:short)%00%(objectname)%00%(upstream:track)%00%(upstream:remotename)%00%(upstream:remoteref) refs/heads/main refs/remotes/main [1ms]
2025-11-25 17:54:03.672 [info] > git status -z -uall [13ms]
2025-11-25 17:54:03.675 [info] > git for-each-ref --sort -committerdate --format %(refname)%00%(objectname)%00%(*objectname) [3ms]
2025-11-25 17:54:08.709 [info] > git for-each-ref --format=%(refname)%00%(upstream:short)%00%(objectname)%00%(upstream:track)%00%(upstream:remotename)%00%(upstream:remoteref) refs/heads/main refs/remotes/main [2ms]
2025-11-25 17:54:08.710 [info] > git config --get commit.template [15ms]
2025-11-25 17:54:08.734 [info] > git status -z -uall [13ms]
2025-11-25 17:54:08.737 [info] > git for-each-ref --sort -committerdate --format %(refname)%00%(objectname)%00%(*objectname) [4ms]
2025-11-25 17:59:53.574 [info] > git config --get commit.template [14ms]
2025-11-25 17:59:53.575 [info] > git for-each-ref --format=%(refname)%00%(upstream:short)%00%(objectname)%00%(upstream:track)%00%(upstream:remotename)%00%(upstream:remoteref) refs/heads/main refs/remotes/main [2ms]
2025-11-25 17:59:53.603 [info] > git status -z -uall [16ms]
2025-11-25 17:59:53.603 [info] > git for-each-ref --sort -committerdate --format %(refname)%00%(objectname)%00%(*objectname) [1ms]
2025-11-25 17:59:58.637 [info] > git config --get commit.template [12ms]
2025-11-25 17:59:58.638 [info] > git for-each-ref --format=%(refname)%00%(upstream:short)%00%(objectname)%00%(upstream:track)%00%(upstream:remotename)%00%(upstream:remoteref) refs/heads/main refs/remotes/main [1ms]
2025-11-25 17:59:58.661 [info] > git status -z -uall [12ms]
2025-11-25 17:59:58.663 [info] > git for-each-ref --sort -committerdate --format %(refname)%00%(objectname)%00%(*objectname) [3ms]
2025-11-25 18:03:07.513 [info] > git config --get commit.template [12ms]
2025-11-25 18:03:07.513 [info] > git for-each-ref --format=%(refname)%00%(upstream:short)%00%(objectname)%00%(upstream:track)%00%(upstream:remotename)%00%(upstream:remoteref) refs/heads/main refs/remotes/main [1ms]
2025-11-25 18:03:07.537 [info] > git status -z -uall [12ms]
2025-11-25 18:03:07.540 [info] > git for-each-ref --sort -committerdate --format %(refname)%00%(objectname)%00%(*objectname) [4ms]
2025-11-25 18:03:19.672 [info] > git config --get commit.template [13ms]
2025-11-25 18:03:19.673 [info] > git for-each-ref --format=%(refname)%00%(upstream:short)%00%(objectname)%00%(upstream:track)%00%(upstream:remotename)%00%(upstream:remoteref) refs/heads/main refs/remotes/main [2ms]
2025-11-25 18:03:19.697 [info] > git status -z -uall [12ms]
2025-11-25 18:03:19.699 [info] > git for-each-ref --sort -committerdate --format %(refname)%00%(objectname)%00%(*objectname) [3ms]
2025-11-25 18:03:25.954 [info] > git config --get commit.template [12ms]
2025-11-25 18:03:25.955 [info] > git for-each-ref --format=%(refname)%00%(upstream:short)%00%(objectname)%00%(upstream:track)%00%(upstream:remotename)%00%(upstream:remoteref) refs/heads/main refs/remotes/main [1ms]
2025-11-25 18:03:25.977 [info] > git status -z -uall [12ms]
2025-11-25 18:03:25.979 [info] > git for-each-ref --sort -committerdate --format %(refname)%00%(objectname)%00%(*objectname) [3ms]
2025-11-25 18:04:00.738 [info] > git config --get commit.template [14ms]
2025-11-25 18:04:00.739 [info] > git for-each-ref --format=%(refname)%00%(upstream:short)%00%(objectname)%00%(upstream:track)%00%(upstream:remotename)%00%(upstream:remoteref) refs/heads/main refs/remotes/main [1ms]
2025-11-25 18:04:00.765 [info] > git status -z -uall [14ms]
2025-11-25 18:04:00.765 [info] > git for-each-ref --sort -committerdate --format %(refname)%00%(objectname)%00%(*objectname) [1ms]
2025-11-25 18:04:02.325 [info] > git show --textconv :ML_setup.py [13ms]
2025-11-25 18:04:02.325 [info] > git ls-files --stage -- ML_setup.py [1ms]
2025-11-25 18:04:02.338 [info] > git cat-file -s f447280e5c51527dc42332f8f23e1cf0b37364f7 [1ms]
2025-11-25 18:04:05.797 [info] > git config --get commit.template [11ms]
2025-11-25 18:04:05.797 [info] > git for-each-ref --format=%(refname)%00%(upstream:short)%00%(objectname)%00%(upstream:track)%00%(upstream:remotename)%00%(upstream:remoteref) refs/heads/main refs/remotes/main [1ms]
2025-11-25 18:04:05.821 [info] > git status -z -uall [13ms]
2025-11-25 18:04:05.821 [info] > git for-each-ref --sort -committerdate --format %(refname)%00%(objectname)%00%(*objectname) [2ms]
2025-11-25 18:04:38.621 [info] > git config --get commit.template [13ms]
2025-11-25 18:04:38.621 [info] > git for-each-ref --format=%(refname)%00%(upstream:short)%00%(objectname)%00%(upstream:track)%00%(upstream:remotename)%00%(upstream:remoteref) refs/heads/main refs/remotes/main [1ms]
2025-11-25 18:04:38.648 [info] > git status -z -uall [14ms]
2025-11-25 18:04:38.648 [info] > git for-each-ref --sort -committerdate --format %(refname)%00%(objectname)%00%(*objectname) [2ms]
2025-11-25 18:04:43.744 [info] > git config --get commit.template [38ms]
2025-11-25 18:04:43.747 [info] > git for-each-ref --format=%(refname)%00%(upstream:short)%00%(objectname)%00%(upstream:track)%00%(upstream:remotename)%00%(upstream:remoteref) refs/heads/main refs/remotes/main [3ms]
2025-11-25 18:04:43.816 [info] > git status -z -uall [31ms]
2025-11-25 18:04:43.824 [info] > git for-each-ref --sort -committerdate --format %(refname)%00%(objectname)%00%(*objectname) [9ms]
2025-11-25 18:06:20.219 [info] > git show --textconv :ML_setup.py [37ms]
2025-11-25 18:06:20.221 [info] > git ls-files --stage -- ML_setup.py [7ms]
2025-11-25 18:06:20.254 [info] > git cat-file -s f447280e5c51527dc42332f8f23e1cf0b37364f7 [7ms]
2025-11-25 18:08:23.054 [info] > git show --textconv :featureEngineer.py [37ms]
2025-11-25 18:08:23.057 [info] > git ls-files --stage -- featureEngineer.py [3ms]
2025-11-25 18:08:23.088 [info] > git cat-file -s b8cc8bbcf5780b06aec6c573479476dc93b8e6c0 [1ms]
2025-11-25 18:13:54.733 [info] > git config --get commit.template [13ms]
2025-11-25 18:13:54.734 [info] > git for-each-ref --format=%(refname)%00%(upstream:short)%00%(objectname)%00%(upstream:track)%00%(upstream:remotename)%00%(upstream:remoteref) refs/heads/main refs/remotes/main [1ms]
2025-11-25 18:13:54.761 [info] > git status -z -uall [15ms]
2025-11-25 18:13:54.762 [info] > git for-each-ref --sort -committerdate --format %(refname)%00%(objectname)%00%(*objectname) [3ms]
2025-11-25 18:13:59.797 [info] > git config --get commit.template [12ms]
2025-11-25 18:13:59.797 [info] > git for-each-ref --format=%(refname)%00%(upstream:short)%00%(objectname)%00%(upstream:track)%00%(upstream:remotename)%00%(upstream:remoteref) refs/heads/main refs/remotes/main [1ms]
2025-11-25 18:13:59.823 [info] > git status -z -uall [14ms]
2025-11-25 18:13:59.825 [info] > git for-each-ref --sort -committerdate --format %(refname)%00%(objectname)%00%(*objectname) [4ms]
2025-11-25 18:27:02.910 [info] > git show --textconv :ML_setup.py [12ms]
2025-11-25 18:27:02.910 [info] > git ls-files --stage -- ML_setup.py [1ms]
2025-11-25 18:27:02.922 [info] > git cat-file -s f447280e5c51527dc42332f8f23e1cf0b37364f7 [1ms]
2025-11-25 18:29:38.636 [info] > git config --get commit.template [11ms]
2025-11-25 18:29:38.637 [info] > git for-each-ref --format=%(refname)%00%(upstream:short)%00%(objectname)%00%(upstream:track)%00%(upstream:remotename)%00%(upstream:remoteref) refs/heads/main refs/remotes/main [1ms]
2025-11-25 18:29:38.660 [info] > git status -z -uall [13ms]
2025-11-25 18:29:38.660 [info] > git for-each-ref --sort -committerdate --format %(refname)%00%(objectname)%00%(*objectname) [1ms]
2025-11-25 18:29:43.693 [info] > git config --get commit.template [12ms]
2025-11-25 18:29:43.693 [info] > git for-each-ref --format=%(refname)%00%(upstream:short)%00%(objectname)%00%(upstream:track)%00%(upstream:remotename)%00%(upstream:remoteref) refs/heads/main refs/remotes/main [1ms]
2025-11-25 18:29:43.717 [info] > git status -z -uall [13ms]
2025-11-25 18:29:43.717 [info] > git for-each-ref --sort -committerdate --format %(refname)%00%(objectname)%00%(*objectname) [2ms]
2025-11-25 18:29:49.409 [info] > git config --get commit.template [12ms]
2025-11-25 18:29:49.409 [info] > git for-each-ref --format=%(refname)%00%(upstream:short)%00%(objectname)%00%(upstream:track)%00%(upstream:remotename)%00%(upstream:remoteref) refs/heads/main refs/remotes/main [1ms]
2025-11-25 18:29:49.435 [info] > git status -z -uall [15ms]
2025-11-25 18:29:49.437 [info] > git for-each-ref --sort -committerdate --format %(refname)%00%(objectname)%00%(*objectname) [6ms]
2025-11-25 18:29:56.262 [info] > git config --get commit.template [12ms]
2025-11-25 18:29:56.262 [info] > git for-each-ref --format=%(refname)%00%(upstream:short)%00%(objectname)%00%(upstream:track)%00%(upstream:remotename)%00%(upstream:remoteref) refs/heads/main refs/remotes/main [1ms]
2025-11-25 18:29:56.286 [info] > git status -z -uall [12ms]
2025-11-25 18:29:56.288 [info] > git for-each-ref --sort -committerdate --format %(refname)%00%(objectname)%00%(*objectname) [3ms]
2025-11-25 18:30:07.493 [info] > git config --get commit.template [13ms]
2025-11-25 18:30:07.493 [info] > git for-each-ref --format=%(refname)%00%(upstream:short)%00%(objectname)%00%(upstream:track)%00%(upstream:remotename)%00%(upstream:remoteref) refs/heads/main refs/remotes/main [1ms]
2025-11-25 18:30:07.518 [info] > git status -z -uall [13ms]
2025-11-25 18:30:07.519 [info] > git for-each-ref --sort -committerdate --format %(refname)%00%(objectname)%00%(*objectname) [2ms]
2025-11-25 18:30:12.550 [info] > git config --get commit.template [11ms]
2025-11-25 18:30:12.551 [info] > git for-each-ref --format=%(refname)%00%(upstream:short)%00%(objectname)%00%(upstream:track)%00%(upstream:remotename)%00%(upstream:remoteref) refs/heads/main refs/remotes/main [1ms]
2025-11-25 18:30:12.574 [info] > git status -z -uall [12ms]
2025-11-25 18:30:12.576 [info] > git for-each-ref --sort -committerdate --format %(refname)%00%(objectname)%00%(*objectname) [2ms]
2025-11-25 18:30:17.608 [info] > git config --get commit.template [13ms]
2025-11-25 18:30:17.608 [info] > git for-each-ref --format=%(refname)%00%(upstream:short)%00%(objectname)%00%(upstream:track)%00%(upstream:remotename)%00%(upstream:remoteref) refs/heads/main refs/remotes/main [1ms]
2025-11-25 18:30:17.632 [info] > git status -z -uall [12ms]
2025-11-25 18:30:17.633 [info] > git for-each-ref --sort -committerdate --format %(refname)%00%(objectname)%00%(*objectname) [2ms]
2025-11-25 18:30:28.527 [info] > git config --get commit.template [13ms]
2025-11-25 18:30:28.528 [info] > git for-each-ref --format=%(refname)%00%(upstream:short)%00%(objectname)%00%(upstream:track)%00%(upstream:remotename)%00%(upstream:remoteref) refs/heads/main refs/remotes/main [2ms]
2025-11-25 18:30:28.551 [info] > git status -z -uall [12ms]
2025-11-25 18:30:28.553 [info] > git for-each-ref --sort -committerdate --format %(refname)%00%(objectname)%00%(*objectname) [3ms]
2025-11-25 18:30:42.071 [info] > git config --get commit.template [12ms]
2025-11-25 18:30:42.071 [info] > git for-each-ref --format=%(refname)%00%(upstream:short)%00%(objectname)%00%(upstream:track)%00%(upstream:remotename)%00%(upstream:remoteref) refs/heads/main refs/remotes/main [1ms]
2025-11-25 18:30:42.094 [info] > git status -z -uall [11ms]
2025-11-25 18:30:42.096 [info] > git for-each-ref --sort -committerdate --format %(refname)%00%(objectname)%00%(*objectname) [3ms]
2025-11-25 18:31:22.733 [info] > git config --get commit.template [12ms]
2025-11-25 18:31:22.734 [info] > git for-each-ref --format=%(refname)%00%(upstream:short)%00%(objectname)%00%(upstream:track)%00%(upstream:remotename)%00%(upstream:remoteref) refs/heads/main refs/remotes/main [1ms]
2025-11-25 18:31:22.758 [info] > git status -z -uall [13ms]
2025-11-25 18:31:22.760 [info] > git for-each-ref --sort -committerdate --format %(refname)%00%(objectname)%00%(*objectname) [2ms]
2025-11-25 18:31:35.335 [info] > git config --get commit.template [1ms]
2025-11-25 18:31:35.347 [info] > git for-each-ref --format=%(refname)%00%(upstream:short)%00%(objectname)%00%(upstream:track)%00%(upstream:remotename)%00%(upstream:remoteref) refs/heads/main refs/remotes/main [1ms]
2025-11-25 18:31:35.371 [info] > git status -z -uall [13ms]
2025-11-25 18:31:35.373 [info] > git for-each-ref --sort -committerdate --format %(refname)%00%(objectname)%00%(*objectname) [3ms]
2025-11-25 18:32:15.518 [info] > git config --get commit.template [1ms]
2025-11-25 18:32:15.531 [info] > git for-each-ref --format=%(refname)%00%(upstream:short)%00%(objectname)%00%(upstream:track)%00%(upstream:remotename)%00%(upstream:remoteref) refs/heads/main refs/remotes/main [2ms]
2025-11-25 18:32:15.556 [info] > git for-each-ref --sort -committerdate --format %(refname)%00%(objectname)%00%(*objectname) [2ms]
2025-11-25 18:32:15.559 [info] > git status -z -uall [16ms]
2025-11-25 18:32:20.592 [info] > git config --get commit.template [12ms]
2025-11-25 18:32:20.593 [info] > git for-each-ref --format=%(refname)%00%(upstream:short)%00%(objectname)%00%(upstream:track)%00%(upstream:remotename)%00%(upstream:remoteref) refs/heads/main refs/remotes/main [1ms]
2025-11-25 18:32:20.616 [info] > git status -z -uall [12ms]
2025-11-25 18:32:20.619 [info] > git for-each-ref --sort -committerdate --format %(refname)%00%(objectname)%00%(*objectname) [4ms]
2025-11-25 18:32:26.800 [info] > git config --get commit.template [11ms]
2025-11-25 18:32:26.801 [info] > git for-each-ref --format=%(refname)%00%(upstream:short)%00%(objectname)%00%(upstream:track)%00%(upstream:remotename)%00%(upstream:remoteref) refs/heads/main refs/remotes/main [1ms]
2025-11-25 18:32:26.824 [info] > git status -z -uall [12ms]
2025-11-25 18:32:26.826 [info] > git for-each-ref --sort -committerdate --format %(refname)%00%(objectname)%00%(*objectname) [3ms]
2025-11-25 18:32:29.488 [info] > git show --textconv :ML_setup.py [12ms]
2025-11-25 18:32:29.489 [info] > git ls-files --stage -- ML_setup.py [2ms]
2025-11-25 18:32:29.503 [info] > git cat-file -s f447280e5c51527dc42332f8f23e1cf0b37364f7 [1ms]
2025-11-25 18:32:53.214 [info] > git config --get commit.template [13ms]
2025-11-25 18:32:53.214 [info] > git for-each-ref --format=%(refname)%00%(upstream:short)%00%(objectname)%00%(upstream:track)%00%(upstream:remotename)%00%(upstream:remoteref) refs/heads/main refs/remotes/main [1ms]
2025-11-25 18:32:53.239 [info] > git status -z -uall [14ms]
2025-11-25 18:32:53.239 [info] > git for-each-ref --sort -committerdate --format %(refname)%00%(objectname)%00%(*objectname) [3ms]
2025-11-25 18:33:02.584 [info] > git ls-files --stage -- ML_setup.py [1ms]
2025-11-25 18:33:02.600 [info] > git cat-file -s f447280e5c51527dc42332f8f23e1cf0b37364f7 [2ms]
2025-11-25 18:33:02.622 [info] > git show --textconv :ML_setup.py [2ms]
2025-11-25 18:33:54.881 [info] > git config --get commit.template [11ms]
2025-11-25 18:33:54.882 [info] > git for-each-ref --format=%(refname)%00%(upstream:short)%00%(objectname)%00%(upstream:track)%00%(upstream:remotename)%00%(upstream:remoteref) refs/heads/main refs/remotes/main [1ms]
2025-11-25 18:33:54.906 [info] > git status -z -uall [13ms]
2025-11-25 18:33:54.908 [info] > git for-each-ref --sort -committerdate --format %(refname)%00%(objectname)%00%(*objectname) [3ms]
2025-11-25 18:34:50.150 [info] > git config --get commit.template [11ms]
2025-11-25 18:34:50.151 [info] > git for-each-ref --format=%(refname)%00%(upstream:short)%00%(objectname)%00%(upstream:track)%00%(upstream:remotename)%00%(upstream:remoteref) refs/heads/main refs/remotes/main [1ms]
2025-11-25 18:34:50.175 [info] > git status -z -uall [13ms]
2025-11-25 18:34:50.175 [info] > git for-each-ref --sort -committerdate --format %(refname)%00%(objectname)%00%(*objectname) [2ms]
2025-11-25 18:35:54.248 [info] > git config --get commit.template [11ms]
2025-11-25 18:35:54.248 [info] > git for-each-ref --format=%(refname)%00%(upstream:short)%00%(objectname)%00%(upstream:track)%00%(upstream:remotename)%00%(upstream:remoteref) refs/heads/main refs/remotes/main [1ms]
2025-11-25 18:35:54.273 [info] > git status -z -uall [14ms]
2025-11-25 18:35:54.273 [info] > git for-each-ref --sort -committerdate --format %(refname)%00%(objectname)%00%(*objectname) [1ms]
2025-11-25 18:37:26.930 [info] > git show --textconv :ML_setup.py [13ms]
2025-11-25 18:37:26.931 [info] > git ls-files --stage -- ML_setup.py [1ms]
2025-11-25 18:37:26.943 [info] > git cat-file -s f447280e5c51527dc42332f8f23e1cf0b37364f7 [1ms]
2025-11-25 18:38:01.635 [info] > git config --get commit.template [14ms]
2025-11-25 18:38:01.635 [info] > git for-each-ref --format=%(refname)%00%(upstream:short)%00%(objectname)%00%(upstream:track)%00%(upstream:remotename)%00%(upstream:remoteref) refs/heads/main refs/remotes/main [1ms]
2025-11-25 18:38:01.660 [info] > git status -z -uall [13ms]
2025-11-25 18:38:01.662 [info] > git for-each-ref --sort -committerdate --format %(refname)%00%(objectname)%00%(*objectname) [3ms]
2025-11-25 18:38:08.012 [info] > git config --get commit.template [13ms]
2025-11-25 18:38:08.013 [info] > git for-each-ref --format=%(refname)%00%(upstream:short)%00%(objectname)%00%(upstream:track)%00%(upstream:remotename)%00%(upstream:remoteref) refs/heads/main refs/remotes/main [2ms]
2025-11-25 18:38:08.038 [info] > git status -z -uall [13ms]
2025-11-25 18:38:08.040 [info] > git for-each-ref --sort -committerdate --format %(refname)%00%(objectname)%00%(*objectname) [3ms]
2025-11-25 18:40:55.205 [info] > git config --get commit.template [14ms]
2025-11-25 18:40:55.206 [info] > git for-each-ref --format=%(refname)%00%(upstream:short)%00%(objectname)%00%(upstream:track)%00%(upstream:remotename)%00%(upstream:remoteref) refs/heads/main refs/remotes/main [1ms]
2025-11-25 18:40:55.231 [info] > git status -z -uall [13ms]
2025-11-25 18:40:55.234 [info] > git for-each-ref --sort -committerdate --format %(refname)%00%(objectname)%00%(*objectname) [4ms]
2025-11-25 21:08:41.218 [info] > git show --textconv :ML_setup.py [13ms]
2025-11-25 21:08:41.219 [info] > git ls-files --stage -- ML_setup.py [2ms]
2025-11-25 21:08:41.234 [info] > git cat-file -s f447280e5c51527dc42332f8f23e1cf0b37364f7 [2ms]
2025-11-25 21:11:13.022 [info] > git show --textconv :ML_setup.py [13ms]
2025-11-25 21:11:13.023 [info] > git ls-files --stage -- ML_setup.py [1ms]
2025-11-25 21:11:13.037 [info] > git cat-file -s f447280e5c51527dc42332f8f23e1cf0b37364f7 [1ms]
2025-11-25 21:17:06.034 [info] > git config --get commit.template [18ms]
2025-11-25 21:17:06.035 [info] > git for-each-ref --format=%(refname)%00%(upstream:short)%00%(objectname)%00%(upstream:track)%00%(upstream:remotename)%00%(upstream:remoteref) refs/heads/main refs/remotes/main [2ms]
2025-11-25 21:17:06.069 [info] > git status -z -uall [16ms]
2025-11-25 21:17:06.069 [info] > git for-each-ref --sort -committerdate --format %(refname)%00%(objectname)%00%(*objectname) [1ms]
2025-11-26 12:23:21.889 [info] > git config --get commit.template [13ms]
2025-11-26 12:23:21.889 [info] > git for-each-ref --format=%(refname)%00%(upstream:short)%00%(objectname)%00%(upstream:track)%00%(upstream:remotename)%00%(upstream:remoteref) refs/heads/main refs/remotes/main [1ms]
2025-11-26 12:23:21.916 [info] > git status -z -uall [15ms]
2025-11-26 12:23:21.919 [info] > git for-each-ref --sort -committerdate --format %(refname)%00%(objectname)%00%(*objectname) [5ms]
2025-11-26 12:23:26.952 [info] > git config --get commit.template [12ms]
2025-11-26 12:23:26.953 [info] > git for-each-ref --format=%(refname)%00%(upstream:short)%00%(objectname)%00%(upstream:track)%00%(upstream:remotename)%00%(upstream:remoteref) refs/heads/main refs/remotes/main [1ms]
2025-11-26 12:23:26.977 [info] > git status -z -uall [13ms]
2025-11-26 12:23:26.979 [info] > git for-each-ref --sort -committerdate --format %(refname)%00%(objectname)%00%(*objectname) [3ms]
2025-11-26 12:23:40.500 [info] [main] Log level: Info
2025-11-26 12:23:40.500 [info] [main] Validating found git in: "git"
2025-11-26 12:23:40.500 [info] [main] Using git "2.51.0" from "git"
2025-11-26 12:23:40.500 [info] [Model][doInitialScan] Initial repository scan started
2025-11-26 12:23:40.500 [info] > git rev-parse --show-toplevel [138ms]
2025-11-26 12:23:40.500 [info] fatal: not a git repository (or any parent up to mount point /)
Stopping at filesystem boundary (GIT_DISCOVERY_ACROSS_FILESYSTEM not set).
2025-11-26 12:23:40.622 [info] > git rev-parse --show-toplevel [127ms]
2025-11-26 12:23:40.622 [info] fatal: not a git repository (or any parent up to mount point /)
Stopping at filesystem boundary (GIT_DISCOVERY_ACROSS_FILESYSTEM not set).
2025-11-26 12:23:40.810 [info] > git rev-parse --show-toplevel [182ms]
2025-11-26 12:23:40.810 [info] fatal: not a git repository (or any parent up to mount point /)
Stopping at filesystem boundary (GIT_DISCOVERY_ACROSS_FILESYSTEM not set).
2025-11-26 12:23:40.811 [info] [Model][doInitialScan] Initial repository scan completed - repositories (0), closed repositories (0), parent repositories (0), unsafe repositories (0)
2025-11-26 12:23:40.850 [info] > git rev-parse --show-toplevel [2ms]
2025-11-26 12:23:40.850 [info] fatal: not a git repository (or any parent up to mount point /)
Stopping at filesystem boundary (GIT_DISCOVERY_ACROSS_FILESYSTEM not set).
2025-11-26 12:23:41.106 [info] > git rev-parse --show-toplevel [5ms]
2025-11-26 12:23:41.106 [info] fatal: not a git repository (or any parent up to mount point /)
Stopping at filesystem boundary (GIT_DISCOVERY_ACROSS_FILESYSTEM not set).
2025-11-26 12:23:41.289 [info] > git rev-parse --show-toplevel [17ms]
2025-11-26 12:23:41.289 [info] fatal: not a git repository (or any parent up to mount point /)
Stopping at filesystem boundary (GIT_DISCOVERY_ACROSS_FILESYSTEM not set).
2025-11-26 12:27:31.840 [info] > git rev-parse --show-toplevel [2ms]
2025-11-26 12:27:31.840 [info] fatal: not a git repository (or any parent up to mount point /)
Stopping at filesystem boundary (GIT_DISCOVERY_ACROSS_FILESYSTEM not set).
2025-11-26 12:29:09.646 [info] > git rev-parse --show-toplevel [4ms]
2025-11-26 12:29:09.646 [info] fatal: not a git repository (or any parent up to mount point /)
Stopping at filesystem boundary (GIT_DISCOVERY_ACROSS_FILESYSTEM not set).
2025-11-26 12:29:38.303 [info] > git rev-parse --show-toplevel [2ms]
2025-11-26 12:29:38.303 [info] fatal: not a git repository (or any parent up to mount point /)
Stopping at filesystem boundary (GIT_DISCOVERY_ACROSS_FILESYSTEM not set).
2025-11-26 12:32:17.779 [info] > git rev-parse --show-toplevel [2ms]
2025-11-26 12:32:17.779 [info] fatal: not a git repository (or any parent up to mount point /)
Stopping at filesystem boundary (GIT_DISCOVERY_ACROSS_FILESYSTEM not set).
2025-11-26 12:32:54.695 [info] > git rev-parse --show-toplevel [2ms]
2025-11-26 12:32:54.695 [info] fatal: not a git repository (or any parent up to mount point /)
Stopping at filesystem boundary (GIT_DISCOVERY_ACROSS_FILESYSTEM not set).
2025-11-26 12:45:23.679 [info] > git rev-parse --show-toplevel [1ms]
2025-11-26 12:45:23.679 [info] fatal: not a git repository (or any parent up to mount point /)
Stopping at filesystem boundary (GIT_DISCOVERY_ACROSS_FILESYSTEM not set).
2025-11-26 12:50:22.975 [info] > git rev-parse --show-toplevel [2ms]
2025-11-26 12:50:22.975 [info] fatal: not a git repository (or any parent up to mount point /)
Stopping at filesystem boundary (GIT_DISCOVERY_ACROSS_FILESYSTEM not set).
2025-11-26 12:54:50.303 [info] > git rev-parse --show-toplevel [3ms]
2025-11-26 12:54:50.303 [info] fatal: not a git repository (or any parent up to mount point /)
Stopping at filesystem boundary (GIT_DISCOVERY_ACROSS_FILESYSTEM not set).
2025-11-26 12:57:50.988 [info] > git rev-parse --show-toplevel [1ms]
2025-11-26 12:57:50.988 [info] fatal: not a git repository (or any parent up to mount point /)
Stopping at filesystem boundary (GIT_DISCOVERY_ACROSS_FILESYSTEM not set).
2025-11-26 12:57:50.999 [info] > git rev-parse --show-toplevel [1ms]
2025-11-26 12:57:50.999 [info] fatal: not a git repository (or any parent up to mount point /)
Stopping at filesystem boundary (GIT_DISCOVERY_ACROSS_FILESYSTEM not set).
2025-11-26 12:59:09.817 [info] > git rev-parse --show-toplevel [1ms]
2025-11-26 12:59:09.817 [info] fatal: not a git repository (or any parent up to mount point /)
Stopping at filesystem boundary (GIT_DISCOVERY_ACROSS_FILESYSTEM not set).
2025-11-26 12:59:09.828 [info] > git rev-parse --show-toplevel [1ms]
2025-11-26 12:59:09.828 [info] fatal: not a git repository (or any parent up to mount point /)
Stopping at filesystem boundary (GIT_DISCOVERY_ACROSS_FILESYSTEM not set).
2025-11-26 12:59:45.678 [info] > git rev-parse --show-toplevel [1ms]
2025-11-26 12:59:45.678 [info] fatal: not a git repository (or any parent up to mount point /)
Stopping at filesystem boundary (GIT_DISCOVERY_ACROSS_FILESYSTEM not set).
2025-11-26 13:04:23.832 [info] > git rev-parse --show-toplevel [4ms]
2025-11-26 13:04:23.832 [info] fatal: not a git repository (or any parent up to mount point /)
Stopping at filesystem boundary (GIT_DISCOVERY_ACROSS_FILESYSTEM not set).
2025-11-26 13:09:27.562 [info] > git rev-parse --show-toplevel [2ms]
2025-11-26 13:09:27.562 [info] fatal: not a git repository (or any parent up to mount point /)
Stopping at filesystem boundary (GIT_DISCOVERY_ACROSS_FILESYSTEM not set).
2025-11-26 13:10:45.189 [info] > git rev-parse --show-toplevel [1ms]
2025-11-26 13:10:45.189 [info] fatal: not a git repository (or any parent up to mount point /)
Stopping at filesystem boundary (GIT_DISCOVERY_ACROSS_FILESYSTEM not set).
2025-11-26 15:06:33.419 [info] > git rev-parse --show-toplevel [3ms]
2025-11-26 15:06:33.419 [info] fatal: not a git repository (or any parent up to mount point /)
Stopping at filesystem boundary (GIT_DISCOVERY_ACROSS_FILESYSTEM not set).
2025-11-26 15:13:00.285 [info] > git rev-parse --show-toplevel [2ms]
2025-11-26 15:13:00.285 [info] fatal: not a git repository (or any parent up to mount point /)
Stopping at filesystem boundary (GIT_DISCOVERY_ACROSS_FILESYSTEM not set).
2025-11-26 15:16:08.890 [info] > git rev-parse --show-toplevel [3ms]
2025-11-26 15:16:08.890 [info] fatal: not a git repository (or any parent up to mount point /)
Stopping at filesystem boundary (GIT_DISCOVERY_ACROSS_FILESYSTEM not set).
2025-11-26 15:16:19.166 [info] > git rev-parse --show-toplevel [2ms]
2025-11-26 15:16:19.166 [info] fatal: not a git repository (or any parent up to mount point /)
Stopping at filesystem boundary (GIT_DISCOVERY_ACROSS_FILESYSTEM not set).
2025-11-26 15:24:13.519 [info] > git rev-parse --show-toplevel [2ms]
2025-11-26 15:24:13.519 [info] fatal: not a git repository (or any parent up to mount point /)
Stopping at filesystem boundary (GIT_DISCOVERY_ACROSS_FILESYSTEM not set).
2025-11-26 15:26:06.222 [info] > git rev-parse --show-toplevel [4ms]
2025-11-26 15:26:06.222 [info] fatal: not a git repository (or any parent up to mount point /)
Stopping at filesystem boundary (GIT_DISCOVERY_ACROSS_FILESYSTEM not set).
2025-11-26 15:26:06.235 [info] > git rev-parse --show-toplevel [2ms]
2025-11-26 15:26:06.235 [info] fatal: not a git repository (or any parent up to mount point /)
Stopping at filesystem boundary (GIT_DISCOVERY_ACROSS_FILESYSTEM not set).
2025-11-26 15:26:06.250 [info] > git rev-parse --show-toplevel [3ms]
2025-11-26 15:26:06.250 [info] fatal: not a git repository (or any parent up to mount point /)
Stopping at filesystem boundary (GIT_DISCOVERY_ACROSS_FILESYSTEM not set).
2025-11-26 15:27:19.043 [info] > git rev-parse --show-toplevel [4ms]
2025-11-26 15:27:19.043 [info] fatal: not a git repository (or any parent up to mount point /)
Stopping at filesystem boundary (GIT_DISCOVERY_ACROSS_FILESYSTEM not set).
2025-11-26 15:27:23.714 [info] > git rev-parse --show-toplevel [0ms]
2025-11-26 15:27:23.714 [info] fatal: not a git repository (or any parent up to mount point /)
Stopping at filesystem boundary (GIT_DISCOVERY_ACROSS_FILESYSTEM not set).
2025-11-26 15:29:02.760 [info] > git rev-parse --show-toplevel [3ms]
2025-11-26 15:29:02.760 [info] fatal: not a git repository (or any parent up to mount point /)
Stopping at filesystem boundary (GIT_DISCOVERY_ACROSS_FILESYSTEM not set).
2025-11-26 15:31:50.864 [info] > git rev-parse --show-toplevel [3ms]
2025-11-26 15:31:50.864 [info] fatal: not a git repository (or any parent up to mount point /)
Stopping at filesystem boundary (GIT_DISCOVERY_ACROSS_FILESYSTEM not set).
2025-11-26 15:31:59.130 [info] > git rev-parse --show-toplevel [2ms]
2025-11-26 15:31:59.130 [info] fatal: not a git repository (or any parent up to mount point /)
Stopping at filesystem boundary (GIT_DISCOVERY_ACROSS_FILESYSTEM not set).
2025-11-26 15:50:58.588 [info] > git rev-parse --show-toplevel [1ms]
2025-11-26 15:50:58.588 [info] fatal: not a git repository (or any parent up to mount point /)
Stopping at filesystem boundary (GIT_DISCOVERY_ACROSS_FILESYSTEM not set).
2025-11-26 15:57:05.166 [info] > git rev-parse --show-toplevel [2ms]
2025-11-26 15:57:05.166 [info] fatal: not a git repository (or any parent up to mount point /)
Stopping at filesystem boundary (GIT_DISCOVERY_ACROSS_FILESYSTEM not set).
2025-11-26 15:59:53.653 [info] > git rev-parse --show-toplevel [2ms]
2025-11-26 15:59:53.653 [info] fatal: not a git repository (or any parent up to mount point /)
Stopping at filesystem boundary (GIT_DISCOVERY_ACROSS_FILESYSTEM not set).
2025-11-26 16:00:36.224 [info] > git rev-parse --show-toplevel [2ms]
2025-11-26 16:00:36.224 [info] fatal: not a git repository (or any parent up to mount point /)
Stopping at filesystem boundary (GIT_DISCOVERY_ACROSS_FILESYSTEM not set).
2025-11-26 16:00:48.833 [info] > git rev-parse --show-toplevel [2ms]
2025-11-26 16:00:48.833 [info] fatal: not a git repository (or any parent up to mount point /)
Stopping at filesystem boundary (GIT_DISCOVERY_ACROSS_FILESYSTEM not set).
2025-11-26 16:00:52.047 [info] > git rev-parse --show-toplevel [3ms]
2025-11-26 16:00:52.047 [info] fatal: not a git repository (or any parent up to mount point /)
Stopping at filesystem boundary (GIT_DISCOVERY_ACROSS_FILESYSTEM not set).
2025-11-26 17:32:51.667 [info] > git rev-parse --show-toplevel [2ms]
2025-11-26 17:32:51.667 [info] fatal: not a git repository (or any parent up to mount point /)
Stopping at filesystem boundary (GIT_DISCOVERY_ACROSS_FILESYSTEM not set).
2025-11-26 17:33:30.093 [info] > git rev-parse --show-toplevel [3ms]
2025-11-26 17:33:30.093 [info] fatal: not a git repository (or any parent up to mount point /)
Stopping at filesystem boundary (GIT_DISCOVERY_ACROSS_FILESYSTEM not set).
2025-11-26 17:34:07.171 [info] > git rev-parse --show-toplevel [1ms]
2025-11-26 17:34:07.171 [info] fatal: not a git repository (or any parent up to mount point /)
Stopping at filesystem boundary (GIT_DISCOVERY_ACROSS_FILESYSTEM not set).
2025-11-26 17:34:29.179 [info] > git rev-parse --show-toplevel [1ms]
2025-11-26 17:34:29.179 [info] fatal: not a git repository (or any parent up to mount point /)
Stopping at filesystem boundary (GIT_DISCOVERY_ACROSS_FILESYSTEM not set).
