2025-11-24 13:37:25.905 [info] Reading sessions from keychain...
2025-11-24 13:37:25.905 [info] Getting sessions for all scopes...
2025-11-24 13:37:25.905 [info] Got 0 sessions for ...
2025-11-24 13:37:25.905 [info] Getting sessions for all scopes...
2025-11-24 13:37:25.905 [info] Got 0 sessions for ...
2025-11-24 13:37:25.905 [info] Getting sessions for all scopes...
2025-11-24 13:37:25.905 [info] Got 0 sessions for ...
2025-11-24 13:37:25.905 [info] Getting sessions for read:user,repo,user:email,workflow...
2025-11-24 13:37:25.905 [info] Got 0 sessions for read:user,repo,user:email,workflow...
2025-11-24 13:37:26.300 [info] Getting sessions for all scopes...
2025-11-24 13:37:26.300 [info] Got 0 sessions for ...
2025-11-24 13:37:26.300 [info] Getting sessions for all scopes...
2025-11-24 13:37:26.300 [info] Got 0 sessions for ...
2025-11-24 13:37:26.304 [info] Getting sessions for all scopes...
2025-11-24 13:37:26.304 [info] Got 0 sessions for ...
2025-11-24 13:37:29.953 [info] Reading sessions from keychain...
2025-11-24 13:37:29.953 [info] Getting sessions for all scopes...
2025-11-24 13:37:29.953 [info] Got 0 sessions for ...
2025-11-24 13:37:29.953 [info] Getting sessions for all scopes...
2025-11-24 13:37:29.953 [info] Got 0 sessions for ...
2025-11-24 13:37:29.953 [info] Getting sessions for all scopes...
2025-11-24 13:37:29.953 [info] Got 0 sessions for ...
2025-11-24 13:37:29.953 [info] Getting sessions for read:user,repo,user:email,workflow...
2025-11-24 13:37:29.953 [info] Got 0 sessions for read:user,repo,user:email,workflow...
2025-11-24 13:37:31.667 [info] Getting sessions for all scopes...
2025-11-24 13:37:31.667 [info] Got 0 sessions for ...
2025-11-24 13:37:31.667 [info] Getting sessions for all scopes...
2025-11-24 13:37:31.667 [info] Got 0 sessions for ...
2025-11-24 13:37:31.671 [info] Getting sessions for all scopes...
2025-11-24 13:37:31.671 [info] Got 0 sessions for ...
2025-11-24 13:40:59.633 [info] Getting sessions for read:user,repo,user:email,workflow...
2025-11-24 13:40:59.633 [info] Got 0 sessions for read:user,repo,user:email,workflow...
