2025-11-24 15:57:33.429 [info] Starting Python Locator /home/east/.vscode/extensions/ms-python.python-2025.18.0-linux-x64/python-env-tools/bin/pet server
2025-11-24 15:57:34.579 [info] Discovered env: /home/east/shared/eastSync/pyEast/ML/research/MLDev/.venv/bin/python
2025-11-24 15:57:34.713 [info] Discovered env: /bin/python
2025-11-24 15:57:34.735 [info] Discovered env: /usr/bin/python
2025-11-24 15:57:34.784 [info] Env ("/usr/sbin/python") in Path resolved as ResolvedPythonEnv { executable: "/usr/sbin/python", prefix: "/usr", version: "3.13.7.final.0", is64_bit: true, symlinks: Some(["/usr/sbin/python"]) } and reported as Some(GlobalPaths)
2025-11-24 15:57:34.785 [info] Discovered env: /usr/sbin/python
2025-11-24 15:57:34.788 [info] Env ("/sbin/python") in Path resolved as ResolvedPythonEnv { executable: "/sbin/python", prefix: "/usr", version: "3.13.7.final.0", is64_bit: true, symlinks: Some(["/sbin/python"]) } and reported as Some(GlobalPaths)
2025-11-24 15:57:34.788 [info] Discovered env: /sbin/python
2025-11-24 15:57:34.792 [info] Env ("/usr/sbin/python3") in Path resolved as ResolvedPythonEnv { executable: "/usr/sbin/python3", prefix: "/usr", version: "3.13.7.final.0", is64_bit: true, symlinks: Some(["/usr/sbin/python3"]) } and reported as Some(GlobalPaths)
2025-11-24 15:57:34.792 [info] Env ("/sbin/python3") in Path resolved as ResolvedPythonEnv { executable: "/sbin/python3", prefix: "/usr", version: "3.13.7.final.0", is64_bit: true, symlinks: Some(["/sbin/python3"]) } and reported as Some(GlobalPaths)
2025-11-24 15:57:34.792 [info] Discovered env: /usr/sbin/python3
2025-11-24 15:57:34.794 [info] Discovered env: /sbin/python3
2025-11-24 15:57:34.795 [info] Env ("/sbin/python3.13") in Path resolved as ResolvedPythonEnv { executable: "/sbin/python3.13", prefix: "/usr", version: "3.13.7.final.0", is64_bit: true, symlinks: Some(["/sbin/python3.13"]) } and reported as Some(GlobalPaths)
2025-11-24 15:57:34.796 [info] Discovered env: /sbin/python3.13
2025-11-24 15:57:34.797 [info] Env ("/usr/sbin/python3.13") in Path resolved as ResolvedPythonEnv { executable: "/usr/sbin/python3.13", prefix: "/usr", version: "3.13.7.final.0", is64_bit: true, symlinks: Some(["/usr/sbin/python3.13"]) } and reported as Some(GlobalPaths)
2025-11-24 15:57:34.797 [info] Discovered env: /usr/sbin/python3.13
2025-11-24 15:57:34.799 [info] Locator Conda took 59.874824ms
2025-11-24 15:57:34.799 [info] Locator Homebrew took 387.815µs
2025-11-24 15:57:34.799 [info] Locator LinuxGlobal took 83.597835ms
2025-11-24 15:57:34.800 [info] Locator PipEnv took 162.994µs
2025-11-24 15:57:34.800 [info] Locator Pixi took 59.461µs
2025-11-24 15:57:34.800 [info] Locator Poetry took 1.317491ms
2025-11-24 15:57:34.800 [info] Locator PyEnv took 430.264µs
2025-11-24 15:57:34.800 [info] Locator Venv took 254.816µs
2025-11-24 15:57:34.800 [info] Locator VirtualEnv took 116.597µs
2025-11-24 15:57:34.800 [info] Locator VirtualEnvWrapper took 430.604µs
2025-11-24 15:57:34.800 [info] Locator GlobalVirtualEnvs took 244.166µs
2025-11-24 15:57:34.800 [info] Locator Locators took 85.204336ms
2025-11-24 15:57:34.800 [info] Locator Path took 140.946299ms
2025-11-24 15:57:34.800 [info] Locator Workspaces took 21.182925ms
2025-11-24 15:57:34.800 [info] Refresh completed in 141ms
2025-11-24 15:57:34.802 [info] Resolved Python Environment /home/east/shared/eastSync/pyEast/ML/research/MLDev/.venv/bin/python
2025-11-24 15:58:10.726 [info] Starting Python Locator /home/east/.vscode/extensions/ms-python.python-2025.18.0-linux-x64/python-env-tools/bin/pet server
2025-11-24 15:58:11.631 [info] Discovered env: /bin/python
2025-11-24 15:58:11.633 [info] Env ("/usr/sbin/python") in Path resolved as ResolvedPythonEnv { executable: "/usr/sbin/python", prefix: "/usr", version: "3.13.7.final.0", is64_bit: true, symlinks: Some(["/usr/sbin/python"]) } and reported as Some(GlobalPaths)
2025-11-24 15:58:11.633 [info] Discovered env: /usr/sbin/python
2025-11-24 15:58:11.633 [info] Discovered env: /usr/bin/python
2025-11-24 15:58:11.634 [info] Env ("/sbin/python") in Path resolved as ResolvedPythonEnv { executable: "/sbin/python", prefix: "/usr", version: "3.13.7.final.0", is64_bit: true, symlinks: Some(["/sbin/python"]) } and reported as Some(GlobalPaths)
2025-11-24 15:58:11.634 [info] Discovered env: /sbin/python
2025-11-24 15:58:11.635 [info] Env ("/usr/sbin/python3") in Path resolved as ResolvedPythonEnv { executable: "/usr/sbin/python3", prefix: "/usr", version: "3.13.7.final.0", is64_bit: true, symlinks: Some(["/usr/sbin/python3"]) } and reported as Some(GlobalPaths)
2025-11-24 15:58:11.635 [info] Discovered env: /usr/sbin/python3
2025-11-24 15:58:11.635 [info] Env ("/sbin/python3") in Path resolved as ResolvedPythonEnv { executable: "/sbin/python3", prefix: "/usr", version: "3.13.7.final.0", is64_bit: true, symlinks: Some(["/sbin/python3"]) } and reported as Some(GlobalPaths)
2025-11-24 15:58:11.635 [info] Discovered env: /sbin/python3
2025-11-24 15:58:11.636 [info] Env ("/usr/sbin/python3.13") in Path resolved as ResolvedPythonEnv { executable: "/usr/sbin/python3.13", prefix: "/usr", version: "3.13.7.final.0", is64_bit: true, symlinks: Some(["/usr/sbin/python3.13"]) } and reported as Some(GlobalPaths)
2025-11-24 15:58:11.636 [info] Discovered env: /usr/sbin/python3.13
2025-11-24 15:58:11.636 [info] Env ("/sbin/python3.13") in Path resolved as ResolvedPythonEnv { executable: "/sbin/python3.13", prefix: "/usr", version: "3.13.7.final.0", is64_bit: true, symlinks: Some(["/sbin/python3.13"]) } and reported as Some(GlobalPaths)
2025-11-24 15:58:11.636 [info] Discovered env: /sbin/python3.13
2025-11-24 15:58:11.636 [info] Locator Conda took 82.910049ms
2025-11-24 15:58:11.636 [info] Locator Homebrew took 108.723µs
2025-11-24 15:58:11.636 [info] Locator LinuxGlobal took 107.03871ms
2025-11-24 15:58:11.636 [info] Locator PipEnv took 128.53µs
2025-11-24 15:58:11.636 [info] Locator Pixi took 63.79µs
2025-11-24 15:58:11.637 [info] Locator Poetry took 619.969µs
2025-11-24 15:58:11.637 [info] Locator PyEnv took 430.825µs
2025-11-24 15:58:11.637 [info] Locator Venv took 132.347µs
2025-11-24 15:58:11.637 [info] Locator VirtualEnv took 96.34µs
2025-11-24 15:58:11.637 [info] Locator VirtualEnvWrapper took 37.921µs
2025-11-24 15:58:11.637 [info] Locator GlobalVirtualEnvs took 167.904µs
2025-11-24 15:58:11.637 [info] Locator Locators took 108.119569ms
2025-11-24 15:58:11.637 [info] Locator Path took 148.171558ms
2025-11-24 15:58:11.637 [info] Locator Workspaces took 2.568208ms
2025-11-24 15:58:11.637 [info] Refresh completed in 148ms
2025-11-24 15:58:11.673 [info] Resolved Python Environment /bin/python
2025-11-24 15:59:04.160 [info] Resolved Python Environment /bin/python
2025-11-24 15:59:19.987 [info] Discovered env: /bin/python
2025-11-24 15:59:19.990 [info] Discovered env: /usr/bin/python
2025-11-24 15:59:20.009 [info] Env ("/sbin/python") in Path resolved as ResolvedPythonEnv { executable: "/sbin/python", prefix: "/usr", version: "3.13.7.final.0", is64_bit: true, symlinks: Some(["/sbin/python"]) } and reported as Some(GlobalPaths)
2025-11-24 15:59:20.009 [info] Discovered env: /sbin/python
2025-11-24 15:59:20.011 [info] Env ("/usr/sbin/python") in Path resolved as ResolvedPythonEnv { executable: "/usr/sbin/python", prefix: "/usr", version: "3.13.7.final.0", is64_bit: true, symlinks: Some(["/usr/sbin/python"]) } and reported as Some(GlobalPaths)
2025-11-24 15:59:20.011 [info] Discovered env: /usr/sbin/python
2025-11-24 15:59:20.027 [info] Env ("/sbin/python3") in Path resolved as ResolvedPythonEnv { executable: "/sbin/python3", prefix: "/usr", version: "3.13.7.final.0", is64_bit: true, symlinks: Some(["/sbin/python3"]) } and reported as Some(GlobalPaths)
2025-11-24 15:59:20.027 [info] Discovered env: /sbin/python3
2025-11-24 15:59:20.029 [info] Env ("/usr/sbin/python3") in Path resolved as ResolvedPythonEnv { executable: "/usr/sbin/python3", prefix: "/usr", version: "3.13.7.final.0", is64_bit: true, symlinks: Some(["/usr/sbin/python3"]) } and reported as Some(GlobalPaths)
2025-11-24 15:59:20.029 [info] Discovered env: /usr/sbin/python3
2025-11-24 15:59:20.044 [info] Env ("/sbin/python3.13") in Path resolved as ResolvedPythonEnv { executable: "/sbin/python3.13", prefix: "/usr", version: "3.13.7.final.0", is64_bit: true, symlinks: Some(["/sbin/python3.13"]) } and reported as Some(GlobalPaths)
2025-11-24 15:59:20.044 [info] Discovered env: /sbin/python3.13
2025-11-24 15:59:20.046 [info] Env ("/usr/sbin/python3.13") in Path resolved as ResolvedPythonEnv { executable: "/usr/sbin/python3.13", prefix: "/usr", version: "3.13.7.final.0", is64_bit: true, symlinks: Some(["/usr/sbin/python3.13"]) } and reported as Some(GlobalPaths)
2025-11-24 15:59:20.046 [info] Discovered env: /usr/sbin/python3.13
2025-11-24 15:59:20.046 [info] Locator Conda took 71.24131ms
2025-11-24 15:59:20.046 [info] Locator Homebrew took 106.719µs
2025-11-24 15:59:20.047 [info] Locator LinuxGlobal took 77.843245ms
2025-11-24 15:59:20.047 [info] Locator PipEnv took 11.852µs
2025-11-24 15:59:20.047 [info] Locator Pixi took 17.964µs
2025-11-24 15:59:20.047 [info] Locator Poetry took 107.471µs
2025-11-24 15:59:20.047 [info] Locator PyEnv took 113.713µs
2025-11-24 15:59:20.047 [info] Locator Venv took 28.834µs
2025-11-24 15:59:20.047 [info] Locator VirtualEnv took 61.495µs
2025-11-24 15:59:20.047 [info] Locator VirtualEnvWrapper took 14.147µs
2025-11-24 15:59:20.047 [info] Locator GlobalVirtualEnvs took 80.941µs
2025-11-24 15:59:20.047 [info] Locator Locators took 78.938852ms
2025-11-24 15:59:20.047 [info] Locator Path took 134.470792ms
2025-11-24 15:59:20.047 [info] Locator Workspaces took 2.575672ms
2025-11-24 15:59:20.047 [info] Refresh completed in 134ms
2025-11-24 15:59:28.980 [info] Discovered env: /bin/python
2025-11-24 15:59:28.983 [info] Discovered env: /usr/bin/python
2025-11-24 15:59:29.000 [info] Env ("/sbin/python") in Path resolved as ResolvedPythonEnv { executable: "/sbin/python", prefix: "/usr", version: "3.13.7.final.0", is64_bit: true, symlinks: Some(["/sbin/python"]) } and reported as Some(GlobalPaths)
2025-11-24 15:59:29.000 [info] Discovered env: /sbin/python
2025-11-24 15:59:29.001 [info] Env ("/usr/sbin/python") in Path resolved as ResolvedPythonEnv { executable: "/usr/sbin/python", prefix: "/usr", version: "3.13.7.final.0", is64_bit: true, symlinks: Some(["/usr/sbin/python"]) } and reported as Some(GlobalPaths)
2025-11-24 15:59:29.001 [info] Discovered env: /usr/sbin/python
2025-11-24 15:59:29.016 [info] Env ("/sbin/python3") in Path resolved as ResolvedPythonEnv { executable: "/sbin/python3", prefix: "/usr", version: "3.13.7.final.0", is64_bit: true, symlinks: Some(["/sbin/python3"]) } and reported as Some(GlobalPaths)
2025-11-24 15:59:29.016 [info] Discovered env: /sbin/python3
2025-11-24 15:59:29.018 [info] Env ("/usr/sbin/python3") in Path resolved as ResolvedPythonEnv { executable: "/usr/sbin/python3", prefix: "/usr", version: "3.13.7.final.0", is64_bit: true, symlinks: Some(["/usr/sbin/python3"]) } and reported as Some(GlobalPaths)
2025-11-24 15:59:29.018 [info] Discovered env: /usr/sbin/python3
2025-11-24 15:59:29.034 [info] Env ("/sbin/python3.13") in Path resolved as ResolvedPythonEnv { executable: "/sbin/python3.13", prefix: "/usr", version: "3.13.7.final.0", is64_bit: true, symlinks: Some(["/sbin/python3.13"]) } and reported as Some(GlobalPaths)
2025-11-24 15:59:29.034 [info] Discovered env: /sbin/python3.13
2025-11-24 15:59:29.037 [info] Env ("/usr/sbin/python3.13") in Path resolved as ResolvedPythonEnv { executable: "/usr/sbin/python3.13", prefix: "/usr", version: "3.13.7.final.0", is64_bit: true, symlinks: Some(["/usr/sbin/python3.13"]) } and reported as Some(GlobalPaths)
2025-11-24 15:59:29.037 [info] Discovered env: /usr/sbin/python3.13
2025-11-24 15:59:29.039 [info] Locator Conda took 60.993343ms
2025-11-24 15:59:29.039 [info] Locator Homebrew took 117.94µs
2025-11-24 15:59:29.039 [info] Locator LinuxGlobal took 65.882828ms
2025-11-24 15:59:29.039 [info] Locator PipEnv took 45.034µs
2025-11-24 15:59:29.039 [info] Locator Pixi took 30.396µs
2025-11-24 15:59:29.039 [info] Locator Poetry took 150.251µs
2025-11-24 15:59:29.039 [info] Locator PyEnv took 179.506µs
2025-11-24 15:59:29.039 [info] Locator Venv took 15.119µs
2025-11-24 15:59:29.039 [info] Locator VirtualEnv took 51.527µs
2025-11-24 15:59:29.039 [info] Locator VirtualEnvWrapper took 17.783µs
2025-11-24 15:59:29.039 [info] Locator GlobalVirtualEnvs took 82.614µs
2025-11-24 15:59:29.039 [info] Locator Locators took 66.629303ms
2025-11-24 15:59:29.039 [info] Locator Path took 122.188654ms
2025-11-24 15:59:29.040 [info] Locator Workspaces took 1.414633ms
2025-11-24 15:59:29.040 [info] Refresh completed in 122ms
2025-11-24 15:59:33.614 [info] Resolved Python Environment /home/east/shared/eastSync/pyEast/repos_playground/Time-Series-Library/.venv/bin/python
2025-11-24 15:59:36.116 [info] Resolved Python Environment /shared/eastSync/pyEast/repos_playground/Time-Series-Library/.venv/bin/python
2025-11-24 16:00:41.077 [info] Resolved Python Environment /shared/eastSync/pyEast/repos_playground/Time-Series-Library/.venv/bin/python
2025-11-24 16:01:33.693 [info] Resolved Python Environment /shared/eastSync/pyEast/repos_playground/Time-Series-Library/.venv/bin/python
2025-11-24 16:02:07.894 [info] Resolved Python Environment /shared/eastSync/pyEast/repos_playground/Time-Series-Library/.venv/bin/python
2025-11-24 16:23:50.435 [info] Resolved Python Environment /shared/eastSync/pyEast/repos_playground/Time-Series-Library/.venv/bin/python
2025-11-24 16:56:20.651 [info] Resolved Python Environment /shared/eastSync/pyEast/repos_playground/Time-Series-Library/.venv/bin/python
2025-11-24 16:56:40.949 [info] Starting Python Locator /home/east/.vscode/extensions/ms-python.python-2025.18.0-linux-x64/python-env-tools/bin/pet server
2025-11-24 16:56:44.983 [info] Starting Python Locator /home/east/.vscode/extensions/ms-python.python-2025.18.0-linux-x64/python-env-tools/bin/pet server
2025-11-24 16:56:46.172 [info] Discovered env: /home/east/shared/eastSync/pyEast/MLDev/.venv/bin/python
2025-11-24 16:56:46.190 [info] Discovered env: /bin/python
2025-11-24 16:56:46.199 [info] Discovered env: /usr/bin/python
2025-11-24 16:56:46.199 [info] Env ("/sbin/python") in Path resolved as ResolvedPythonEnv { executable: "/sbin/python", prefix: "/usr", version: "3.13.7.final.0", is64_bit: true, symlinks: Some(["/sbin/python"]) } and reported as Some(GlobalPaths)
2025-11-24 16:56:46.211 [info] Discovered env: /sbin/python
2025-11-24 16:56:46.249 [info] Env ("/usr/sbin/python") in Path resolved as ResolvedPythonEnv { executable: "/usr/sbin/python", prefix: "/usr", version: "3.13.7.final.0", is64_bit: true, symlinks: Some(["/usr/sbin/python"]) } and reported as Some(GlobalPaths)
2025-11-24 16:56:46.249 [info] Discovered env: /usr/sbin/python
2025-11-24 16:56:46.259 [info] Env ("/sbin/python3") in Path resolved as ResolvedPythonEnv { executable: "/sbin/python3", prefix: "/usr", version: "3.13.7.final.0", is64_bit: true, symlinks: Some(["/sbin/python3"]) } and reported as Some(GlobalPaths)
2025-11-24 16:56:46.260 [info] Discovered env: /sbin/python3
2025-11-24 16:56:46.260 [info] Env ("/usr/sbin/python3") in Path resolved as ResolvedPythonEnv { executable: "/usr/sbin/python3", prefix: "/usr", version: "3.13.7.final.0", is64_bit: true, symlinks: Some(["/usr/sbin/python3"]) } and reported as Some(GlobalPaths)
2025-11-24 16:56:46.260 [info] Discovered env: /usr/sbin/python3
2025-11-24 16:56:46.261 [info] Env ("/usr/sbin/python3.13") in Path resolved as ResolvedPythonEnv { executable: "/usr/sbin/python3.13", prefix: "/usr", version: "3.13.7.final.0", is64_bit: true, symlinks: Some(["/usr/sbin/python3.13"]) } and reported as Some(GlobalPaths)
2025-11-24 16:56:46.261 [info] Discovered env: /usr/sbin/python3.13
2025-11-24 16:56:46.261 [info] Env ("/sbin/python3.13") in Path resolved as ResolvedPythonEnv { executable: "/sbin/python3.13", prefix: "/usr", version: "3.13.7.final.0", is64_bit: true, symlinks: Some(["/sbin/python3.13"]) } and reported as Some(GlobalPaths)
2025-11-24 16:56:46.261 [info] Discovered env: /sbin/python3.13
2025-11-24 16:56:46.261 [info] Locator Conda took 1.360126193s
2025-11-24 16:56:46.261 [info] Locator Homebrew took 199.363µs
2025-11-24 16:56:46.261 [info] Locator LinuxGlobal took 1.382123525s
2025-11-24 16:56:46.261 [info] Locator PipEnv took 140.643µs
2025-11-24 16:56:46.262 [info] Locator Pixi took 61.224µs
2025-11-24 16:56:46.262 [info] Locator Poetry took 496.739µs
2025-11-24 16:56:46.262 [info] Locator PyEnv took 349.153µs
2025-11-24 16:56:46.262 [info] Locator Venv took 103.203µs
2025-11-24 16:56:46.262 [info] Locator VirtualEnv took 81.222µs
2025-11-24 16:56:46.262 [info] Locator VirtualEnvWrapper took 71.042µs
2025-11-24 16:56:46.262 [info] Locator GlobalVirtualEnvs took 139µs
2025-11-24 16:56:46.262 [info] Locator Locators took 1.383268867s
2025-11-24 16:56:46.262 [info] Locator Path took 1.434687979s
2025-11-24 16:56:46.262 [info] Locator Workspaces took 21.927271ms
2025-11-24 16:56:46.262 [info] Refresh completed in 1434ms
2025-11-24 16:56:46.308 [info] Resolved Python Environment /home/east/shared/eastSync/pyEast/MLDev/.venv/bin/python
2025-11-24 16:56:52.040 [info] Discovered env: /home/east/shared/eastSync/pyEast/MLDev/.venv/bin/python
2025-11-24 16:56:52.107 [info] Discovered env: /bin/python
2025-11-24 16:56:52.111 [info] Discovered env: /usr/bin/python
2025-11-24 16:56:52.114 [info] Env ("/usr/sbin/python") in Path resolved as ResolvedPythonEnv { executable: "/usr/sbin/python", prefix: "/usr", version: "3.13.7.final.0", is64_bit: true, symlinks: Some(["/usr/sbin/python"]) } and reported as Some(GlobalPaths)
2025-11-24 16:56:52.114 [info] Discovered env: /usr/sbin/python
2025-11-24 16:56:52.127 [info] Env ("/sbin/python") in Path resolved as ResolvedPythonEnv { executable: "/sbin/python", prefix: "/usr", version: "3.13.7.final.0", is64_bit: true, symlinks: Some(["/sbin/python"]) } and reported as Some(GlobalPaths)
2025-11-24 16:56:52.127 [info] Discovered env: /sbin/python
2025-11-24 16:56:52.132 [info] Env ("/usr/sbin/python3") in Path resolved as ResolvedPythonEnv { executable: "/usr/sbin/python3", prefix: "/usr", version: "3.13.7.final.0", is64_bit: true, symlinks: Some(["/usr/sbin/python3"]) } and reported as Some(GlobalPaths)
2025-11-24 16:56:52.132 [info] Discovered env: /usr/sbin/python3
2025-11-24 16:56:52.147 [info] Env ("/sbin/python3") in Path resolved as ResolvedPythonEnv { executable: "/sbin/python3", prefix: "/usr", version: "3.13.7.final.0", is64_bit: true, symlinks: Some(["/sbin/python3"]) } and reported as Some(GlobalPaths)
2025-11-24 16:56:52.148 [info] Discovered env: /sbin/python3
2025-11-24 16:56:52.150 [info] Env ("/usr/sbin/python3.13") in Path resolved as ResolvedPythonEnv { executable: "/usr/sbin/python3.13", prefix: "/usr", version: "3.13.7.final.0", is64_bit: true, symlinks: Some(["/usr/sbin/python3.13"]) } and reported as Some(GlobalPaths)
2025-11-24 16:56:52.150 [info] Discovered env: /usr/sbin/python3.13
2025-11-24 16:56:52.162 [info] Env ("/sbin/python3.13") in Path resolved as ResolvedPythonEnv { executable: "/sbin/python3.13", prefix: "/usr", version: "3.13.7.final.0", is64_bit: true, symlinks: Some(["/sbin/python3.13"]) } and reported as Some(GlobalPaths)
2025-11-24 16:56:52.162 [info] Discovered env: /sbin/python3.13
2025-11-24 16:56:52.162 [info] Locator Conda took 73.023219ms
2025-11-24 16:56:52.163 [info] Locator Homebrew took 217.607µs
2025-11-24 16:56:52.163 [info] Locator LinuxGlobal took 75.095192ms
2025-11-24 16:56:52.163 [info] Locator PipEnv took 47.379µs
2025-11-24 16:56:52.163 [info] Locator Pixi took 56.205µs
2025-11-24 16:56:52.163 [info] Locator Poetry took 150.151µs
2025-11-24 16:56:52.163 [info] Locator PyEnv took 125.254µs
2025-11-24 16:56:52.163 [info] Locator Venv took 43.261µs
2025-11-24 16:56:52.163 [info] Locator VirtualEnv took 200.726µs
2025-11-24 16:56:52.163 [info] Locator VirtualEnvWrapper took 16.06µs
2025-11-24 16:56:52.163 [info] Locator GlobalVirtualEnvs took 144.34µs
2025-11-24 16:56:52.163 [info] Locator Locators took 76.031152ms
2025-11-24 16:56:52.163 [info] Locator Path took 127.172606ms
2025-11-24 16:56:52.163 [info] Locator Workspaces took 6.357374ms
2025-11-24 16:56:52.163 [info] Refresh completed in 127ms
2025-11-24 16:57:17.921 [info] Resolved Python Environment /home/east/shared/eastSync/pyEast/MLDev/.venv/bin/python
2025-11-24 16:58:04.921 [info] Resolved Python Environment /home/east/shared/eastSync/pyEast/MLDev/.venv/bin/python
2025-11-24 16:59:10.717 [info] Discovered env: /home/east/shared/eastSync/pyEast/MLDev/.venv/bin/python
2025-11-24 16:59:10.720 [info] Resolved Python Environment /home/east/shared/eastSync/pyEast/MLDev/.venv/bin/python
2025-11-24 16:59:10.806 [info] Discovered env: /bin/python
2025-11-24 16:59:10.807 [info] Discovered env: /usr/bin/python
2025-11-24 16:59:10.807 [info] Env ("/sbin/python") in Path resolved as ResolvedPythonEnv { executable: "/sbin/python", prefix: "/usr", version: "3.13.7.final.0", is64_bit: true, symlinks: Some(["/sbin/python"]) } and reported as Some(GlobalPaths)
2025-11-24 16:59:10.807 [info] Discovered env: /sbin/python
2025-11-24 16:59:10.808 [info] Env ("/usr/sbin/python") in Path resolved as ResolvedPythonEnv { executable: "/usr/sbin/python", prefix: "/usr", version: "3.13.7.final.0", is64_bit: true, symlinks: Some(["/usr/sbin/python"]) } and reported as Some(GlobalPaths)
2025-11-24 16:59:10.808 [info] Discovered env: /usr/sbin/python
2025-11-24 16:59:10.809 [info] Env ("/sbin/python3") in Path resolved as ResolvedPythonEnv { executable: "/sbin/python3", prefix: "/usr", version: "3.13.7.final.0", is64_bit: true, symlinks: Some(["/sbin/python3"]) } and reported as Some(GlobalPaths)
2025-11-24 16:59:10.809 [info] Discovered env: /sbin/python3
2025-11-24 16:59:10.810 [info] Env ("/usr/sbin/python3") in Path resolved as ResolvedPythonEnv { executable: "/usr/sbin/python3", prefix: "/usr", version: "3.13.7.final.0", is64_bit: true, symlinks: Some(["/usr/sbin/python3"]) } and reported as Some(GlobalPaths)
2025-11-24 16:59:10.810 [info] Discovered env: /usr/sbin/python3
2025-11-24 16:59:10.827 [info] Env ("/sbin/python3.13") in Path resolved as ResolvedPythonEnv { executable: "/sbin/python3.13", prefix: "/usr", version: "3.13.7.final.0", is64_bit: true, symlinks: Some(["/sbin/python3.13"]) } and reported as Some(GlobalPaths)
2025-11-24 16:59:10.827 [info] Discovered env: /sbin/python3.13
2025-11-24 16:59:10.827 [info] Env ("/usr/sbin/python3.13") in Path resolved as ResolvedPythonEnv { executable: "/usr/sbin/python3.13", prefix: "/usr", version: "3.13.7.final.0", is64_bit: true, symlinks: Some(["/usr/sbin/python3.13"]) } and reported as Some(GlobalPaths)
2025-11-24 16:59:10.828 [info] Discovered env: /usr/sbin/python3.13
2025-11-24 16:59:10.828 [info] Locator Conda took 69.085244ms
2025-11-24 16:59:10.828 [info] Locator Homebrew took 233.867µs
2025-11-24 16:59:10.828 [info] Locator LinuxGlobal took 70.548059ms
2025-11-24 16:59:10.828 [info] Locator PipEnv took 79.919µs
2025-11-24 16:59:10.828 [info] Locator Pixi took 91.862µs
2025-11-24 16:59:10.828 [info] Locator Poetry took 187.711µs
2025-11-24 16:59:10.828 [info] Locator PyEnv took 221.895µs
2025-11-24 16:59:10.828 [info] Locator Venv took 37.981µs
2025-11-24 16:59:10.828 [info] Locator VirtualEnv took 160.35µs
2025-11-24 16:59:10.828 [info] Locator VirtualEnvWrapper took 18.394µs
2025-11-24 16:59:10.828 [info] Locator GlobalVirtualEnvs took 127.328µs
2025-11-24 16:59:10.828 [info] Locator Locators took 72.792564ms
2025-11-24 16:59:10.828 [info] Locator Path took 119.145366ms
2025-11-24 16:59:10.829 [info] Locator Workspaces took 10.249417ms
2025-11-24 16:59:10.829 [info] Refresh completed in 119ms
2025-11-24 17:00:25.301 [info] Resolved Python Environment /home/east/shared/eastSync/pyEast/MLDev/.venv/bin/python
2025-11-24 17:01:08.769 [info] Resolved Python Environment /home/east/shared/eastSync/pyEast/MLDev/.venv/bin/python
2025-11-24 17:06:31.622 [info] Resolved Python Environment /home/east/shared/eastSync/pyEast/MLDev/.venv/bin/python
2025-11-24 17:18:19.252 [info] Resolved Python Environment /home/east/shared/eastSync/pyEast/MLDev/.venv/bin/python
2025-11-24 17:18:53.833 [info] Resolved Python Environment /home/east/shared/eastSync/pyEast/MLDev/.venv/bin/python
2025-11-24 17:24:05.936 [info] Resolved Python Environment /home/east/shared/eastSync/pyEast/MLDev/.venv/bin/python
2025-11-24 17:28:06.923 [info] Resolved Python Environment /home/east/shared/eastSync/pyEast/MLDev/.venv/bin/python
2025-11-24 17:30:03.435 [info] Resolved Python Environment /home/east/shared/eastSync/pyEast/MLDev/.venv/bin/python
2025-11-24 17:32:54.094 [info] Resolved Python Environment /home/east/shared/eastSync/pyEast/MLDev/.venv/bin/python
2025-11-24 17:35:00.389 [info] Resolved Python Environment /home/east/shared/eastSync/pyEast/MLDev/.venv/bin/python
2025-11-24 17:37:42.071 [info] Resolved Python Environment /home/east/shared/eastSync/pyEast/MLDev/.venv/bin/python
2025-11-24 19:05:13.766 [info] Resolved Python Environment /home/east/shared/eastSync/pyEast/MLDev/.venv/bin/python
2025-11-24 19:05:53.190 [info] Resolved Python Environment /home/east/shared/eastSync/pyEast/MLDev/.venv/bin/python
2025-11-24 19:06:24.929 [info] Resolved Python Environment /home/east/shared/eastSync/pyEast/MLDev/.venv/bin/python
2025-11-24 19:07:03.653 [info] Resolved Python Environment /home/east/shared/eastSync/pyEast/MLDev/.venv/bin/python
2025-11-24 19:08:06.823 [info] Discovered env: /home/east/shared/eastSync/pyEast/MLDev/.venv/bin/python
2025-11-24 19:08:06.833 [info] Resolved Python Environment /home/east/shared/eastSync/pyEast/MLDev/.venv/bin/python
2025-11-24 19:08:06.884 [info] Discovered env: /bin/python
2025-11-24 19:08:06.888 [info] Discovered env: /usr/bin/python
2025-11-24 19:08:06.888 [info] Env ("/usr/sbin/python") in Path resolved as ResolvedPythonEnv { executable: "/usr/sbin/python", prefix: "/usr", version: "3.13.7.final.0", is64_bit: true, symlinks: Some(["/usr/sbin/python"]) } and reported as Some(GlobalPaths)
2025-11-24 19:08:06.889 [info] Discovered env: /usr/sbin/python
2025-11-24 19:08:06.901 [info] Env ("/sbin/python") in Path resolved as ResolvedPythonEnv { executable: "/sbin/python", prefix: "/usr", version: "3.13.7.final.0", is64_bit: true, symlinks: Some(["/sbin/python"]) } and reported as Some(GlobalPaths)
2025-11-24 19:08:06.901 [info] Discovered env: /sbin/python
2025-11-24 19:08:06.902 [info] Env ("/usr/sbin/python3") in Path resolved as ResolvedPythonEnv { executable: "/usr/sbin/python3", prefix: "/usr", version: "3.13.7.final.0", is64_bit: true, symlinks: Some(["/usr/sbin/python3"]) } and reported as Some(GlobalPaths)
2025-11-24 19:08:06.902 [info] Discovered env: /usr/sbin/python3
2025-11-24 19:08:06.919 [info] Env ("/sbin/python3") in Path resolved as ResolvedPythonEnv { executable: "/sbin/python3", prefix: "/usr", version: "3.13.7.final.0", is64_bit: true, symlinks: Some(["/sbin/python3"]) } and reported as Some(GlobalPaths)
2025-11-24 19:08:06.919 [info] Discovered env: /sbin/python3
2025-11-24 19:08:06.920 [info] Env ("/usr/sbin/python3.13") in Path resolved as ResolvedPythonEnv { executable: "/usr/sbin/python3.13", prefix: "/usr", version: "3.13.7.final.0", is64_bit: true, symlinks: Some(["/usr/sbin/python3.13"]) } and reported as Some(GlobalPaths)
2025-11-24 19:08:06.920 [info] Discovered env: /usr/sbin/python3.13
2025-11-24 19:08:06.933 [info] Env ("/sbin/python3.13") in Path resolved as ResolvedPythonEnv { executable: "/sbin/python3.13", prefix: "/usr", version: "3.13.7.final.0", is64_bit: true, symlinks: Some(["/sbin/python3.13"]) } and reported as Some(GlobalPaths)
2025-11-24 19:08:06.933 [info] Discovered env: /sbin/python3.13
2025-11-24 19:08:06.934 [info] Locator Conda took 66.110289ms
2025-11-24 19:08:06.934 [info] Locator Homebrew took 64.38µs
2025-11-24 19:08:06.934 [info] Locator LinuxGlobal took 68.570411ms
2025-11-24 19:08:06.934 [info] Locator PipEnv took 13.956µs
2025-11-24 19:08:06.934 [info] Locator Pixi took 24.325µs
2025-11-24 19:08:06.934 [info] Locator Poetry took 113.592µs
2025-11-24 19:08:06.934 [info] Locator PyEnv took 87.954µs
2025-11-24 19:08:06.934 [info] Locator Venv took 63.067µs
2025-11-24 19:08:06.934 [info] Locator VirtualEnv took 31.168µs
2025-11-24 19:08:06.934 [info] Locator VirtualEnvWrapper took 55.403µs
2025-11-24 19:08:06.934 [info] Locator GlobalVirtualEnvs took 62.387µs
2025-11-24 19:08:06.934 [info] Locator Locators took 69.583183ms
2025-11-24 19:08:06.934 [info] Locator Path took 115.160816ms
2025-11-24 19:08:06.934 [info] Locator Workspaces took 4.433065ms
2025-11-24 19:08:06.934 [info] Refresh completed in 115ms
2025-11-24 19:08:12.274 [info] Discovered env: /home/east/shared/eastSync/pyEast/MLDev/.venv/bin/python
2025-11-24 19:08:12.332 [info] Discovered env: /bin/python
2025-11-24 19:08:12.334 [info] Discovered env: /usr/bin/python
2025-11-24 19:08:12.343 [info] Env ("/sbin/python") in Path resolved as ResolvedPythonEnv { executable: "/sbin/python", prefix: "/usr", version: "3.13.7.final.0", is64_bit: true, symlinks: Some(["/sbin/python"]) } and reported as Some(GlobalPaths)
2025-11-24 19:08:12.343 [info] Discovered env: /sbin/python
2025-11-24 19:08:12.345 [info] Env ("/usr/sbin/python") in Path resolved as ResolvedPythonEnv { executable: "/usr/sbin/python", prefix: "/usr", version: "3.13.7.final.0", is64_bit: true, symlinks: Some(["/usr/sbin/python"]) } and reported as Some(GlobalPaths)
2025-11-24 19:08:12.345 [info] Discovered env: /usr/sbin/python
2025-11-24 19:08:12.360 [info] Env ("/sbin/python3") in Path resolved as ResolvedPythonEnv { executable: "/sbin/python3", prefix: "/usr", version: "3.13.7.final.0", is64_bit: true, symlinks: Some(["/sbin/python3"]) } and reported as Some(GlobalPaths)
2025-11-24 19:08:12.360 [info] Discovered env: /sbin/python3
2025-11-24 19:08:12.362 [info] Env ("/usr/sbin/python3") in Path resolved as ResolvedPythonEnv { executable: "/usr/sbin/python3", prefix: "/usr", version: "3.13.7.final.0", is64_bit: true, symlinks: Some(["/usr/sbin/python3"]) } and reported as Some(GlobalPaths)
2025-11-24 19:08:12.362 [info] Discovered env: /usr/sbin/python3
2025-11-24 19:08:12.377 [info] Env ("/sbin/python3.13") in Path resolved as ResolvedPythonEnv { executable: "/sbin/python3.13", prefix: "/usr", version: "3.13.7.final.0", is64_bit: true, symlinks: Some(["/sbin/python3.13"]) } and reported as Some(GlobalPaths)
2025-11-24 19:08:12.377 [info] Discovered env: /sbin/python3.13
2025-11-24 19:08:12.380 [info] Env ("/usr/sbin/python3.13") in Path resolved as ResolvedPythonEnv { executable: "/usr/sbin/python3.13", prefix: "/usr", version: "3.13.7.final.0", is64_bit: true, symlinks: Some(["/usr/sbin/python3.13"]) } and reported as Some(GlobalPaths)
2025-11-24 19:08:12.380 [info] Discovered env: /usr/sbin/python3.13
2025-11-24 19:08:12.382 [info] Locator Conda took 60.692588ms
2025-11-24 19:08:12.382 [info] Locator Homebrew took 58.89µs
2025-11-24 19:08:12.382 [info] Locator LinuxGlobal took 63.198987ms
2025-11-24 19:08:12.382 [info] Locator PipEnv took 17.272µs
2025-11-24 19:08:12.382 [info] Locator Pixi took 34.644µs
2025-11-24 19:08:12.382 [info] Locator Poetry took 112.55µs
2025-11-24 19:08:12.382 [info] Locator PyEnv took 113.302µs
2025-11-24 19:08:12.382 [info] Locator Venv took 21.58µs
2025-11-24 19:08:12.382 [info] Locator VirtualEnv took 23.313µs
2025-11-24 19:08:12.382 [info] Locator VirtualEnvWrapper took 12.303µs
2025-11-24 19:08:12.382 [info] Locator GlobalVirtualEnvs took 60.613µs
2025-11-24 19:08:12.382 [info] Locator Locators took 64.305533ms
2025-11-24 19:08:12.382 [info] Locator Path took 111.615951ms
2025-11-24 19:08:12.382 [info] Locator Workspaces took 4.514577ms
2025-11-24 19:08:12.382 [info] Refresh completed in 111ms
2025-11-24 19:08:24.328 [info] Resolved Python Environment /shared/eastSync/pyEast/MLDev/.venv/bin/python
2025-11-24 19:10:31.720 [info] Resolved Python Environment /shared/eastSync/pyEast/MLDev/.venv/bin/python
2025-11-24 19:11:13.122 [info] Resolved Python Environment /shared/eastSync/pyEast/MLDev/.venv/bin/python
2025-11-24 19:12:27.253 [info] Resolved Python Environment /shared/eastSync/pyEast/MLDev/.venv/bin/python
2025-11-24 19:14:23.379 [info] Resolved Python Environment /shared/eastSync/pyEast/MLDev/.venv/bin/python
2025-11-24 19:15:09.367 [info] Resolved Python Environment /shared/eastSync/pyEast/MLDev/.venv/bin/python
2025-11-24 19:21:30.607 [info] Resolved Python Environment /shared/eastSync/pyEast/MLDev/.venv/bin/python
2025-11-24 19:26:27.838 [info] Resolved Python Environment /shared/eastSync/pyEast/MLDev/.venv/bin/python
2025-11-24 19:27:05.053 [info] Resolved Python Environment /shared/eastSync/pyEast/MLDev/.venv/bin/python
2025-11-24 20:25:39.753 [info] Resolved Python Environment /shared/eastSync/pyEast/MLDev/.venv/bin/python
2025-11-24 20:30:50.401 [info] Resolved Python Environment /shared/eastSync/pyEast/MLDev/.venv/bin/python
2025-11-24 20:31:20.590 [info] Resolved Python Environment /shared/eastSync/pyEast/MLDev/.venv/bin/python
2025-11-24 20:32:03.388 [info] Resolved Python Environment /shared/eastSync/pyEast/MLDev/.venv/bin/python
2025-11-24 20:32:34.755 [info] Resolved Python Environment /shared/eastSync/pyEast/MLDev/.venv/bin/python
2025-11-24 20:33:15.855 [info] Resolved Python Environment /shared/eastSync/pyEast/MLDev/.venv/bin/python
2025-11-24 20:35:59.944 [info] Resolved Python Environment /shared/eastSync/pyEast/MLDev/.venv/bin/python
2025-11-24 20:38:56.148 [info] Resolved Python Environment /shared/eastSync/pyEast/MLDev/.venv/bin/python
2025-11-24 20:40:21.035 [info] Resolved Python Environment /shared/eastSync/pyEast/MLDev/.venv/bin/python
2025-11-24 20:41:08.069 [info] Resolved Python Environment /shared/eastSync/pyEast/MLDev/.venv/bin/python
2025-11-24 20:58:14.418 [info] Resolved Python Environment /shared/eastSync/pyEast/MLDev/.venv/bin/python
2025-11-25 12:12:18.434 [info] Resolved Python Environment /shared/eastSync/pyEast/MLDev/.venv/bin/python
2025-11-25 12:12:34.291 [info] Resolved Python Environment /home/east/shared/eastSync/pyEast/MLDev/.venv/bin/python
2025-11-25 12:41:05.997 [info] Resolved Python Environment /shared/eastSync/pyEast/MLDev/.venv/bin/python
2025-11-25 12:41:39.635 [info] Resolved Python Environment /shared/eastSync/pyEast/MLDev/.venv/bin/python
2025-11-25 12:42:19.143 [info] Resolved Python Environment /shared/eastSync/pyEast/MLDev/.venv/bin/python
2025-11-25 12:44:32.385 [info] Resolved Python Environment /shared/eastSync/pyEast/MLDev/.venv/bin/python
2025-11-25 12:45:09.021 [info] Resolved Python Environment /shared/eastSync/pyEast/MLDev/.venv/bin/python
2025-11-25 16:46:52.132 [info] Resolved Python Environment /shared/eastSync/pyEast/MLDev/.venv/bin/python
2025-11-25 16:47:27.672 [info] Resolved Python Environment /shared/eastSync/pyEast/MLDev/.venv/bin/python
2025-11-25 16:47:59.785 [info] Resolved Python Environment /shared/eastSync/pyEast/MLDev/.venv/bin/python
2025-11-25 16:49:22.014 [info] Resolved Python Environment /shared/eastSync/pyEast/MLDev/.venv/bin/python
2025-11-25 16:50:03.615 [info] Resolved Python Environment /shared/eastSync/pyEast/MLDev/.venv/bin/python
2025-11-25 16:50:25.951 [info] Resolved Python Environment /home/east/shared/eastSync/pyEast/MLDev/.venv/bin/python
2025-11-25 16:50:39.517 [info] Resolved Python Environment /shared/eastSync/pyEast/MLDev/.venv/bin/python
2025-11-25 16:51:17.391 [info] Resolved Python Environment /shared/eastSync/pyEast/MLDev/.venv/bin/python
2025-11-25 16:52:15.903 [info] Resolved Python Environment /shared/eastSync/pyEast/MLDev/.venv/bin/python
2025-11-25 16:52:52.930 [info] Resolved Python Environment /shared/eastSync/pyEast/MLDev/.venv/bin/python
2025-11-25 16:52:55.230 [info] Resolved Python Environment /home/east/shared/eastSync/pyEast/MLDev/.venv/bin/python
2025-11-25 16:53:23.265 [info] Resolved Python Environment /shared/eastSync/pyEast/MLDev/.venv/bin/python
2025-11-25 17:27:10.856 [info] Resolved Python Environment /shared/eastSync/pyEast/MLDev/.venv/bin/python
2025-11-25 17:27:44.674 [info] Resolved Python Environment /shared/eastSync/pyEast/MLDev/.venv/bin/python
2025-11-25 17:28:09.466 [info] Resolved Python Environment /home/east/shared/eastSync/pyEast/MLDev/.venv/bin/python
2025-11-25 17:30:24.132 [info] Resolved Python Environment /shared/eastSync/pyEast/MLDev/.venv/bin/python
2025-11-25 17:32:27.414 [info] Resolved Python Environment /shared/eastSync/pyEast/MLDev/.venv/bin/python
2025-11-25 17:33:26.479 [info] Resolved Python Environment /shared/eastSync/pyEast/MLDev/.venv/bin/python
2025-11-25 17:34:03.789 [info] Resolved Python Environment /shared/eastSync/pyEast/MLDev/.venv/bin/python
2025-11-25 17:34:06.561 [info] Resolved Python Environment /home/east/shared/eastSync/pyEast/MLDev/.venv/bin/python
2025-11-25 17:34:48.240 [info] Resolved Python Environment /shared/eastSync/pyEast/MLDev/.venv/bin/python
2025-11-25 17:36:23.744 [info] Resolved Python Environment /shared/eastSync/pyEast/MLDev/.venv/bin/python
2025-11-25 17:37:40.148 [info] Resolved Python Environment /shared/eastSync/pyEast/MLDev/.venv/bin/python
2025-11-25 17:37:50.661 [info] Resolved Python Environment /home/east/shared/eastSync/pyEast/MLDev/.venv/bin/python
2025-11-25 17:38:20.666 [info] Resolved Python Environment /shared/eastSync/pyEast/MLDev/.venv/bin/python
2025-11-25 17:39:02.598 [info] Resolved Python Environment /shared/eastSync/pyEast/MLDev/.venv/bin/python
2025-11-25 17:40:03.357 [info] Resolved Python Environment /shared/eastSync/pyEast/MLDev/.venv/bin/python
2025-11-25 17:41:57.813 [info] Resolved Python Environment /shared/eastSync/pyEast/MLDev/.venv/bin/python
2025-11-25 17:43:47.320 [info] Resolved Python Environment /shared/eastSync/pyEast/MLDev/.venv/bin/python
2025-11-25 17:44:34.451 [info] Resolved Python Environment /shared/eastSync/pyEast/MLDev/.venv/bin/python
2025-11-25 17:48:32.612 [info] Resolved Python Environment /shared/eastSync/pyEast/MLDev/.venv/bin/python
2025-11-25 18:03:23.891 [info] Resolved Python Environment /shared/eastSync/pyEast/MLDev/.venv/bin/python
2025-11-25 18:04:02.101 [info] Resolved Python Environment /shared/eastSync/pyEast/MLDev/.venv/bin/python
2025-11-25 18:04:42.192 [info] Resolved Python Environment /shared/eastSync/pyEast/MLDev/.venv/bin/python
2025-11-25 18:06:19.869 [info] Resolved Python Environment /shared/eastSync/pyEast/MLDev/.venv/bin/python
2025-11-25 18:08:22.526 [info] Resolved Python Environment /shared/eastSync/pyEast/MLDev/.venv/bin/python
2025-11-25 18:08:53.135 [info] Resolved Python Environment /shared/eastSync/pyEast/MLDev/.venv/bin/python
2025-11-25 18:16:42.295 [info] Resolved Python Environment /shared/eastSync/pyEast/MLDev/.venv/bin/python
2025-11-25 18:19:10.411 [info] Resolved Python Environment /shared/eastSync/pyEast/MLDev/.venv/bin/python
2025-11-25 18:20:10.907 [info] Resolved Python Environment /shared/eastSync/pyEast/MLDev/.venv/bin/python
2025-11-25 18:21:31.341 [info] Resolved Python Environment /shared/eastSync/pyEast/MLDev/.venv/bin/python
2025-11-25 18:22:25.199 [info] Resolved Python Environment /shared/eastSync/pyEast/MLDev/.venv/bin/python
2025-11-25 18:22:57.673 [info] Resolved Python Environment /shared/eastSync/pyEast/MLDev/.venv/bin/python
2025-11-25 18:23:35.226 [info] Resolved Python Environment /shared/eastSync/pyEast/MLDev/.venv/bin/python
2025-11-25 18:24:23.887 [info] Resolved Python Environment /shared/eastSync/pyEast/MLDev/.venv/bin/python
2025-11-25 18:25:01.934 [info] Resolved Python Environment /shared/eastSync/pyEast/MLDev/.venv/bin/python
2025-11-25 18:26:55.257 [info] Resolved Python Environment /shared/eastSync/pyEast/MLDev/.venv/bin/python
2025-11-25 18:27:39.917 [info] Resolved Python Environment /shared/eastSync/pyEast/MLDev/.venv/bin/python
2025-11-25 18:30:41.938 [info] Resolved Python Environment /shared/eastSync/pyEast/MLDev/.venv/bin/python
2025-11-25 18:31:34.610 [info] Resolved Python Environment /shared/eastSync/pyEast/MLDev/.venv/bin/python
2025-11-25 18:32:24.544 [info] Resolved Python Environment /shared/eastSync/pyEast/MLDev/.venv/bin/python
2025-11-25 18:33:00.556 [info] Resolved Python Environment /shared/eastSync/pyEast/MLDev/.venv/bin/python
2025-11-25 18:33:54.230 [info] Resolved Python Environment /shared/eastSync/pyEast/MLDev/.venv/bin/python
2025-11-25 18:36:43.672 [info] Resolved Python Environment /shared/eastSync/pyEast/MLDev/.venv/bin/python
2025-11-25 18:37:06.965 [info] Resolved Python Environment /home/east/shared/eastSync/pyEast/MLDev/.venv/bin/python
2025-11-25 18:37:19.183 [info] Resolved Python Environment /shared/eastSync/pyEast/MLDev/.venv/bin/python
2025-11-25 18:38:03.771 [info] Resolved Python Environment /shared/eastSync/pyEast/MLDev/.venv/bin/python
2025-11-25 18:38:51.262 [info] Resolved Python Environment /shared/eastSync/pyEast/MLDev/.venv/bin/python
2025-11-25 18:40:48.875 [info] Resolved Python Environment /shared/eastSync/pyEast/MLDev/.venv/bin/python
2025-11-25 18:46:48.501 [info] Resolved Python Environment /shared/eastSync/pyEast/MLDev/.venv/bin/python
2025-11-25 18:51:58.251 [info] Resolved Python Environment /shared/eastSync/pyEast/MLDev/.venv/bin/python
2025-11-25 21:04:30.198 [info] Resolved Python Environment /shared/eastSync/pyEast/MLDev/.venv/bin/python
2025-11-25 21:05:43.402 [info] Resolved Python Environment /shared/eastSync/pyEast/MLDev/.venv/bin/python
2025-11-25 21:06:45.153 [info] Resolved Python Environment /shared/eastSync/pyEast/MLDev/.venv/bin/python
2025-11-25 21:07:53.379 [info] Resolved Python Environment /shared/eastSync/pyEast/MLDev/.venv/bin/python
2025-11-25 21:08:40.992 [info] Resolved Python Environment /shared/eastSync/pyEast/MLDev/.venv/bin/python
2025-11-25 21:09:58.203 [info] Resolved Python Environment /shared/eastSync/pyEast/MLDev/.venv/bin/python
2025-11-25 21:10:32.272 [info] Resolved Python Environment /shared/eastSync/pyEast/MLDev/.venv/bin/python
2025-11-25 21:11:12.785 [info] Resolved Python Environment /shared/eastSync/pyEast/MLDev/.venv/bin/python
2025-11-25 21:11:49.495 [info] Resolved Python Environment /shared/eastSync/pyEast/MLDev/.venv/bin/python
2025-11-25 21:12:21.150 [info] Resolved Python Environment /shared/eastSync/pyEast/MLDev/.venv/bin/python
2025-11-25 21:13:25.993 [info] Resolved Python Environment /shared/eastSync/pyEast/MLDev/.venv/bin/python
2025-11-25 21:13:52.272 [info] Resolved Python Environment /home/east/shared/eastSync/pyEast/MLDev/.venv/bin/python
2025-11-25 21:17:05.977 [info] Resolved Python Environment /shared/eastSync/pyEast/MLDev/.venv/bin/python
2025-11-25 21:17:36.176 [info] Resolved Python Environment /shared/eastSync/pyEast/MLDev/.venv/bin/python
2025-11-25 21:18:20.178 [info] Resolved Python Environment /shared/eastSync/pyEast/MLDev/.venv/bin/python
2025-11-25 21:18:52.889 [info] Resolved Python Environment /shared/eastSync/pyEast/MLDev/.venv/bin/python
2025-11-25 21:20:59.474 [info] Resolved Python Environment /shared/eastSync/pyEast/MLDev/.venv/bin/python
2025-11-26 12:23:40.812 [info] Starting Python Locator /home/east/.vscode/extensions/ms-python.python-2025.18.0-linux-x64/python-env-tools/bin/pet server
2025-11-26 12:23:40.981 [info] Discovered env: /home/east/shared/eastSync/pyEast/pro_version/.venv/bin/python
2025-11-26 12:23:40.983 [info] Discovered env: /bin/python
2025-11-26 12:23:40.983 [info] Discovered env: /usr/bin/python
2025-11-26 12:23:40.984 [info] Env ("/usr/sbin/python") in Path resolved as ResolvedPythonEnv { executable: "/usr/sbin/python", prefix: "/usr", version: "3.13.7.final.0", is64_bit: true, symlinks: Some(["/usr/sbin/python"]) } and reported as Some(GlobalPaths)
2025-11-26 12:23:40.984 [info] Discovered env: /usr/sbin/python
2025-11-26 12:23:41.089 [info] Env ("/sbin/python") in Path resolved as ResolvedPythonEnv { executable: "/sbin/python", prefix: "/usr", version: "3.13.7.final.0", is64_bit: true, symlinks: Some(["/sbin/python"]) } and reported as Some(GlobalPaths)
2025-11-26 12:23:41.197 [info] Discovered env: /sbin/python
2025-11-26 12:23:41.248 [info] Env ("/usr/sbin/python3") in Path resolved as ResolvedPythonEnv { executable: "/usr/sbin/python3", prefix: "/usr", version: "3.13.7.final.0", is64_bit: true, symlinks: Some(["/usr/sbin/python3"]) } and reported as Some(GlobalPaths)
2025-11-26 12:23:41.248 [info] Discovered env: /usr/sbin/python3
2025-11-26 12:23:41.248 [info] Env ("/sbin/python3") in Path resolved as ResolvedPythonEnv { executable: "/sbin/python3", prefix: "/usr", version: "3.13.7.final.0", is64_bit: true, symlinks: Some(["/sbin/python3"]) } and reported as Some(GlobalPaths)
2025-11-26 12:23:41.248 [info] Discovered env: /sbin/python3
2025-11-26 12:23:41.249 [info] Env ("/usr/sbin/python3.13") in Path resolved as ResolvedPythonEnv { executable: "/usr/sbin/python3.13", prefix: "/usr", version: "3.13.7.final.0", is64_bit: true, symlinks: Some(["/usr/sbin/python3.13"]) } and reported as Some(GlobalPaths)
2025-11-26 12:23:41.249 [info] Discovered env: /usr/sbin/python3.13
2025-11-26 12:23:41.250 [info] Env ("/sbin/python3.13") in Path resolved as ResolvedPythonEnv { executable: "/sbin/python3.13", prefix: "/usr", version: "3.13.7.final.0", is64_bit: true, symlinks: Some(["/sbin/python3.13"]) } and reported as Some(GlobalPaths)
2025-11-26 12:23:41.251 [info] Discovered env: /sbin/python3.13
2025-11-26 12:23:41.251 [info] Locator Conda took 70.79924ms
2025-11-26 12:23:41.251 [info] Locator Homebrew took 169.847µs
2025-11-26 12:23:41.251 [info] Locator LinuxGlobal took 74.712389ms
2025-11-26 12:23:41.251 [info] Locator PipEnv took 54.872µs
2025-11-26 12:23:41.251 [info] Locator Pixi took 21.76µs
2025-11-26 12:23:41.251 [info] Locator Poetry took 273.981µs
2025-11-26 12:23:41.251 [info] Locator PyEnv took 242.984µs
2025-11-26 12:23:41.251 [info] Locator Venv took 29.926µs
2025-11-26 12:23:41.251 [info] Locator VirtualEnv took 190.526µs
2025-11-26 12:23:41.251 [info] Locator VirtualEnvWrapper took 28.704µs
2025-11-26 12:23:41.251 [info] Locator GlobalVirtualEnvs took 286.395µs
2025-11-26 12:23:41.251 [info] Locator Locators took 75.723998ms
2025-11-26 12:23:41.251 [info] Locator Path took 191.248231ms
2025-11-26 12:23:41.251 [info] Locator Workspaces took 14.548456ms
2025-11-26 12:23:41.251 [info] Refresh completed in 191ms
2025-11-26 12:23:41.313 [info] Resolved Python Environment /home/east/shared/eastSync/pyEast/pro_version/.venv/bin/python
2025-11-26 12:25:04.143 [info] Resolved Python Environment /home/east/shared/eastSync/pyEast/pro_version/.venv/bin/python
2025-11-26 12:25:08.161 [info] Discovered env: /home/east/shared/eastSync/pyEast/pro_version/.venv/bin/python
2025-11-26 12:25:08.233 [info] Discovered env: /bin/python
2025-11-26 12:25:08.237 [info] Discovered env: /usr/bin/python
2025-11-26 12:25:08.239 [info] Env ("/usr/sbin/python") in Path resolved as ResolvedPythonEnv { executable: "/usr/sbin/python", prefix: "/usr", version: "3.13.7.final.0", is64_bit: true, symlinks: Some(["/usr/sbin/python"]) } and reported as Some(GlobalPaths)
2025-11-26 12:25:08.239 [info] Discovered env: /usr/sbin/python
2025-11-26 12:25:08.260 [info] Env ("/sbin/python") in Path resolved as ResolvedPythonEnv { executable: "/sbin/python", prefix: "/usr", version: "3.13.7.final.0", is64_bit: true, symlinks: Some(["/sbin/python"]) } and reported as Some(GlobalPaths)
2025-11-26 12:25:08.260 [info] Discovered env: /sbin/python
2025-11-26 12:25:08.261 [info] Env ("/usr/sbin/python3") in Path resolved as ResolvedPythonEnv { executable: "/usr/sbin/python3", prefix: "/usr", version: "3.13.7.final.0", is64_bit: true, symlinks: Some(["/usr/sbin/python3"]) } and reported as Some(GlobalPaths)
2025-11-26 12:25:08.261 [info] Discovered env: /usr/sbin/python3
2025-11-26 12:25:08.279 [info] Env ("/sbin/python3") in Path resolved as ResolvedPythonEnv { executable: "/sbin/python3", prefix: "/usr", version: "3.13.7.final.0", is64_bit: true, symlinks: Some(["/sbin/python3"]) } and reported as Some(GlobalPaths)
2025-11-26 12:25:08.279 [info] Discovered env: /sbin/python3
2025-11-26 12:25:08.281 [info] Env ("/usr/sbin/python3.13") in Path resolved as ResolvedPythonEnv { executable: "/usr/sbin/python3.13", prefix: "/usr", version: "3.13.7.final.0", is64_bit: true, symlinks: Some(["/usr/sbin/python3.13"]) } and reported as Some(GlobalPaths)
2025-11-26 12:25:08.281 [info] Discovered env: /usr/sbin/python3.13
2025-11-26 12:25:08.292 [info] Env ("/sbin/python3.13") in Path resolved as ResolvedPythonEnv { executable: "/sbin/python3.13", prefix: "/usr", version: "3.13.7.final.0", is64_bit: true, symlinks: Some(["/sbin/python3.13"]) } and reported as Some(GlobalPaths)
2025-11-26 12:25:08.292 [info] Discovered env: /sbin/python3.13
2025-11-26 12:25:08.292 [info] Locator Conda took 73.940696ms
2025-11-26 12:25:08.292 [info] Locator Homebrew took 250.308µs
2025-11-26 12:25:08.292 [info] Locator LinuxGlobal took 79.670679ms
2025-11-26 12:25:08.292 [info] Locator PipEnv took 17.313µs
2025-11-26 12:25:08.292 [info] Locator Pixi took 63.679µs
2025-11-26 12:25:08.292 [info] Locator Poetry took 347.96µs
2025-11-26 12:25:08.292 [info] Locator PyEnv took 380.601µs
2025-11-26 12:25:08.292 [info] Locator Venv took 50.043µs
2025-11-26 12:25:08.292 [info] Locator VirtualEnv took 70.121µs
2025-11-26 12:25:08.292 [info] Locator VirtualEnvWrapper took 71.624µs
2025-11-26 12:25:08.292 [info] Locator GlobalVirtualEnvs took 31.008µs
2025-11-26 12:25:08.292 [info] Locator Locators took 80.738523ms
2025-11-26 12:25:08.293 [info] Locator Path took 135.056296ms
2025-11-26 12:25:08.293 [info] Locator Workspaces took 3.598451ms
2025-11-26 12:25:08.293 [info] Refresh completed in 135ms
2025-11-26 12:26:01.118 [info] Discovered env: /home/east/shared/eastSync/pyEast/pro_version/.venv/bin/python
2025-11-26 12:26:01.119 [info] Resolved Python Environment /home/east/shared/eastSync/pyEast/pro_version/.venv/bin/python
2025-11-26 12:26:01.176 [info] Discovered env: /bin/python
2025-11-26 12:26:01.182 [info] Discovered env: /usr/bin/python
2025-11-26 12:26:01.183 [info] Env ("/usr/sbin/python") in Path resolved as ResolvedPythonEnv { executable: "/usr/sbin/python", prefix: "/usr", version: "3.13.7.final.0", is64_bit: true, symlinks: Some(["/usr/sbin/python"]) } and reported as Some(GlobalPaths)
2025-11-26 12:26:01.183 [info] Discovered env: /usr/sbin/python
2025-11-26 12:26:01.183 [info] Env ("/sbin/python") in Path resolved as ResolvedPythonEnv { executable: "/sbin/python", prefix: "/usr", version: "3.13.7.final.0", is64_bit: true, symlinks: Some(["/sbin/python"]) } and reported as Some(GlobalPaths)
2025-11-26 12:26:01.183 [info] Discovered env: /sbin/python
2025-11-26 12:26:01.200 [info] Env ("/usr/sbin/python3") in Path resolved as ResolvedPythonEnv { executable: "/usr/sbin/python3", prefix: "/usr", version: "3.13.7.final.0", is64_bit: true, symlinks: Some(["/usr/sbin/python3"]) } and reported as Some(GlobalPaths)
2025-11-26 12:26:01.200 [info] Discovered env: /usr/sbin/python3
2025-11-26 12:26:01.202 [info] Env ("/sbin/python3") in Path resolved as ResolvedPythonEnv { executable: "/sbin/python3", prefix: "/usr", version: "3.13.7.final.0", is64_bit: true, symlinks: Some(["/sbin/python3"]) } and reported as Some(GlobalPaths)
2025-11-26 12:26:01.202 [info] Discovered env: /sbin/python3
2025-11-26 12:26:01.221 [info] Env ("/usr/sbin/python3.13") in Path resolved as ResolvedPythonEnv { executable: "/usr/sbin/python3.13", prefix: "/usr", version: "3.13.7.final.0", is64_bit: true, symlinks: Some(["/usr/sbin/python3.13"]) } and reported as Some(GlobalPaths)
2025-11-26 12:26:01.221 [info] Discovered env: /usr/sbin/python3.13
2025-11-26 12:26:01.225 [info] Env ("/sbin/python3.13") in Path resolved as ResolvedPythonEnv { executable: "/sbin/python3.13", prefix: "/usr", version: "3.13.7.final.0", is64_bit: true, symlinks: Some(["/sbin/python3.13"]) } and reported as Some(GlobalPaths)
2025-11-26 12:26:01.225 [info] Discovered env: /sbin/python3.13
2025-11-26 12:26:01.233 [info] Locator Conda took 69.489642ms
2025-11-26 12:26:01.233 [info] Locator Homebrew took 86.371µs
2025-11-26 12:26:01.233 [info] Locator LinuxGlobal took 73.05869ms
2025-11-26 12:26:01.233 [info] Locator PipEnv took 23.013µs
2025-11-26 12:26:01.233 [info] Locator Pixi took 23.724µs
2025-11-26 12:26:01.234 [info] Locator Poetry took 121.417µs
2025-11-26 12:26:01.234 [info] Locator PyEnv took 178.493µs
2025-11-26 12:26:01.234 [info] Locator Venv took 45.525µs
2025-11-26 12:26:01.234 [info] Locator VirtualEnv took 21.55µs
2025-11-26 12:26:01.234 [info] Locator VirtualEnvWrapper took 37.78µs
2025-11-26 12:26:01.234 [info] Locator GlobalVirtualEnvs took 203.791µs
2025-11-26 12:26:01.234 [info] Locator Locators took 74.300609ms
2025-11-26 12:26:01.234 [info] Locator Path took 125.307235ms
2025-11-26 12:26:01.234 [info] Locator Workspaces took 2.281281ms
2025-11-26 12:26:01.234 [info] Refresh completed in 125ms
2025-11-26 12:26:55.177 [info] Resolved Python Environment /home/east/shared/eastSync/pyEast/pro_version/.venv/bin/python
2025-11-26 12:27:31.841 [info] Resolved Python Environment /home/east/shared/eastSync/pyEast/pro_version/.venv/bin/python
2025-11-26 12:28:03.096 [info] Resolved Python Environment /home/east/shared/eastSync/pyEast/pro_version/.venv/bin/python
2025-11-26 12:29:09.650 [info] Resolved Python Environment /home/east/shared/eastSync/pyEast/pro_version/.venv/bin/python
2025-11-26 12:29:45.850 [info] Resolved Python Environment /home/east/shared/eastSync/pyEast/pro_version/.venv/bin/python
2025-11-26 12:31:12.385 [info] Resolved Python Environment /home/east/shared/eastSync/pyEast/pro_version/.venv/bin/python
2025-11-26 12:32:17.783 [info] Resolved Python Environment /home/east/shared/eastSync/pyEast/pro_version/.venv/bin/python
2025-11-26 12:32:54.697 [info] Resolved Python Environment /home/east/shared/eastSync/pyEast/pro_version/.venv/bin/python
2025-11-26 12:36:15.424 [info] Resolved Python Environment /home/east/shared/eastSync/pyEast/pro_version/.venv/bin/python
2025-11-26 12:39:18.871 [info] Resolved Python Environment /home/east/shared/eastSync/pyEast/pro_version/.venv/bin/python
2025-11-26 12:41:09.510 [info] Resolved Python Environment /home/east/shared/eastSync/pyEast/pro_version/.venv/bin/python
2025-11-26 12:45:23.683 [info] Resolved Python Environment /home/east/shared/eastSync/pyEast/pro_version/.venv/bin/python
2025-11-26 12:50:22.403 [info] Resolved Python Environment /home/east/shared/eastSync/pyEast/pro_version/.venv/bin/python
2025-11-26 12:51:44.229 [info] Resolved Python Environment /home/east/shared/eastSync/pyEast/pro_version/.venv/bin/python
2025-11-26 12:52:35.883 [info] Resolved Python Environment /home/east/shared/eastSync/pyEast/pro_version/.venv/bin/python
2025-11-26 12:53:07.288 [info] Resolved Python Environment /home/east/shared/eastSync/pyEast/pro_version/.venv/bin/python
2025-11-26 12:54:50.305 [info] Resolved Python Environment /home/east/shared/eastSync/pyEast/pro_version/.venv/bin/python
2025-11-26 13:00:05.534 [info] Resolved Python Environment /home/east/shared/eastSync/pyEast/pro_version/.venv/bin/python
2025-11-26 13:01:07.014 [info] Resolved Python Environment /home/east/shared/eastSync/pyEast/pro_version/.venv/bin/python
2025-11-26 13:01:42.345 [info] Resolved Python Environment /home/east/shared/eastSync/pyEast/pro_version/.venv/bin/python
2025-11-26 13:02:21.086 [info] Resolved Python Environment /home/east/shared/eastSync/pyEast/pro_version/.venv/bin/python
2025-11-26 13:02:55.487 [info] Resolved Python Environment /home/east/shared/eastSync/pyEast/pro_version/.venv/bin/python
2025-11-26 13:04:23.837 [info] Resolved Python Environment /home/east/shared/eastSync/pyEast/pro_version/.venv/bin/python
2025-11-26 13:08:59.334 [info] Resolved Python Environment /home/east/shared/eastSync/pyEast/pro_version/.venv/bin/python
2025-11-26 13:09:54.825 [info] Resolved Python Environment /home/east/shared/eastSync/pyEast/pro_version/.venv/bin/python
2025-11-26 13:10:45.192 [info] Resolved Python Environment /home/east/shared/eastSync/pyEast/pro_version/.venv/bin/python
2025-11-26 14:59:10.858 [info] Resolved Python Environment /home/east/shared/eastSync/pyEast/pro_version/.venv/bin/python
2025-11-26 15:00:08.378 [info] Resolved Python Environment /home/east/shared/eastSync/pyEast/pro_version/.venv/bin/python
2025-11-26 15:06:33.422 [info] Resolved Python Environment /home/east/shared/eastSync/pyEast/pro_version/.venv/bin/python
2025-11-26 15:07:13.291 [info] Resolved Python Environment /home/east/shared/eastSync/pyEast/pro_version/.venv/bin/python
2025-11-26 15:08:00.468 [info] Resolved Python Environment /home/east/shared/eastSync/pyEast/pro_version/.venv/bin/python
2025-11-26 15:08:33.438 [info] Resolved Python Environment /home/east/shared/eastSync/pyEast/pro_version/.venv/bin/python
2025-11-26 15:09:08.010 [info] Resolved Python Environment /home/east/shared/eastSync/pyEast/pro_version/.venv/bin/python
2025-11-26 15:11:48.404 [info] Resolved Python Environment /home/east/shared/eastSync/pyEast/pro_version/.venv/bin/python
2025-11-26 15:13:00.287 [info] Resolved Python Environment /home/east/shared/eastSync/pyEast/pro_version/.venv/bin/python
2025-11-26 15:16:08.891 [info] Resolved Python Environment /home/east/shared/eastSync/pyEast/pro_version/.venv/bin/python
2025-11-26 15:17:34.679 [info] Resolved Python Environment /home/east/shared/eastSync/pyEast/pro_version/.venv/bin/python
2025-11-26 15:18:22.425 [info] Resolved Python Environment /home/east/shared/eastSync/pyEast/pro_version/.venv/bin/python
2025-11-26 15:19:17.564 [info] Resolved Python Environment /home/east/shared/eastSync/pyEast/pro_version/.venv/bin/python
2025-11-26 15:19:56.388 [info] Resolved Python Environment /home/east/shared/eastSync/pyEast/pro_version/.venv/bin/python
2025-11-26 15:22:34.306 [info] Resolved Python Environment /home/east/shared/eastSync/pyEast/pro_version/.venv/bin/python
2025-11-26 15:23:13.853 [info] Resolved Python Environment /home/east/shared/eastSync/pyEast/pro_version/.venv/bin/python
2025-11-26 15:24:13.523 [info] Resolved Python Environment /home/east/shared/eastSync/pyEast/pro_version/.venv/bin/python
2025-11-26 15:29:02.762 [info] Resolved Python Environment /home/east/shared/eastSync/pyEast/pro_version/.venv/bin/python
2025-11-26 15:42:43.352 [info] Resolved Python Environment /home/east/shared/eastSync/pyEast/pro_version/.venv/bin/python
2025-11-26 15:47:55.256 [info] Resolved Python Environment /home/east/shared/eastSync/pyEast/pro_version/.venv/bin/python
2025-11-26 15:48:42.052 [info] Resolved Python Environment /home/east/shared/eastSync/pyEast/pro_version/.venv/bin/python
2025-11-26 15:49:37.451 [info] Resolved Python Environment /home/east/shared/eastSync/pyEast/pro_version/.venv/bin/python
2025-11-26 15:50:58.591 [info] Resolved Python Environment /home/east/shared/eastSync/pyEast/pro_version/.venv/bin/python
2025-11-26 15:51:28.782 [info] Resolved Python Environment /home/east/shared/eastSync/pyEast/pro_version/.venv/bin/python
2025-11-26 15:52:05.719 [info] Resolved Python Environment /home/east/shared/eastSync/pyEast/pro_version/.venv/bin/python
2025-11-26 15:52:35.903 [info] Resolved Python Environment /home/east/shared/eastSync/pyEast/pro_version/.venv/bin/python
2025-11-26 15:54:30.339 [info] Resolved Python Environment /home/east/shared/eastSync/pyEast/pro_version/.venv/bin/python
2025-11-26 15:55:02.591 [info] Resolved Python Environment /home/east/shared/eastSync/pyEast/pro_version/.venv/bin/python
2025-11-26 15:55:52.792 [info] Resolved Python Environment /home/east/shared/eastSync/pyEast/pro_version/.venv/bin/python
2025-11-26 15:57:05.169 [info] Resolved Python Environment /home/east/shared/eastSync/pyEast/pro_version/.venv/bin/python
2025-11-26 15:58:01.206 [info] Resolved Python Environment /home/east/shared/eastSync/pyEast/pro_version/.venv/bin/python
2025-11-26 15:59:53.657 [info] Resolved Python Environment /home/east/shared/eastSync/pyEast/pro_version/.venv/bin/python
2025-11-26 16:00:36.227 [info] Resolved Python Environment /home/east/shared/eastSync/pyEast/pro_version/.venv/bin/python
2025-11-26 16:02:35.851 [info] Resolved Python Environment /home/east/shared/eastSync/pyEast/pro_version/.venv/bin/python
2025-11-26 17:32:51.671 [info] Resolved Python Environment /home/east/shared/eastSync/pyEast/pro_version/.venv/bin/python
2025-11-26 17:33:30.095 [info] Resolved Python Environment /home/east/shared/eastSync/pyEast/pro_version/.venv/bin/python
2025-11-26 17:34:07.173 [info] Resolved Python Environment /home/east/shared/eastSync/pyEast/pro_version/.venv/bin/python
