Code - OSS (1.104.1, undefined, desktop)
Jupyter Extension Version: 2025.8.0.
Python Extension Version: 2025.16.0.
Python Environment Extension Version: 1.10.0.
Pylance Extension not installed.
Platform: linux (x64).
Home = /home/east
Temp Storage folder ~/.config/Code - OSS/User/globalStorage/ms-toolsai.jupyter/version-2025.8.0
Workspace folder ~/shared/eastSync/pyEast/ML/research/MLDev
13:56:20.999 [error] Error in activating extension, failed in tb [Error: Extension 'ms-toolsai.jupyter' CANNOT use API proposal: notebookKernelSource.
Its package.json#enabledApiProposals-property declares:  but NOT notebookKernelSource.
 The missing proposal MUST be added and you must start in extension development mode or use the following command line switch: --enable-proposed-api ms-toolsai.jupyter
	at T (file:///usr/lib/code/out/vs/workbench/api/node/extensionHostProcess.js:106:33255)
	at Object.createNotebookControllerDetectionTask (file:///usr/lib/code/out/vs/workbench/api/node/extensionHostProcess.js:199:126481)
	at i (~/.vscode-oss/extensions/ms-toolsai.jupyter-2025.8.0-universal/dist/extension.node.js:304:6948)
	at tb.startRefreshWithPython (~/.vscode-oss/extensions/ms-toolsai.jupyter-2025.8.0-universal/dist/extension.node.js:304:7171)
	at tb.activate (~/.vscode-oss/extensions/ms-toolsai.jupyter-2025.8.0-universal/dist/extension.node.js:304:5395)
	at ~/.vscode-oss/extensions/ms-toolsai.jupyter-2025.8.0-universal/dist/extension.node.js:385:27934
	at Array.map (<anonymous>)
	at QI.activate (~/.vscode-oss/extensions/ms-toolsai.jupyter-2025.8.0-universal/dist/extension.node.js:385:27920)
	at LX (~/.vscode-oss/extensions/ms-toolsai.jupyter-2025.8.0-universal/dist/extension.node.js:448:2142)
	at async bge (~/.vscode-oss/extensions/ms-toolsai.jupyter-2025.8.0-universal/dist/extension.node.js:450:454)]
13:56:21.003 [error] Error in activating extension, failed in Vb [Error: Extension 'ms-toolsai.jupyter' CANNOT use API proposal: notebookKernelSource.
Its package.json#enabledApiProposals-property declares:  but NOT notebookKernelSource.
 The missing proposal MUST be added and you must start in extension development mode or use the following command line switch: --enable-proposed-api ms-toolsai.jupyter
	at T (file:///usr/lib/code/out/vs/workbench/api/node/extensionHostProcess.js:106:33255)
	at Object.registerKernelSourceActionProvider (file:///usr/lib/code/out/vs/workbench/api/node/extensionHostProcess.js:199:126603)
	at Vb.activate (~/.vscode-oss/extensions/ms-toolsai.jupyter-2025.8.0-universal/dist/extension.node.js:309:121439)
	at ~/.vscode-oss/extensions/ms-toolsai.jupyter-2025.8.0-universal/dist/extension.node.js:385:27934
	at Array.map (<anonymous>)
	at QI.activate (~/.vscode-oss/extensions/ms-toolsai.jupyter-2025.8.0-universal/dist/extension.node.js:385:27920)
	at LX (~/.vscode-oss/extensions/ms-toolsai.jupyter-2025.8.0-universal/dist/extension.node.js:448:2142)
	at async bge (~/.vscode-oss/extensions/ms-toolsai.jupyter-2025.8.0-universal/dist/extension.node.js:450:454)]
13:56:21.598 [warn] Failed to attach variable provider [Error: Extension 'ms-toolsai.jupyter' CANNOT use API proposal: notebookVariableProvider.
Its package.json#enabledApiProposals-property declares:  but NOT notebookVariableProvider.
 The missing proposal MUST be added and you must start in extension development mode or use the following command line switch: --enable-proposed-api ms-toolsai.jupyter
	at T (file:///usr/lib/code/out/vs/workbench/api/node/extensionHostProcess.js:106:33255)
	at set variableProvider (file:///usr/lib/code/out/vs/workbench/api/node/extensionHostProcess.js:199:20966)
	at n.create (~/.vscode-oss/extensions/ms-toolsai.jupyter-2025.8.0-universal/dist/extension.node.js:309:88259)
	at ~/.vscode-oss/extensions/ms-toolsai.jupyter-2025.8.0-universal/dist/extension.node.js:309:101815
	at Array.forEach (<anonymous>)
	at Tb.addImpl (~/.vscode-oss/extensions/ms-toolsai.jupyter-2025.8.0-universal/dist/extension.node.js:309:101788)
	at ~/.vscode-oss/extensions/ms-toolsai.jupyter-2025.8.0-universal/dist/extension.node.js:309:100868
	at Array.forEach (<anonymous>)
	at Tb.batchAdd (~/.vscode-oss/extensions/ms-toolsai.jupyter-2025.8.0-universal/dist/extension.node.js:309:100838)
	at Tb.createNotebookControllers (~/.vscode-oss/extensions/ms-toolsai.jupyter-2025.8.0-universal/dist/extension.node.js:309:99896)
	at Tb.loadControllers (~/.vscode-oss/extensions/ms-toolsai.jupyter-2025.8.0-universal/dist/extension.node.js:309:99356)
	at Tb.<anonymous> (~/.vscode-oss/extensions/ms-toolsai.jupyter-2025.8.0-universal/dist/extension.node.js:309:98597)
	at $.C (file:///usr/lib/code/out/vs/workbench/api/node/extensionHostProcess.js:27:2373)
	at $.fire (file:///usr/lib/code/out/vs/workbench/api/node/extensionHostProcess.js:27:2591)
	at od.value (~/.vscode-oss/extensions/ms-toolsai.jupyter-2025.8.0-universal/dist/extension.node.js:282:19929)
	at $.C (file:///usr/lib/code/out/vs/workbench/api/node/extensionHostProcess.js:27:2373)
	at $.D (file:///usr/lib/code/out/vs/workbench/api/node/extensionHostProcess.js:27:2443)
	at $.fire (file:///usr/lib/code/out/vs/workbench/api/node/extensionHostProcess.js:27:2660)
	at Bb.buildDummyEnvironment (~/.vscode-oss/extensions/ms-toolsai.jupyter-2025.8.0-universal/dist/extension.node.js:309:146514)]
13:56:21.599 [warn] Failed to attach variable provider [Error: Extension 'ms-toolsai.jupyter' CANNOT use API proposal: notebookVariableProvider.
Its package.json#enabledApiProposals-property declares:  but NOT notebookVariableProvider.
 The missing proposal MUST be added and you must start in extension development mode or use the following command line switch: --enable-proposed-api ms-toolsai.jupyter
	at T (file:///usr/lib/code/out/vs/workbench/api/node/extensionHostProcess.js:106:33255)
	at set variableProvider (file:///usr/lib/code/out/vs/workbench/api/node/extensionHostProcess.js:199:20966)
	at n.create (~/.vscode-oss/extensions/ms-toolsai.jupyter-2025.8.0-universal/dist/extension.node.js:309:88259)
	at ~/.vscode-oss/extensions/ms-toolsai.jupyter-2025.8.0-universal/dist/extension.node.js:309:101815
	at Array.forEach (<anonymous>)
	at Tb.addImpl (~/.vscode-oss/extensions/ms-toolsai.jupyter-2025.8.0-universal/dist/extension.node.js:309:101788)
	at ~/.vscode-oss/extensions/ms-toolsai.jupyter-2025.8.0-universal/dist/extension.node.js:309:100868
	at Array.forEach (<anonymous>)
	at Tb.batchAdd (~/.vscode-oss/extensions/ms-toolsai.jupyter-2025.8.0-universal/dist/extension.node.js:309:100838)
	at Tb.createNotebookControllers (~/.vscode-oss/extensions/ms-toolsai.jupyter-2025.8.0-universal/dist/extension.node.js:309:99896)
	at Tb.loadControllers (~/.vscode-oss/extensions/ms-toolsai.jupyter-2025.8.0-universal/dist/extension.node.js:309:99356)
	at Tb.<anonymous> (~/.vscode-oss/extensions/ms-toolsai.jupyter-2025.8.0-universal/dist/extension.node.js:309:98597)
	at $.C (file:///usr/lib/code/out/vs/workbench/api/node/extensionHostProcess.js:27:2373)
	at $.fire (file:///usr/lib/code/out/vs/workbench/api/node/extensionHostProcess.js:27:2591)
	at od.value (~/.vscode-oss/extensions/ms-toolsai.jupyter-2025.8.0-universal/dist/extension.node.js:282:19929)
	at $.C (file:///usr/lib/code/out/vs/workbench/api/node/extensionHostProcess.js:27:2373)
	at $.D (file:///usr/lib/code/out/vs/workbench/api/node/extensionHostProcess.js:27:2443)
	at $.fire (file:///usr/lib/code/out/vs/workbench/api/node/extensionHostProcess.js:27:2660)
	at Bb.buildDummyEnvironment (~/.vscode-oss/extensions/ms-toolsai.jupyter-2025.8.0-universal/dist/extension.node.js:309:146514)]
13:56:21.599 [warn] Failed to attach variable provider [Error: Extension 'ms-toolsai.jupyter' CANNOT use API proposal: notebookVariableProvider.
Its package.json#enabledApiProposals-property declares:  but NOT notebookVariableProvider.
 The missing proposal MUST be added and you must start in extension development mode or use the following command line switch: --enable-proposed-api ms-toolsai.jupyter
	at T (file:///usr/lib/code/out/vs/workbench/api/node/extensionHostProcess.js:106:33255)
	at set variableProvider (file:///usr/lib/code/out/vs/workbench/api/node/extensionHostProcess.js:199:20966)
	at n.create (~/.vscode-oss/extensions/ms-toolsai.jupyter-2025.8.0-universal/dist/extension.node.js:309:88259)
	at ~/.vscode-oss/extensions/ms-toolsai.jupyter-2025.8.0-universal/dist/extension.node.js:309:101815
	at Array.forEach (<anonymous>)
	at Tb.addImpl (~/.vscode-oss/extensions/ms-toolsai.jupyter-2025.8.0-universal/dist/extension.node.js:309:101788)
	at ~/.vscode-oss/extensions/ms-toolsai.jupyter-2025.8.0-universal/dist/extension.node.js:309:100868
	at Array.forEach (<anonymous>)
	at Tb.batchAdd (~/.vscode-oss/extensions/ms-toolsai.jupyter-2025.8.0-universal/dist/extension.node.js:309:100838)
	at Tb.createNotebookControllers (~/.vscode-oss/extensions/ms-toolsai.jupyter-2025.8.0-universal/dist/extension.node.js:309:99896)
	at Tb.loadControllers (~/.vscode-oss/extensions/ms-toolsai.jupyter-2025.8.0-universal/dist/extension.node.js:309:99356)
	at Tb.<anonymous> (~/.vscode-oss/extensions/ms-toolsai.jupyter-2025.8.0-universal/dist/extension.node.js:309:98597)
	at $.C (file:///usr/lib/code/out/vs/workbench/api/node/extensionHostProcess.js:27:2373)
	at $.fire (file:///usr/lib/code/out/vs/workbench/api/node/extensionHostProcess.js:27:2591)
	at od.value (~/.vscode-oss/extensions/ms-toolsai.jupyter-2025.8.0-universal/dist/extension.node.js:282:19929)
	at $.C (file:///usr/lib/code/out/vs/workbench/api/node/extensionHostProcess.js:27:2373)
	at $.D (file:///usr/lib/code/out/vs/workbench/api/node/extensionHostProcess.js:27:2443)
	at $.fire (file:///usr/lib/code/out/vs/workbench/api/node/extensionHostProcess.js:27:2660)
	at Bb.buildDummyEnvironment (~/.vscode-oss/extensions/ms-toolsai.jupyter-2025.8.0-universal/dist/extension.node.js:309:146514)]
13:56:21.599 [warn] Failed to attach variable provider [Error: Extension 'ms-toolsai.jupyter' CANNOT use API proposal: notebookVariableProvider.
Its package.json#enabledApiProposals-property declares:  but NOT notebookVariableProvider.
 The missing proposal MUST be added and you must start in extension development mode or use the following command line switch: --enable-proposed-api ms-toolsai.jupyter
	at T (file:///usr/lib/code/out/vs/workbench/api/node/extensionHostProcess.js:106:33255)
	at set variableProvider (file:///usr/lib/code/out/vs/workbench/api/node/extensionHostProcess.js:199:20966)
	at n.create (~/.vscode-oss/extensions/ms-toolsai.jupyter-2025.8.0-universal/dist/extension.node.js:309:88259)
	at ~/.vscode-oss/extensions/ms-toolsai.jupyter-2025.8.0-universal/dist/extension.node.js:309:101815
	at Array.forEach (<anonymous>)
	at Tb.addImpl (~/.vscode-oss/extensions/ms-toolsai.jupyter-2025.8.0-universal/dist/extension.node.js:309:101788)
	at ~/.vscode-oss/extensions/ms-toolsai.jupyter-2025.8.0-universal/dist/extension.node.js:309:100868
	at Array.forEach (<anonymous>)
	at Tb.batchAdd (~/.vscode-oss/extensions/ms-toolsai.jupyter-2025.8.0-universal/dist/extension.node.js:309:100838)
	at Tb.createNotebookControllers (~/.vscode-oss/extensions/ms-toolsai.jupyter-2025.8.0-universal/dist/extension.node.js:309:99896)
	at Tb.loadControllers (~/.vscode-oss/extensions/ms-toolsai.jupyter-2025.8.0-universal/dist/extension.node.js:309:99356)
	at Tb.<anonymous> (~/.vscode-oss/extensions/ms-toolsai.jupyter-2025.8.0-universal/dist/extension.node.js:309:98597)
	at $.C (file:///usr/lib/code/out/vs/workbench/api/node/extensionHostProcess.js:27:2373)
	at $.fire (file:///usr/lib/code/out/vs/workbench/api/node/extensionHostProcess.js:27:2591)
	at od.value (~/.vscode-oss/extensions/ms-toolsai.jupyter-2025.8.0-universal/dist/extension.node.js:282:19929)
	at $.C (file:///usr/lib/code/out/vs/workbench/api/node/extensionHostProcess.js:27:2373)
	at $.D (file:///usr/lib/code/out/vs/workbench/api/node/extensionHostProcess.js:27:2443)
	at $.fire (file:///usr/lib/code/out/vs/workbench/api/node/extensionHostProcess.js:27:2660)
	at Bb.buildDummyEnvironment (~/.vscode-oss/extensions/ms-toolsai.jupyter-2025.8.0-universal/dist/extension.node.js:309:146514)]
13:56:21.600 [warn] Failed to attach variable provider [Error: Extension 'ms-toolsai.jupyter' CANNOT use API proposal: notebookVariableProvider.
Its package.json#enabledApiProposals-property declares:  but NOT notebookVariableProvider.
 The missing proposal MUST be added and you must start in extension development mode or use the following command line switch: --enable-proposed-api ms-toolsai.jupyter
	at T (file:///usr/lib/code/out/vs/workbench/api/node/extensionHostProcess.js:106:33255)
	at set variableProvider (file:///usr/lib/code/out/vs/workbench/api/node/extensionHostProcess.js:199:20966)
	at n.create (~/.vscode-oss/extensions/ms-toolsai.jupyter-2025.8.0-universal/dist/extension.node.js:309:88259)
	at ~/.vscode-oss/extensions/ms-toolsai.jupyter-2025.8.0-universal/dist/extension.node.js:309:101815
	at Array.forEach (<anonymous>)
	at Tb.addImpl (~/.vscode-oss/extensions/ms-toolsai.jupyter-2025.8.0-universal/dist/extension.node.js:309:101788)
	at ~/.vscode-oss/extensions/ms-toolsai.jupyter-2025.8.0-universal/dist/extension.node.js:309:100868
	at Array.forEach (<anonymous>)
	at Tb.batchAdd (~/.vscode-oss/extensions/ms-toolsai.jupyter-2025.8.0-universal/dist/extension.node.js:309:100838)
	at Tb.createNotebookControllers (~/.vscode-oss/extensions/ms-toolsai.jupyter-2025.8.0-universal/dist/extension.node.js:309:99896)
	at Tb.loadControllers (~/.vscode-oss/extensions/ms-toolsai.jupyter-2025.8.0-universal/dist/extension.node.js:309:99356)
	at Tb.<anonymous> (~/.vscode-oss/extensions/ms-toolsai.jupyter-2025.8.0-universal/dist/extension.node.js:309:98597)
	at $.C (file:///usr/lib/code/out/vs/workbench/api/node/extensionHostProcess.js:27:2373)
	at $.fire (file:///usr/lib/code/out/vs/workbench/api/node/extensionHostProcess.js:27:2591)
	at od.value (~/.vscode-oss/extensions/ms-toolsai.jupyter-2025.8.0-universal/dist/extension.node.js:282:19929)
	at $.C (file:///usr/lib/code/out/vs/workbench/api/node/extensionHostProcess.js:27:2373)
	at $.D (file:///usr/lib/code/out/vs/workbench/api/node/extensionHostProcess.js:27:2443)
	at $.fire (file:///usr/lib/code/out/vs/workbench/api/node/extensionHostProcess.js:27:2660)
	at Bb.buildDummyEnvironment (~/.vscode-oss/extensions/ms-toolsai.jupyter-2025.8.0-universal/dist/extension.node.js:309:146514)]
13:56:21.600 [warn] Failed to attach variable provider [Error: Extension 'ms-toolsai.jupyter' CANNOT use API proposal: notebookVariableProvider.
Its package.json#enabledApiProposals-property declares:  but NOT notebookVariableProvider.
 The missing proposal MUST be added and you must start in extension development mode or use the following command line switch: --enable-proposed-api ms-toolsai.jupyter
	at T (file:///usr/lib/code/out/vs/workbench/api/node/extensionHostProcess.js:106:33255)
	at set variableProvider (file:///usr/lib/code/out/vs/workbench/api/node/extensionHostProcess.js:199:20966)
	at n.create (~/.vscode-oss/extensions/ms-toolsai.jupyter-2025.8.0-universal/dist/extension.node.js:309:88259)
	at ~/.vscode-oss/extensions/ms-toolsai.jupyter-2025.8.0-universal/dist/extension.node.js:309:101815
	at Array.forEach (<anonymous>)
	at Tb.addImpl (~/.vscode-oss/extensions/ms-toolsai.jupyter-2025.8.0-universal/dist/extension.node.js:309:101788)
	at ~/.vscode-oss/extensions/ms-toolsai.jupyter-2025.8.0-universal/dist/extension.node.js:309:100868
	at Array.forEach (<anonymous>)
	at Tb.batchAdd (~/.vscode-oss/extensions/ms-toolsai.jupyter-2025.8.0-universal/dist/extension.node.js:309:100838)
	at Tb.createNotebookControllers (~/.vscode-oss/extensions/ms-toolsai.jupyter-2025.8.0-universal/dist/extension.node.js:309:99896)
	at Tb.loadControllers (~/.vscode-oss/extensions/ms-toolsai.jupyter-2025.8.0-universal/dist/extension.node.js:309:99356)
	at Tb.<anonymous> (~/.vscode-oss/extensions/ms-toolsai.jupyter-2025.8.0-universal/dist/extension.node.js:309:98597)
	at $.C (file:///usr/lib/code/out/vs/workbench/api/node/extensionHostProcess.js:27:2373)
	at $.fire (file:///usr/lib/code/out/vs/workbench/api/node/extensionHostProcess.js:27:2591)
	at od.value (~/.vscode-oss/extensions/ms-toolsai.jupyter-2025.8.0-universal/dist/extension.node.js:282:19929)
	at $.C (file:///usr/lib/code/out/vs/workbench/api/node/extensionHostProcess.js:27:2373)
	at $.D (file:///usr/lib/code/out/vs/workbench/api/node/extensionHostProcess.js:27:2443)
	at $.fire (file:///usr/lib/code/out/vs/workbench/api/node/extensionHostProcess.js:27:2660)
	at Bb.buildDummyEnvironment (~/.vscode-oss/extensions/ms-toolsai.jupyter-2025.8.0-universal/dist/extension.node.js:309:146514)]
13:56:21.601 [warn] Failed to attach variable provider [Error: Extension 'ms-toolsai.jupyter' CANNOT use API proposal: notebookVariableProvider.
Its package.json#enabledApiProposals-property declares:  but NOT notebookVariableProvider.
 The missing proposal MUST be added and you must start in extension development mode or use the following command line switch: --enable-proposed-api ms-toolsai.jupyter
	at T (file:///usr/lib/code/out/vs/workbench/api/node/extensionHostProcess.js:106:33255)
	at set variableProvider (file:///usr/lib/code/out/vs/workbench/api/node/extensionHostProcess.js:199:20966)
	at n.create (~/.vscode-oss/extensions/ms-toolsai.jupyter-2025.8.0-universal/dist/extension.node.js:309:88259)
	at ~/.vscode-oss/extensions/ms-toolsai.jupyter-2025.8.0-universal/dist/extension.node.js:309:101815
	at Array.forEach (<anonymous>)
	at Tb.addImpl (~/.vscode-oss/extensions/ms-toolsai.jupyter-2025.8.0-universal/dist/extension.node.js:309:101788)
	at ~/.vscode-oss/extensions/ms-toolsai.jupyter-2025.8.0-universal/dist/extension.node.js:309:100868
	at Array.forEach (<anonymous>)
	at Tb.batchAdd (~/.vscode-oss/extensions/ms-toolsai.jupyter-2025.8.0-universal/dist/extension.node.js:309:100838)
	at Tb.createNotebookControllers (~/.vscode-oss/extensions/ms-toolsai.jupyter-2025.8.0-universal/dist/extension.node.js:309:99896)
	at Tb.loadControllers (~/.vscode-oss/extensions/ms-toolsai.jupyter-2025.8.0-universal/dist/extension.node.js:309:99356)
	at Tb.<anonymous> (~/.vscode-oss/extensions/ms-toolsai.jupyter-2025.8.0-universal/dist/extension.node.js:309:98597)
	at $.C (file:///usr/lib/code/out/vs/workbench/api/node/extensionHostProcess.js:27:2373)
	at $.fire (file:///usr/lib/code/out/vs/workbench/api/node/extensionHostProcess.js:27:2591)
	at od.value (~/.vscode-oss/extensions/ms-toolsai.jupyter-2025.8.0-universal/dist/extension.node.js:282:19929)
	at $.C (file:///usr/lib/code/out/vs/workbench/api/node/extensionHostProcess.js:27:2373)
	at $.D (file:///usr/lib/code/out/vs/workbench/api/node/extensionHostProcess.js:27:2443)
	at $.fire (file:///usr/lib/code/out/vs/workbench/api/node/extensionHostProcess.js:27:2660)
	at Bb.buildDummyEnvironment (~/.vscode-oss/extensions/ms-toolsai.jupyter-2025.8.0-universal/dist/extension.node.js:309:146514)]
13:56:21.601 [warn] Failed to attach variable provider [Error: Extension 'ms-toolsai.jupyter' CANNOT use API proposal: notebookVariableProvider.
Its package.json#enabledApiProposals-property declares:  but NOT notebookVariableProvider.
 The missing proposal MUST be added and you must start in extension development mode or use the following command line switch: --enable-proposed-api ms-toolsai.jupyter
	at T (file:///usr/lib/code/out/vs/workbench/api/node/extensionHostProcess.js:106:33255)
	at set variableProvider (file:///usr/lib/code/out/vs/workbench/api/node/extensionHostProcess.js:199:20966)
	at n.create (~/.vscode-oss/extensions/ms-toolsai.jupyter-2025.8.0-universal/dist/extension.node.js:309:88259)
	at ~/.vscode-oss/extensions/ms-toolsai.jupyter-2025.8.0-universal/dist/extension.node.js:309:101815
	at Array.forEach (<anonymous>)
	at Tb.addImpl (~/.vscode-oss/extensions/ms-toolsai.jupyter-2025.8.0-universal/dist/extension.node.js:309:101788)
	at ~/.vscode-oss/extensions/ms-toolsai.jupyter-2025.8.0-universal/dist/extension.node.js:309:100868
	at Array.forEach (<anonymous>)
	at Tb.batchAdd (~/.vscode-oss/extensions/ms-toolsai.jupyter-2025.8.0-universal/dist/extension.node.js:309:100838)
	at Tb.createNotebookControllers (~/.vscode-oss/extensions/ms-toolsai.jupyter-2025.8.0-universal/dist/extension.node.js:309:99896)
	at Tb.loadControllers (~/.vscode-oss/extensions/ms-toolsai.jupyter-2025.8.0-universal/dist/extension.node.js:309:99356)
	at Tb.<anonymous> (~/.vscode-oss/extensions/ms-toolsai.jupyter-2025.8.0-universal/dist/extension.node.js:309:98597)
	at $.C (file:///usr/lib/code/out/vs/workbench/api/node/extensionHostProcess.js:27:2373)
	at $.fire (file:///usr/lib/code/out/vs/workbench/api/node/extensionHostProcess.js:27:2591)
	at od.value (~/.vscode-oss/extensions/ms-toolsai.jupyter-2025.8.0-universal/dist/extension.node.js:282:19929)
	at $.C (file:///usr/lib/code/out/vs/workbench/api/node/extensionHostProcess.js:27:2373)
	at $.D (file:///usr/lib/code/out/vs/workbench/api/node/extensionHostProcess.js:27:2443)
	at $.fire (file:///usr/lib/code/out/vs/workbench/api/node/extensionHostProcess.js:27:2660)
	at Bb.buildDummyEnvironment (~/.vscode-oss/extensions/ms-toolsai.jupyter-2025.8.0-universal/dist/extension.node.js:309:146514)]
13:56:22.071 [warn] Failed to attach variable provider [Error: Extension 'ms-toolsai.jupyter' CANNOT use API proposal: notebookVariableProvider.
Its package.json#enabledApiProposals-property declares:  but NOT notebookVariableProvider.
 The missing proposal MUST be added and you must start in extension development mode or use the following command line switch: --enable-proposed-api ms-toolsai.jupyter
	at T (file:///usr/lib/code/out/vs/workbench/api/node/extensionHostProcess.js:106:33255)
	at set variableProvider (file:///usr/lib/code/out/vs/workbench/api/node/extensionHostProcess.js:199:20966)
	at n.create (~/.vscode-oss/extensions/ms-toolsai.jupyter-2025.8.0-universal/dist/extension.node.js:309:88259)
	at ~/.vscode-oss/extensions/ms-toolsai.jupyter-2025.8.0-universal/dist/extension.node.js:309:101815
	at Array.forEach (<anonymous>)
	at Tb.addImpl (~/.vscode-oss/extensions/ms-toolsai.jupyter-2025.8.0-universal/dist/extension.node.js:309:101788)
	at ~/.vscode-oss/extensions/ms-toolsai.jupyter-2025.8.0-universal/dist/extension.node.js:309:100868
	at Array.forEach (<anonymous>)
	at Tb.batchAdd (~/.vscode-oss/extensions/ms-toolsai.jupyter-2025.8.0-universal/dist/extension.node.js:309:100838)
	at Tb.createNotebookControllers (~/.vscode-oss/extensions/ms-toolsai.jupyter-2025.8.0-universal/dist/extension.node.js:309:99896)
	at Tb.loadControllers (~/.vscode-oss/extensions/ms-toolsai.jupyter-2025.8.0-universal/dist/extension.node.js:309:99356)
	at Tb.<anonymous> (~/.vscode-oss/extensions/ms-toolsai.jupyter-2025.8.0-universal/dist/extension.node.js:309:98597)
	at $.C (file:///usr/lib/code/out/vs/workbench/api/node/extensionHostProcess.js:27:2373)
	at $.fire (file:///usr/lib/code/out/vs/workbench/api/node/extensionHostProcess.js:27:2591)
	at od.value (~/.vscode-oss/extensions/ms-toolsai.jupyter-2025.8.0-universal/dist/extension.node.js:282:19929)
	at $.C (file:///usr/lib/code/out/vs/workbench/api/node/extensionHostProcess.js:27:2373)
	at $.D (file:///usr/lib/code/out/vs/workbench/api/node/extensionHostProcess.js:27:2443)
	at $.fire (file:///usr/lib/code/out/vs/workbench/api/node/extensionHostProcess.js:27:2660)
	at Bb.buildDummyEnvironment (~/.vscode-oss/extensions/ms-toolsai.jupyter-2025.8.0-universal/dist/extension.node.js:309:146514)]
13:56:22.071 [warn] Failed to attach variable provider [Error: Extension 'ms-toolsai.jupyter' CANNOT use API proposal: notebookVariableProvider.
Its package.json#enabledApiProposals-property declares:  but NOT notebookVariableProvider.
 The missing proposal MUST be added and you must start in extension development mode or use the following command line switch: --enable-proposed-api ms-toolsai.jupyter
	at T (file:///usr/lib/code/out/vs/workbench/api/node/extensionHostProcess.js:106:33255)
	at set variableProvider (file:///usr/lib/code/out/vs/workbench/api/node/extensionHostProcess.js:199:20966)
	at n.create (~/.vscode-oss/extensions/ms-toolsai.jupyter-2025.8.0-universal/dist/extension.node.js:309:88259)
	at ~/.vscode-oss/extensions/ms-toolsai.jupyter-2025.8.0-universal/dist/extension.node.js:309:101815
	at Array.forEach (<anonymous>)
	at Tb.addImpl (~/.vscode-oss/extensions/ms-toolsai.jupyter-2025.8.0-universal/dist/extension.node.js:309:101788)
	at ~/.vscode-oss/extensions/ms-toolsai.jupyter-2025.8.0-universal/dist/extension.node.js:309:100868
	at Array.forEach (<anonymous>)
	at Tb.batchAdd (~/.vscode-oss/extensions/ms-toolsai.jupyter-2025.8.0-universal/dist/extension.node.js:309:100838)
	at Tb.createNotebookControllers (~/.vscode-oss/extensions/ms-toolsai.jupyter-2025.8.0-universal/dist/extension.node.js:309:99896)
	at Tb.loadControllers (~/.vscode-oss/extensions/ms-toolsai.jupyter-2025.8.0-universal/dist/extension.node.js:309:99356)
	at Tb.<anonymous> (~/.vscode-oss/extensions/ms-toolsai.jupyter-2025.8.0-universal/dist/extension.node.js:309:98597)
	at $.C (file:///usr/lib/code/out/vs/workbench/api/node/extensionHostProcess.js:27:2373)
	at $.fire (file:///usr/lib/code/out/vs/workbench/api/node/extensionHostProcess.js:27:2591)
	at od.value (~/.vscode-oss/extensions/ms-toolsai.jupyter-2025.8.0-universal/dist/extension.node.js:282:19929)
	at $.C (file:///usr/lib/code/out/vs/workbench/api/node/extensionHostProcess.js:27:2373)
	at $.D (file:///usr/lib/code/out/vs/workbench/api/node/extensionHostProcess.js:27:2443)
	at $.fire (file:///usr/lib/code/out/vs/workbench/api/node/extensionHostProcess.js:27:2660)
	at Bb.buildDummyEnvironment (~/.vscode-oss/extensions/ms-toolsai.jupyter-2025.8.0-universal/dist/extension.node.js:309:146514)]
13:56:54.103 [warn] Disposing old controller startUsingPythonInterpreter:'.jvsc74a57bd0fb036eda8bf7d8e99981b774535d4224df33abe3c3905f8b48f62fad636bfee9.~/shared/<username>Sync/py<username>/ML/research/MLDev/.venv/python.~/shared/<username>Sync/py<username>/ML/research/MLDev/.venv/python.-m#ipykernel_launcher' for view = 'jupyter-notebook'
13:56:54.104 [warn] Disposing old controller startUsingPythonInterpreter:'.jvsc74a57bd0fb036eda8bf7d8e99981b774535d4224df33abe3c3905f8b48f62fad636bfee9.~/shared/<username>Sync/py<username>/ML/research/MLDev/.venv/python.~/shared/<username>Sync/py<username>/ML/research/MLDev/.venv/python.-m#ipykernel_launcher (Interactive)' for view = 'interactive'
14:02:22.220 [warn] Failed to attach variable provider [Error: Extension 'ms-toolsai.jupyter' CANNOT use API proposal: notebookVariableProvider.
Its package.json#enabledApiProposals-property declares:  but NOT notebookVariableProvider.
 The missing proposal MUST be added and you must start in extension development mode or use the following command line switch: --enable-proposed-api ms-toolsai.jupyter
	at T (file:///usr/lib/code/out/vs/workbench/api/node/extensionHostProcess.js:106:33255)
	at set variableProvider (file:///usr/lib/code/out/vs/workbench/api/node/extensionHostProcess.js:199:20966)
	at n.create (~/.vscode-oss/extensions/ms-toolsai.jupyter-2025.8.0-universal/dist/extension.node.js:309:88259)
	at ~/.vscode-oss/extensions/ms-toolsai.jupyter-2025.8.0-universal/dist/extension.node.js:309:101815
	at Array.forEach (<anonymous>)
	at Tb.addImpl (~/.vscode-oss/extensions/ms-toolsai.jupyter-2025.8.0-universal/dist/extension.node.js:309:101788)
	at ~/.vscode-oss/extensions/ms-toolsai.jupyter-2025.8.0-universal/dist/extension.node.js:309:100868
	at Array.forEach (<anonymous>)
	at Tb.batchAdd (~/.vscode-oss/extensions/ms-toolsai.jupyter-2025.8.0-universal/dist/extension.node.js:309:100838)
	at Tb.createNotebookControllers (~/.vscode-oss/extensions/ms-toolsai.jupyter-2025.8.0-universal/dist/extension.node.js:309:99896)
	at Tb.loadControllers (~/.vscode-oss/extensions/ms-toolsai.jupyter-2025.8.0-universal/dist/extension.node.js:309:99356)
	at Tb.<anonymous> (~/.vscode-oss/extensions/ms-toolsai.jupyter-2025.8.0-universal/dist/extension.node.js:309:98597)
	at $.C (file:///usr/lib/code/out/vs/workbench/api/node/extensionHostProcess.js:27:2373)
	at $.fire (file:///usr/lib/code/out/vs/workbench/api/node/extensionHostProcess.js:27:2591)
	at od.value (~/.vscode-oss/extensions/ms-toolsai.jupyter-2025.8.0-universal/dist/extension.node.js:282:19929)
	at $.C (file:///usr/lib/code/out/vs/workbench/api/node/extensionHostProcess.js:27:2373)
	at $.D (file:///usr/lib/code/out/vs/workbench/api/node/extensionHostProcess.js:27:2443)
	at $.fire (file:///usr/lib/code/out/vs/workbench/api/node/extensionHostProcess.js:27:2660)
	at Bb.buildDummyEnvironment (~/.vscode-oss/extensions/ms-toolsai.jupyter-2025.8.0-universal/dist/extension.node.js:309:146514)]
14:02:22.221 [warn] Failed to attach variable provider [Error: Extension 'ms-toolsai.jupyter' CANNOT use API proposal: notebookVariableProvider.
Its package.json#enabledApiProposals-property declares:  but NOT notebookVariableProvider.
 The missing proposal MUST be added and you must start in extension development mode or use the following command line switch: --enable-proposed-api ms-toolsai.jupyter
	at T (file:///usr/lib/code/out/vs/workbench/api/node/extensionHostProcess.js:106:33255)
	at set variableProvider (file:///usr/lib/code/out/vs/workbench/api/node/extensionHostProcess.js:199:20966)
	at n.create (~/.vscode-oss/extensions/ms-toolsai.jupyter-2025.8.0-universal/dist/extension.node.js:309:88259)
	at ~/.vscode-oss/extensions/ms-toolsai.jupyter-2025.8.0-universal/dist/extension.node.js:309:101815
	at Array.forEach (<anonymous>)
	at Tb.addImpl (~/.vscode-oss/extensions/ms-toolsai.jupyter-2025.8.0-universal/dist/extension.node.js:309:101788)
	at ~/.vscode-oss/extensions/ms-toolsai.jupyter-2025.8.0-universal/dist/extension.node.js:309:100868
	at Array.forEach (<anonymous>)
	at Tb.batchAdd (~/.vscode-oss/extensions/ms-toolsai.jupyter-2025.8.0-universal/dist/extension.node.js:309:100838)
	at Tb.createNotebookControllers (~/.vscode-oss/extensions/ms-toolsai.jupyter-2025.8.0-universal/dist/extension.node.js:309:99896)
	at Tb.loadControllers (~/.vscode-oss/extensions/ms-toolsai.jupyter-2025.8.0-universal/dist/extension.node.js:309:99356)
	at Tb.<anonymous> (~/.vscode-oss/extensions/ms-toolsai.jupyter-2025.8.0-universal/dist/extension.node.js:309:98597)
	at $.C (file:///usr/lib/code/out/vs/workbench/api/node/extensionHostProcess.js:27:2373)
	at $.fire (file:///usr/lib/code/out/vs/workbench/api/node/extensionHostProcess.js:27:2591)
	at od.value (~/.vscode-oss/extensions/ms-toolsai.jupyter-2025.8.0-universal/dist/extension.node.js:282:19929)
	at $.C (file:///usr/lib/code/out/vs/workbench/api/node/extensionHostProcess.js:27:2373)
	at $.D (file:///usr/lib/code/out/vs/workbench/api/node/extensionHostProcess.js:27:2443)
	at $.fire (file:///usr/lib/code/out/vs/workbench/api/node/extensionHostProcess.js:27:2660)
	at Bb.buildDummyEnvironment (~/.vscode-oss/extensions/ms-toolsai.jupyter-2025.8.0-universal/dist/extension.node.js:309:146514)]
14:02:24.153 [warn] Failed to attach variable provider [Error: Extension 'ms-toolsai.jupyter' CANNOT use API proposal: notebookVariableProvider.
Its package.json#enabledApiProposals-property declares:  but NOT notebookVariableProvider.
 The missing proposal MUST be added and you must start in extension development mode or use the following command line switch: --enable-proposed-api ms-toolsai.jupyter
	at T (file:///usr/lib/code/out/vs/workbench/api/node/extensionHostProcess.js:106:33255)
	at set variableProvider (file:///usr/lib/code/out/vs/workbench/api/node/extensionHostProcess.js:199:20966)
	at n.create (~/.vscode-oss/extensions/ms-toolsai.jupyter-2025.8.0-universal/dist/extension.node.js:309:88259)
	at ~/.vscode-oss/extensions/ms-toolsai.jupyter-2025.8.0-universal/dist/extension.node.js:309:101815
	at Array.forEach (<anonymous>)
	at Tb.addImpl (~/.vscode-oss/extensions/ms-toolsai.jupyter-2025.8.0-universal/dist/extension.node.js:309:101788)
	at ~/.vscode-oss/extensions/ms-toolsai.jupyter-2025.8.0-universal/dist/extension.node.js:309:100868
	at Array.forEach (<anonymous>)
	at Tb.batchAdd (~/.vscode-oss/extensions/ms-toolsai.jupyter-2025.8.0-universal/dist/extension.node.js:309:100838)
	at Tb.createNotebookControllers (~/.vscode-oss/extensions/ms-toolsai.jupyter-2025.8.0-universal/dist/extension.node.js:309:99896)
	at Tb.loadControllers (~/.vscode-oss/extensions/ms-toolsai.jupyter-2025.8.0-universal/dist/extension.node.js:309:99356)
	at Tb.<anonymous> (~/.vscode-oss/extensions/ms-toolsai.jupyter-2025.8.0-universal/dist/extension.node.js:309:98597)
	at $.C (file:///usr/lib/code/out/vs/workbench/api/node/extensionHostProcess.js:27:2373)
	at $.fire (file:///usr/lib/code/out/vs/workbench/api/node/extensionHostProcess.js:27:2591)
	at od.value (~/.vscode-oss/extensions/ms-toolsai.jupyter-2025.8.0-universal/dist/extension.node.js:282:19929)
	at $.C (file:///usr/lib/code/out/vs/workbench/api/node/extensionHostProcess.js:27:2373)
	at $.D (file:///usr/lib/code/out/vs/workbench/api/node/extensionHostProcess.js:27:2443)
	at $.fire (file:///usr/lib/code/out/vs/workbench/api/node/extensionHostProcess.js:27:2660)
	at Bb.buildDummyEnvironment (~/.vscode-oss/extensions/ms-toolsai.jupyter-2025.8.0-universal/dist/extension.node.js:309:146514)]
14:02:24.154 [warn] Failed to attach variable provider [Error: Extension 'ms-toolsai.jupyter' CANNOT use API proposal: notebookVariableProvider.
Its package.json#enabledApiProposals-property declares:  but NOT notebookVariableProvider.
 The missing proposal MUST be added and you must start in extension development mode or use the following command line switch: --enable-proposed-api ms-toolsai.jupyter
	at T (file:///usr/lib/code/out/vs/workbench/api/node/extensionHostProcess.js:106:33255)
	at set variableProvider (file:///usr/lib/code/out/vs/workbench/api/node/extensionHostProcess.js:199:20966)
	at n.create (~/.vscode-oss/extensions/ms-toolsai.jupyter-2025.8.0-universal/dist/extension.node.js:309:88259)
	at ~/.vscode-oss/extensions/ms-toolsai.jupyter-2025.8.0-universal/dist/extension.node.js:309:101815
	at Array.forEach (<anonymous>)
	at Tb.addImpl (~/.vscode-oss/extensions/ms-toolsai.jupyter-2025.8.0-universal/dist/extension.node.js:309:101788)
	at ~/.vscode-oss/extensions/ms-toolsai.jupyter-2025.8.0-universal/dist/extension.node.js:309:100868
	at Array.forEach (<anonymous>)
	at Tb.batchAdd (~/.vscode-oss/extensions/ms-toolsai.jupyter-2025.8.0-universal/dist/extension.node.js:309:100838)
	at Tb.createNotebookControllers (~/.vscode-oss/extensions/ms-toolsai.jupyter-2025.8.0-universal/dist/extension.node.js:309:99896)
	at Tb.loadControllers (~/.vscode-oss/extensions/ms-toolsai.jupyter-2025.8.0-universal/dist/extension.node.js:309:99356)
	at Tb.<anonymous> (~/.vscode-oss/extensions/ms-toolsai.jupyter-2025.8.0-universal/dist/extension.node.js:309:98597)
	at $.C (file:///usr/lib/code/out/vs/workbench/api/node/extensionHostProcess.js:27:2373)
	at $.fire (file:///usr/lib/code/out/vs/workbench/api/node/extensionHostProcess.js:27:2591)
	at od.value (~/.vscode-oss/extensions/ms-toolsai.jupyter-2025.8.0-universal/dist/extension.node.js:282:19929)
	at $.C (file:///usr/lib/code/out/vs/workbench/api/node/extensionHostProcess.js:27:2373)
	at $.D (file:///usr/lib/code/out/vs/workbench/api/node/extensionHostProcess.js:27:2443)
	at $.fire (file:///usr/lib/code/out/vs/workbench/api/node/extensionHostProcess.js:27:2660)
	at Bb.buildDummyEnvironment (~/.vscode-oss/extensions/ms-toolsai.jupyter-2025.8.0-universal/dist/extension.node.js:309:146514)]
