2025-11-24 13:42:46.422 [info] [main] Log level: Info
2025-11-24 13:42:46.422 [info] [main] Validating found git in: "git"
2025-11-24 13:42:46.422 [info] [main] Using git "2.51.0" from "git"
2025-11-24 13:42:46.422 [info] [Model][doInitialScan] Initial repository scan started
2025-11-24 13:42:46.422 [info] > git rev-parse --show-toplevel [22ms]
2025-11-24 13:42:46.422 [info] > git rev-parse --path-format=relative --show-toplevel [3ms]
2025-11-24 13:42:46.424 [info] > git rev-parse --git-dir --git-common-dir --show-superproject-working-tree [3ms]
2025-11-24 13:42:46.435 [info] [Model][openRepository] Opened repository (path): /home/east/shared/eastSync/pyEast/ML/research/MLDev
2025-11-24 13:42:46.435 [info] [Model][openRepository] Opened repository (real path): /shared/eastSync/pyEast/ML/research/MLDev
2025-11-24 13:42:46.435 [info] [Model][openRepository] Opened repository (kind): repository
2025-11-24 13:42:46.447 [info] > git config --get commit.template [6ms]
2025-11-24 13:42:46.459 [info] > git for-each-ref --format=%(refname)%00%(upstream:short)%00%(objectname)%00%(upstream:track)%00%(upstream:remotename)%00%(upstream:remoteref) refs/heads/main refs/remotes/main [6ms]
2025-11-24 13:42:46.459 [info] > git rev-parse --show-toplevel [1ms]
2025-11-24 13:42:46.476 [info] > git rev-parse --path-format=relative --show-toplevel [11ms]
2025-11-24 13:42:46.476 [info] > git status -z -uall [7ms]
2025-11-24 13:42:46.476 [info] > git for-each-ref --sort -committerdate --format %(refname)%00%(objectname)%00%(*objectname) [2ms]
2025-11-24 13:42:46.521 [info] > git for-each-ref --format=%(refname)%00%(upstream:short)%00%(objectname)%00%(upstream:track)%00%(upstream:remotename)%00%(upstream:remoteref) refs/heads/main refs/remotes/main [11ms]
2025-11-24 13:42:46.590 [info] > git config --get --local branch.main.vscode-merge-base [64ms]
2025-11-24 13:42:46.590 [warning] [Git][config] git config failed: Failed to execute git
2025-11-24 13:42:46.597 [info] > git config --get commit.template [76ms]
2025-11-24 13:42:46.597 [info] > git rev-parse --show-toplevel [81ms]
2025-11-24 13:42:46.860 [info] > git rev-parse --path-format=relative --show-toplevel [257ms]
2025-11-24 13:42:46.861 [info] > git reflog main --grep-reflog=branch: Created from *. [264ms]
2025-11-24 13:42:46.937 [info] > git symbolic-ref --short refs/remotes/origin/HEAD [72ms]
2025-11-24 13:42:46.937 [info] fatal: ref refs/remotes/origin/HEAD is not a symbolic ref
2025-11-24 13:42:46.937 [warning] [Repository][getDefaultBranch] Failed to get default branch details: Failed to execute git.
2025-11-24 13:42:46.968 [info] > git merge-base refs/heads/main refs/remotes/origin/main [26ms]
2025-11-24 13:42:46.973 [info] > git rev-parse --show-toplevel [55ms]
2025-11-24 13:42:46.978 [info] > git for-each-ref --format=%(refname)%00%(upstream:short)%00%(objectname)%00%(upstream:track)%00%(upstream:remotename)%00%(upstream:remoteref) refs/heads/main refs/remotes/main [64ms]
2025-11-24 13:42:47.094 [info] > git rev-parse --path-format=relative --show-toplevel [116ms]
2025-11-24 13:42:47.094 [info] > git diff --name-status -z --diff-filter=ADMR bc3275f8d6bd9be6bcd06098349cb0d69ea91ff9...refs/remotes/origin/main [121ms]
2025-11-24 13:42:47.118 [info] > git rev-parse --show-toplevel [9ms]
2025-11-24 13:42:47.134 [info] > git rev-parse --path-format=relative --show-toplevel [11ms]
2025-11-24 13:42:47.154 [info] > git status -z -uall [26ms]
2025-11-24 13:42:47.154 [info] > git for-each-ref --sort -committerdate --format %(refname)%00%(objectname)%00%(*objectname) [22ms]
2025-11-24 13:42:47.156 [info] > git rev-parse --show-toplevel [4ms]
2025-11-24 13:42:47.184 [info] > git rev-parse --path-format=relative --show-toplevel [22ms]
2025-11-24 13:42:47.199 [info] > git rev-parse --show-toplevel [5ms]
2025-11-24 13:42:47.206 [info] > git rev-parse --path-format=relative --show-toplevel [3ms]
2025-11-24 13:42:47.236 [info] > git rev-parse --show-toplevel [21ms]
2025-11-24 13:42:47.245 [info] > git rev-parse --path-format=relative --show-toplevel [4ms]
2025-11-24 13:42:47.257 [info] > git rev-parse --show-toplevel [7ms]
2025-11-24 13:42:47.264 [info] > git rev-parse --path-format=relative --show-toplevel [1ms]
2025-11-24 13:42:47.447 [info] > git rev-parse --show-toplevel [178ms]
2025-11-24 13:42:47.466 [info] > git check-ignore -v -z --stdin [7ms]
2025-11-24 13:42:47.467 [info] > git rev-parse --path-format=relative --show-toplevel [15ms]
2025-11-24 13:42:47.475 [info] > git rev-parse --show-toplevel [2ms]
2025-11-24 13:42:47.482 [info] > git rev-parse --path-format=relative --show-toplevel [2ms]
2025-11-24 13:42:47.488 [info] > git rev-parse --show-toplevel [2ms]
2025-11-24 13:42:47.494 [info] > git rev-parse --path-format=relative --show-toplevel [1ms]
2025-11-24 13:42:47.512 [info] > git rev-parse --show-toplevel [12ms]
2025-11-24 13:42:47.520 [info] > git rev-parse --path-format=relative --show-toplevel [4ms]
2025-11-24 13:42:47.526 [info] > git rev-parse --show-toplevel [2ms]
2025-11-24 13:42:47.533 [info] > git rev-parse --path-format=relative --show-toplevel [3ms]
2025-11-24 13:42:47.539 [info] > git rev-parse --show-toplevel [1ms]
2025-11-24 13:42:47.544 [info] > git rev-parse --path-format=relative --show-toplevel [1ms]
2025-11-24 13:42:47.550 [info] > git rev-parse --show-toplevel [2ms]
2025-11-24 13:42:47.556 [info] > git rev-parse --path-format=relative --show-toplevel [2ms]
2025-11-24 13:42:47.561 [info] > git rev-parse --show-toplevel [1ms]
2025-11-24 13:42:47.567 [info] > git rev-parse --path-format=relative --show-toplevel [2ms]
2025-11-24 13:42:47.573 [info] > git rev-parse --show-toplevel [1ms]
2025-11-24 13:42:47.582 [info] > git rev-parse --path-format=relative --show-toplevel [5ms]
2025-11-24 13:42:47.588 [info] > git rev-parse --show-toplevel [2ms]
2025-11-24 13:42:47.593 [info] > git rev-parse --path-format=relative --show-toplevel [1ms]
2025-11-24 13:42:47.600 [info] > git rev-parse --show-toplevel [2ms]
2025-11-24 13:42:47.606 [info] > git rev-parse --path-format=relative --show-toplevel [1ms]
2025-11-24 13:42:47.606 [info] [Model][doInitialScan] Initial repository scan completed - repositories (1), closed repositories (0), parent repositories (0), unsafe repositories (0)
2025-11-24 13:42:55.969 [info] > git check-ignore -v -z --stdin [2ms]
2025-11-24 13:42:56.736 [info] > git check-ignore -v -z --stdin [2ms]
2025-11-24 13:42:58.396 [info] > git check-ignore -v -z --stdin [3ms]
2025-11-24 13:43:41.684 [info] > git config --get commit.template [5ms]
2025-11-24 13:43:41.684 [info] > git for-each-ref --format=%(refname)%00%(upstream:short)%00%(objectname)%00%(upstream:track)%00%(upstream:remotename)%00%(upstream:remoteref) refs/heads/main refs/remotes/main [1ms]
2025-11-24 13:43:41.693 [info] > git status -z -uall [5ms]
2025-11-24 13:43:41.693 [info] > git for-each-ref --sort -committerdate --format %(refname)%00%(objectname)%00%(*objectname) [1ms]
2025-11-24 13:51:42.863 [info] > git config --get commit.template [4ms]
2025-11-24 13:51:42.864 [info] > git for-each-ref --format=%(refname)%00%(upstream:short)%00%(objectname)%00%(upstream:track)%00%(upstream:remotename)%00%(upstream:remoteref) refs/heads/main refs/remotes/main [1ms]
2025-11-24 13:51:42.873 [info] > git status -z -uall [5ms]
2025-11-24 13:51:42.877 [info] > git for-each-ref --sort -committerdate --format %(refname)%00%(objectname)%00%(*objectname) [5ms]
2025-11-24 13:54:27.083 [info] > git config --get commit.template [6ms]
2025-11-24 13:54:27.083 [info] > git for-each-ref --format=%(refname)%00%(upstream:short)%00%(objectname)%00%(upstream:track)%00%(upstream:remotename)%00%(upstream:remoteref) refs/heads/main refs/remotes/main [1ms]
2025-11-24 13:54:27.094 [info] > git status -z -uall [6ms]
2025-11-24 13:54:27.094 [info] > git for-each-ref --sort -committerdate --format %(refname)%00%(objectname)%00%(*objectname) [2ms]
