2025-11-24 14:04:35.575 [info] [main] Log level: Info
2025-11-24 14:04:35.575 [info] [main] Validating found git in: "git"
2025-11-24 14:04:35.575 [info] [main] Using git "2.51.0" from "git"
2025-11-24 14:04:35.575 [info] [Model][doInitialScan] Initial repository scan started
2025-11-24 14:04:35.575 [info] > git rev-parse --show-toplevel [7ms]
2025-11-24 14:04:35.575 [info] > git rev-parse --path-format=relative --show-toplevel [4ms]
2025-11-24 14:04:35.575 [info] > git rev-parse --git-dir --git-common-dir --show-superproject-working-tree [2ms]
2025-11-24 14:04:35.575 [info] [Model][openRepository] Opened repository (path): /home/east/shared/eastSync/pyEast/ML/research/MLDev
2025-11-24 14:04:35.575 [info] [Model][openRepository] Opened repository (real path): /shared/eastSync/pyEast/ML/research/MLDev
2025-11-24 14:04:35.575 [info] [Model][openRepository] Opened repository (kind): repository
2025-11-24 14:04:35.575 [info] > git rev-parse --show-toplevel [171ms]
2025-11-24 14:04:35.575 [info] > git config --get commit.template [178ms]
2025-11-24 14:04:35.575 [info] > git rev-parse --path-format=relative --show-toplevel [52ms]
2025-11-24 14:04:35.577 [info] > git rev-parse --show-toplevel [100ms]
2025-11-24 14:04:35.583 [info] > git for-each-ref --format=%(refname)%00%(upstream:short)%00%(objectname)%00%(upstream:track)%00%(upstream:remotename)%00%(upstream:remoteref) refs/heads/main refs/remotes/main [128ms]
2025-11-24 14:04:35.630 [info] > git rev-parse --path-format=relative --show-toplevel [47ms]
2025-11-24 14:04:35.652 [info] > git rev-parse --show-toplevel [5ms]
2025-11-24 14:04:35.678 [info] > git rev-parse --path-format=relative --show-toplevel [22ms]
2025-11-24 14:04:35.685 [info] > git for-each-ref --sort -committerdate --format %(refname)%00%(objectname)%00%(*objectname) [12ms]
2025-11-24 14:04:35.688 [info] > git status -z -uall [20ms]
2025-11-24 14:04:35.688 [info] > git rev-parse --show-toplevel [4ms]
2025-11-24 14:04:35.734 [info] > git for-each-ref --format=%(refname)%00%(upstream:short)%00%(objectname)%00%(upstream:track)%00%(upstream:remotename)%00%(upstream:remoteref) refs/heads/main refs/remotes/main [10ms]
2025-11-24 14:04:35.739 [info] > git rev-parse --path-format=relative --show-toplevel [46ms]
2025-11-24 14:04:35.749 [info] > git config --get --local branch.main.vscode-merge-base [10ms]
2025-11-24 14:04:35.750 [warning] [Git][config] git config failed: Failed to execute git
2025-11-24 14:04:35.756 [info] > git config --get commit.template [23ms]
2025-11-24 14:04:35.758 [info] > git rev-parse --show-toplevel [9ms]
2025-11-24 14:04:35.773 [info] > git reflog main --grep-reflog=branch: Created from *. [17ms]
2025-11-24 14:04:35.783 [info] > git for-each-ref --format=%(refname)%00%(upstream:short)%00%(objectname)%00%(upstream:track)%00%(upstream:remotename)%00%(upstream:remoteref) refs/heads/main refs/remotes/main [17ms]
2025-11-24 14:04:35.783 [info] > git rev-parse --path-format=relative --show-toplevel [21ms]
2025-11-24 14:04:35.788 [info] > git symbolic-ref --short refs/remotes/origin/HEAD [11ms]
2025-11-24 14:04:35.788 [info] fatal: ref refs/remotes/origin/HEAD is not a symbolic ref
2025-11-24 14:04:35.788 [warning] [Repository][getDefaultBranch] Failed to get default branch details: Failed to execute git.
2025-11-24 14:04:35.796 [info] > git rev-parse --show-toplevel [8ms]
2025-11-24 14:04:35.993 [info] > git rev-parse --path-format=relative --show-toplevel [193ms]
2025-11-24 14:04:35.993 [info] > git merge-base refs/heads/main refs/remotes/origin/main [200ms]
2025-11-24 14:04:36.020 [info] > git check-ignore -v -z --stdin [18ms]
2025-11-24 14:04:36.020 [info] > git diff --name-status -z --diff-filter=ADMR bc3275f8d6bd9be6bcd06098349cb0d69ea91ff9...refs/remotes/origin/main [23ms]
2025-11-24 14:04:36.022 [info] > git status -z -uall [10ms]
2025-11-24 14:04:36.022 [info] > git rev-parse --show-toplevel [3ms]
2025-11-24 14:04:36.026 [info] > git for-each-ref --sort -committerdate --format %(refname)%00%(objectname)%00%(*objectname) [10ms]
2025-11-24 14:04:36.033 [info] > git rev-parse --path-format=relative --show-toplevel [7ms]
2025-11-24 14:04:36.051 [info] > git rev-parse --show-toplevel [2ms]
2025-11-24 14:04:36.073 [info] > git rev-parse --path-format=relative --show-toplevel [18ms]
2025-11-24 14:04:36.087 [info] > git rev-parse --show-toplevel [4ms]
2025-11-24 14:04:36.094 [info] > git rev-parse --path-format=relative --show-toplevel [2ms]
2025-11-24 14:04:36.109 [info] > git rev-parse --show-toplevel [9ms]
2025-11-24 14:04:36.115 [info] > git rev-parse --path-format=relative --show-toplevel [2ms]
2025-11-24 14:04:36.121 [info] > git rev-parse --show-toplevel [2ms]
2025-11-24 14:04:36.129 [info] > git rev-parse --path-format=relative --show-toplevel [4ms]
2025-11-24 14:04:36.308 [info] > git rev-parse --show-toplevel [170ms]
2025-11-24 14:04:36.313 [info] > git rev-parse --path-format=relative --show-toplevel [1ms]
2025-11-24 14:04:36.332 [info] > git rev-parse --show-toplevel [15ms]
2025-11-24 14:04:36.338 [info] > git rev-parse --path-format=relative --show-toplevel [2ms]
2025-11-24 14:04:36.346 [info] > git rev-parse --show-toplevel [3ms]
2025-11-24 14:04:36.351 [info] > git rev-parse --path-format=relative --show-toplevel [1ms]
2025-11-24 14:04:36.356 [info] > git rev-parse --show-toplevel [1ms]
2025-11-24 14:04:36.362 [info] > git rev-parse --path-format=relative --show-toplevel [1ms]
2025-11-24 14:04:36.368 [info] > git rev-parse --show-toplevel [1ms]
2025-11-24 14:04:36.372 [info] > git rev-parse --path-format=relative --show-toplevel [0ms]
2025-11-24 14:04:36.379 [info] > git rev-parse --show-toplevel [2ms]
2025-11-24 14:04:36.385 [info] > git rev-parse --path-format=relative --show-toplevel [1ms]
2025-11-24 14:04:36.395 [info] > git rev-parse --show-toplevel [6ms]
2025-11-24 14:04:36.400 [info] > git rev-parse --path-format=relative --show-toplevel [1ms]
2025-11-24 14:04:36.407 [info] > git rev-parse --show-toplevel [2ms]
2025-11-24 14:04:36.413 [info] > git rev-parse --path-format=relative --show-toplevel [2ms]
2025-11-24 14:04:36.413 [info] [Model][doInitialScan] Initial repository scan completed - repositories (1), closed repositories (0), parent repositories (0), unsafe repositories (0)
2025-11-24 14:05:31.322 [info] > git check-ignore -v -z --stdin [2ms]
2025-11-24 14:05:32.038 [info] > git check-ignore -v -z --stdin [2ms]
