2025-11-24 15:57:29.361 [info] Revived process, old id 6b30999b8c9495b2e482c73f7957a5bc-2 -> new id 1
2025-11-24 15:57:29.367 [info] Expanding terminal instance, old id 6b30999b8c9495b2e482c73f7957a5bc-2 -> new id 1
2025-11-24 15:57:30.635 [warning] Persistent process "1": Process had no disconnect runners but was an orphan
2025-11-24 15:57:30.635 [info] Persistent process reconnection "1"
2025-11-24 15:57:30.656 [info] Persistent process "1": Replaying 10288 chars and 1 size events
2025-11-26 12:38:07.023 [info] Revived process, old id c39407f9f4f662dcef06225de769c574-7 -> new id 12
2025-11-26 12:38:07.023 [info] Revived process, old id c39407f9f4f662dcef06225de769c574-8 -> new id 13
2025-11-26 12:38:07.023 [info] Revived process, old id c39407f9f4f662dcef06225de769c574-9 -> new id 14
2025-11-26 12:38:07.023 [info] Revived process, old id c39407f9f4f662dcef06225de769c574-10 -> new id 15
2025-11-26 12:38:07.366 [info] Expanding terminal instance, old id c39407f9f4f662dcef06225de769c574-7 -> new id 12
2025-11-26 12:38:07.366 [info] Expanding terminal instance, old id c39407f9f4f662dcef06225de769c574-8 -> new id 13
2025-11-26 12:38:07.366 [info] Expanding terminal instance, old id c39407f9f4f662dcef06225de769c574-9 -> new id 14
2025-11-26 12:38:07.366 [info] Expanding terminal instance, old id c39407f9f4f662dcef06225de769c574-10 -> new id 15
2025-11-26 12:38:08.599 [warning] Persistent process "12": Process had no disconnect runners but was an orphan
2025-11-26 12:38:08.599 [info] Persistent process reconnection "12"
2025-11-26 12:38:08.599 [warning] Persistent process "13": Process had no disconnect runners but was an orphan
2025-11-26 12:38:08.599 [info] Persistent process reconnection "13"
2025-11-26 12:38:08.599 [warning] Persistent process "14": Process had no disconnect runners but was an orphan
2025-11-26 12:38:08.599 [info] Persistent process reconnection "14"
2025-11-26 12:38:08.599 [warning] Persistent process "15": Process had no disconnect runners but was an orphan
2025-11-26 12:38:08.599 [info] Persistent process reconnection "15"
2025-11-26 12:38:08.607 [info] Persistent process "12": Replaying 7461 chars and 1 size events
2025-11-26 12:38:08.611 [info] Persistent process "13": Replaying 9871 chars and 1 size events
2025-11-26 12:38:08.616 [info] Persistent process "15": Replaying 8607 chars and 1 size events
2025-11-26 12:38:08.622 [info] Persistent process "14": Replaying 5291 chars and 1 size events
