2025-11-25 18:31:32.137 [info] RunInTerminalTool: Command rewritten by Jan: Removed redundant cd command []
2025-11-25 18:31:32.199 [info] RunInTerminalTool#CommandLineFileWriteAnalyzer: File writes detected [[]]
2025-11-25 18:31:32.199 [info] RunInTerminalTool#CommandLineAutoApproveAnalyzer: Parsed sub-commands via bash grammar [["python HPT_production.py"]]
2025-11-25 18:31:32.200 [info] RunInTerminalTool#CommandLineAutoApproveAnalyzer: All sub-commands NOT auto-approved [null]
2025-11-25 18:31:32.200 [info] RunInTerminalTool#CommandLineAutoApproveAnalyzer: Command line NOT auto-approved [null]
2025-11-25 18:31:32.200 [info] RunInTerminalTool#CommandLineAutoApproveAnalyzer: - Command 'python HPT_production.py' has no matching auto approve entries [null]
2025-11-25 18:31:32.200 [info] RunInTerminalTool#CommandLineAutoApproveAnalyzer: - Command line 'python HPT_production.py' has no matching auto approve entries [null]
2025-11-25 18:31:34.054 [info] ToolTerminalCreator#createTerminal: Waiting 5000ms for shell integration []
2025-11-25 18:31:34.471 [info] ToolTerminalCreator#_waitForShellIntegration: Timed out 200ms, using basic SI (via listener) []
2025-11-25 18:31:34.471 [info] ToolTerminalCreator#_waitForShellIntegration: Promise complete, disposing store []
2025-11-25 18:31:55.820 [info] RunInTerminalTool: Command rewritten by Jan: Removed redundant cd command []
2025-11-25 18:31:55.829 [info] RunInTerminalTool#CommandLineFileWriteAnalyzer: File writes detected [[]]
2025-11-25 18:31:55.829 [info] RunInTerminalTool#CommandLineAutoApproveAnalyzer: Parsed sub-commands via bash grammar [["/shared/eastSync/pyEast/MLDev/.venv/bin/python HPT_production.py","head -100"]]
2025-11-25 18:31:55.830 [info] RunInTerminalTool#CommandLineAutoApproveAnalyzer: All sub-commands NOT auto-approved [null]
2025-11-25 18:31:55.830 [info] RunInTerminalTool#CommandLineAutoApproveAnalyzer: Command line NOT auto-approved [null]
2025-11-25 18:31:55.830 [info] RunInTerminalTool#CommandLineAutoApproveAnalyzer: - Command '/shared/eastSync/pyEast/MLDev/.venv/bin/python HPT_production.py' has no matching auto approve entries [null]
2025-11-25 18:31:55.830 [info] RunInTerminalTool#CommandLineAutoApproveAnalyzer: - Command 'head -100' is approved by allow list rule: head [null]
2025-11-25 18:31:55.830 [info] RunInTerminalTool#CommandLineAutoApproveAnalyzer: - Command line '/shared/eastSync/pyEast/MLDev/.venv/bin/python HPT_production.py 2>&1 | head -100' has no matching auto approve entries [null]
2025-11-25 18:32:21.912 [info] RunInTerminalTool: Command rewritten by Jan: Removed redundant cd command []
2025-11-25 18:32:21.921 [info] RunInTerminalTool#CommandLineFileWriteAnalyzer: File writes detected [[]]
2025-11-25 18:32:21.921 [info] RunInTerminalTool#CommandLineAutoApproveAnalyzer: Parsed sub-commands via bash grammar [["/shared/eastSync/pyEast/MLDev/.venv/bin/python HPT_production.py","head -150"]]
2025-11-25 18:32:21.921 [info] RunInTerminalTool#CommandLineAutoApproveAnalyzer: All sub-commands NOT auto-approved [null]
2025-11-25 18:32:21.921 [info] RunInTerminalTool#CommandLineAutoApproveAnalyzer: Command line NOT auto-approved [null]
2025-11-25 18:32:21.921 [info] RunInTerminalTool#CommandLineAutoApproveAnalyzer: - Command '/shared/eastSync/pyEast/MLDev/.venv/bin/python HPT_production.py' has no matching auto approve entries [null]
2025-11-25 18:32:21.921 [info] RunInTerminalTool#CommandLineAutoApproveAnalyzer: - Command 'head -150' is approved by allow list rule: head [null]
2025-11-25 18:32:21.921 [info] RunInTerminalTool#CommandLineAutoApproveAnalyzer: - Command line '/shared/eastSync/pyEast/MLDev/.venv/bin/python HPT_production.py 2>&1 | head -150' has no matching auto approve entries [null]
2025-11-25 18:32:57.969 [info] RunInTerminalTool: Command rewritten by Jan: Removed redundant cd command []
2025-11-25 18:32:57.978 [info] RunInTerminalTool#CommandLineFileWriteAnalyzer: File writes detected [[]]
2025-11-25 18:32:57.978 [info] RunInTerminalTool#CommandLineAutoApproveAnalyzer: Parsed sub-commands via bash grammar [["/shared/eastSync/pyEast/MLDev/.venv/bin/python HPT_production.py"]]
2025-11-25 18:32:57.978 [info] RunInTerminalTool#CommandLineAutoApproveAnalyzer: All sub-commands NOT auto-approved [null]
2025-11-25 18:32:57.978 [info] RunInTerminalTool#CommandLineAutoApproveAnalyzer: Command line NOT auto-approved [null]
2025-11-25 18:32:57.978 [info] RunInTerminalTool#CommandLineAutoApproveAnalyzer: - Command '/shared/eastSync/pyEast/MLDev/.venv/bin/python HPT_production.py' has no matching auto approve entries [null]
2025-11-25 18:32:57.978 [info] RunInTerminalTool#CommandLineAutoApproveAnalyzer: - Command line '/shared/eastSync/pyEast/MLDev/.venv/bin/python HPT_production.py' has no matching auto approve entries [null]
2025-11-25 18:33:00.226 [info] ToolTerminalCreator#createTerminal: Waiting 4999ms for shell integration []
2025-11-25 18:33:00.433 [info] ToolTerminalCreator#_waitForShellIntegration: Timed out 200ms, using basic SI (via listener) []
2025-11-25 18:33:00.433 [info] ToolTerminalCreator#_waitForShellIntegration: Promise complete, disposing store []
2025-11-25 18:33:50.282 [info] RunInTerminalTool#CommandLineFileWriteAnalyzer: Detected cwd ["file:///home/east/shared/eastSync/pyEast/MLDev"]
2025-11-25 18:33:50.282 [info] RunInTerminalTool#CommandLineFileWriteAnalyzer: File writes detected [["file:///dev/null"]]
2025-11-25 18:33:50.283 [info] RunInTerminalTool#CommandLineAutoApproveAnalyzer: Parsed sub-commands via bash grammar [["sleep 30","tail -100 /proc/$(pgrep -f \"HPT_production.py\" | head -1)/fd/1","pgrep -f \"HPT_production.py\"","head -1","echo \"Process completed\""]]
2025-11-25 18:33:50.283 [info] RunInTerminalTool#CommandLineAutoApproveAnalyzer: All sub-commands NOT auto-approved [null]
2025-11-25 18:33:50.283 [info] RunInTerminalTool#CommandLineAutoApproveAnalyzer: Command line NOT auto-approved [null]
2025-11-25 18:33:50.284 [info] RunInTerminalTool#CommandLineAutoApproveAnalyzer: - Command 'sleep 30' is approved by allow list rule: sleep [null]
2025-11-25 18:33:50.284 [info] RunInTerminalTool#CommandLineAutoApproveAnalyzer: - Command 'tail -100 /proc/$(pgrep -f "HPT_production.py" | head -1)/fd/1' is approved by allow list rule: tail [null]
2025-11-25 18:33:50.284 [info] RunInTerminalTool#CommandLineAutoApproveAnalyzer: - Command 'pgrep -f "HPT_production.py"' has no matching auto approve entries [null]
2025-11-25 18:33:50.285 [info] RunInTerminalTool#CommandLineAutoApproveAnalyzer: - Command 'head -1' is approved by allow list rule: head [null]
2025-11-25 18:33:50.285 [info] RunInTerminalTool#CommandLineAutoApproveAnalyzer: - Command 'echo "Process completed"' is approved by allow list rule: echo [null]
2025-11-25 18:33:50.285 [info] RunInTerminalTool#CommandLineAutoApproveAnalyzer: - Command line 'sleep 30 && tail -100 /proc/$(pgrep -f "HPT_production.py" | head -1)/fd/1 2>/dev/null || echo "Process completed"' has no matching auto approve entries [null]
2025-11-25 18:33:50.286 [info] RunInTerminalTool#CommandLineFileWriteAnalyzer: File write blocked outside workspace ["file:///dev/null"]
