2025-11-24 13:56:21.058 [info] [main] Log level: Info
2025-11-24 13:56:21.058 [info] [main] Validating found git in: "git"
2025-11-24 13:56:21.058 [info] [main] Using git "2.51.0" from "git"
2025-11-24 13:56:21.058 [info] [Model][doInitialScan] Initial repository scan started
2025-11-24 13:56:21.058 [info] > git rev-parse --show-toplevel [20ms]
2025-11-24 13:56:21.058 [info] > git rev-parse --path-format=relative --show-toplevel [6ms]
2025-11-24 13:56:21.059 [info] > git rev-parse --git-dir --git-common-dir --show-superproject-working-tree [2ms]
2025-11-24 13:56:21.068 [info] [Model][openRepository] Opened repository (path): /home/east/shared/eastSync/pyEast/ML/research/MLDev
2025-11-24 13:56:21.068 [info] [Model][openRepository] Opened repository (real path): /shared/eastSync/pyEast/ML/research/MLDev
2025-11-24 13:56:21.068 [info] [Model][openRepository] Opened repository (kind): repository
2025-11-24 13:56:21.080 [info] > git config --get commit.template [6ms]
2025-11-24 13:56:21.148 [info] > git for-each-ref --format=%(refname)%00%(upstream:short)%00%(objectname)%00%(upstream:track)%00%(upstream:remotename)%00%(upstream:remoteref) refs/heads/main refs/remotes/main [10ms]
2025-11-24 13:56:21.179 [info] > git status -z -uall [15ms]
2025-11-24 13:56:21.180 [info] > git for-each-ref --sort -committerdate --format %(refname)%00%(objectname)%00%(*objectname) [10ms]
2025-11-24 13:56:21.222 [info] > git for-each-ref --format=%(refname)%00%(upstream:short)%00%(objectname)%00%(upstream:track)%00%(upstream:remotename)%00%(upstream:remoteref) refs/heads/main refs/remotes/main [7ms]
2025-11-24 13:56:21.227 [info] > git rev-parse --show-toplevel [49ms]
2025-11-24 13:56:21.235 [info] > git rev-parse --path-format=relative --show-toplevel [3ms]
2025-11-24 13:56:21.235 [info] > git config --get --local branch.main.vscode-merge-base [8ms]
2025-11-24 13:56:21.235 [warning] [Git][config] git config failed: Failed to execute git
2025-11-24 13:56:21.241 [info] > git config --get commit.template [20ms]
2025-11-24 13:56:21.251 [info] > git reflog main --grep-reflog=branch: Created from *. [9ms]
2025-11-24 13:56:21.256 [info] > git for-each-ref --format=%(refname)%00%(upstream:short)%00%(objectname)%00%(upstream:track)%00%(upstream:remotename)%00%(upstream:remoteref) refs/heads/main refs/remotes/main [6ms]
2025-11-24 13:56:21.256 [info] > git rev-parse --show-toplevel [11ms]
2025-11-24 13:56:21.261 [info] > git symbolic-ref --short refs/remotes/origin/HEAD [6ms]
2025-11-24 13:56:21.261 [info] fatal: ref refs/remotes/origin/HEAD is not a symbolic ref
2025-11-24 13:56:21.261 [warning] [Repository][getDefaultBranch] Failed to get default branch details: Failed to execute git.
2025-11-24 13:56:21.267 [info] > git rev-parse --path-format=relative --show-toplevel [7ms]
2025-11-24 13:56:21.272 [info] > git merge-base refs/heads/main refs/remotes/origin/main [6ms]
2025-11-24 13:56:21.287 [info] > git rev-parse --show-toplevel [16ms]
2025-11-24 13:56:21.512 [info] > git status -z -uall [231ms]
2025-11-24 13:56:21.513 [info] > git rev-parse --path-format=relative --show-toplevel [221ms]
2025-11-24 13:56:21.513 [info] > git for-each-ref --sort -committerdate --format %(refname)%00%(objectname)%00%(*objectname) [226ms]
2025-11-24 13:56:21.513 [info] > git diff --name-status -z --diff-filter=ADMR bc3275f8d6bd9be6bcd06098349cb0d69ea91ff9...refs/remotes/origin/main [237ms]
2025-11-24 13:56:21.712 [info] > git rev-parse --show-toplevel [117ms]
2025-11-24 13:56:21.733 [info] > git check-ignore -v -z --stdin [12ms]
2025-11-24 13:56:21.734 [info] > git rev-parse --path-format=relative --show-toplevel [18ms]
2025-11-24 13:56:21.930 [info] > git rev-parse --show-toplevel [17ms]
2025-11-24 13:56:21.941 [info] > git rev-parse --path-format=relative --show-toplevel [6ms]
2025-11-24 13:56:21.952 [info] > git rev-parse --show-toplevel [3ms]
2025-11-24 13:56:21.961 [info] > git rev-parse --path-format=relative --show-toplevel [4ms]
2025-11-24 13:56:21.973 [info] > git rev-parse --show-toplevel [4ms]
2025-11-24 13:56:21.982 [info] > git rev-parse --path-format=relative --show-toplevel [5ms]
2025-11-24 13:56:21.991 [info] > git rev-parse --show-toplevel [2ms]
2025-11-24 13:56:22.002 [info] > git rev-parse --path-format=relative --show-toplevel [6ms]
2025-11-24 13:56:22.014 [info] > git rev-parse --show-toplevel [2ms]
2025-11-24 13:56:22.020 [info] > git rev-parse --path-format=relative --show-toplevel [2ms]
2025-11-24 13:56:22.029 [info] > git rev-parse --show-toplevel [3ms]
2025-11-24 13:56:22.036 [info] > git rev-parse --path-format=relative --show-toplevel [2ms]
2025-11-24 13:56:22.042 [info] > git rev-parse --show-toplevel [1ms]
2025-11-24 13:56:22.048 [info] > git rev-parse --path-format=relative --show-toplevel [1ms]
2025-11-24 13:56:22.056 [info] > git rev-parse --show-toplevel [3ms]
2025-11-24 13:56:22.072 [info] > git rev-parse --path-format=relative --show-toplevel [11ms]
2025-11-24 13:56:22.079 [info] > git rev-parse --show-toplevel [2ms]
2025-11-24 13:56:22.085 [info] > git rev-parse --path-format=relative --show-toplevel [2ms]
2025-11-24 13:56:22.093 [info] > git rev-parse --show-toplevel [2ms]
2025-11-24 13:56:22.099 [info] > git rev-parse --path-format=relative --show-toplevel [1ms]
2025-11-24 13:56:22.103 [info] > git rev-parse --show-toplevel [1ms]
2025-11-24 13:56:22.108 [info] > git rev-parse --path-format=relative --show-toplevel [1ms]
2025-11-24 13:56:22.114 [info] > git rev-parse --show-toplevel [1ms]
2025-11-24 13:56:22.119 [info] > git rev-parse --path-format=relative --show-toplevel [1ms]
2025-11-24 13:56:22.123 [info] > git rev-parse --show-toplevel [1ms]
2025-11-24 13:56:22.129 [info] > git rev-parse --path-format=relative --show-toplevel [1ms]
2025-11-24 13:56:22.139 [info] > git rev-parse --show-toplevel [5ms]
2025-11-24 13:56:22.144 [info] > git rev-parse --path-format=relative --show-toplevel [1ms]
2025-11-24 13:56:22.149 [info] > git rev-parse --show-toplevel [1ms]
2025-11-24 13:56:22.154 [info] > git rev-parse --path-format=relative --show-toplevel [1ms]
2025-11-24 13:56:22.155 [info] [Model][doInitialScan] Initial repository scan completed - repositories (1), closed repositories (0), parent repositories (0), unsafe repositories (0)
2025-11-24 13:58:03.153 [info] > git check-ignore -v -z --stdin [4ms]
2025-11-24 13:58:05.215 [info] > git check-ignore -v -z --stdin [1ms]
2025-11-24 13:58:19.727 [info] > git config --get commit.template [5ms]
2025-11-24 13:58:19.728 [info] > git for-each-ref --format=%(refname)%00%(upstream:short)%00%(objectname)%00%(upstream:track)%00%(upstream:remotename)%00%(upstream:remoteref) refs/heads/main refs/remotes/main [1ms]
2025-11-24 13:58:19.739 [info] > git status -z -uall [7ms]
2025-11-24 13:58:19.744 [info] > git for-each-ref --sort -committerdate --format %(refname)%00%(objectname)%00%(*objectname) [7ms]
2025-11-24 13:58:33.526 [info] > git config --get commit.template [6ms]
2025-11-24 13:58:33.527 [info] > git for-each-ref --format=%(refname)%00%(upstream:short)%00%(objectname)%00%(upstream:track)%00%(upstream:remotename)%00%(upstream:remoteref) refs/heads/main refs/remotes/main [2ms]
2025-11-24 13:58:33.537 [info] > git status -z -uall [6ms]
2025-11-24 13:58:33.537 [info] > git for-each-ref --sort -committerdate --format %(refname)%00%(objectname)%00%(*objectname) [1ms]
2025-11-24 14:00:29.388 [info] > git check-ignore -v -z --stdin [2ms]
2025-11-24 14:01:56.418 [info] > git config --get commit.template [4ms]
2025-11-24 14:01:56.419 [info] > git for-each-ref --format=%(refname)%00%(upstream:short)%00%(objectname)%00%(upstream:track)%00%(upstream:remotename)%00%(upstream:remoteref) refs/heads/main refs/remotes/main [1ms]
2025-11-24 14:01:56.429 [info] > git status -z -uall [6ms]
2025-11-24 14:01:56.429 [info] > git for-each-ref --sort -committerdate --format %(refname)%00%(objectname)%00%(*objectname) [2ms]
2025-11-24 14:02:22.186 [info] > git config --get commit.template [6ms]
2025-11-24 14:02:22.187 [info] > git for-each-ref --format=%(refname)%00%(upstream:short)%00%(objectname)%00%(upstream:track)%00%(upstream:remotename)%00%(upstream:remoteref) refs/heads/main refs/remotes/main [2ms]
2025-11-24 14:02:22.197 [info] > git status -z -uall [6ms]
2025-11-24 14:02:22.198 [info] > git for-each-ref --sort -committerdate --format %(refname)%00%(objectname)%00%(*objectname) [2ms]
2025-11-24 14:02:27.225 [info] > git config --get commit.template [5ms]
2025-11-24 14:02:27.225 [info] > git for-each-ref --format=%(refname)%00%(upstream:short)%00%(objectname)%00%(upstream:track)%00%(upstream:remotename)%00%(upstream:remoteref) refs/heads/main refs/remotes/main [1ms]
2025-11-24 14:02:27.234 [info] > git status -z -uall [5ms]
2025-11-24 14:02:27.237 [info] > git for-each-ref --sort -committerdate --format %(refname)%00%(objectname)%00%(*objectname) [4ms]
2025-11-24 14:02:36.406 [info] > git check-ignore -v -z --stdin [1ms]
