2025-11-26 12:38:02.907 [info] [aebc6443-996d-45c2-90f0-388ff96faa56] Native Broker is only available on Windows and macOS
2025-11-26 12:38:02.910 [info] [getSessions] [all] starting
2025-11-26 12:38:02.910 [info] [getSessions] [all] returned 0 session(s)
2025-11-26 12:38:02.910 [info] [getSessions] [all] starting
2025-11-26 12:38:02.910 [info] [getSessions] [all] returned 0 session(s)
2025-11-26 12:38:02.910 [info] [getSessions] [all] starting
2025-11-26 12:38:02.910 [info] [getSessions] [all] returned 0 session(s)
2025-11-26 12:38:02.911 [info] [getSessions] [499b84ac-1321-427f-aa17-267ca6975798/.default offline_access] starting
2025-11-26 12:38:02.911 [info] [aebc6443-996d-45c2-90f0-388ff96faa56] Native Broker is only available on Windows and macOS
2025-11-26 12:38:02.912 [info] [getSessions] [499b84ac-1321-427f-aa17-267ca6975798/.default offline_access] returned 0 session(s)
2025-11-26 12:38:04.275 [info] [getSessions] [all] starting
2025-11-26 12:38:04.276 [info] [getSessions] [all] returned 0 session(s)
2025-11-26 12:38:04.405 [info] [getSessions] [499b84ac-1321-427f-aa17-267ca6975798/.default offline_access] starting
2025-11-26 12:38:04.405 [info] [getSessions] [499b84ac-1321-427f-aa17-267ca6975798/.default offline_access] returned 0 session(s)
2025-11-26 12:38:11.455 [info] [aebc6443-996d-45c2-90f0-388ff96faa56] Native Broker is only available on Windows and macOS
2025-11-26 12:38:11.849 [info] [getSessions] [all] starting
2025-11-26 12:38:11.849 [info] [getSessions] [all] returned 0 session(s)
2025-11-26 12:38:11.849 [info] [getSessions] [all] starting
2025-11-26 12:38:11.849 [info] [getSessions] [all] returned 0 session(s)
2025-11-26 12:38:11.849 [info] [getSessions] [all] starting
2025-11-26 12:38:11.849 [info] [getSessions] [all] returned 0 session(s)
2025-11-26 12:38:12.065 [info] [getSessions] [499b84ac-1321-427f-aa17-267ca6975798/.default offline_access] starting
2025-11-26 12:38:12.065 [info] [aebc6443-996d-45c2-90f0-388ff96faa56] Native Broker is only available on Windows and macOS
2025-11-26 12:38:12.163 [info] [getSessions] [499b84ac-1321-427f-aa17-267ca6975798/.default offline_access] returned 0 session(s)
2025-11-26 12:38:12.673 [info] [getSessions] [499b84ac-1321-427f-aa17-267ca6975798/.default offline_access] starting
2025-11-26 12:38:12.673 [info] [getSessions] [499b84ac-1321-427f-aa17-267ca6975798/.default offline_access] returned 0 session(s)
