2025-11-26 17:34:39.456 [info] Reading sessions from keychain...
2025-11-26 17:34:39.457 [info] Got stored sessions!
2025-11-26 17:34:39.457 [info] Got 2 verified sessions.
2025-11-26 17:34:39.457 [info] Getting sessions for all scopes...
2025-11-26 17:34:39.457 [info] Got 2 sessions for ...
2025-11-26 17:34:39.457 [info] Getting sessions for all scopes...
2025-11-26 17:34:39.457 [info] Got 2 sessions for ...
2025-11-26 17:34:39.457 [info] Getting sessions for all scopes...
2025-11-26 17:34:39.457 [info] Got 2 sessions for ...
2025-11-26 17:34:39.457 [info] Getting sessions for all scopes...
2025-11-26 17:34:39.457 [info] Got 2 sessions for ...
2025-11-26 17:34:39.457 [info] Getting sessions for all scopes...
2025-11-26 17:34:39.457 [info] Got 2 sessions for ...
2025-11-26 17:34:39.457 [info] Getting sessions for all scopes...
2025-11-26 17:34:39.457 [info] Got 2 sessions for ...
2025-11-26 17:34:39.457 [info] Getting sessions for all scopes...
2025-11-26 17:34:39.457 [info] Got 2 sessions for ...
2025-11-26 17:34:39.457 [info] Getting sessions for all scopes...
2025-11-26 17:34:39.457 [info] Got 2 sessions for ...
2025-11-26 17:34:39.457 [info] Getting sessions for all scopes...
2025-11-26 17:34:39.457 [info] Got 2 sessions for ...
2025-11-26 17:34:39.457 [info] Getting sessions for all scopes...
2025-11-26 17:34:39.457 [info] Got 2 sessions for ...
2025-11-26 17:34:39.457 [info] Getting sessions for all scopes...
2025-11-26 17:34:39.457 [info] Got 2 sessions for ...
2025-11-26 17:34:39.457 [info] Getting sessions for all scopes...
2025-11-26 17:34:39.457 [info] Got 2 sessions for ...
2025-11-26 17:34:39.457 [info] Getting sessions for all scopes...
2025-11-26 17:34:39.457 [info] Got 2 sessions for ...
2025-11-26 17:34:39.457 [info] Getting sessions for all scopes...
2025-11-26 17:34:39.457 [info] Got 2 sessions for ...
2025-11-26 17:34:39.457 [info] Getting sessions for all scopes...
2025-11-26 17:34:39.457 [info] Got 2 sessions for ...
2025-11-26 17:34:39.457 [info] Getting sessions for all scopes...
2025-11-26 17:34:39.457 [info] Got 2 sessions for ...
2025-11-26 17:34:39.457 [info] Getting sessions for all scopes...
2025-11-26 17:34:39.457 [info] Got 2 sessions for ...
2025-11-26 17:34:39.457 [info] Getting sessions for all scopes...
2025-11-26 17:34:39.457 [info] Got 2 sessions for ...
2025-11-26 17:34:39.457 [info] Getting sessions for read:user,repo,user:email,workflow...
2025-11-26 17:34:39.457 [info] Got 1 sessions for read:user,repo,user:email,workflow...
2025-11-26 17:34:39.485 [info] Getting sessions for all scopes...
2025-11-26 17:34:39.485 [info] Got 2 sessions for ...
2025-11-26 17:34:39.485 [info] Getting sessions for read:user,repo,user:email,workflow...
2025-11-26 17:34:39.485 [info] Got 1 sessions for read:user,repo,user:email,workflow...
2025-11-26 17:34:40.879 [info] Getting sessions for all scopes...
2025-11-26 17:34:40.879 [info] Got 2 sessions for ...
2025-11-26 17:34:40.886 [info] Getting sessions for all scopes...
2025-11-26 17:34:40.886 [info] Got 2 sessions for ...
2025-11-26 17:34:40.888 [info] Getting sessions for all scopes...
2025-11-26 17:34:40.888 [info] Got 2 sessions for ...
2025-11-26 17:34:41.051 [info] Getting sessions for read:user,repo,user:email,workflow...
2025-11-26 17:34:41.051 [info] Got 1 sessions for read:user,repo,user:email,workflow...
2025-11-26 17:34:41.290 [info] FetcherService: Electron fetch failed with status: 429 
2025-11-26 17:34:41.291 [info] Getting sessions for all scopes...
2025-11-26 17:34:41.291 [info] Got 2 sessions for ...
2025-11-26 17:34:41.296 [info] Getting sessions for all scopes...
2025-11-26 17:34:41.296 [info] Got 2 sessions for ...
2025-11-26 17:34:41.296 [info] Getting sessions for all scopes...
2025-11-26 17:34:41.296 [info] Got 2 sessions for ...
2025-11-26 17:34:41.296 [info] Getting sessions for read:user,repo,user:email,workflow...
2025-11-26 17:34:41.297 [info] Got 1 sessions for read:user,repo,user:email,workflow...
2025-11-26 17:34:41.297 [info] Getting sessions for all scopes...
2025-11-26 17:34:41.297 [info] Got 2 sessions for ...
2025-11-26 17:34:41.314 [info] Getting sessions for all scopes...
2025-11-26 17:34:41.314 [info] Got 2 sessions for ...
2025-11-26 17:34:41.315 [info] Getting sessions for all scopes...
2025-11-26 17:34:41.315 [info] Got 2 sessions for ...
2025-11-26 17:34:41.427 [info] Getting sessions for read:user,repo,user:email,workflow...
2025-11-26 17:34:41.427 [info] Got 1 sessions for read:user,repo,user:email,workflow...
2025-11-26 17:34:41.866 [info] FetcherService: Node fetch failed with status: 429 Too Many Requests
2025-11-26 17:34:42.294 [info] FetcherService: Node http/s failed with status: 429 Too Many Requests
2025-11-26 17:34:47.251 [info] Reading sessions from keychain...
2025-11-26 17:34:47.251 [info] Got stored sessions!
2025-11-26 17:34:47.251 [info] Got 2 verified sessions.
2025-11-26 17:34:47.251 [info] Getting sessions for all scopes...
2025-11-26 17:34:47.251 [info] Got 2 sessions for ...
2025-11-26 17:34:47.251 [info] Getting sessions for all scopes...
2025-11-26 17:34:47.251 [info] Got 2 sessions for ...
2025-11-26 17:34:47.251 [info] Getting sessions for all scopes...
2025-11-26 17:34:47.251 [info] Got 2 sessions for ...
2025-11-26 17:34:47.251 [info] Getting sessions for all scopes...
2025-11-26 17:34:47.251 [info] Got 2 sessions for ...
2025-11-26 17:34:47.251 [info] Getting sessions for all scopes...
2025-11-26 17:34:47.251 [info] Got 2 sessions for ...
2025-11-26 17:34:47.251 [info] Getting sessions for all scopes...
2025-11-26 17:34:47.251 [info] Got 2 sessions for ...
2025-11-26 17:34:47.251 [info] Getting sessions for all scopes...
2025-11-26 17:34:47.251 [info] Got 2 sessions for ...
2025-11-26 17:34:47.251 [info] Getting sessions for all scopes...
2025-11-26 17:34:47.251 [info] Got 2 sessions for ...
2025-11-26 17:34:47.251 [info] Getting sessions for all scopes...
2025-11-26 17:34:47.251 [info] Got 2 sessions for ...
2025-11-26 17:34:47.251 [info] Getting sessions for all scopes...
2025-11-26 17:34:47.251 [info] Got 2 sessions for ...
2025-11-26 17:34:47.251 [info] Getting sessions for all scopes...
2025-11-26 17:34:47.251 [info] Got 2 sessions for ...
2025-11-26 17:34:47.251 [info] Getting sessions for all scopes...
2025-11-26 17:34:47.251 [info] Got 2 sessions for ...
2025-11-26 17:34:47.251 [info] Getting sessions for all scopes...
2025-11-26 17:34:47.251 [info] Got 2 sessions for ...
2025-11-26 17:34:47.251 [info] Getting sessions for all scopes...
2025-11-26 17:34:47.251 [info] Got 2 sessions for ...
2025-11-26 17:34:47.251 [info] Getting sessions for all scopes...
2025-11-26 17:34:47.251 [info] Got 2 sessions for ...
2025-11-26 17:34:47.251 [info] Getting sessions for all scopes...
2025-11-26 17:34:47.251 [info] Got 2 sessions for ...
2025-11-26 17:34:47.251 [info] Getting sessions for all scopes...
2025-11-26 17:34:47.251 [info] Got 2 sessions for ...
2025-11-26 17:34:47.251 [info] Getting sessions for all scopes...
2025-11-26 17:34:47.251 [info] Got 2 sessions for ...
2025-11-26 17:34:47.281 [info] Getting sessions for read:user,repo,user:email,workflow...
2025-11-26 17:34:47.282 [info] Got 1 sessions for read:user,repo,user:email,workflow...
2025-11-26 17:34:48.824 [info] Getting sessions for all scopes...
2025-11-26 17:34:48.824 [info] Got 2 sessions for ...
2025-11-26 17:34:48.946 [info] Getting sessions for all scopes...
2025-11-26 17:34:48.946 [info] Got 2 sessions for ...
2025-11-26 17:34:48.946 [info] Getting sessions for all scopes...
2025-11-26 17:34:48.946 [info] Got 2 sessions for ...
2025-11-26 17:34:48.946 [info] Getting sessions for all scopes...
2025-11-26 17:34:48.946 [info] Got 2 sessions for ...
2025-11-26 17:34:49.052 [info] FetcherService: Electron fetch failed with status: 429 
2025-11-26 17:34:49.409 [info] Getting sessions for all scopes...
2025-11-26 17:34:49.409 [info] Got 2 sessions for ...
2025-11-26 17:34:49.410 [info] Getting sessions for read:user,repo,user:email,workflow...
2025-11-26 17:34:49.410 [info] Got 1 sessions for read:user,repo,user:email,workflow...
2025-11-26 17:34:49.423 [info] Getting sessions for all scopes...
2025-11-26 17:34:49.423 [info] Got 2 sessions for ...
2025-11-26 17:34:49.423 [info] Getting sessions for read:user,repo,user:email,workflow...
2025-11-26 17:34:49.423 [info] Got 1 sessions for read:user,repo,user:email,workflow...
2025-11-26 17:34:49.887 [info] FetcherService: Node fetch failed with status: 429 Too Many Requests
2025-11-26 17:34:49.972 [info] Getting sessions for all scopes...
2025-11-26 17:34:49.972 [info] Got 2 sessions for ...
2025-11-26 17:34:49.972 [info] Getting sessions for all scopes...
2025-11-26 17:34:49.972 [info] Got 2 sessions for ...
2025-11-26 17:34:49.983 [info] Getting sessions for read:user,repo,user:email,workflow...
2025-11-26 17:34:49.983 [info] Got 1 sessions for read:user,repo,user:email,workflow...
2025-11-26 17:34:50.039 [info] Getting sessions for all scopes...
2025-11-26 17:34:50.039 [info] Got 2 sessions for ...
2025-11-26 17:34:50.040 [info] Getting sessions for all scopes...
2025-11-26 17:34:50.040 [info] Got 2 sessions for ...
2025-11-26 17:34:50.040 [info] Getting sessions for all scopes...
2025-11-26 17:34:50.040 [info] Got 2 sessions for ...
2025-11-26 17:34:50.041 [info] Getting sessions for all scopes...
2025-11-26 17:34:50.041 [info] Got 2 sessions for ...
2025-11-26 17:34:50.042 [info] Getting sessions for read:user,repo,user:email,workflow...
2025-11-26 17:34:50.042 [info] Got 1 sessions for read:user,repo,user:email,workflow...
2025-11-26 17:34:50.339 [info] FetcherService: Node http/s failed with status: 429 Too Many Requests
2025-11-26 17:57:07.440 [info] Getting sessions for all scopes...
2025-11-26 17:57:07.440 [info] Got 2 sessions for ...
2025-11-26 17:57:07.441 [info] Getting sessions for read:user,repo,user:email,workflow...
2025-11-26 17:57:07.441 [info] Got 1 sessions for read:user,repo,user:email,workflow...
2025-11-26 17:57:07.881 [info] Getting sessions for all scopes...
2025-11-26 17:57:07.881 [info] Got 2 sessions for ...
2025-11-26 17:57:07.881 [info] Getting sessions for all scopes...
2025-11-26 17:57:07.881 [info] Got 2 sessions for ...
2025-11-26 17:57:07.882 [info] Getting sessions for read:user,repo,user:email,workflow...
2025-11-26 17:57:07.882 [info] Got 1 sessions for read:user,repo,user:email,workflow...
2025-11-26 17:57:07.888 [info] Getting sessions for all scopes...
2025-11-26 17:57:07.888 [info] Got 2 sessions for ...
2025-11-26 17:57:07.889 [info] Getting sessions for read:user,repo,user:email,workflow...
2025-11-26 17:57:07.889 [info] Got 1 sessions for read:user,repo,user:email,workflow...
2025-11-26 17:59:50.602 [info] Getting sessions for read:user,repo,user:email,workflow...
2025-11-26 17:59:50.602 [info] Got 1 sessions for read:user,repo,user:email,workflow...
2025-11-26 18:25:55.285 [info] Getting sessions for read:user,repo,user:email,workflow...
2025-11-26 18:25:55.285 [info] Got 1 sessions for read:user,repo,user:email,workflow...
2025-11-26 18:25:55.626 [info] Getting sessions for all scopes...
2025-11-26 18:25:55.626 [info] Got 2 sessions for ...
2025-11-26 18:25:55.626 [info] Getting sessions for read:user,repo,user:email,workflow...
2025-11-26 18:25:55.626 [info] Got 1 sessions for read:user,repo,user:email,workflow...
2025-11-26 18:25:56.058 [info] Getting sessions for all scopes...
2025-11-26 18:25:56.058 [info] Got 2 sessions for ...
2025-11-26 18:25:56.058 [info] Getting sessions for all scopes...
2025-11-26 18:25:56.058 [info] Got 2 sessions for ...
2025-11-26 18:25:56.059 [info] Getting sessions for read:user,repo,user:email,workflow...
2025-11-26 18:25:56.059 [info] Got 1 sessions for read:user,repo,user:email,workflow...
2025-11-26 18:25:56.062 [info] Getting sessions for all scopes...
2025-11-26 18:25:56.062 [info] Got 2 sessions for ...
2025-11-26 18:25:56.062 [info] Getting sessions for read:user,repo,user:email,workflow...
2025-11-26 18:25:56.062 [info] Got 1 sessions for read:user,repo,user:email,workflow...
2025-11-26 18:32:11.133 [info] Getting sessions for all scopes...
2025-11-26 18:32:11.133 [info] Got 2 sessions for ...
2025-11-26 18:32:11.134 [info] Getting sessions for read:user,repo,user:email,workflow...
2025-11-26 18:32:11.134 [info] Got 1 sessions for read:user,repo,user:email,workflow...
2025-11-26 18:32:11.384 [info] Getting sessions for all scopes...
2025-11-26 18:32:11.384 [info] Got 2 sessions for ...
2025-11-26 18:32:11.385 [info] Getting sessions for read:user,repo,user:email,workflow...
2025-11-26 18:32:11.385 [info] Got 1 sessions for read:user,repo,user:email,workflow...
2025-11-26 18:32:13.229 [info] Getting sessions for all scopes...
2025-11-26 18:32:13.229 [info] Got 2 sessions for ...
2025-11-26 18:32:13.229 [info] Getting sessions for read:user,repo,user:email,workflow...
2025-11-26 18:32:13.230 [info] Got 1 sessions for read:user,repo,user:email,workflow...
2025-11-26 18:32:13.787 [info] Getting sessions for all scopes...
2025-11-26 18:32:13.787 [info] Got 2 sessions for ...
2025-11-26 18:32:13.787 [info] Getting sessions for read:user,repo,user:email,workflow...
2025-11-26 18:32:13.787 [info] Got 1 sessions for read:user,repo,user:email,workflow...
2025-11-26 18:32:14.931 [info] Getting sessions for all scopes...
2025-11-26 18:32:14.931 [info] Got 2 sessions for ...
2025-11-26 18:32:14.932 [info] Getting sessions for read:user,repo,user:email,workflow...
2025-11-26 18:32:14.932 [info] Got 1 sessions for read:user,repo,user:email,workflow...
2025-11-26 18:32:15.283 [info] Getting sessions for all scopes...
2025-11-26 18:32:15.283 [info] Got 2 sessions for ...
2025-11-26 18:32:15.285 [info] Getting sessions for read:user,repo,user:email,workflow...
2025-11-26 18:32:15.285 [info] Got 1 sessions for read:user,repo,user:email,workflow...
2025-11-26 18:32:16.015 [info] Getting sessions for all scopes...
2025-11-26 18:32:16.015 [info] Got 2 sessions for ...
2025-11-26 18:32:16.015 [info] Getting sessions for read:user,repo,user:email,workflow...
2025-11-26 18:32:16.015 [info] Got 1 sessions for read:user,repo,user:email,workflow...
2025-11-26 18:32:16.564 [info] Getting sessions for all scopes...
2025-11-26 18:32:16.564 [info] Got 2 sessions for ...
2025-11-26 18:32:16.565 [info] Getting sessions for read:user,repo,user:email,workflow...
2025-11-26 18:32:16.565 [info] Got 1 sessions for read:user,repo,user:email,workflow...
2025-11-26 18:32:16.989 [info] Getting sessions for all scopes...
2025-11-26 18:32:16.989 [info] Got 2 sessions for ...
2025-11-26 18:32:16.990 [info] Getting sessions for read:user,repo,user:email,workflow...
2025-11-26 18:32:16.990 [info] Got 1 sessions for read:user,repo,user:email,workflow...
2025-11-26 18:32:17.464 [info] Getting sessions for all scopes...
2025-11-26 18:32:17.464 [info] Got 2 sessions for ...
2025-11-26 18:32:17.465 [info] Getting sessions for read:user,repo,user:email,workflow...
2025-11-26 18:32:17.465 [info] Got 1 sessions for read:user,repo,user:email,workflow...
2025-11-26 18:32:17.906 [info] Getting sessions for all scopes...
2025-11-26 18:32:17.906 [info] Got 2 sessions for ...
2025-11-26 18:32:17.906 [info] Getting sessions for read:user,repo,user:email,workflow...
2025-11-26 18:32:17.906 [info] Got 1 sessions for read:user,repo,user:email,workflow...
2025-11-26 18:32:18.837 [info] Getting sessions for all scopes...
2025-11-26 18:32:18.837 [info] Got 2 sessions for ...
2025-11-26 18:32:18.837 [info] Getting sessions for read:user,repo,user:email,workflow...
2025-11-26 18:32:18.837 [info] Got 1 sessions for read:user,repo,user:email,workflow...
2025-11-26 18:32:24.358 [info] Reading sessions from keychain...
2025-11-26 18:32:24.358 [info] Got stored sessions!
2025-11-26 18:32:24.358 [info] Got 2 verified sessions.
2025-11-26 18:32:24.358 [info] Getting sessions for all scopes...
2025-11-26 18:32:24.358 [info] Got 2 sessions for ...
2025-11-26 18:32:24.358 [info] Getting sessions for all scopes...
2025-11-26 18:32:24.358 [info] Got 2 sessions for ...
2025-11-26 18:32:24.358 [info] Getting sessions for all scopes...
2025-11-26 18:32:24.358 [info] Got 2 sessions for ...
2025-11-26 18:32:24.358 [info] Getting sessions for all scopes...
2025-11-26 18:32:24.358 [info] Got 2 sessions for ...
2025-11-26 18:32:24.358 [info] Getting sessions for all scopes...
2025-11-26 18:32:24.358 [info] Got 2 sessions for ...
2025-11-26 18:32:24.359 [info] Getting sessions for all scopes...
2025-11-26 18:32:24.359 [info] Got 2 sessions for ...
2025-11-26 18:32:24.359 [info] Getting sessions for all scopes...
2025-11-26 18:32:24.359 [info] Got 2 sessions for ...
2025-11-26 18:32:24.431 [info] Getting sessions for read:user,repo,user:email,workflow...
2025-11-26 18:32:24.431 [info] Got 1 sessions for read:user,repo,user:email,workflow...
2025-11-26 18:32:25.794 [info] Getting sessions for all scopes...
2025-11-26 18:32:25.794 [info] Got 2 sessions for ...
2025-11-26 18:32:25.949 [info] Getting sessions for all scopes...
2025-11-26 18:32:25.949 [info] Got 2 sessions for ...
2025-11-26 18:32:25.950 [info] Getting sessions for all scopes...
2025-11-26 18:32:25.950 [info] Got 2 sessions for ...
2025-11-26 18:32:26.069 [info] Getting sessions for read:user,repo,user:email,workflow...
2025-11-26 18:32:26.069 [info] Got 1 sessions for read:user,repo,user:email,workflow...
2025-11-26 18:32:26.276 [info] FetcherService: Electron fetch failed with status: 429 
2025-11-26 18:32:26.285 [info] Getting sessions for read:user,repo,user:email,workflow...
2025-11-26 18:32:26.285 [info] Got 1 sessions for read:user,repo,user:email,workflow...
2025-11-26 18:32:26.701 [info] Getting sessions for all scopes...
2025-11-26 18:32:26.701 [info] Got 2 sessions for ...
2025-11-26 18:32:26.701 [info] Getting sessions for all scopes...
2025-11-26 18:32:26.701 [info] Got 2 sessions for ...
2025-11-26 18:32:26.714 [info] Getting sessions for read:user,repo,user:email,workflow...
2025-11-26 18:32:26.714 [info] Got 1 sessions for read:user,repo,user:email,workflow...
2025-11-26 18:32:26.777 [info] Getting sessions for all scopes...
2025-11-26 18:32:26.777 [info] Got 2 sessions for ...
2025-11-26 18:32:26.777 [info] Getting sessions for all scopes...
2025-11-26 18:32:26.777 [info] Got 2 sessions for ...
2025-11-26 18:32:26.778 [info] Getting sessions for read:user,repo,user:email,workflow...
2025-11-26 18:32:26.778 [info] Got 1 sessions for read:user,repo,user:email,workflow...
2025-11-26 18:32:26.873 [info] FetcherService: Node fetch failed with status: 429 Too Many Requests
2025-11-26 18:32:27.343 [info] FetcherService: Node http/s failed with status: 429 Too Many Requests
2025-11-26 18:53:44.198 [info] Getting sessions for all scopes...
2025-11-26 18:53:44.198 [info] Got 2 sessions for ...
2025-11-26 18:53:44.201 [info] Getting sessions for read:user,repo,user:email,workflow...
2025-11-26 18:53:44.201 [info] Got 1 sessions for read:user,repo,user:email,workflow...
2025-11-26 18:53:44.627 [info] Getting sessions for all scopes...
2025-11-26 18:53:44.628 [info] Got 2 sessions for ...
2025-11-26 18:53:44.628 [info] Getting sessions for all scopes...
2025-11-26 18:53:44.628 [info] Got 2 sessions for ...
2025-11-26 18:53:44.628 [info] Getting sessions for read:user,repo,user:email,workflow...
2025-11-26 18:53:44.628 [info] Got 1 sessions for read:user,repo,user:email,workflow...
2025-11-26 18:53:44.631 [info] Getting sessions for all scopes...
2025-11-26 18:53:44.631 [info] Got 2 sessions for ...
2025-11-26 18:53:44.632 [info] Getting sessions for read:user,repo,user:email,workflow...
2025-11-26 18:53:44.632 [info] Got 1 sessions for read:user,repo,user:email,workflow...
2025-11-26 19:09:40.284 [info] Getting sessions for read:user,repo,user:email,workflow...
2025-11-26 19:09:40.284 [info] Got 1 sessions for read:user,repo,user:email,workflow...
2025-11-26 19:16:01.000 [info] Getting sessions for all scopes...
2025-11-26 19:16:01.000 [info] Got 2 sessions for ...
2025-11-26 19:16:01.001 [info] Getting sessions for read:user,repo,user:email,workflow...
2025-11-26 19:16:01.001 [info] Got 1 sessions for read:user,repo,user:email,workflow...
2025-11-26 19:16:01.414 [info] Getting sessions for all scopes...
2025-11-26 19:16:01.414 [info] Got 2 sessions for ...
2025-11-26 19:16:01.414 [info] Getting sessions for all scopes...
2025-11-26 19:16:01.414 [info] Got 2 sessions for ...
2025-11-26 19:16:01.416 [info] Getting sessions for read:user,repo,user:email,workflow...
2025-11-26 19:16:01.416 [info] Got 1 sessions for read:user,repo,user:email,workflow...
2025-11-26 19:16:01.419 [info] Getting sessions for all scopes...
2025-11-26 19:16:01.419 [info] Got 2 sessions for ...
2025-11-26 19:16:01.419 [info] Getting sessions for read:user,repo,user:email,workflow...
2025-11-26 19:16:01.419 [info] Got 1 sessions for read:user,repo,user:email,workflow...
2025-11-26 19:17:33.602 [info] Getting sessions for all scopes...
2025-11-26 19:17:33.602 [info] Got 2 sessions for ...
2025-11-26 19:17:33.603 [info] Getting sessions for read:user,repo,user:email,workflow...
2025-11-26 19:17:33.603 [info] Got 1 sessions for read:user,repo,user:email,workflow...
2025-11-26 19:17:34.995 [info] Getting sessions for all scopes...
2025-11-26 19:17:34.995 [info] Got 2 sessions for ...
2025-11-26 19:17:34.996 [info] Getting sessions for read:user,repo,user:email,workflow...
2025-11-26 19:17:34.996 [info] Got 1 sessions for read:user,repo,user:email,workflow...
2025-11-26 19:37:05.954 [info] Getting sessions for all scopes...
2025-11-26 19:37:05.954 [info] Got 2 sessions for ...
2025-11-26 19:37:05.964 [info] Getting sessions for read:user,repo,user:email,workflow...
2025-11-26 19:37:05.964 [info] Got 1 sessions for read:user,repo,user:email,workflow...
2025-11-26 19:37:06.488 [info] Getting sessions for all scopes...
2025-11-26 19:37:06.488 [info] Got 2 sessions for ...
2025-11-26 19:37:06.488 [info] Getting sessions for all scopes...
2025-11-26 19:37:06.488 [info] Got 2 sessions for ...
2025-11-26 19:37:06.488 [info] Getting sessions for read:user,repo,user:email,workflow...
2025-11-26 19:37:06.489 [info] Got 1 sessions for read:user,repo,user:email,workflow...
2025-11-26 19:37:06.492 [info] Getting sessions for all scopes...
2025-11-26 19:37:06.492 [info] Got 2 sessions for ...
2025-11-26 19:37:06.497 [info] Getting sessions for read:user,repo,user:email,workflow...
2025-11-26 19:37:06.497 [info] Got 1 sessions for read:user,repo,user:email,workflow...
2025-11-26 19:37:26.922 [info] Getting sessions for read:user,repo,user:email,workflow...
2025-11-26 19:37:26.922 [info] Got 1 sessions for read:user,repo,user:email,workflow...
2025-11-26 20:34:23.344 [info] Getting sessions for read:user,repo,user:email,workflow...
2025-11-26 20:34:23.344 [info] Got 1 sessions for read:user,repo,user:email,workflow...
2025-11-26 20:34:24.126 [info] Getting sessions for all scopes...
2025-11-26 20:34:24.126 [info] Got 2 sessions for ...
2025-11-26 20:34:24.126 [info] Getting sessions for read:user,repo,user:email,workflow...
2025-11-26 20:34:24.126 [info] Got 1 sessions for read:user,repo,user:email,workflow...
2025-11-26 20:34:24.627 [info] Getting sessions for all scopes...
2025-11-26 20:34:24.627 [info] Got 2 sessions for ...
2025-11-26 20:34:24.627 [info] Getting sessions for all scopes...
2025-11-26 20:34:24.627 [info] Got 2 sessions for ...
2025-11-26 20:34:24.628 [info] Getting sessions for read:user,repo,user:email,workflow...
2025-11-26 20:34:24.628 [info] Got 1 sessions for read:user,repo,user:email,workflow...
2025-11-26 20:34:24.631 [info] Getting sessions for all scopes...
2025-11-26 20:34:24.631 [info] Got 2 sessions for ...
2025-11-26 20:34:24.632 [info] Getting sessions for read:user,repo,user:email,workflow...
2025-11-26 20:34:24.632 [info] Got 1 sessions for read:user,repo,user:email,workflow...
2025-11-26 20:55:26.213 [info] Getting sessions for all scopes...
2025-11-26 20:55:26.213 [info] Got 2 sessions for ...
2025-11-26 20:55:26.217 [info] Getting sessions for read:user,repo,user:email,workflow...
2025-11-26 20:55:26.217 [info] Got 1 sessions for read:user,repo,user:email,workflow...
2025-11-26 20:55:26.711 [info] Getting sessions for all scopes...
2025-11-26 20:55:26.711 [info] Got 2 sessions for ...
2025-11-26 20:55:26.711 [info] Getting sessions for all scopes...
2025-11-26 20:55:26.711 [info] Got 2 sessions for ...
2025-11-26 20:55:26.712 [info] Getting sessions for read:user,repo,user:email,workflow...
2025-11-26 20:55:26.712 [info] Got 1 sessions for read:user,repo,user:email,workflow...
2025-11-26 20:55:26.715 [info] Getting sessions for all scopes...
2025-11-26 20:55:26.715 [info] Got 2 sessions for ...
2025-11-26 20:55:26.716 [info] Getting sessions for read:user,repo,user:email,workflow...
2025-11-26 20:55:26.716 [info] Got 1 sessions for read:user,repo,user:email,workflow...
2025-11-26 21:09:51.177 [info] Getting sessions for read:user,repo,user:email,workflow...
2025-11-26 21:09:51.178 [info] Got 1 sessions for read:user,repo,user:email,workflow...
2025-11-26 21:34:37.337 [info] Getting sessions for all scopes...
2025-11-26 21:34:37.337 [info] Got 2 sessions for ...
2025-11-26 21:34:37.338 [info] Getting sessions for read:user,repo,user:email,workflow...
2025-11-26 21:34:37.338 [info] Got 1 sessions for read:user,repo,user:email,workflow...
2025-11-26 21:34:37.930 [info] Getting sessions for all scopes...
2025-11-26 21:34:37.930 [info] Got 2 sessions for ...
2025-11-26 21:34:37.930 [info] Getting sessions for all scopes...
2025-11-26 21:34:37.930 [info] Got 2 sessions for ...
2025-11-26 21:34:37.931 [info] Getting sessions for read:user,repo,user:email,workflow...
2025-11-26 21:34:37.931 [info] Got 1 sessions for read:user,repo,user:email,workflow...
2025-11-26 21:34:37.934 [info] Getting sessions for all scopes...
2025-11-26 21:34:37.934 [info] Got 2 sessions for ...
2025-11-26 21:34:37.934 [info] Getting sessions for read:user,repo,user:email,workflow...
2025-11-26 21:34:37.934 [info] Got 1 sessions for read:user,repo,user:email,workflow...
2025-11-26 22:03:37.453 [info] Getting sessions for all scopes...
2025-11-26 22:03:37.453 [info] Got 2 sessions for ...
2025-11-26 22:03:37.454 [info] Getting sessions for read:user,repo,user:email,workflow...
2025-11-26 22:03:37.454 [info] Got 1 sessions for read:user,repo,user:email,workflow...
2025-11-26 22:03:37.894 [info] Getting sessions for all scopes...
2025-11-26 22:03:37.894 [info] Got 2 sessions for ...
2025-11-26 22:03:37.894 [info] Getting sessions for all scopes...
2025-11-26 22:03:37.894 [info] Got 2 sessions for ...
2025-11-26 22:03:37.895 [info] Getting sessions for read:user,repo,user:email,workflow...
2025-11-26 22:03:37.895 [info] Got 1 sessions for read:user,repo,user:email,workflow...
2025-11-26 22:03:37.897 [info] Getting sessions for all scopes...
2025-11-26 22:03:37.897 [info] Got 2 sessions for ...
2025-11-26 22:03:37.898 [info] Getting sessions for read:user,repo,user:email,workflow...
2025-11-26 22:03:37.898 [info] Got 1 sessions for read:user,repo,user:email,workflow...
2025-11-26 22:05:08.109 [info] Getting sessions for all scopes...
2025-11-26 22:05:08.109 [info] Got 2 sessions for ...
2025-11-26 22:05:08.110 [info] Getting sessions for read:user,repo,user:email,workflow...
2025-11-26 22:05:08.110 [info] Got 1 sessions for read:user,repo,user:email,workflow...
2025-11-26 22:33:52.291 [info] Getting sessions for all scopes...
2025-11-26 22:33:52.291 [info] Got 2 sessions for ...
2025-11-26 22:33:52.298 [info] Getting sessions for read:user,repo,user:email,workflow...
2025-11-26 22:33:52.298 [info] Got 1 sessions for read:user,repo,user:email,workflow...
2025-11-26 22:33:52.787 [info] Getting sessions for all scopes...
2025-11-26 22:33:52.787 [info] Got 2 sessions for ...
2025-11-26 22:33:52.787 [info] Getting sessions for all scopes...
2025-11-26 22:33:52.787 [info] Got 2 sessions for ...
2025-11-26 22:33:52.787 [info] Getting sessions for read:user,repo,user:email,workflow...
2025-11-26 22:33:52.787 [info] Got 1 sessions for read:user,repo,user:email,workflow...
2025-11-26 22:33:52.791 [info] Getting sessions for all scopes...
2025-11-26 22:33:52.791 [info] Got 2 sessions for ...
2025-11-26 22:33:52.791 [info] Getting sessions for read:user,repo,user:email,workflow...
2025-11-26 22:33:52.791 [info] Got 1 sessions for read:user,repo,user:email,workflow...
2025-11-26 22:55:32.987 [info] Getting sessions for all scopes...
2025-11-26 22:55:32.987 [info] Got 2 sessions for ...
2025-11-26 22:55:32.988 [info] Getting sessions for read:user,repo,user:email,workflow...
2025-11-26 22:55:32.988 [info] Got 1 sessions for read:user,repo,user:email,workflow...
2025-11-26 22:55:33.399 [info] Getting sessions for all scopes...
2025-11-26 22:55:33.399 [info] Got 2 sessions for ...
2025-11-26 22:55:33.399 [info] Getting sessions for all scopes...
2025-11-26 22:55:33.399 [info] Got 2 sessions for ...
2025-11-26 22:55:33.400 [info] Getting sessions for read:user,repo,user:email,workflow...
2025-11-26 22:55:33.400 [info] Got 1 sessions for read:user,repo,user:email,workflow...
2025-11-26 22:55:33.403 [info] Getting sessions for all scopes...
2025-11-26 22:55:33.403 [info] Got 2 sessions for ...
2025-11-26 22:55:33.404 [info] Getting sessions for read:user,repo,user:email,workflow...
2025-11-26 22:55:33.404 [info] Got 1 sessions for read:user,repo,user:email,workflow...
2025-11-27 06:48:02.345 [info] Getting sessions for all scopes...
2025-11-27 06:48:02.345 [info] Got 2 sessions for ...
2025-11-27 06:48:02.346 [info] Getting sessions for read:user,repo,user:email,workflow...
2025-11-27 06:48:02.346 [info] Got 1 sessions for read:user,repo,user:email,workflow...
2025-11-27 06:48:02.794 [info] Getting sessions for all scopes...
2025-11-27 06:48:02.794 [info] Got 2 sessions for ...
2025-11-27 06:48:02.794 [info] Getting sessions for all scopes...
2025-11-27 06:48:02.794 [info] Got 2 sessions for ...
2025-11-27 06:48:02.795 [info] Getting sessions for read:user,repo,user:email,workflow...
2025-11-27 06:48:02.795 [info] Got 1 sessions for read:user,repo,user:email,workflow...
2025-11-27 06:48:02.799 [info] Getting sessions for all scopes...
2025-11-27 06:48:02.799 [info] Got 2 sessions for ...
2025-11-27 06:48:02.800 [info] Getting sessions for read:user,repo,user:email,workflow...
2025-11-27 06:48:02.800 [info] Got 1 sessions for read:user,repo,user:email,workflow...
2025-11-27 07:13:12.299 [info] Getting sessions for read:user,repo,user:email,workflow...
2025-11-27 07:13:12.299 [info] Got 1 sessions for read:user,repo,user:email,workflow...
2025-11-27 07:13:13.690 [info] Getting sessions for all scopes...
2025-11-27 07:13:13.690 [info] Got 2 sessions for ...
2025-11-27 07:13:13.691 [info] Getting sessions for read:user,repo,user:email,workflow...
2025-11-27 07:13:13.691 [info] Got 1 sessions for read:user,repo,user:email,workflow...
2025-11-27 07:13:14.171 [info] Getting sessions for all scopes...
2025-11-27 07:13:14.171 [info] Got 2 sessions for ...
2025-11-27 07:13:14.172 [info] Getting sessions for all scopes...
2025-11-27 07:13:14.172 [info] Got 2 sessions for ...
2025-11-27 07:13:14.172 [info] Getting sessions for read:user,repo,user:email,workflow...
2025-11-27 07:13:14.172 [info] Got 1 sessions for read:user,repo,user:email,workflow...
2025-11-27 07:13:14.175 [info] Getting sessions for all scopes...
2025-11-27 07:13:14.175 [info] Got 2 sessions for ...
2025-11-27 07:13:14.178 [info] Getting sessions for read:user,repo,user:email,workflow...
2025-11-27 07:13:14.178 [info] Got 1 sessions for read:user,repo,user:email,workflow...
2025-11-27 09:07:16.121 [info] Getting sessions for read:user,repo,user:email,workflow...
2025-11-27 09:07:16.121 [info] Got 1 sessions for read:user,repo,user:email,workflow...
2025-11-27 09:07:16.319 [info] Getting sessions for all scopes...
2025-11-27 09:07:16.319 [info] Got 2 sessions for ...
2025-11-27 09:07:16.320 [info] Getting sessions for read:user,repo,user:email,workflow...
2025-11-27 09:07:16.320 [info] Got 1 sessions for read:user,repo,user:email,workflow...
2025-11-27 09:07:16.799 [info] Getting sessions for all scopes...
2025-11-27 09:07:16.799 [info] Got 2 sessions for ...
2025-11-27 09:07:16.799 [info] Getting sessions for all scopes...
2025-11-27 09:07:16.799 [info] Got 2 sessions for ...
2025-11-27 09:07:16.800 [info] Getting sessions for read:user,repo,user:email,workflow...
2025-11-27 09:07:16.800 [info] Got 1 sessions for read:user,repo,user:email,workflow...
2025-11-27 09:07:16.803 [info] Getting sessions for all scopes...
2025-11-27 09:07:16.803 [info] Got 2 sessions for ...
2025-11-27 09:07:16.804 [info] Getting sessions for read:user,repo,user:email,workflow...
2025-11-27 09:07:16.804 [info] Got 1 sessions for read:user,repo,user:email,workflow...
2025-11-27 09:28:40.334 [info] Getting sessions for all scopes...
2025-11-27 09:28:40.334 [info] Got 2 sessions for ...
2025-11-27 09:28:40.335 [info] Getting sessions for read:user,repo,user:email,workflow...
2025-11-27 09:28:40.335 [info] Got 1 sessions for read:user,repo,user:email,workflow...
2025-11-27 09:28:40.826 [info] Getting sessions for all scopes...
2025-11-27 09:28:40.826 [info] Got 2 sessions for ...
2025-11-27 09:28:40.826 [info] Getting sessions for all scopes...
2025-11-27 09:28:40.826 [info] Got 2 sessions for ...
2025-11-27 09:28:40.827 [info] Getting sessions for read:user,repo,user:email,workflow...
2025-11-27 09:28:40.827 [info] Got 1 sessions for read:user,repo,user:email,workflow...
2025-11-27 09:28:40.829 [info] Getting sessions for all scopes...
2025-11-27 09:28:40.829 [info] Got 2 sessions for ...
2025-11-27 09:28:40.830 [info] Getting sessions for read:user,repo,user:email,workflow...
2025-11-27 09:28:40.830 [info] Got 1 sessions for read:user,repo,user:email,workflow...
2025-11-27 09:32:16.936 [info] Getting sessions for read:user,repo,user:email,workflow...
2025-11-27 09:32:16.936 [info] Got 1 sessions for read:user,repo,user:email,workflow...
2025-11-27 09:51:24.871 [info] Getting sessions for all scopes...
2025-11-27 09:51:24.871 [info] Got 2 sessions for ...
2025-11-27 09:51:24.872 [info] Getting sessions for read:user,repo,user:email,workflow...
2025-11-27 09:51:24.872 [info] Got 1 sessions for read:user,repo,user:email,workflow...
2025-11-27 09:51:25.319 [info] Getting sessions for all scopes...
2025-11-27 09:51:25.319 [info] Got 2 sessions for ...
2025-11-27 09:51:25.319 [info] Getting sessions for all scopes...
2025-11-27 09:51:25.319 [info] Got 2 sessions for ...
2025-11-27 09:51:25.320 [info] Getting sessions for read:user,repo,user:email,workflow...
2025-11-27 09:51:25.320 [info] Got 1 sessions for read:user,repo,user:email,workflow...
2025-11-27 09:51:25.322 [info] Getting sessions for all scopes...
2025-11-27 09:51:25.322 [info] Got 2 sessions for ...
2025-11-27 09:51:25.323 [info] Getting sessions for read:user,repo,user:email,workflow...
2025-11-27 09:51:25.323 [info] Got 1 sessions for read:user,repo,user:email,workflow...
2025-11-27 10:04:41.420 [info] Getting sessions for read:user,repo,user:email,workflow...
2025-11-27 10:04:41.420 [info] Got 1 sessions for read:user,repo,user:email,workflow...
2025-11-27 10:15:27.624 [info] Getting sessions for all scopes...
2025-11-27 10:15:27.624 [info] Got 2 sessions for ...
2025-11-27 10:15:27.626 [info] Getting sessions for read:user,repo,user:email,workflow...
2025-11-27 10:15:27.626 [info] Got 1 sessions for read:user,repo,user:email,workflow...
2025-11-27 10:15:28.194 [info] Getting sessions for all scopes...
2025-11-27 10:15:28.194 [info] Got 2 sessions for ...
2025-11-27 10:15:28.194 [info] Getting sessions for all scopes...
2025-11-27 10:15:28.194 [info] Got 2 sessions for ...
2025-11-27 10:15:28.200 [info] Getting sessions for read:user,repo,user:email,workflow...
2025-11-27 10:15:28.200 [info] Got 1 sessions for read:user,repo,user:email,workflow...
2025-11-27 10:15:28.223 [info] Getting sessions for all scopes...
2025-11-27 10:15:28.223 [info] Got 2 sessions for ...
2025-11-27 10:15:28.256 [info] Getting sessions for read:user,repo,user:email,workflow...
2025-11-27 10:15:28.256 [info] Got 1 sessions for read:user,repo,user:email,workflow...
2025-11-27 10:49:14.187 [info] Getting sessions for read:user,repo,user:email,workflow...
2025-11-27 10:49:14.187 [info] Got 1 sessions for read:user,repo,user:email,workflow...
2025-11-27 10:49:14.812 [info] Getting sessions for all scopes...
2025-11-27 10:49:14.812 [info] Got 2 sessions for ...
2025-11-27 10:49:14.813 [info] Getting sessions for read:user,repo,user:email,workflow...
2025-11-27 10:49:14.813 [info] Got 1 sessions for read:user,repo,user:email,workflow...
2025-11-27 10:49:15.326 [info] Getting sessions for all scopes...
2025-11-27 10:49:15.326 [info] Got 2 sessions for ...
2025-11-27 10:49:15.326 [info] Getting sessions for all scopes...
2025-11-27 10:49:15.326 [info] Got 2 sessions for ...
2025-11-27 10:49:15.327 [info] Getting sessions for read:user,repo,user:email,workflow...
2025-11-27 10:49:15.327 [info] Got 1 sessions for read:user,repo,user:email,workflow...
2025-11-27 10:49:15.330 [info] Getting sessions for all scopes...
2025-11-27 10:49:15.331 [info] Got 2 sessions for ...
2025-11-27 10:49:15.331 [info] Getting sessions for read:user,repo,user:email,workflow...
2025-11-27 10:49:15.331 [info] Got 1 sessions for read:user,repo,user:email,workflow...
2025-11-27 11:10:36.070 [info] Getting sessions for all scopes...
2025-11-27 11:10:36.070 [info] Got 2 sessions for ...
2025-11-27 11:10:36.070 [info] Getting sessions for read:user,repo,user:email,workflow...
2025-11-27 11:10:36.070 [info] Got 1 sessions for read:user,repo,user:email,workflow...
2025-11-27 11:10:36.541 [info] Getting sessions for all scopes...
2025-11-27 11:10:36.541 [info] Got 2 sessions for ...
2025-11-27 11:10:36.542 [info] Getting sessions for all scopes...
2025-11-27 11:10:36.542 [info] Got 2 sessions for ...
2025-11-27 11:10:36.543 [info] Getting sessions for read:user,repo,user:email,workflow...
2025-11-27 11:10:36.543 [info] Got 1 sessions for read:user,repo,user:email,workflow...
2025-11-27 11:10:36.545 [info] Getting sessions for all scopes...
2025-11-27 11:10:36.545 [info] Got 2 sessions for ...
2025-11-27 11:10:36.546 [info] Getting sessions for read:user,repo,user:email,workflow...
2025-11-27 11:10:36.546 [info] Got 1 sessions for read:user,repo,user:email,workflow...
2025-11-27 11:14:31.509 [info] Getting sessions for read:user,repo,user:email,workflow...
2025-11-27 11:14:31.509 [info] Got 1 sessions for read:user,repo,user:email,workflow...
2025-11-27 11:33:05.524 [info] Getting sessions for all scopes...
2025-11-27 11:33:05.524 [info] Got 2 sessions for ...
2025-11-27 11:33:05.525 [info] Getting sessions for read:user,repo,user:email,workflow...
2025-11-27 11:33:05.525 [info] Got 1 sessions for read:user,repo,user:email,workflow...
2025-11-27 11:33:05.994 [info] Getting sessions for all scopes...
2025-11-27 11:33:05.994 [info] Got 2 sessions for ...
2025-11-27 11:33:05.994 [info] Getting sessions for all scopes...
2025-11-27 11:33:05.994 [info] Got 2 sessions for ...
2025-11-27 11:33:05.995 [info] Getting sessions for read:user,repo,user:email,workflow...
2025-11-27 11:33:05.995 [info] Got 1 sessions for read:user,repo,user:email,workflow...
2025-11-27 11:33:05.998 [info] Getting sessions for all scopes...
2025-11-27 11:33:05.998 [info] Got 2 sessions for ...
2025-11-27 11:33:05.998 [info] Getting sessions for read:user,repo,user:email,workflow...
2025-11-27 11:33:05.998 [info] Got 1 sessions for read:user,repo,user:email,workflow...
2025-11-27 14:25:01.011 [info] Getting sessions for read:user,repo,user:email,workflow...
2025-11-27 14:25:01.012 [info] Got 1 sessions for read:user,repo,user:email,workflow...
2025-11-27 14:25:01.549 [info] Getting sessions for all scopes...
2025-11-27 14:25:01.549 [info] Got 2 sessions for ...
2025-11-27 14:25:01.550 [info] Getting sessions for read:user,repo,user:email,workflow...
2025-11-27 14:25:01.550 [info] Got 1 sessions for read:user,repo,user:email,workflow...
2025-11-27 14:25:01.997 [info] Getting sessions for all scopes...
2025-11-27 14:25:01.997 [info] Got 2 sessions for ...
2025-11-27 14:25:01.998 [info] Getting sessions for all scopes...
2025-11-27 14:25:01.998 [info] Got 2 sessions for ...
2025-11-27 14:25:01.998 [info] Getting sessions for read:user,repo,user:email,workflow...
2025-11-27 14:25:01.998 [info] Got 1 sessions for read:user,repo,user:email,workflow...
2025-11-27 14:25:02.002 [info] Getting sessions for all scopes...
2025-11-27 14:25:02.002 [info] Got 2 sessions for ...
2025-11-27 14:25:02.002 [info] Getting sessions for read:user,repo,user:email,workflow...
2025-11-27 14:25:02.002 [info] Got 1 sessions for read:user,repo,user:email,workflow...
2025-11-27 14:47:11.355 [info] Getting sessions for all scopes...
2025-11-27 14:47:11.355 [info] Got 2 sessions for ...
2025-11-27 14:47:11.356 [info] Getting sessions for read:user,repo,user:email,workflow...
2025-11-27 14:47:11.356 [info] Got 1 sessions for read:user,repo,user:email,workflow...
2025-11-27 14:47:12.032 [info] Getting sessions for all scopes...
2025-11-27 14:47:12.032 [info] Got 2 sessions for ...
2025-11-27 14:47:12.032 [info] Getting sessions for all scopes...
2025-11-27 14:47:12.032 [info] Got 2 sessions for ...
2025-11-27 14:47:12.034 [info] Getting sessions for read:user,repo,user:email,workflow...
2025-11-27 14:47:12.034 [info] Got 1 sessions for read:user,repo,user:email,workflow...
2025-11-27 14:47:12.036 [info] Getting sessions for all scopes...
2025-11-27 14:47:12.036 [info] Got 2 sessions for ...
2025-11-27 14:47:12.037 [info] Getting sessions for read:user,repo,user:email,workflow...
2025-11-27 14:47:12.037 [info] Got 1 sessions for read:user,repo,user:email,workflow...
2025-11-27 15:03:28.357 [info] Getting sessions for read:user,repo,user:email,workflow...
2025-11-27 15:03:28.357 [info] Got 1 sessions for read:user,repo,user:email,workflow...
2025-11-27 15:10:54.481 [info] Getting sessions for all scopes...
2025-11-27 15:10:54.481 [info] Got 2 sessions for ...
2025-11-27 15:10:54.482 [info] Getting sessions for read:user,repo,user:email,workflow...
2025-11-27 15:10:54.482 [info] Got 1 sessions for read:user,repo,user:email,workflow...
2025-11-27 15:10:54.915 [info] Getting sessions for all scopes...
2025-11-27 15:10:54.915 [info] Got 2 sessions for ...
2025-11-27 15:10:54.915 [info] Getting sessions for all scopes...
2025-11-27 15:10:54.915 [info] Got 2 sessions for ...
2025-11-27 15:10:54.916 [info] Getting sessions for read:user,repo,user:email,workflow...
2025-11-27 15:10:54.916 [info] Got 1 sessions for read:user,repo,user:email,workflow...
2025-11-27 15:10:54.925 [info] Getting sessions for all scopes...
2025-11-27 15:10:54.925 [info] Got 2 sessions for ...
2025-11-27 15:10:54.928 [info] Getting sessions for read:user,repo,user:email,workflow...
2025-11-27 15:10:54.928 [info] Got 1 sessions for read:user,repo,user:email,workflow...
2025-11-27 15:32:45.074 [info] Getting sessions for read:user,repo,user:email,workflow...
2025-11-27 15:32:45.074 [info] Got 1 sessions for read:user,repo,user:email,workflow...
2025-11-27 15:32:45.575 [info] Getting sessions for all scopes...
2025-11-27 15:32:45.575 [info] Got 2 sessions for ...
2025-11-27 15:32:45.576 [info] Getting sessions for read:user,repo,user:email,workflow...
2025-11-27 15:32:45.576 [info] Got 1 sessions for read:user,repo,user:email,workflow...
2025-11-27 15:32:46.052 [info] Getting sessions for all scopes...
2025-11-27 15:32:46.052 [info] Got 2 sessions for ...
2025-11-27 15:32:46.052 [info] Getting sessions for all scopes...
2025-11-27 15:32:46.052 [info] Got 2 sessions for ...
2025-11-27 15:32:46.053 [info] Getting sessions for read:user,repo,user:email,workflow...
2025-11-27 15:32:46.053 [info] Got 1 sessions for read:user,repo,user:email,workflow...
2025-11-27 15:32:46.056 [info] Getting sessions for all scopes...
2025-11-27 15:32:46.056 [info] Got 2 sessions for ...
2025-11-27 15:32:46.057 [info] Getting sessions for read:user,repo,user:email,workflow...
2025-11-27 15:32:46.057 [info] Got 1 sessions for read:user,repo,user:email,workflow...
2025-11-27 15:54:21.035 [info] Getting sessions for all scopes...
2025-11-27 15:54:21.035 [info] Got 2 sessions for ...
2025-11-27 15:54:21.036 [info] Getting sessions for read:user,repo,user:email,workflow...
2025-11-27 15:54:21.036 [info] Got 1 sessions for read:user,repo,user:email,workflow...
2025-11-27 15:54:21.478 [info] Getting sessions for all scopes...
2025-11-27 15:54:21.478 [info] Got 2 sessions for ...
2025-11-27 15:54:21.479 [info] Getting sessions for all scopes...
2025-11-27 15:54:21.479 [info] Got 2 sessions for ...
2025-11-27 15:54:21.479 [info] Getting sessions for read:user,repo,user:email,workflow...
2025-11-27 15:54:21.479 [info] Got 1 sessions for read:user,repo,user:email,workflow...
2025-11-27 15:54:21.482 [info] Getting sessions for all scopes...
2025-11-27 15:54:21.482 [info] Got 2 sessions for ...
2025-11-27 15:54:21.482 [info] Getting sessions for read:user,repo,user:email,workflow...
2025-11-27 15:54:21.482 [info] Got 1 sessions for read:user,repo,user:email,workflow...
2025-11-27 15:58:14.770 [info] Getting sessions for read:user,repo,user:email,workflow...
2025-11-27 15:58:14.771 [info] Got 1 sessions for read:user,repo,user:email,workflow...
2025-11-27 17:48:56.381 [info] Getting sessions for read:user,repo,user:email,workflow...
2025-11-27 17:48:56.381 [info] Got 1 sessions for read:user,repo,user:email,workflow...
2025-11-27 17:48:56.578 [info] Getting sessions for all scopes...
2025-11-27 17:48:56.578 [info] Got 2 sessions for ...
2025-11-27 17:48:56.579 [info] Getting sessions for read:user,repo,user:email,workflow...
2025-11-27 17:48:56.579 [info] Got 1 sessions for read:user,repo,user:email,workflow...
2025-11-27 17:48:57.132 [info] Getting sessions for all scopes...
2025-11-27 17:48:57.132 [info] Got 2 sessions for ...
2025-11-27 17:48:57.132 [info] Getting sessions for all scopes...
2025-11-27 17:48:57.132 [info] Got 2 sessions for ...
2025-11-27 17:48:57.133 [info] Getting sessions for read:user,repo,user:email,workflow...
2025-11-27 17:48:57.133 [info] Got 1 sessions for read:user,repo,user:email,workflow...
2025-11-27 17:48:57.135 [info] Getting sessions for all scopes...
2025-11-27 17:48:57.135 [info] Got 2 sessions for ...
2025-11-27 17:48:57.136 [info] Getting sessions for read:user,repo,user:email,workflow...
2025-11-27 17:48:57.136 [info] Got 1 sessions for read:user,repo,user:email,workflow...
2025-11-27 17:55:22.009 [info] Getting sessions for all scopes...
2025-11-27 17:55:22.009 [info] Got 2 sessions for ...
2025-11-27 17:55:22.014 [info] Getting sessions for all scopes...
2025-11-27 17:55:22.014 [info] Got 2 sessions for ...
2025-11-27 18:19:08.867 [info] Getting sessions for all scopes...
2025-11-27 18:19:08.867 [info] Got 2 sessions for ...
2025-11-27 18:19:08.867 [info] Getting sessions for read:user,repo,user:email,workflow...
2025-11-27 18:19:08.867 [info] Got 1 sessions for read:user,repo,user:email,workflow...
2025-11-27 18:19:09.489 [info] Getting sessions for all scopes...
2025-11-27 18:19:09.489 [info] Got 2 sessions for ...
2025-11-27 18:19:09.489 [info] Getting sessions for all scopes...
2025-11-27 18:19:09.489 [info] Got 2 sessions for ...
2025-11-27 18:19:09.490 [info] Getting sessions for read:user,repo,user:email,workflow...
2025-11-27 18:19:09.490 [info] Got 1 sessions for read:user,repo,user:email,workflow...
2025-11-27 18:19:09.493 [info] Getting sessions for all scopes...
2025-11-27 18:19:09.493 [info] Got 2 sessions for ...
2025-11-27 18:19:09.493 [info] Getting sessions for read:user,repo,user:email,workflow...
2025-11-27 18:19:09.493 [info] Got 1 sessions for read:user,repo,user:email,workflow...
2025-11-27 18:20:49.288 [info] Getting sessions for all scopes...
2025-11-27 18:20:49.288 [info] Got 2 sessions for ...
2025-11-27 18:20:49.289 [info] Getting sessions for read:user,repo,user:email,workflow...
2025-11-27 18:20:49.289 [info] Got 1 sessions for read:user,repo,user:email,workflow...
2025-11-27 18:22:11.762 [info] Getting sessions for read:user,repo,user:email,workflow...
2025-11-27 18:22:11.762 [info] Got 1 sessions for read:user,repo,user:email,workflow...
