2025-11-26 18:00:32.323 [info] [aebc6443-996d-45c2-90f0-388ff96faa56] Native Broker is only available on Windows and macOS
2025-11-26 18:00:32.326 [info] [getSessions] [all] starting
2025-11-26 18:00:32.326 [info] [getSessions] [all] returned 0 session(s)
2025-11-26 18:00:32.326 [info] [getSessions] [all] starting
2025-11-26 18:00:32.326 [info] [getSessions] [all] returned 0 session(s)
2025-11-26 18:00:32.326 [info] [getSessions] [all] starting
2025-11-26 18:00:32.326 [info] [getSessions] [all] returned 0 session(s)
2025-11-26 18:00:32.327 [info] [getSessions] [499b84ac-1321-427f-aa17-267ca6975798/.default offline_access] starting
2025-11-26 18:00:32.327 [info] [aebc6443-996d-45c2-90f0-388ff96faa56] Native Broker is only available on Windows and macOS
2025-11-26 18:00:32.328 [info] [getSessions] [499b84ac-1321-427f-aa17-267ca6975798/.default offline_access] returned 0 session(s)
2025-11-26 18:00:33.734 [info] [getSessions] [all] starting
2025-11-26 18:00:33.734 [info] [getSessions] [all] returned 0 session(s)
2025-11-26 18:00:33.888 [info] [getSessions] [499b84ac-1321-427f-aa17-267ca6975798/.default offline_access] starting
2025-11-26 18:00:33.888 [info] [getSessions] [499b84ac-1321-427f-aa17-267ca6975798/.default offline_access] returned 0 session(s)
2025-11-26 18:00:37.857 [info] [aebc6443-996d-45c2-90f0-388ff96faa56] Native Broker is only available on Windows and macOS
2025-11-26 18:00:37.893 [info] [getSessions] [all] starting
2025-11-26 18:00:37.893 [info] [getSessions] [all] returned 0 session(s)
2025-11-26 18:00:37.893 [info] [getSessions] [all] starting
2025-11-26 18:00:37.893 [info] [getSessions] [all] returned 0 session(s)
2025-11-26 18:00:37.894 [info] [getSessions] [all] starting
2025-11-26 18:00:37.894 [info] [getSessions] [all] returned 0 session(s)
2025-11-26 18:00:37.901 [info] [getSessions] [499b84ac-1321-427f-aa17-267ca6975798/.default offline_access] starting
2025-11-26 18:00:37.901 [info] [aebc6443-996d-45c2-90f0-388ff96faa56] Native Broker is only available on Windows and macOS
2025-11-26 18:00:38.058 [info] [getSessions] [499b84ac-1321-427f-aa17-267ca6975798/.default offline_access] returned 0 session(s)
2025-11-26 18:00:39.795 [info] [getSessions] [all] starting
2025-11-26 18:00:39.795 [info] [getSessions] [all] returned 0 session(s)
2025-11-26 18:00:40.304 [info] [getSessions] [499b84ac-1321-427f-aa17-267ca6975798/.default offline_access] starting
2025-11-26 18:00:40.304 [info] [getSessions] [499b84ac-1321-427f-aa17-267ca6975798/.default offline_access] returned 0 session(s)
