2025-11-26 18:00:32.301 [info] Reading sessions from keychain...
2025-11-26 18:00:32.301 [info] Got stored sessions!
2025-11-26 18:00:32.301 [info] Got 2 verified sessions.
2025-11-26 18:00:32.301 [info] Getting sessions for all scopes...
2025-11-26 18:00:32.301 [info] Got 2 sessions for ...
2025-11-26 18:00:32.301 [info] Getting sessions for all scopes...
2025-11-26 18:00:32.301 [info] Got 2 sessions for ...
2025-11-26 18:00:32.301 [info] Getting sessions for all scopes...
2025-11-26 18:00:32.301 [info] Got 2 sessions for ...
2025-11-26 18:00:32.301 [info] Getting sessions for all scopes...
2025-11-26 18:00:32.301 [info] Got 2 sessions for ...
2025-11-26 18:00:32.301 [info] Getting sessions for all scopes...
2025-11-26 18:00:32.301 [info] Got 2 sessions for ...
2025-11-26 18:00:32.301 [info] Getting sessions for all scopes...
2025-11-26 18:00:32.301 [info] Got 2 sessions for ...
2025-11-26 18:00:32.301 [info] Getting sessions for all scopes...
2025-11-26 18:00:32.301 [info] Got 2 sessions for ...
2025-11-26 18:00:32.301 [info] Getting sessions for all scopes...
2025-11-26 18:00:32.301 [info] Got 2 sessions for ...
2025-11-26 18:00:32.301 [info] Getting sessions for all scopes...
2025-11-26 18:00:32.301 [info] Got 2 sessions for ...
2025-11-26 18:00:32.301 [info] Getting sessions for all scopes...
2025-11-26 18:00:32.301 [info] Got 2 sessions for ...
2025-11-26 18:00:32.301 [info] Getting sessions for all scopes...
2025-11-26 18:00:32.301 [info] Got 2 sessions for ...
2025-11-26 18:00:32.301 [info] Getting sessions for all scopes...
2025-11-26 18:00:32.301 [info] Got 2 sessions for ...
2025-11-26 18:00:32.301 [info] Getting sessions for all scopes...
2025-11-26 18:00:32.301 [info] Got 2 sessions for ...
2025-11-26 18:00:32.301 [info] Getting sessions for all scopes...
2025-11-26 18:00:32.301 [info] Got 2 sessions for ...
2025-11-26 18:00:32.301 [info] Getting sessions for all scopes...
2025-11-26 18:00:32.301 [info] Got 2 sessions for ...
2025-11-26 18:00:32.301 [info] Getting sessions for all scopes...
2025-11-26 18:00:32.301 [info] Got 2 sessions for ...
2025-11-26 18:00:32.301 [info] Getting sessions for all scopes...
2025-11-26 18:00:32.301 [info] Got 2 sessions for ...
2025-11-26 18:00:32.301 [info] Getting sessions for all scopes...
2025-11-26 18:00:32.301 [info] Got 2 sessions for ...
2025-11-26 18:00:32.301 [info] Getting sessions for read:user,repo,user:email,workflow...
2025-11-26 18:00:32.301 [info] Got 1 sessions for read:user,repo,user:email,workflow...
2025-11-26 18:00:32.329 [info] Getting sessions for all scopes...
2025-11-26 18:00:32.329 [info] Got 2 sessions for ...
2025-11-26 18:00:32.329 [info] Getting sessions for read:user,repo,user:email,workflow...
2025-11-26 18:00:32.329 [info] Got 1 sessions for read:user,repo,user:email,workflow...
2025-11-26 18:00:33.729 [info] Getting sessions for all scopes...
2025-11-26 18:00:33.729 [info] Got 2 sessions for ...
2025-11-26 18:00:33.734 [info] Getting sessions for all scopes...
2025-11-26 18:00:33.734 [info] Got 2 sessions for ...
2025-11-26 18:00:33.735 [info] Getting sessions for all scopes...
2025-11-26 18:00:33.735 [info] Got 2 sessions for ...
2025-11-26 18:00:33.888 [info] Getting sessions for read:user,repo,user:email,workflow...
2025-11-26 18:00:33.888 [info] Got 1 sessions for read:user,repo,user:email,workflow...
2025-11-26 18:00:34.127 [info] Getting sessions for all scopes...
2025-11-26 18:00:34.127 [info] Got 2 sessions for ...
2025-11-26 18:00:34.131 [info] Getting sessions for all scopes...
2025-11-26 18:00:34.131 [info] Got 2 sessions for ...
2025-11-26 18:00:34.132 [info] Getting sessions for all scopes...
2025-11-26 18:00:34.132 [info] Got 2 sessions for ...
2025-11-26 18:00:34.132 [info] Getting sessions for read:user,repo,user:email,workflow...
2025-11-26 18:00:34.132 [info] Got 1 sessions for read:user,repo,user:email,workflow...
2025-11-26 18:00:34.132 [info] Getting sessions for all scopes...
2025-11-26 18:00:34.132 [info] Got 2 sessions for ...
2025-11-26 18:00:34.134 [info] Getting sessions for all scopes...
2025-11-26 18:00:34.134 [info] Got 2 sessions for ...
2025-11-26 18:00:34.134 [info] Getting sessions for all scopes...
2025-11-26 18:00:34.135 [info] Got 2 sessions for ...
2025-11-26 18:00:34.244 [info] FetcherService: Electron fetch failed with status: 429 
2025-11-26 18:00:34.269 [info] Getting sessions for read:user,repo,user:email,workflow...
2025-11-26 18:00:34.269 [info] Got 1 sessions for read:user,repo,user:email,workflow...
2025-11-26 18:00:34.721 [info] FetcherService: Node fetch failed with status: 429 Too Many Requests
2025-11-26 18:00:35.148 [info] FetcherService: Node http/s failed with status: 429 Too Many Requests
2025-11-26 18:00:37.823 [info] Reading sessions from keychain...
2025-11-26 18:00:37.823 [info] Got stored sessions!
2025-11-26 18:00:37.823 [info] Got 2 verified sessions.
2025-11-26 18:00:37.823 [info] Getting sessions for all scopes...
2025-11-26 18:00:37.823 [info] Got 2 sessions for ...
2025-11-26 18:00:37.823 [info] Getting sessions for all scopes...
2025-11-26 18:00:37.823 [info] Got 2 sessions for ...
2025-11-26 18:00:37.823 [info] Getting sessions for all scopes...
2025-11-26 18:00:37.823 [info] Got 2 sessions for ...
2025-11-26 18:00:37.823 [info] Getting sessions for all scopes...
2025-11-26 18:00:37.823 [info] Got 2 sessions for ...
2025-11-26 18:00:37.823 [info] Getting sessions for all scopes...
2025-11-26 18:00:37.823 [info] Got 2 sessions for ...
2025-11-26 18:00:37.823 [info] Getting sessions for all scopes...
2025-11-26 18:00:37.823 [info] Got 2 sessions for ...
2025-11-26 18:00:37.823 [info] Getting sessions for all scopes...
2025-11-26 18:00:37.823 [info] Got 2 sessions for ...
2025-11-26 18:00:37.823 [info] Getting sessions for all scopes...
2025-11-26 18:00:37.823 [info] Got 2 sessions for ...
2025-11-26 18:00:37.823 [info] Getting sessions for all scopes...
2025-11-26 18:00:37.823 [info] Got 2 sessions for ...
2025-11-26 18:00:37.823 [info] Getting sessions for all scopes...
2025-11-26 18:00:37.823 [info] Got 2 sessions for ...
2025-11-26 18:00:37.823 [info] Getting sessions for all scopes...
2025-11-26 18:00:37.823 [info] Got 2 sessions for ...
2025-11-26 18:00:37.823 [info] Getting sessions for all scopes...
2025-11-26 18:00:37.823 [info] Got 2 sessions for ...
2025-11-26 18:00:37.823 [info] Getting sessions for all scopes...
2025-11-26 18:00:37.823 [info] Got 2 sessions for ...
2025-11-26 18:00:37.823 [info] Getting sessions for all scopes...
2025-11-26 18:00:37.823 [info] Got 2 sessions for ...
2025-11-26 18:00:37.823 [info] Getting sessions for all scopes...
2025-11-26 18:00:37.823 [info] Got 2 sessions for ...
2025-11-26 18:00:37.823 [info] Getting sessions for all scopes...
2025-11-26 18:00:37.823 [info] Got 2 sessions for ...
2025-11-26 18:00:37.823 [info] Getting sessions for all scopes...
2025-11-26 18:00:37.823 [info] Got 2 sessions for ...
2025-11-26 18:00:37.823 [info] Getting sessions for all scopes...
2025-11-26 18:00:37.823 [info] Got 2 sessions for ...
2025-11-26 18:00:37.839 [info] Getting sessions for read:user,repo,user:email,workflow...
2025-11-26 18:00:37.839 [info] Got 1 sessions for read:user,repo,user:email,workflow...
2025-11-26 18:00:38.193 [info] Getting sessions for all scopes...
2025-11-26 18:00:38.193 [info] Got 2 sessions for ...
2025-11-26 18:00:39.790 [info] Getting sessions for all scopes...
2025-11-26 18:00:39.790 [info] Got 2 sessions for ...
2025-11-26 18:00:39.795 [info] Getting sessions for all scopes...
2025-11-26 18:00:39.795 [info] Got 2 sessions for ...
2025-11-26 18:00:39.797 [info] Getting sessions for all scopes...
2025-11-26 18:00:39.797 [info] Got 2 sessions for ...
2025-11-26 18:00:39.816 [info] Getting sessions for read:user,repo,user:email,workflow...
2025-11-26 18:00:39.816 [info] Got 1 sessions for read:user,repo,user:email,workflow...
2025-11-26 18:00:40.019 [info] FetcherService: Electron fetch failed with status: 429 
2025-11-26 18:00:40.226 [info] Getting sessions for all scopes...
2025-11-26 18:00:40.226 [info] Got 2 sessions for ...
2025-11-26 18:00:40.249 [info] Getting sessions for all scopes...
2025-11-26 18:00:40.249 [info] Got 2 sessions for ...
2025-11-26 18:00:40.249 [info] Getting sessions for read:user,repo,user:email,workflow...
2025-11-26 18:00:40.249 [info] Got 1 sessions for read:user,repo,user:email,workflow...
2025-11-26 18:00:40.303 [info] Getting sessions for all scopes...
2025-11-26 18:00:40.303 [info] Got 2 sessions for ...
2025-11-26 18:00:40.303 [info] Getting sessions for all scopes...
2025-11-26 18:00:40.304 [info] Got 2 sessions for ...
2025-11-26 18:00:40.311 [info] Getting sessions for read:user,repo,user:email,workflow...
2025-11-26 18:00:40.311 [info] Got 1 sessions for read:user,repo,user:email,workflow...
2025-11-26 18:00:40.321 [info] Getting sessions for read:user,repo,user:email,workflow...
2025-11-26 18:00:40.321 [info] Got 1 sessions for read:user,repo,user:email,workflow...
2025-11-26 18:00:40.675 [info] Getting sessions for all scopes...
2025-11-26 18:00:40.675 [info] Got 2 sessions for ...
2025-11-26 18:00:40.703 [info] Getting sessions for all scopes...
2025-11-26 18:00:40.703 [info] Got 2 sessions for ...
2025-11-26 18:00:40.703 [info] Getting sessions for all scopes...
2025-11-26 18:00:40.703 [info] Got 2 sessions for ...
2025-11-26 18:00:40.707 [info] Getting sessions for all scopes...
2025-11-26 18:00:40.707 [info] Got 2 sessions for ...
2025-11-26 18:00:40.840 [info] Getting sessions for read:user,repo,user:email,workflow...
2025-11-26 18:00:40.840 [info] Got 1 sessions for read:user,repo,user:email,workflow...
2025-11-26 18:00:40.951 [info] FetcherService: Node fetch failed with status: 429 Too Many Requests
2025-11-26 18:00:41.311 [info] Getting sessions for all scopes...
2025-11-26 18:00:41.311 [info] Got 2 sessions for ...
2025-11-26 18:00:41.311 [info] Getting sessions for all scopes...
2025-11-26 18:00:41.311 [info] Got 2 sessions for ...
2025-11-26 18:00:41.312 [info] Getting sessions for read:user,repo,user:email,workflow...
2025-11-26 18:00:41.312 [info] Got 1 sessions for read:user,repo,user:email,workflow...
2025-11-26 18:00:41.698 [info] FetcherService: Node http/s failed with status: 429 Too Many Requests
2025-11-26 18:05:38.243 [info] Getting sessions for all scopes...
2025-11-26 18:05:38.243 [info] Got 2 sessions for ...
2025-11-26 18:05:38.244 [info] Getting sessions for read:user,repo,user:email,workflow...
2025-11-26 18:05:38.244 [info] Got 1 sessions for read:user,repo,user:email,workflow...
2025-11-26 18:10:38.244 [info] Getting sessions for all scopes...
2025-11-26 18:10:38.244 [info] Got 2 sessions for ...
2025-11-26 18:10:38.245 [info] Getting sessions for read:user,repo,user:email,workflow...
2025-11-26 18:10:38.245 [info] Got 1 sessions for read:user,repo,user:email,workflow...
2025-11-26 18:15:38.244 [info] Getting sessions for all scopes...
2025-11-26 18:15:38.244 [info] Got 2 sessions for ...
2025-11-26 18:15:38.245 [info] Getting sessions for read:user,repo,user:email,workflow...
2025-11-26 18:15:38.245 [info] Got 1 sessions for read:user,repo,user:email,workflow...
2025-11-26 18:20:38.244 [info] Getting sessions for all scopes...
2025-11-26 18:20:38.244 [info] Got 2 sessions for ...
2025-11-26 18:20:38.245 [info] Getting sessions for read:user,repo,user:email,workflow...
2025-11-26 18:20:38.245 [info] Got 1 sessions for read:user,repo,user:email,workflow...
2025-11-26 18:25:38.244 [info] Getting sessions for all scopes...
2025-11-26 18:25:38.244 [info] Got 2 sessions for ...
2025-11-26 18:25:38.245 [info] Getting sessions for read:user,repo,user:email,workflow...
2025-11-26 18:25:38.245 [info] Got 1 sessions for read:user,repo,user:email,workflow...
2025-11-26 18:30:38.243 [info] Getting sessions for all scopes...
2025-11-26 18:30:38.243 [info] Got 2 sessions for ...
2025-11-26 18:30:38.244 [info] Getting sessions for read:user,repo,user:email,workflow...
2025-11-26 18:30:38.244 [info] Got 1 sessions for read:user,repo,user:email,workflow...
2025-11-26 18:35:38.244 [info] Getting sessions for all scopes...
2025-11-26 18:35:38.244 [info] Got 2 sessions for ...
2025-11-26 18:35:38.244 [info] Getting sessions for read:user,repo,user:email,workflow...
2025-11-26 18:35:38.244 [info] Got 1 sessions for read:user,repo,user:email,workflow...
2025-11-26 18:40:38.244 [info] Getting sessions for all scopes...
2025-11-26 18:40:38.244 [info] Got 2 sessions for ...
2025-11-26 18:40:38.245 [info] Getting sessions for read:user,repo,user:email,workflow...
2025-11-26 18:40:38.245 [info] Got 1 sessions for read:user,repo,user:email,workflow...
2025-11-26 18:45:38.244 [info] Getting sessions for all scopes...
2025-11-26 18:45:38.244 [info] Got 2 sessions for ...
2025-11-26 18:45:38.245 [info] Getting sessions for read:user,repo,user:email,workflow...
2025-11-26 18:45:38.245 [info] Got 1 sessions for read:user,repo,user:email,workflow...
2025-11-26 18:50:38.245 [info] Getting sessions for all scopes...
2025-11-26 18:50:38.245 [info] Got 2 sessions for ...
2025-11-26 18:50:38.246 [info] Getting sessions for read:user,repo,user:email,workflow...
2025-11-26 18:50:38.246 [info] Got 1 sessions for read:user,repo,user:email,workflow...
2025-11-26 18:55:38.245 [info] Getting sessions for all scopes...
2025-11-26 18:55:38.245 [info] Got 2 sessions for ...
2025-11-26 18:55:38.246 [info] Getting sessions for read:user,repo,user:email,workflow...
2025-11-26 18:55:38.246 [info] Got 1 sessions for read:user,repo,user:email,workflow...
2025-11-26 19:00:38.245 [info] Getting sessions for all scopes...
2025-11-26 19:00:38.245 [info] Got 2 sessions for ...
2025-11-26 19:00:38.246 [info] Getting sessions for read:user,repo,user:email,workflow...
2025-11-26 19:00:38.246 [info] Got 1 sessions for read:user,repo,user:email,workflow...
2025-11-26 19:05:38.245 [info] Getting sessions for all scopes...
2025-11-26 19:05:38.245 [info] Got 2 sessions for ...
2025-11-26 19:05:38.246 [info] Getting sessions for read:user,repo,user:email,workflow...
2025-11-26 19:05:38.246 [info] Got 1 sessions for read:user,repo,user:email,workflow...
2025-11-26 19:10:38.246 [info] Getting sessions for all scopes...
2025-11-26 19:10:38.246 [info] Got 2 sessions for ...
2025-11-26 19:10:38.247 [info] Getting sessions for read:user,repo,user:email,workflow...
2025-11-26 19:10:38.247 [info] Got 1 sessions for read:user,repo,user:email,workflow...
2025-11-26 19:15:38.246 [info] Getting sessions for all scopes...
2025-11-26 19:15:38.246 [info] Got 2 sessions for ...
2025-11-26 19:15:38.247 [info] Getting sessions for read:user,repo,user:email,workflow...
2025-11-26 19:15:38.247 [info] Got 1 sessions for read:user,repo,user:email,workflow...
2025-11-26 19:20:38.248 [info] Getting sessions for all scopes...
2025-11-26 19:20:38.248 [info] Got 2 sessions for ...
2025-11-26 19:20:38.249 [info] Getting sessions for read:user,repo,user:email,workflow...
2025-11-26 19:20:38.249 [info] Got 1 sessions for read:user,repo,user:email,workflow...
2025-11-26 19:25:38.248 [info] Getting sessions for all scopes...
2025-11-26 19:25:38.248 [info] Got 2 sessions for ...
2025-11-26 19:25:38.248 [info] Getting sessions for read:user,repo,user:email,workflow...
2025-11-26 19:25:38.249 [info] Got 1 sessions for read:user,repo,user:email,workflow...
2025-11-26 19:30:38.248 [info] Getting sessions for all scopes...
2025-11-26 19:30:38.248 [info] Got 2 sessions for ...
2025-11-26 19:30:38.249 [info] Getting sessions for read:user,repo,user:email,workflow...
2025-11-26 19:30:38.249 [info] Got 1 sessions for read:user,repo,user:email,workflow...
2025-11-26 19:35:38.248 [info] Getting sessions for all scopes...
2025-11-26 19:35:38.248 [info] Got 2 sessions for ...
2025-11-26 19:35:38.249 [info] Getting sessions for read:user,repo,user:email,workflow...
2025-11-26 19:35:38.249 [info] Got 1 sessions for read:user,repo,user:email,workflow...
2025-11-26 19:40:38.249 [info] Getting sessions for all scopes...
2025-11-26 19:40:38.249 [info] Got 2 sessions for ...
2025-11-26 19:40:38.250 [info] Getting sessions for read:user,repo,user:email,workflow...
2025-11-26 19:40:38.250 [info] Got 1 sessions for read:user,repo,user:email,workflow...
2025-11-26 19:45:38.250 [info] Getting sessions for all scopes...
2025-11-26 19:45:38.250 [info] Got 2 sessions for ...
2025-11-26 19:45:38.250 [info] Getting sessions for read:user,repo,user:email,workflow...
2025-11-26 19:45:38.250 [info] Got 1 sessions for read:user,repo,user:email,workflow...
2025-11-26 19:50:38.250 [info] Getting sessions for all scopes...
2025-11-26 19:50:38.250 [info] Got 2 sessions for ...
2025-11-26 19:50:38.251 [info] Getting sessions for read:user,repo,user:email,workflow...
2025-11-26 19:50:38.251 [info] Got 1 sessions for read:user,repo,user:email,workflow...
2025-11-26 19:55:38.250 [info] Getting sessions for all scopes...
2025-11-26 19:55:38.250 [info] Got 2 sessions for ...
2025-11-26 19:55:38.251 [info] Getting sessions for read:user,repo,user:email,workflow...
2025-11-26 19:55:38.251 [info] Got 1 sessions for read:user,repo,user:email,workflow...
2025-11-26 20:00:38.249 [info] Getting sessions for all scopes...
2025-11-26 20:00:38.249 [info] Got 2 sessions for ...
2025-11-26 20:00:38.250 [info] Getting sessions for read:user,repo,user:email,workflow...
2025-11-26 20:00:38.250 [info] Got 1 sessions for read:user,repo,user:email,workflow...
2025-11-26 20:05:38.250 [info] Getting sessions for all scopes...
2025-11-26 20:05:38.250 [info] Got 2 sessions for ...
2025-11-26 20:05:38.251 [info] Getting sessions for read:user,repo,user:email,workflow...
2025-11-26 20:05:38.251 [info] Got 1 sessions for read:user,repo,user:email,workflow...
2025-11-26 20:10:38.251 [info] Getting sessions for all scopes...
2025-11-26 20:10:38.251 [info] Got 2 sessions for ...
2025-11-26 20:10:38.252 [info] Getting sessions for read:user,repo,user:email,workflow...
2025-11-26 20:10:38.252 [info] Got 1 sessions for read:user,repo,user:email,workflow...
2025-11-26 20:15:38.252 [info] Getting sessions for all scopes...
2025-11-26 20:15:38.252 [info] Got 2 sessions for ...
2025-11-26 20:15:38.252 [info] Getting sessions for read:user,repo,user:email,workflow...
2025-11-26 20:15:38.253 [info] Got 1 sessions for read:user,repo,user:email,workflow...
2025-11-26 20:20:38.252 [info] Getting sessions for all scopes...
2025-11-26 20:20:38.252 [info] Got 2 sessions for ...
2025-11-26 20:20:38.253 [info] Getting sessions for read:user,repo,user:email,workflow...
2025-11-26 20:20:38.253 [info] Got 1 sessions for read:user,repo,user:email,workflow...
2025-11-26 20:25:38.253 [info] Getting sessions for all scopes...
2025-11-26 20:25:38.253 [info] Got 2 sessions for ...
2025-11-26 20:25:38.254 [info] Getting sessions for read:user,repo,user:email,workflow...
2025-11-26 20:25:38.254 [info] Got 1 sessions for read:user,repo,user:email,workflow...
2025-11-26 20:30:38.252 [info] Getting sessions for all scopes...
2025-11-26 20:30:38.252 [info] Got 2 sessions for ...
2025-11-26 20:30:38.253 [info] Getting sessions for read:user,repo,user:email,workflow...
2025-11-26 20:30:38.253 [info] Got 1 sessions for read:user,repo,user:email,workflow...
2025-11-26 20:35:38.253 [info] Getting sessions for all scopes...
2025-11-26 20:35:38.253 [info] Got 2 sessions for ...
2025-11-26 20:35:38.254 [info] Getting sessions for read:user,repo,user:email,workflow...
2025-11-26 20:35:38.254 [info] Got 1 sessions for read:user,repo,user:email,workflow...
2025-11-26 20:40:38.254 [info] Getting sessions for all scopes...
2025-11-26 20:40:38.254 [info] Got 2 sessions for ...
2025-11-26 20:40:38.255 [info] Getting sessions for read:user,repo,user:email,workflow...
2025-11-26 20:40:38.255 [info] Got 1 sessions for read:user,repo,user:email,workflow...
2025-11-26 20:45:38.254 [info] Getting sessions for all scopes...
2025-11-26 20:45:38.255 [info] Got 2 sessions for ...
2025-11-26 20:45:38.255 [info] Getting sessions for read:user,repo,user:email,workflow...
2025-11-26 20:45:38.255 [info] Got 1 sessions for read:user,repo,user:email,workflow...
2025-11-26 20:50:38.254 [info] Getting sessions for all scopes...
2025-11-26 20:50:38.254 [info] Got 2 sessions for ...
2025-11-26 20:50:38.255 [info] Getting sessions for read:user,repo,user:email,workflow...
2025-11-26 20:50:38.255 [info] Got 1 sessions for read:user,repo,user:email,workflow...
2025-11-26 20:55:38.255 [info] Getting sessions for all scopes...
2025-11-26 20:55:38.255 [info] Got 2 sessions for ...
2025-11-26 20:55:38.256 [info] Getting sessions for read:user,repo,user:email,workflow...
2025-11-26 20:55:38.256 [info] Got 1 sessions for read:user,repo,user:email,workflow...
2025-11-26 21:00:38.255 [info] Getting sessions for all scopes...
2025-11-26 21:00:38.256 [info] Got 2 sessions for ...
2025-11-26 21:00:38.256 [info] Getting sessions for read:user,repo,user:email,workflow...
2025-11-26 21:00:38.256 [info] Got 1 sessions for read:user,repo,user:email,workflow...
2025-11-26 21:05:38.256 [info] Getting sessions for all scopes...
2025-11-26 21:05:38.256 [info] Got 2 sessions for ...
2025-11-26 21:05:38.257 [info] Getting sessions for read:user,repo,user:email,workflow...
2025-11-26 21:05:38.257 [info] Got 1 sessions for read:user,repo,user:email,workflow...
2025-11-26 21:10:38.257 [info] Getting sessions for all scopes...
2025-11-26 21:10:38.257 [info] Got 2 sessions for ...
2025-11-26 21:10:38.257 [info] Getting sessions for read:user,repo,user:email,workflow...
2025-11-26 21:10:38.258 [info] Got 1 sessions for read:user,repo,user:email,workflow...
2025-11-26 21:15:38.257 [info] Getting sessions for all scopes...
2025-11-26 21:15:38.257 [info] Got 2 sessions for ...
2025-11-26 21:15:38.257 [info] Getting sessions for read:user,repo,user:email,workflow...
2025-11-26 21:15:38.257 [info] Got 1 sessions for read:user,repo,user:email,workflow...
2025-11-26 21:20:38.257 [info] Getting sessions for all scopes...
2025-11-26 21:20:38.257 [info] Got 2 sessions for ...
2025-11-26 21:20:38.257 [info] Getting sessions for read:user,repo,user:email,workflow...
2025-11-26 21:20:38.257 [info] Got 1 sessions for read:user,repo,user:email,workflow...
2025-11-26 21:25:38.257 [info] Getting sessions for all scopes...
2025-11-26 21:25:38.257 [info] Got 2 sessions for ...
2025-11-26 21:25:38.258 [info] Getting sessions for read:user,repo,user:email,workflow...
2025-11-26 21:25:38.258 [info] Got 1 sessions for read:user,repo,user:email,workflow...
2025-11-26 21:30:38.257 [info] Getting sessions for all scopes...
2025-11-26 21:30:38.257 [info] Got 2 sessions for ...
2025-11-26 21:30:38.258 [info] Getting sessions for read:user,repo,user:email,workflow...
2025-11-26 21:30:38.258 [info] Got 1 sessions for read:user,repo,user:email,workflow...
2025-11-26 21:35:38.258 [info] Getting sessions for all scopes...
2025-11-26 21:35:38.258 [info] Got 2 sessions for ...
2025-11-26 21:35:38.258 [info] Getting sessions for read:user,repo,user:email,workflow...
2025-11-26 21:35:38.258 [info] Got 1 sessions for read:user,repo,user:email,workflow...
2025-11-26 21:40:38.258 [info] Getting sessions for all scopes...
2025-11-26 21:40:38.258 [info] Got 2 sessions for ...
2025-11-26 21:40:38.259 [info] Getting sessions for read:user,repo,user:email,workflow...
2025-11-26 21:40:38.259 [info] Got 1 sessions for read:user,repo,user:email,workflow...
2025-11-26 21:45:38.260 [info] Getting sessions for all scopes...
2025-11-26 21:45:38.260 [info] Got 2 sessions for ...
2025-11-26 21:45:38.261 [info] Getting sessions for read:user,repo,user:email,workflow...
2025-11-26 21:45:38.261 [info] Got 1 sessions for read:user,repo,user:email,workflow...
2025-11-26 21:50:38.261 [info] Getting sessions for all scopes...
2025-11-26 21:50:38.261 [info] Got 2 sessions for ...
2025-11-26 21:50:38.262 [info] Getting sessions for read:user,repo,user:email,workflow...
2025-11-26 21:50:38.262 [info] Got 1 sessions for read:user,repo,user:email,workflow...
2025-11-26 21:55:38.261 [info] Getting sessions for all scopes...
2025-11-26 21:55:38.261 [info] Got 2 sessions for ...
2025-11-26 21:55:38.262 [info] Getting sessions for read:user,repo,user:email,workflow...
2025-11-26 21:55:38.262 [info] Got 1 sessions for read:user,repo,user:email,workflow...
2025-11-26 22:00:38.262 [info] Getting sessions for all scopes...
2025-11-26 22:00:38.262 [info] Got 2 sessions for ...
2025-11-26 22:00:38.263 [info] Getting sessions for read:user,repo,user:email,workflow...
2025-11-26 22:00:38.263 [info] Got 1 sessions for read:user,repo,user:email,workflow...
2025-11-26 22:05:38.262 [info] Getting sessions for all scopes...
2025-11-26 22:05:38.262 [info] Got 2 sessions for ...
2025-11-26 22:05:38.263 [info] Getting sessions for read:user,repo,user:email,workflow...
2025-11-26 22:05:38.263 [info] Got 1 sessions for read:user,repo,user:email,workflow...
2025-11-26 22:10:38.262 [info] Getting sessions for all scopes...
2025-11-26 22:10:38.262 [info] Got 2 sessions for ...
2025-11-26 22:10:38.263 [info] Getting sessions for read:user,repo,user:email,workflow...
2025-11-26 22:10:38.263 [info] Got 1 sessions for read:user,repo,user:email,workflow...
2025-11-26 22:15:38.262 [info] Getting sessions for all scopes...
2025-11-26 22:15:38.262 [info] Got 2 sessions for ...
2025-11-26 22:15:38.263 [info] Getting sessions for read:user,repo,user:email,workflow...
2025-11-26 22:15:38.263 [info] Got 1 sessions for read:user,repo,user:email,workflow...
2025-11-26 22:20:38.263 [info] Getting sessions for all scopes...
2025-11-26 22:20:38.263 [info] Got 2 sessions for ...
2025-11-26 22:20:38.264 [info] Getting sessions for read:user,repo,user:email,workflow...
2025-11-26 22:20:38.264 [info] Got 1 sessions for read:user,repo,user:email,workflow...
2025-11-26 22:25:38.264 [info] Getting sessions for all scopes...
2025-11-26 22:25:38.264 [info] Got 2 sessions for ...
2025-11-26 22:25:38.264 [info] Getting sessions for read:user,repo,user:email,workflow...
2025-11-26 22:25:38.264 [info] Got 1 sessions for read:user,repo,user:email,workflow...
2025-11-26 22:30:38.264 [info] Getting sessions for all scopes...
2025-11-26 22:30:38.264 [info] Got 2 sessions for ...
2025-11-26 22:30:38.265 [info] Getting sessions for read:user,repo,user:email,workflow...
2025-11-26 22:30:38.265 [info] Got 1 sessions for read:user,repo,user:email,workflow...
2025-11-26 22:35:38.265 [info] Getting sessions for all scopes...
2025-11-26 22:35:38.265 [info] Got 2 sessions for ...
2025-11-26 22:35:38.266 [info] Getting sessions for read:user,repo,user:email,workflow...
2025-11-26 22:35:38.266 [info] Got 1 sessions for read:user,repo,user:email,workflow...
2025-11-26 22:40:38.265 [info] Getting sessions for all scopes...
2025-11-26 22:40:38.265 [info] Got 2 sessions for ...
2025-11-26 22:40:38.266 [info] Getting sessions for read:user,repo,user:email,workflow...
2025-11-26 22:40:38.266 [info] Got 1 sessions for read:user,repo,user:email,workflow...
2025-11-26 22:45:38.266 [info] Getting sessions for all scopes...
2025-11-26 22:45:38.266 [info] Got 2 sessions for ...
2025-11-26 22:45:38.266 [info] Getting sessions for read:user,repo,user:email,workflow...
2025-11-26 22:45:38.266 [info] Got 1 sessions for read:user,repo,user:email,workflow...
2025-11-26 22:50:38.266 [info] Getting sessions for all scopes...
2025-11-26 22:50:38.266 [info] Got 2 sessions for ...
2025-11-26 22:50:38.267 [info] Getting sessions for read:user,repo,user:email,workflow...
2025-11-26 22:50:38.267 [info] Got 1 sessions for read:user,repo,user:email,workflow...
2025-11-26 22:55:38.266 [info] Getting sessions for all scopes...
2025-11-26 22:55:38.266 [info] Got 2 sessions for ...
2025-11-26 22:55:38.267 [info] Getting sessions for read:user,repo,user:email,workflow...
2025-11-26 22:55:38.267 [info] Got 1 sessions for read:user,repo,user:email,workflow...
2025-11-26 23:00:38.268 [info] Getting sessions for all scopes...
2025-11-26 23:00:38.268 [info] Got 2 sessions for ...
2025-11-26 23:00:38.269 [info] Getting sessions for read:user,repo,user:email,workflow...
2025-11-26 23:00:38.269 [info] Got 1 sessions for read:user,repo,user:email,workflow...
2025-11-26 23:05:38.269 [info] Getting sessions for all scopes...
2025-11-26 23:05:38.269 [info] Got 2 sessions for ...
2025-11-26 23:05:38.270 [info] Getting sessions for read:user,repo,user:email,workflow...
2025-11-26 23:05:38.270 [info] Got 1 sessions for read:user,repo,user:email,workflow...
2025-11-26 23:10:38.270 [info] Getting sessions for all scopes...
2025-11-26 23:10:38.270 [info] Got 2 sessions for ...
2025-11-26 23:10:38.271 [info] Getting sessions for read:user,repo,user:email,workflow...
2025-11-26 23:10:38.271 [info] Got 1 sessions for read:user,repo,user:email,workflow...
2025-11-26 23:15:38.270 [info] Getting sessions for all scopes...
2025-11-26 23:15:38.270 [info] Got 2 sessions for ...
2025-11-26 23:15:38.271 [info] Getting sessions for read:user,repo,user:email,workflow...
2025-11-26 23:15:38.271 [info] Got 1 sessions for read:user,repo,user:email,workflow...
2025-11-26 23:20:38.271 [info] Getting sessions for all scopes...
2025-11-26 23:20:38.271 [info] Got 2 sessions for ...
2025-11-26 23:20:38.271 [info] Getting sessions for read:user,repo,user:email,workflow...
2025-11-26 23:20:38.271 [info] Got 1 sessions for read:user,repo,user:email,workflow...
2025-11-26 23:25:38.272 [info] Getting sessions for all scopes...
2025-11-26 23:25:38.272 [info] Got 2 sessions for ...
2025-11-26 23:25:38.272 [info] Getting sessions for read:user,repo,user:email,workflow...
2025-11-26 23:25:38.272 [info] Got 1 sessions for read:user,repo,user:email,workflow...
2025-11-26 23:30:38.272 [info] Getting sessions for all scopes...
2025-11-26 23:30:38.272 [info] Got 2 sessions for ...
2025-11-26 23:30:38.273 [info] Getting sessions for read:user,repo,user:email,workflow...
2025-11-26 23:30:38.273 [info] Got 1 sessions for read:user,repo,user:email,workflow...
2025-11-26 23:35:38.272 [info] Getting sessions for all scopes...
2025-11-26 23:35:38.272 [info] Got 2 sessions for ...
2025-11-26 23:35:38.273 [info] Getting sessions for read:user,repo,user:email,workflow...
2025-11-26 23:35:38.273 [info] Got 1 sessions for read:user,repo,user:email,workflow...
2025-11-26 23:40:38.272 [info] Getting sessions for all scopes...
2025-11-26 23:40:38.272 [info] Got 2 sessions for ...
2025-11-26 23:40:38.273 [info] Getting sessions for read:user,repo,user:email,workflow...
2025-11-26 23:40:38.273 [info] Got 1 sessions for read:user,repo,user:email,workflow...
2025-11-26 23:45:38.273 [info] Getting sessions for all scopes...
2025-11-26 23:45:38.273 [info] Got 2 sessions for ...
2025-11-26 23:45:38.274 [info] Getting sessions for read:user,repo,user:email,workflow...
2025-11-26 23:45:38.274 [info] Got 1 sessions for read:user,repo,user:email,workflow...
2025-11-26 23:50:38.273 [info] Getting sessions for all scopes...
2025-11-26 23:50:38.274 [info] Got 2 sessions for ...
2025-11-26 23:50:38.275 [info] Getting sessions for read:user,repo,user:email,workflow...
2025-11-26 23:50:38.275 [info] Got 1 sessions for read:user,repo,user:email,workflow...
2025-11-26 23:55:38.274 [info] Getting sessions for all scopes...
2025-11-26 23:55:38.274 [info] Got 2 sessions for ...
2025-11-26 23:55:38.275 [info] Getting sessions for read:user,repo,user:email,workflow...
2025-11-26 23:55:38.275 [info] Got 1 sessions for read:user,repo,user:email,workflow...
2025-11-27 00:00:38.275 [info] Getting sessions for all scopes...
2025-11-27 00:00:38.275 [info] Got 2 sessions for ...
2025-11-27 00:00:38.276 [info] Getting sessions for read:user,repo,user:email,workflow...
2025-11-27 00:00:38.276 [info] Got 1 sessions for read:user,repo,user:email,workflow...
2025-11-27 00:05:38.276 [info] Getting sessions for all scopes...
2025-11-27 00:05:38.276 [info] Got 2 sessions for ...
2025-11-27 00:05:38.277 [info] Getting sessions for read:user,repo,user:email,workflow...
2025-11-27 00:05:38.277 [info] Got 1 sessions for read:user,repo,user:email,workflow...
2025-11-27 00:10:38.276 [info] Getting sessions for all scopes...
2025-11-27 00:10:38.276 [info] Got 2 sessions for ...
2025-11-27 00:10:38.277 [info] Getting sessions for read:user,repo,user:email,workflow...
2025-11-27 00:10:38.277 [info] Got 1 sessions for read:user,repo,user:email,workflow...
2025-11-27 00:15:38.278 [info] Getting sessions for all scopes...
2025-11-27 00:15:38.278 [info] Got 2 sessions for ...
2025-11-27 00:15:38.278 [info] Getting sessions for read:user,repo,user:email,workflow...
2025-11-27 00:15:38.278 [info] Got 1 sessions for read:user,repo,user:email,workflow...
2025-11-27 00:20:38.278 [info] Getting sessions for all scopes...
2025-11-27 00:20:38.278 [info] Got 2 sessions for ...
2025-11-27 00:20:38.279 [info] Getting sessions for read:user,repo,user:email,workflow...
2025-11-27 00:20:38.279 [info] Got 1 sessions for read:user,repo,user:email,workflow...
2025-11-27 00:25:38.278 [info] Getting sessions for all scopes...
2025-11-27 00:25:38.278 [info] Got 2 sessions for ...
2025-11-27 00:25:38.279 [info] Getting sessions for read:user,repo,user:email,workflow...
2025-11-27 00:25:38.279 [info] Got 1 sessions for read:user,repo,user:email,workflow...
2025-11-27 00:30:38.277 [info] Getting sessions for all scopes...
2025-11-27 00:30:38.277 [info] Got 2 sessions for ...
2025-11-27 00:30:38.278 [info] Getting sessions for read:user,repo,user:email,workflow...
2025-11-27 00:30:38.278 [info] Got 1 sessions for read:user,repo,user:email,workflow...
2025-11-27 00:35:38.279 [info] Getting sessions for all scopes...
2025-11-27 00:35:38.279 [info] Got 2 sessions for ...
2025-11-27 00:35:38.280 [info] Getting sessions for read:user,repo,user:email,workflow...
2025-11-27 00:35:38.280 [info] Got 1 sessions for read:user,repo,user:email,workflow...
2025-11-27 00:40:38.279 [info] Getting sessions for all scopes...
2025-11-27 00:40:38.279 [info] Got 2 sessions for ...
2025-11-27 00:40:38.280 [info] Getting sessions for read:user,repo,user:email,workflow...
2025-11-27 00:40:38.280 [info] Got 1 sessions for read:user,repo,user:email,workflow...
2025-11-27 00:45:38.280 [info] Getting sessions for all scopes...
2025-11-27 00:45:38.280 [info] Got 2 sessions for ...
2025-11-27 00:45:38.280 [info] Getting sessions for read:user,repo,user:email,workflow...
2025-11-27 00:45:38.280 [info] Got 1 sessions for read:user,repo,user:email,workflow...
2025-11-27 00:50:38.281 [info] Getting sessions for all scopes...
2025-11-27 00:50:38.281 [info] Got 2 sessions for ...
2025-11-27 00:50:38.281 [info] Getting sessions for read:user,repo,user:email,workflow...
2025-11-27 00:50:38.281 [info] Got 1 sessions for read:user,repo,user:email,workflow...
2025-11-27 00:55:38.280 [info] Getting sessions for all scopes...
2025-11-27 00:55:38.280 [info] Got 2 sessions for ...
2025-11-27 00:55:38.280 [info] Getting sessions for read:user,repo,user:email,workflow...
2025-11-27 00:55:38.280 [info] Got 1 sessions for read:user,repo,user:email,workflow...
2025-11-27 01:00:38.280 [info] Getting sessions for all scopes...
2025-11-27 01:00:38.280 [info] Got 2 sessions for ...
2025-11-27 01:00:38.281 [info] Getting sessions for read:user,repo,user:email,workflow...
2025-11-27 01:00:38.281 [info] Got 1 sessions for read:user,repo,user:email,workflow...
2025-11-27 01:05:38.280 [info] Getting sessions for all scopes...
2025-11-27 01:05:38.280 [info] Got 2 sessions for ...
2025-11-27 01:05:38.281 [info] Getting sessions for read:user,repo,user:email,workflow...
2025-11-27 01:05:38.281 [info] Got 1 sessions for read:user,repo,user:email,workflow...
2025-11-27 01:10:38.280 [info] Getting sessions for all scopes...
2025-11-27 01:10:38.280 [info] Got 2 sessions for ...
2025-11-27 01:10:38.281 [info] Getting sessions for read:user,repo,user:email,workflow...
2025-11-27 01:10:38.281 [info] Got 1 sessions for read:user,repo,user:email,workflow...
2025-11-27 01:15:38.281 [info] Getting sessions for all scopes...
2025-11-27 01:15:38.281 [info] Got 2 sessions for ...
2025-11-27 01:15:38.282 [info] Getting sessions for read:user,repo,user:email,workflow...
2025-11-27 01:15:38.282 [info] Got 1 sessions for read:user,repo,user:email,workflow...
2025-11-27 01:20:38.281 [info] Getting sessions for all scopes...
2025-11-27 01:20:38.281 [info] Got 2 sessions for ...
2025-11-27 01:20:38.282 [info] Getting sessions for read:user,repo,user:email,workflow...
2025-11-27 01:20:38.282 [info] Got 1 sessions for read:user,repo,user:email,workflow...
2025-11-27 01:25:38.281 [info] Getting sessions for all scopes...
2025-11-27 01:25:38.281 [info] Got 2 sessions for ...
2025-11-27 01:25:38.283 [info] Getting sessions for read:user,repo,user:email,workflow...
2025-11-27 01:25:38.283 [info] Got 1 sessions for read:user,repo,user:email,workflow...
2025-11-27 01:30:38.282 [info] Getting sessions for all scopes...
2025-11-27 01:30:38.282 [info] Got 2 sessions for ...
2025-11-27 01:30:38.283 [info] Getting sessions for read:user,repo,user:email,workflow...
2025-11-27 01:30:38.283 [info] Got 1 sessions for read:user,repo,user:email,workflow...
2025-11-27 01:35:38.282 [info] Getting sessions for all scopes...
2025-11-27 01:35:38.282 [info] Got 2 sessions for ...
2025-11-27 01:35:38.283 [info] Getting sessions for read:user,repo,user:email,workflow...
2025-11-27 01:35:38.283 [info] Got 1 sessions for read:user,repo,user:email,workflow...
2025-11-27 01:40:38.283 [info] Getting sessions for all scopes...
2025-11-27 01:40:38.283 [info] Got 2 sessions for ...
2025-11-27 01:40:38.283 [info] Getting sessions for read:user,repo,user:email,workflow...
2025-11-27 01:40:38.283 [info] Got 1 sessions for read:user,repo,user:email,workflow...
2025-11-27 01:45:38.283 [info] Getting sessions for all scopes...
2025-11-27 01:45:38.283 [info] Got 2 sessions for ...
2025-11-27 01:45:38.284 [info] Getting sessions for read:user,repo,user:email,workflow...
2025-11-27 01:45:38.284 [info] Got 1 sessions for read:user,repo,user:email,workflow...
2025-11-27 01:50:38.283 [info] Getting sessions for all scopes...
2025-11-27 01:50:38.283 [info] Got 2 sessions for ...
2025-11-27 01:50:38.284 [info] Getting sessions for read:user,repo,user:email,workflow...
2025-11-27 01:50:38.284 [info] Got 1 sessions for read:user,repo,user:email,workflow...
2025-11-27 01:55:38.284 [info] Getting sessions for all scopes...
2025-11-27 01:55:38.284 [info] Got 2 sessions for ...
2025-11-27 01:55:38.284 [info] Getting sessions for read:user,repo,user:email,workflow...
2025-11-27 01:55:38.284 [info] Got 1 sessions for read:user,repo,user:email,workflow...
2025-11-27 02:00:38.283 [info] Getting sessions for all scopes...
2025-11-27 02:00:38.283 [info] Got 2 sessions for ...
2025-11-27 02:00:38.284 [info] Getting sessions for read:user,repo,user:email,workflow...
2025-11-27 02:00:38.284 [info] Got 1 sessions for read:user,repo,user:email,workflow...
2025-11-27 02:05:38.284 [info] Getting sessions for all scopes...
2025-11-27 02:05:38.284 [info] Got 2 sessions for ...
2025-11-27 02:05:38.284 [info] Getting sessions for read:user,repo,user:email,workflow...
2025-11-27 02:05:38.284 [info] Got 1 sessions for read:user,repo,user:email,workflow...
2025-11-27 02:10:38.285 [info] Getting sessions for all scopes...
2025-11-27 02:10:38.285 [info] Got 2 sessions for ...
2025-11-27 02:10:38.286 [info] Getting sessions for read:user,repo,user:email,workflow...
2025-11-27 02:10:38.286 [info] Got 1 sessions for read:user,repo,user:email,workflow...
2025-11-27 02:15:38.285 [info] Getting sessions for all scopes...
2025-11-27 02:15:38.285 [info] Got 2 sessions for ...
2025-11-27 02:15:38.286 [info] Getting sessions for read:user,repo,user:email,workflow...
2025-11-27 02:15:38.286 [info] Got 1 sessions for read:user,repo,user:email,workflow...
2025-11-27 02:20:38.286 [info] Getting sessions for all scopes...
2025-11-27 02:20:38.286 [info] Got 2 sessions for ...
2025-11-27 02:20:38.287 [info] Getting sessions for read:user,repo,user:email,workflow...
2025-11-27 02:20:38.287 [info] Got 1 sessions for read:user,repo,user:email,workflow...
2025-11-27 02:25:38.287 [info] Getting sessions for all scopes...
2025-11-27 02:25:38.287 [info] Got 2 sessions for ...
2025-11-27 02:25:38.288 [info] Getting sessions for read:user,repo,user:email,workflow...
2025-11-27 02:25:38.288 [info] Got 1 sessions for read:user,repo,user:email,workflow...
2025-11-27 02:30:38.286 [info] Getting sessions for all scopes...
2025-11-27 02:30:38.286 [info] Got 2 sessions for ...
2025-11-27 02:30:38.287 [info] Getting sessions for read:user,repo,user:email,workflow...
2025-11-27 02:30:38.287 [info] Got 1 sessions for read:user,repo,user:email,workflow...
2025-11-27 02:35:38.287 [info] Getting sessions for all scopes...
2025-11-27 02:35:38.287 [info] Got 2 sessions for ...
2025-11-27 02:35:38.288 [info] Getting sessions for read:user,repo,user:email,workflow...
2025-11-27 02:35:38.288 [info] Got 1 sessions for read:user,repo,user:email,workflow...
2025-11-27 02:40:38.287 [info] Getting sessions for all scopes...
2025-11-27 02:40:38.287 [info] Got 2 sessions for ...
2025-11-27 02:40:38.288 [info] Getting sessions for read:user,repo,user:email,workflow...
2025-11-27 02:40:38.288 [info] Got 1 sessions for read:user,repo,user:email,workflow...
2025-11-27 02:45:38.287 [info] Getting sessions for all scopes...
2025-11-27 02:45:38.287 [info] Got 2 sessions for ...
2025-11-27 02:45:38.288 [info] Getting sessions for read:user,repo,user:email,workflow...
2025-11-27 02:45:38.288 [info] Got 1 sessions for read:user,repo,user:email,workflow...
2025-11-27 02:50:38.288 [info] Getting sessions for all scopes...
2025-11-27 02:50:38.288 [info] Got 2 sessions for ...
2025-11-27 02:50:38.288 [info] Getting sessions for read:user,repo,user:email,workflow...
2025-11-27 02:50:38.288 [info] Got 1 sessions for read:user,repo,user:email,workflow...
2025-11-27 02:55:38.288 [info] Getting sessions for all scopes...
2025-11-27 02:55:38.288 [info] Got 2 sessions for ...
2025-11-27 02:55:38.289 [info] Getting sessions for read:user,repo,user:email,workflow...
2025-11-27 02:55:38.289 [info] Got 1 sessions for read:user,repo,user:email,workflow...
2025-11-27 03:00:38.289 [info] Getting sessions for all scopes...
2025-11-27 03:00:38.289 [info] Got 2 sessions for ...
2025-11-27 03:00:38.290 [info] Getting sessions for read:user,repo,user:email,workflow...
2025-11-27 03:00:38.290 [info] Got 1 sessions for read:user,repo,user:email,workflow...
2025-11-27 03:05:38.289 [info] Getting sessions for all scopes...
2025-11-27 03:05:38.289 [info] Got 2 sessions for ...
2025-11-27 03:05:38.289 [info] Getting sessions for read:user,repo,user:email,workflow...
2025-11-27 03:05:38.289 [info] Got 1 sessions for read:user,repo,user:email,workflow...
2025-11-27 03:10:38.289 [info] Getting sessions for all scopes...
2025-11-27 03:10:38.289 [info] Got 2 sessions for ...
2025-11-27 03:10:38.290 [info] Getting sessions for read:user,repo,user:email,workflow...
2025-11-27 03:10:38.290 [info] Got 1 sessions for read:user,repo,user:email,workflow...
2025-11-27 03:15:38.289 [info] Getting sessions for all scopes...
2025-11-27 03:15:38.289 [info] Got 2 sessions for ...
2025-11-27 03:15:38.290 [info] Getting sessions for read:user,repo,user:email,workflow...
2025-11-27 03:15:38.290 [info] Got 1 sessions for read:user,repo,user:email,workflow...
2025-11-27 03:20:38.290 [info] Getting sessions for all scopes...
2025-11-27 03:20:38.290 [info] Got 2 sessions for ...
2025-11-27 03:20:38.291 [info] Getting sessions for read:user,repo,user:email,workflow...
2025-11-27 03:20:38.291 [info] Got 1 sessions for read:user,repo,user:email,workflow...
2025-11-27 03:25:38.290 [info] Getting sessions for all scopes...
2025-11-27 03:25:38.290 [info] Got 2 sessions for ...
2025-11-27 03:25:38.291 [info] Getting sessions for read:user,repo,user:email,workflow...
2025-11-27 03:25:38.291 [info] Got 1 sessions for read:user,repo,user:email,workflow...
2025-11-27 03:30:38.289 [info] Getting sessions for all scopes...
2025-11-27 03:30:38.289 [info] Got 2 sessions for ...
2025-11-27 03:30:38.290 [info] Getting sessions for read:user,repo,user:email,workflow...
2025-11-27 03:30:38.290 [info] Got 1 sessions for read:user,repo,user:email,workflow...
2025-11-27 03:35:38.290 [info] Getting sessions for all scopes...
2025-11-27 03:35:38.290 [info] Got 2 sessions for ...
2025-11-27 03:35:38.292 [info] Getting sessions for read:user,repo,user:email,workflow...
2025-11-27 03:35:38.292 [info] Got 1 sessions for read:user,repo,user:email,workflow...
2025-11-27 03:40:38.291 [info] Getting sessions for all scopes...
2025-11-27 03:40:38.291 [info] Got 2 sessions for ...
2025-11-27 03:40:38.292 [info] Getting sessions for read:user,repo,user:email,workflow...
2025-11-27 03:40:38.292 [info] Got 1 sessions for read:user,repo,user:email,workflow...
2025-11-27 03:45:38.291 [info] Getting sessions for all scopes...
2025-11-27 03:45:38.291 [info] Got 2 sessions for ...
2025-11-27 03:45:38.292 [info] Getting sessions for read:user,repo,user:email,workflow...
2025-11-27 03:45:38.292 [info] Got 1 sessions for read:user,repo,user:email,workflow...
2025-11-27 03:50:38.292 [info] Getting sessions for all scopes...
2025-11-27 03:50:38.293 [info] Got 2 sessions for ...
2025-11-27 03:50:38.293 [info] Getting sessions for read:user,repo,user:email,workflow...
2025-11-27 03:50:38.293 [info] Got 1 sessions for read:user,repo,user:email,workflow...
2025-11-27 03:55:38.293 [info] Getting sessions for all scopes...
2025-11-27 03:55:38.293 [info] Got 2 sessions for ...
2025-11-27 03:55:38.293 [info] Getting sessions for read:user,repo,user:email,workflow...
2025-11-27 03:55:38.293 [info] Got 1 sessions for read:user,repo,user:email,workflow...
2025-11-27 04:00:38.293 [info] Getting sessions for all scopes...
2025-11-27 04:00:38.294 [info] Got 2 sessions for ...
2025-11-27 04:00:38.294 [info] Getting sessions for read:user,repo,user:email,workflow...
2025-11-27 04:00:38.294 [info] Got 1 sessions for read:user,repo,user:email,workflow...
2025-11-27 04:05:38.294 [info] Getting sessions for all scopes...
2025-11-27 04:05:38.294 [info] Got 2 sessions for ...
2025-11-27 04:05:38.295 [info] Getting sessions for read:user,repo,user:email,workflow...
2025-11-27 04:05:38.295 [info] Got 1 sessions for read:user,repo,user:email,workflow...
2025-11-27 04:10:38.295 [info] Getting sessions for all scopes...
2025-11-27 04:10:38.295 [info] Got 2 sessions for ...
2025-11-27 04:10:38.296 [info] Getting sessions for read:user,repo,user:email,workflow...
2025-11-27 04:10:38.296 [info] Got 1 sessions for read:user,repo,user:email,workflow...
2025-11-27 04:15:38.296 [info] Getting sessions for all scopes...
2025-11-27 04:15:38.296 [info] Got 2 sessions for ...
2025-11-27 04:15:38.296 [info] Getting sessions for read:user,repo,user:email,workflow...
2025-11-27 04:15:38.296 [info] Got 1 sessions for read:user,repo,user:email,workflow...
2025-11-27 04:20:38.296 [info] Getting sessions for all scopes...
2025-11-27 04:20:38.296 [info] Got 2 sessions for ...
2025-11-27 04:20:38.297 [info] Getting sessions for read:user,repo,user:email,workflow...
2025-11-27 04:20:38.297 [info] Got 1 sessions for read:user,repo,user:email,workflow...
2025-11-27 04:25:38.296 [info] Getting sessions for all scopes...
2025-11-27 04:25:38.296 [info] Got 2 sessions for ...
2025-11-27 04:25:38.297 [info] Getting sessions for read:user,repo,user:email,workflow...
2025-11-27 04:25:38.297 [info] Got 1 sessions for read:user,repo,user:email,workflow...
2025-11-27 04:30:38.296 [info] Getting sessions for all scopes...
2025-11-27 04:30:38.296 [info] Got 2 sessions for ...
2025-11-27 04:30:38.296 [info] Getting sessions for read:user,repo,user:email,workflow...
2025-11-27 04:30:38.297 [info] Got 1 sessions for read:user,repo,user:email,workflow...
2025-11-27 04:35:38.296 [info] Getting sessions for all scopes...
2025-11-27 04:35:38.296 [info] Got 2 sessions for ...
2025-11-27 04:35:38.297 [info] Getting sessions for read:user,repo,user:email,workflow...
2025-11-27 04:35:38.297 [info] Got 1 sessions for read:user,repo,user:email,workflow...
2025-11-27 04:40:38.296 [info] Getting sessions for all scopes...
2025-11-27 04:40:38.296 [info] Got 2 sessions for ...
2025-11-27 04:40:38.297 [info] Getting sessions for read:user,repo,user:email,workflow...
2025-11-27 04:40:38.297 [info] Got 1 sessions for read:user,repo,user:email,workflow...
2025-11-27 04:45:38.296 [info] Getting sessions for all scopes...
2025-11-27 04:45:38.296 [info] Got 2 sessions for ...
2025-11-27 04:45:38.296 [info] Getting sessions for read:user,repo,user:email,workflow...
2025-11-27 04:45:38.296 [info] Got 1 sessions for read:user,repo,user:email,workflow...
2025-11-27 04:50:38.296 [info] Getting sessions for all scopes...
2025-11-27 04:50:38.296 [info] Got 2 sessions for ...
2025-11-27 04:50:38.297 [info] Getting sessions for read:user,repo,user:email,workflow...
2025-11-27 04:50:38.297 [info] Got 1 sessions for read:user,repo,user:email,workflow...
2025-11-27 04:55:38.296 [info] Getting sessions for all scopes...
2025-11-27 04:55:38.297 [info] Got 2 sessions for ...
2025-11-27 04:55:38.297 [info] Getting sessions for read:user,repo,user:email,workflow...
2025-11-27 04:55:38.297 [info] Got 1 sessions for read:user,repo,user:email,workflow...
2025-11-27 05:00:38.297 [info] Getting sessions for all scopes...
2025-11-27 05:00:38.297 [info] Got 2 sessions for ...
2025-11-27 05:00:38.298 [info] Getting sessions for read:user,repo,user:email,workflow...
2025-11-27 05:00:38.298 [info] Got 1 sessions for read:user,repo,user:email,workflow...
2025-11-27 05:05:38.297 [info] Getting sessions for all scopes...
2025-11-27 05:05:38.297 [info] Got 2 sessions for ...
2025-11-27 05:05:38.298 [info] Getting sessions for read:user,repo,user:email,workflow...
2025-11-27 05:05:38.298 [info] Got 1 sessions for read:user,repo,user:email,workflow...
2025-11-27 05:10:38.298 [info] Getting sessions for all scopes...
2025-11-27 05:10:38.298 [info] Got 2 sessions for ...
2025-11-27 05:10:38.299 [info] Getting sessions for read:user,repo,user:email,workflow...
2025-11-27 05:10:38.299 [info] Got 1 sessions for read:user,repo,user:email,workflow...
2025-11-27 05:15:38.298 [info] Getting sessions for all scopes...
2025-11-27 05:15:38.298 [info] Got 2 sessions for ...
2025-11-27 05:15:38.299 [info] Getting sessions for read:user,repo,user:email,workflow...
2025-11-27 05:15:38.299 [info] Got 1 sessions for read:user,repo,user:email,workflow...
2025-11-27 05:20:38.299 [info] Getting sessions for all scopes...
2025-11-27 05:20:38.299 [info] Got 2 sessions for ...
2025-11-27 05:20:38.300 [info] Getting sessions for read:user,repo,user:email,workflow...
2025-11-27 05:20:38.300 [info] Got 1 sessions for read:user,repo,user:email,workflow...
2025-11-27 05:25:38.299 [info] Getting sessions for all scopes...
2025-11-27 05:25:38.299 [info] Got 2 sessions for ...
2025-11-27 05:25:38.300 [info] Getting sessions for read:user,repo,user:email,workflow...
2025-11-27 05:25:38.300 [info] Got 1 sessions for read:user,repo,user:email,workflow...
2025-11-27 05:30:38.300 [info] Getting sessions for all scopes...
2025-11-27 05:30:38.300 [info] Got 2 sessions for ...
2025-11-27 05:30:38.301 [info] Getting sessions for read:user,repo,user:email,workflow...
2025-11-27 05:30:38.301 [info] Got 1 sessions for read:user,repo,user:email,workflow...
2025-11-27 05:35:38.300 [info] Getting sessions for all scopes...
2025-11-27 05:35:38.300 [info] Got 2 sessions for ...
2025-11-27 05:35:38.301 [info] Getting sessions for read:user,repo,user:email,workflow...
2025-11-27 05:35:38.301 [info] Got 1 sessions for read:user,repo,user:email,workflow...
2025-11-27 05:40:38.300 [info] Getting sessions for all scopes...
2025-11-27 05:40:38.300 [info] Got 2 sessions for ...
2025-11-27 05:40:38.301 [info] Getting sessions for read:user,repo,user:email,workflow...
2025-11-27 05:40:38.301 [info] Got 1 sessions for read:user,repo,user:email,workflow...
2025-11-27 05:45:38.300 [info] Getting sessions for all scopes...
2025-11-27 05:45:38.300 [info] Got 2 sessions for ...
2025-11-27 05:45:38.301 [info] Getting sessions for read:user,repo,user:email,workflow...
2025-11-27 05:45:38.301 [info] Got 1 sessions for read:user,repo,user:email,workflow...
2025-11-27 05:50:38.301 [info] Getting sessions for all scopes...
2025-11-27 05:50:38.301 [info] Got 2 sessions for ...
2025-11-27 05:50:38.302 [info] Getting sessions for read:user,repo,user:email,workflow...
2025-11-27 05:50:38.302 [info] Got 1 sessions for read:user,repo,user:email,workflow...
2025-11-27 05:55:38.301 [info] Getting sessions for all scopes...
2025-11-27 05:55:38.301 [info] Got 2 sessions for ...
2025-11-27 05:55:38.301 [info] Getting sessions for read:user,repo,user:email,workflow...
2025-11-27 05:55:38.302 [info] Got 1 sessions for read:user,repo,user:email,workflow...
2025-11-27 06:00:38.301 [info] Getting sessions for all scopes...
2025-11-27 06:00:38.301 [info] Got 2 sessions for ...
2025-11-27 06:00:38.302 [info] Getting sessions for read:user,repo,user:email,workflow...
2025-11-27 06:00:38.302 [info] Got 1 sessions for read:user,repo,user:email,workflow...
2025-11-27 06:05:38.301 [info] Getting sessions for all scopes...
2025-11-27 06:05:38.301 [info] Got 2 sessions for ...
2025-11-27 06:05:38.302 [info] Getting sessions for read:user,repo,user:email,workflow...
2025-11-27 06:05:38.302 [info] Got 1 sessions for read:user,repo,user:email,workflow...
2025-11-27 06:10:38.301 [info] Getting sessions for all scopes...
2025-11-27 06:10:38.301 [info] Got 2 sessions for ...
2025-11-27 06:10:38.302 [info] Getting sessions for read:user,repo,user:email,workflow...
2025-11-27 06:10:38.302 [info] Got 1 sessions for read:user,repo,user:email,workflow...
2025-11-27 06:15:38.301 [info] Getting sessions for all scopes...
2025-11-27 06:15:38.301 [info] Got 2 sessions for ...
2025-11-27 06:15:38.302 [info] Getting sessions for read:user,repo,user:email,workflow...
2025-11-27 06:15:38.302 [info] Got 1 sessions for read:user,repo,user:email,workflow...
2025-11-27 06:20:38.302 [info] Getting sessions for all scopes...
2025-11-27 06:20:38.302 [info] Got 2 sessions for ...
2025-11-27 06:20:38.303 [info] Getting sessions for read:user,repo,user:email,workflow...
2025-11-27 06:20:38.303 [info] Got 1 sessions for read:user,repo,user:email,workflow...
2025-11-27 06:25:38.303 [info] Getting sessions for all scopes...
2025-11-27 06:25:38.303 [info] Got 2 sessions for ...
2025-11-27 06:25:38.304 [info] Getting sessions for read:user,repo,user:email,workflow...
2025-11-27 06:25:38.304 [info] Got 1 sessions for read:user,repo,user:email,workflow...
2025-11-27 06:30:38.302 [info] Getting sessions for all scopes...
2025-11-27 06:30:38.302 [info] Got 2 sessions for ...
2025-11-27 06:30:38.303 [info] Getting sessions for read:user,repo,user:email,workflow...
2025-11-27 06:30:38.303 [info] Got 1 sessions for read:user,repo,user:email,workflow...
2025-11-27 06:35:38.302 [info] Getting sessions for all scopes...
2025-11-27 06:35:38.302 [info] Got 2 sessions for ...
2025-11-27 06:35:38.303 [info] Getting sessions for read:user,repo,user:email,workflow...
2025-11-27 06:35:38.303 [info] Got 1 sessions for read:user,repo,user:email,workflow...
2025-11-27 06:40:38.302 [info] Getting sessions for all scopes...
2025-11-27 06:40:38.302 [info] Got 2 sessions for ...
2025-11-27 06:40:38.303 [info] Getting sessions for read:user,repo,user:email,workflow...
2025-11-27 06:40:38.303 [info] Got 1 sessions for read:user,repo,user:email,workflow...
2025-11-27 06:45:38.302 [info] Getting sessions for all scopes...
2025-11-27 06:45:38.302 [info] Got 2 sessions for ...
2025-11-27 06:45:38.303 [info] Getting sessions for read:user,repo,user:email,workflow...
2025-11-27 06:45:38.303 [info] Got 1 sessions for read:user,repo,user:email,workflow...
2025-11-27 06:50:38.302 [info] Getting sessions for all scopes...
2025-11-27 06:50:38.302 [info] Got 2 sessions for ...
2025-11-27 06:50:38.303 [info] Getting sessions for read:user,repo,user:email,workflow...
2025-11-27 06:50:38.303 [info] Got 1 sessions for read:user,repo,user:email,workflow...
2025-11-27 06:55:38.302 [info] Getting sessions for all scopes...
2025-11-27 06:55:38.302 [info] Got 2 sessions for ...
2025-11-27 06:55:38.303 [info] Getting sessions for read:user,repo,user:email,workflow...
2025-11-27 06:55:38.303 [info] Got 1 sessions for read:user,repo,user:email,workflow...
2025-11-27 07:00:38.302 [info] Getting sessions for all scopes...
2025-11-27 07:00:38.302 [info] Got 2 sessions for ...
2025-11-27 07:00:38.303 [info] Getting sessions for read:user,repo,user:email,workflow...
2025-11-27 07:00:38.303 [info] Got 1 sessions for read:user,repo,user:email,workflow...
2025-11-27 07:05:38.302 [info] Getting sessions for all scopes...
2025-11-27 07:05:38.302 [info] Got 2 sessions for ...
2025-11-27 07:05:38.303 [info] Getting sessions for read:user,repo,user:email,workflow...
2025-11-27 07:05:38.303 [info] Got 1 sessions for read:user,repo,user:email,workflow...
2025-11-27 07:10:38.303 [info] Getting sessions for all scopes...
2025-11-27 07:10:38.303 [info] Got 2 sessions for ...
2025-11-27 07:10:38.303 [info] Getting sessions for read:user,repo,user:email,workflow...
2025-11-27 07:10:38.303 [info] Got 1 sessions for read:user,repo,user:email,workflow...
2025-11-27 07:15:38.303 [info] Getting sessions for all scopes...
2025-11-27 07:15:38.303 [info] Got 2 sessions for ...
2025-11-27 07:15:38.304 [info] Getting sessions for read:user,repo,user:email,workflow...
2025-11-27 07:15:38.304 [info] Got 1 sessions for read:user,repo,user:email,workflow...
2025-11-27 07:20:38.303 [info] Getting sessions for all scopes...
2025-11-27 07:20:38.303 [info] Got 2 sessions for ...
2025-11-27 07:20:38.304 [info] Getting sessions for read:user,repo,user:email,workflow...
2025-11-27 07:20:38.304 [info] Got 1 sessions for read:user,repo,user:email,workflow...
2025-11-27 07:25:38.304 [info] Getting sessions for all scopes...
2025-11-27 07:25:38.304 [info] Got 2 sessions for ...
2025-11-27 07:25:38.304 [info] Getting sessions for read:user,repo,user:email,workflow...
2025-11-27 07:25:38.304 [info] Got 1 sessions for read:user,repo,user:email,workflow...
2025-11-27 07:30:38.304 [info] Getting sessions for all scopes...
2025-11-27 07:30:38.304 [info] Got 2 sessions for ...
2025-11-27 07:30:38.304 [info] Getting sessions for read:user,repo,user:email,workflow...
2025-11-27 07:30:38.304 [info] Got 1 sessions for read:user,repo,user:email,workflow...
2025-11-27 07:35:38.304 [info] Getting sessions for all scopes...
2025-11-27 07:35:38.304 [info] Got 2 sessions for ...
2025-11-27 07:35:38.305 [info] Getting sessions for read:user,repo,user:email,workflow...
2025-11-27 07:35:38.305 [info] Got 1 sessions for read:user,repo,user:email,workflow...
2025-11-27 07:40:38.304 [info] Getting sessions for all scopes...
2025-11-27 07:40:38.304 [info] Got 2 sessions for ...
2025-11-27 07:40:38.305 [info] Getting sessions for read:user,repo,user:email,workflow...
2025-11-27 07:40:38.305 [info] Got 1 sessions for read:user,repo,user:email,workflow...
2025-11-27 07:45:38.304 [info] Getting sessions for all scopes...
2025-11-27 07:45:38.304 [info] Got 2 sessions for ...
2025-11-27 07:45:38.305 [info] Getting sessions for read:user,repo,user:email,workflow...
2025-11-27 07:45:38.305 [info] Got 1 sessions for read:user,repo,user:email,workflow...
2025-11-27 07:50:38.304 [info] Getting sessions for all scopes...
2025-11-27 07:50:38.304 [info] Got 2 sessions for ...
2025-11-27 07:50:38.305 [info] Getting sessions for read:user,repo,user:email,workflow...
2025-11-27 07:50:38.305 [info] Got 1 sessions for read:user,repo,user:email,workflow...
2025-11-27 07:55:38.304 [info] Getting sessions for all scopes...
2025-11-27 07:55:38.304 [info] Got 2 sessions for ...
2025-11-27 07:55:38.305 [info] Getting sessions for read:user,repo,user:email,workflow...
2025-11-27 07:55:38.305 [info] Got 1 sessions for read:user,repo,user:email,workflow...
2025-11-27 08:00:38.304 [info] Getting sessions for all scopes...
2025-11-27 08:00:38.304 [info] Got 2 sessions for ...
2025-11-27 08:00:38.305 [info] Getting sessions for read:user,repo,user:email,workflow...
2025-11-27 08:00:38.305 [info] Got 1 sessions for read:user,repo,user:email,workflow...
2025-11-27 08:05:38.304 [info] Getting sessions for all scopes...
2025-11-27 08:05:38.304 [info] Got 2 sessions for ...
2025-11-27 08:05:38.305 [info] Getting sessions for read:user,repo,user:email,workflow...
2025-11-27 08:05:38.305 [info] Got 1 sessions for read:user,repo,user:email,workflow...
2025-11-27 08:10:38.304 [info] Getting sessions for all scopes...
2025-11-27 08:10:38.304 [info] Got 2 sessions for ...
2025-11-27 08:10:38.305 [info] Getting sessions for read:user,repo,user:email,workflow...
2025-11-27 08:10:38.305 [info] Got 1 sessions for read:user,repo,user:email,workflow...
2025-11-27 08:15:38.304 [info] Getting sessions for all scopes...
2025-11-27 08:15:38.304 [info] Got 2 sessions for ...
2025-11-27 08:15:38.305 [info] Getting sessions for read:user,repo,user:email,workflow...
2025-11-27 08:15:38.305 [info] Got 1 sessions for read:user,repo,user:email,workflow...
2025-11-27 08:20:38.305 [info] Getting sessions for all scopes...
2025-11-27 08:20:38.305 [info] Got 2 sessions for ...
2025-11-27 08:20:38.305 [info] Getting sessions for read:user,repo,user:email,workflow...
2025-11-27 08:20:38.305 [info] Got 1 sessions for read:user,repo,user:email,workflow...
2025-11-27 08:25:38.305 [info] Getting sessions for all scopes...
2025-11-27 08:25:38.305 [info] Got 2 sessions for ...
2025-11-27 08:25:38.305 [info] Getting sessions for read:user,repo,user:email,workflow...
2025-11-27 08:25:38.305 [info] Got 1 sessions for read:user,repo,user:email,workflow...
2025-11-27 08:30:38.305 [info] Getting sessions for all scopes...
2025-11-27 08:30:38.305 [info] Got 2 sessions for ...
2025-11-27 08:30:38.306 [info] Getting sessions for read:user,repo,user:email,workflow...
2025-11-27 08:30:38.306 [info] Got 1 sessions for read:user,repo,user:email,workflow...
2025-11-27 08:35:38.306 [info] Getting sessions for all scopes...
2025-11-27 08:35:38.306 [info] Got 2 sessions for ...
2025-11-27 08:35:38.306 [info] Getting sessions for read:user,repo,user:email,workflow...
2025-11-27 08:35:38.306 [info] Got 1 sessions for read:user,repo,user:email,workflow...
2025-11-27 08:40:38.306 [info] Getting sessions for all scopes...
2025-11-27 08:40:38.306 [info] Got 2 sessions for ...
2025-11-27 08:40:38.307 [info] Getting sessions for read:user,repo,user:email,workflow...
2025-11-27 08:40:38.307 [info] Got 1 sessions for read:user,repo,user:email,workflow...
2025-11-27 08:45:38.306 [info] Getting sessions for all scopes...
2025-11-27 08:45:38.306 [info] Got 2 sessions for ...
2025-11-27 08:45:38.307 [info] Getting sessions for read:user,repo,user:email,workflow...
2025-11-27 08:45:38.307 [info] Got 1 sessions for read:user,repo,user:email,workflow...
2025-11-27 08:50:38.307 [info] Getting sessions for all scopes...
2025-11-27 08:50:38.307 [info] Got 2 sessions for ...
2025-11-27 08:50:38.308 [info] Getting sessions for read:user,repo,user:email,workflow...
2025-11-27 08:50:38.308 [info] Got 1 sessions for read:user,repo,user:email,workflow...
2025-11-27 08:55:38.308 [info] Getting sessions for all scopes...
2025-11-27 08:55:38.308 [info] Got 2 sessions for ...
2025-11-27 08:55:38.308 [info] Getting sessions for read:user,repo,user:email,workflow...
2025-11-27 08:55:38.308 [info] Got 1 sessions for read:user,repo,user:email,workflow...
2025-11-27 09:00:38.306 [info] Getting sessions for all scopes...
2025-11-27 09:00:38.306 [info] Got 2 sessions for ...
2025-11-27 09:00:38.307 [info] Getting sessions for read:user,repo,user:email,workflow...
2025-11-27 09:00:38.307 [info] Got 1 sessions for read:user,repo,user:email,workflow...
2025-11-27 09:05:38.307 [info] Getting sessions for all scopes...
2025-11-27 09:05:38.307 [info] Got 2 sessions for ...
2025-11-27 09:05:38.308 [info] Getting sessions for read:user,repo,user:email,workflow...
2025-11-27 09:05:38.308 [info] Got 1 sessions for read:user,repo,user:email,workflow...
2025-11-27 09:10:38.308 [info] Getting sessions for all scopes...
2025-11-27 09:10:38.308 [info] Got 2 sessions for ...
2025-11-27 09:10:38.308 [info] Getting sessions for read:user,repo,user:email,workflow...
2025-11-27 09:10:38.308 [info] Got 1 sessions for read:user,repo,user:email,workflow...
2025-11-27 09:15:38.308 [info] Getting sessions for all scopes...
2025-11-27 09:15:38.308 [info] Got 2 sessions for ...
2025-11-27 09:15:38.308 [info] Getting sessions for read:user,repo,user:email,workflow...
2025-11-27 09:15:38.308 [info] Got 1 sessions for read:user,repo,user:email,workflow...
2025-11-27 09:20:38.307 [info] Getting sessions for all scopes...
2025-11-27 09:20:38.308 [info] Got 2 sessions for ...
2025-11-27 09:20:38.308 [info] Getting sessions for read:user,repo,user:email,workflow...
2025-11-27 09:20:38.308 [info] Got 1 sessions for read:user,repo,user:email,workflow...
2025-11-27 09:25:38.308 [info] Getting sessions for all scopes...
2025-11-27 09:25:38.308 [info] Got 2 sessions for ...
2025-11-27 09:25:38.308 [info] Getting sessions for read:user,repo,user:email,workflow...
2025-11-27 09:25:38.308 [info] Got 1 sessions for read:user,repo,user:email,workflow...
2025-11-27 09:30:38.308 [info] Getting sessions for all scopes...
2025-11-27 09:30:38.308 [info] Got 2 sessions for ...
2025-11-27 09:30:38.309 [info] Getting sessions for read:user,repo,user:email,workflow...
2025-11-27 09:30:38.309 [info] Got 1 sessions for read:user,repo,user:email,workflow...
2025-11-27 09:35:38.308 [info] Getting sessions for all scopes...
2025-11-27 09:35:38.308 [info] Got 2 sessions for ...
2025-11-27 09:35:38.309 [info] Getting sessions for read:user,repo,user:email,workflow...
2025-11-27 09:35:38.309 [info] Got 1 sessions for read:user,repo,user:email,workflow...
2025-11-27 09:40:38.309 [info] Getting sessions for all scopes...
2025-11-27 09:40:38.309 [info] Got 2 sessions for ...
2025-11-27 09:40:38.310 [info] Getting sessions for read:user,repo,user:email,workflow...
2025-11-27 09:40:38.310 [info] Got 1 sessions for read:user,repo,user:email,workflow...
2025-11-27 09:45:38.309 [info] Getting sessions for all scopes...
2025-11-27 09:45:38.309 [info] Got 2 sessions for ...
2025-11-27 09:45:38.309 [info] Getting sessions for read:user,repo,user:email,workflow...
2025-11-27 09:45:38.309 [info] Got 1 sessions for read:user,repo,user:email,workflow...
2025-11-27 09:50:38.309 [info] Getting sessions for all scopes...
2025-11-27 09:50:38.309 [info] Got 2 sessions for ...
2025-11-27 09:50:38.309 [info] Getting sessions for read:user,repo,user:email,workflow...
2025-11-27 09:50:38.309 [info] Got 1 sessions for read:user,repo,user:email,workflow...
2025-11-27 09:55:38.309 [info] Getting sessions for all scopes...
2025-11-27 09:55:38.309 [info] Got 2 sessions for ...
2025-11-27 09:55:38.310 [info] Getting sessions for read:user,repo,user:email,workflow...
2025-11-27 09:55:38.310 [info] Got 1 sessions for read:user,repo,user:email,workflow...
2025-11-27 10:00:38.319 [info] Getting sessions for all scopes...
2025-11-27 10:00:38.319 [info] Got 2 sessions for ...
2025-11-27 10:00:38.333 [info] Getting sessions for read:user,repo,user:email,workflow...
2025-11-27 10:00:38.334 [info] Got 1 sessions for read:user,repo,user:email,workflow...
2025-11-27 10:05:38.310 [info] Getting sessions for all scopes...
2025-11-27 10:05:38.310 [info] Got 2 sessions for ...
2025-11-27 10:05:38.311 [info] Getting sessions for read:user,repo,user:email,workflow...
2025-11-27 10:05:38.311 [info] Got 1 sessions for read:user,repo,user:email,workflow...
2025-11-27 10:10:38.310 [info] Getting sessions for all scopes...
2025-11-27 10:10:38.310 [info] Got 2 sessions for ...
2025-11-27 10:10:38.311 [info] Getting sessions for read:user,repo,user:email,workflow...
2025-11-27 10:10:38.311 [info] Got 1 sessions for read:user,repo,user:email,workflow...
2025-11-27 10:15:38.323 [info] Getting sessions for all scopes...
2025-11-27 10:15:38.323 [info] Got 2 sessions for ...
2025-11-27 10:15:38.329 [info] Getting sessions for read:user,repo,user:email,workflow...
2025-11-27 10:15:38.329 [info] Got 1 sessions for read:user,repo,user:email,workflow...
2025-11-27 10:20:38.314 [info] Getting sessions for all scopes...
2025-11-27 10:20:38.314 [info] Got 2 sessions for ...
2025-11-27 10:20:38.324 [info] Getting sessions for read:user,repo,user:email,workflow...
2025-11-27 10:20:38.324 [info] Got 1 sessions for read:user,repo,user:email,workflow...
2025-11-27 10:25:38.313 [info] Getting sessions for all scopes...
2025-11-27 10:25:38.313 [info] Got 2 sessions for ...
2025-11-27 10:25:38.313 [info] Getting sessions for read:user,repo,user:email,workflow...
2025-11-27 10:25:38.313 [info] Got 1 sessions for read:user,repo,user:email,workflow...
2025-11-27 10:30:38.322 [info] Getting sessions for all scopes...
2025-11-27 10:30:38.323 [info] Got 2 sessions for ...
2025-11-27 10:30:38.336 [info] Getting sessions for read:user,repo,user:email,workflow...
2025-11-27 10:30:38.336 [info] Got 1 sessions for read:user,repo,user:email,workflow...
2025-11-27 10:35:38.319 [info] Getting sessions for all scopes...
2025-11-27 10:35:38.319 [info] Got 2 sessions for ...
2025-11-27 10:35:38.321 [info] Getting sessions for read:user,repo,user:email,workflow...
2025-11-27 10:35:38.321 [info] Got 1 sessions for read:user,repo,user:email,workflow...
2025-11-27 10:40:38.314 [info] Getting sessions for all scopes...
2025-11-27 10:40:38.314 [info] Got 2 sessions for ...
2025-11-27 10:40:38.315 [info] Getting sessions for read:user,repo,user:email,workflow...
2025-11-27 10:40:38.315 [info] Got 1 sessions for read:user,repo,user:email,workflow...
2025-11-27 10:45:38.314 [info] Getting sessions for all scopes...
2025-11-27 10:45:38.314 [info] Got 2 sessions for ...
2025-11-27 10:45:38.315 [info] Getting sessions for read:user,repo,user:email,workflow...
2025-11-27 10:45:38.315 [info] Got 1 sessions for read:user,repo,user:email,workflow...
