2025-11-24 15:57:33.126 [info] [aebc6443-996d-45c2-90f0-388ff96faa56] Native Broker is only available on Windows and macOS
2025-11-24 15:57:33.441 [info] [getSessions] [all] starting
2025-11-24 15:57:33.441 [info] [getSessions] [all] returned 0 session(s)
2025-11-24 15:57:33.441 [info] [getSessions] [all] starting
2025-11-24 15:57:33.441 [info] [getSessions] [all] returned 0 session(s)
2025-11-24 15:57:33.441 [info] [getSessions] [all] starting
2025-11-24 15:57:33.441 [info] [getSessions] [all] returned 0 session(s)
2025-11-24 15:57:33.517 [info] [getSessions] [all] starting
2025-11-24 15:57:33.517 [info] [getSessions] [all] returned 0 session(s)
2025-11-24 15:57:33.518 [info] [getSessions] [499b84ac-1321-427f-aa17-267ca6975798/.default offline_access] starting
2025-11-24 15:57:33.518 [info] [aebc6443-996d-45c2-90f0-388ff96faa56] Native Broker is only available on Windows and macOS
2025-11-24 15:57:33.843 [info] [getSessions] [499b84ac-1321-427f-aa17-267ca6975798/.default offline_access] returned 0 session(s)
2025-11-24 15:57:34.430 [info] [getSessions] [499b84ac-1321-427f-aa17-267ca6975798/.default offline_access] starting
2025-11-24 15:57:34.430 [info] [getSessions] [499b84ac-1321-427f-aa17-267ca6975798/.default offline_access] returned 0 session(s)
2025-11-24 15:58:10.761 [info] [aebc6443-996d-45c2-90f0-388ff96faa56] Native Broker is only available on Windows and macOS
2025-11-24 15:58:11.002 [info] [getSessions] [all] starting
2025-11-24 15:58:11.002 [info] [getSessions] [all] returned 0 session(s)
2025-11-24 15:58:11.002 [info] [getSessions] [all] starting
2025-11-24 15:58:11.002 [info] [getSessions] [all] returned 0 session(s)
2025-11-24 15:58:11.003 [info] [getSessions] [all] starting
2025-11-24 15:58:11.003 [info] [getSessions] [all] returned 0 session(s)
2025-11-24 15:58:11.118 [info] [getSessions] [499b84ac-1321-427f-aa17-267ca6975798/.default offline_access] starting
2025-11-24 15:58:11.118 [info] [aebc6443-996d-45c2-90f0-388ff96faa56] Native Broker is only available on Windows and macOS
2025-11-24 15:58:11.328 [info] [getSessions] [499b84ac-1321-427f-aa17-267ca6975798/.default offline_access] returned 0 session(s)
2025-11-24 15:58:12.017 [info] [getSessions] [499b84ac-1321-427f-aa17-267ca6975798/.default offline_access] starting
2025-11-24 15:58:12.017 [info] [getSessions] [499b84ac-1321-427f-aa17-267ca6975798/.default offline_access] returned 0 session(s)
2025-11-24 16:23:54.491 [info] [getSessions] [499b84ac-1321-427f-aa17-267ca6975798/.default offline_access] starting
2025-11-24 16:23:54.491 [info] [getSessions] [499b84ac-1321-427f-aa17-267ca6975798/.default offline_access] returned 0 session(s)
2025-11-24 16:56:40.976 [info] [aebc6443-996d-45c2-90f0-388ff96faa56] Native Broker is only available on Windows and macOS
2025-11-24 16:56:41.049 [info] [getSessions] [all] starting
2025-11-24 16:56:41.050 [info] [getSessions] [all] returned 0 session(s)
2025-11-24 16:56:41.050 [info] [getSessions] [all] starting
2025-11-24 16:56:41.050 [info] [getSessions] [all] returned 0 session(s)
2025-11-24 16:56:41.050 [info] [getSessions] [all] starting
2025-11-24 16:56:41.050 [info] [getSessions] [all] returned 0 session(s)
2025-11-24 16:56:41.335 [info] [getSessions] [499b84ac-1321-427f-aa17-267ca6975798/.default offline_access] starting
2025-11-24 16:56:41.335 [info] [aebc6443-996d-45c2-90f0-388ff96faa56] Native Broker is only available on Windows and macOS
2025-11-24 16:56:43.065 [info] [getSessions] [all] starting
2025-11-24 16:56:43.065 [info] [getSessions] [all] returned 0 session(s)
2025-11-24 16:56:43.065 [info] [getSessions] [all] starting
2025-11-24 16:56:43.065 [info] [getSessions] [all] returned 0 session(s)
2025-11-24 16:56:43.065 [info] [getSessions] [all] starting
2025-11-24 16:56:43.065 [info] [getSessions] [all] returned 0 session(s)
2025-11-24 16:56:43.066 [info] [getSessions] [499b84ac-1321-427f-aa17-267ca6975798/.default offline_access] starting
2025-11-24 16:56:43.066 [info] [aebc6443-996d-45c2-90f0-388ff96faa56] Native Broker is only available on Windows and macOS
2025-11-24 16:56:43.086 [info] [getSessions] [499b84ac-1321-427f-aa17-267ca6975798/.default offline_access] returned 0 session(s)
2025-11-24 16:56:44.904 [info] [getSessions] [all] starting
2025-11-24 16:56:44.904 [info] [getSessions] [all] returned 0 session(s)
2025-11-24 16:56:45.870 [info] [getSessions] [499b84ac-1321-427f-aa17-267ca6975798/.default offline_access] starting
2025-11-24 16:56:45.870 [info] [getSessions] [499b84ac-1321-427f-aa17-267ca6975798/.default offline_access] returned 0 session(s)
2025-11-24 17:18:18.055 [info] [getSessions] [499b84ac-1321-427f-aa17-267ca6975798/.default offline_access] starting
2025-11-24 17:18:18.055 [info] [getSessions] [499b84ac-1321-427f-aa17-267ca6975798/.default offline_access] returned 0 session(s)
2025-11-24 19:05:29.583 [info] [getSessions] [499b84ac-1321-427f-aa17-267ca6975798/.default offline_access] starting
2025-11-24 19:05:29.583 [info] [getSessions] [499b84ac-1321-427f-aa17-267ca6975798/.default offline_access] returned 0 session(s)
2025-11-24 19:26:44.106 [info] [getSessions] [499b84ac-1321-427f-aa17-267ca6975798/.default offline_access] starting
2025-11-24 19:26:44.106 [info] [getSessions] [499b84ac-1321-427f-aa17-267ca6975798/.default offline_access] returned 0 session(s)
2025-11-24 19:50:51.005 [info] [getSessions] [499b84ac-1321-427f-aa17-267ca6975798/.default offline_access] starting
2025-11-24 19:50:51.005 [info] [getSessions] [499b84ac-1321-427f-aa17-267ca6975798/.default offline_access] returned 0 session(s)
2025-11-24 20:25:54.245 [info] [getSessions] [499b84ac-1321-427f-aa17-267ca6975798/.default offline_access] starting
2025-11-24 20:25:54.245 [info] [getSessions] [499b84ac-1321-427f-aa17-267ca6975798/.default offline_access] returned 0 session(s)
2025-11-24 20:58:16.100 [info] [getSessions] [499b84ac-1321-427f-aa17-267ca6975798/.default offline_access] starting
2025-11-24 20:58:16.100 [info] [getSessions] [499b84ac-1321-427f-aa17-267ca6975798/.default offline_access] returned 0 session(s)
2025-11-25 12:42:30.020 [info] [getSessions] [499b84ac-1321-427f-aa17-267ca6975798/.default offline_access] starting
2025-11-25 12:42:30.020 [info] [getSessions] [499b84ac-1321-427f-aa17-267ca6975798/.default offline_access] returned 0 session(s)
2025-11-25 16:03:41.869 [info] [getSessions] [499b84ac-1321-427f-aa17-267ca6975798/.default offline_access] starting
2025-11-25 16:03:41.869 [info] [getSessions] [499b84ac-1321-427f-aa17-267ca6975798/.default offline_access] returned 0 session(s)
2025-11-25 16:44:23.797 [info] [getSessions] [499b84ac-1321-427f-aa17-267ca6975798/.default offline_access] starting
2025-11-25 16:44:23.797 [info] [getSessions] [499b84ac-1321-427f-aa17-267ca6975798/.default offline_access] returned 0 session(s)
2025-11-25 17:27:47.185 [info] [getSessions] [499b84ac-1321-427f-aa17-267ca6975798/.default offline_access] starting
2025-11-25 17:27:47.185 [info] [getSessions] [499b84ac-1321-427f-aa17-267ca6975798/.default offline_access] returned 0 session(s)
2025-11-25 17:54:10.296 [info] [getSessions] [499b84ac-1321-427f-aa17-267ca6975798/.default offline_access] starting
2025-11-25 17:54:10.296 [info] [getSessions] [499b84ac-1321-427f-aa17-267ca6975798/.default offline_access] returned 0 session(s)
2025-11-25 18:20:00.576 [info] [getSessions] [499b84ac-1321-427f-aa17-267ca6975798/.default offline_access] starting
2025-11-25 18:20:00.576 [info] [getSessions] [499b84ac-1321-427f-aa17-267ca6975798/.default offline_access] returned 0 session(s)
2025-11-25 18:47:00.646 [info] [getSessions] [499b84ac-1321-427f-aa17-267ca6975798/.default offline_access] starting
2025-11-25 18:47:00.646 [info] [getSessions] [499b84ac-1321-427f-aa17-267ca6975798/.default offline_access] returned 0 session(s)
2025-11-25 21:06:48.020 [info] [getSessions] [499b84ac-1321-427f-aa17-267ca6975798/.default offline_access] starting
2025-11-25 21:06:48.020 [info] [getSessions] [499b84ac-1321-427f-aa17-267ca6975798/.default offline_access] returned 0 session(s)
2025-11-26 12:23:40.819 [info] [aebc6443-996d-45c2-90f0-388ff96faa56] Native Broker is only available on Windows and macOS
2025-11-26 12:23:40.837 [info] [getSessions] [all] starting
2025-11-26 12:23:40.837 [info] [getSessions] [all] returned 0 session(s)
2025-11-26 12:23:40.837 [info] [getSessions] [all] starting
2025-11-26 12:23:40.837 [info] [getSessions] [all] returned 0 session(s)
2025-11-26 12:23:40.837 [info] [getSessions] [all] starting
2025-11-26 12:23:40.837 [info] [getSessions] [all] returned 0 session(s)
2025-11-26 12:23:40.851 [info] [getSessions] [499b84ac-1321-427f-aa17-267ca6975798/.default offline_access] starting
2025-11-26 12:23:40.851 [info] [aebc6443-996d-45c2-90f0-388ff96faa56] Native Broker is only available on Windows and macOS
2025-11-26 12:23:40.972 [info] [getSessions] [499b84ac-1321-427f-aa17-267ca6975798/.default offline_access] returned 0 session(s)
2025-11-26 12:23:41.643 [info] [getSessions] [499b84ac-1321-427f-aa17-267ca6975798/.default offline_access] starting
2025-11-26 12:23:41.643 [info] [getSessions] [499b84ac-1321-427f-aa17-267ca6975798/.default offline_access] returned 0 session(s)
2025-11-26 12:45:53.440 [info] [getSessions] [499b84ac-1321-427f-aa17-267ca6975798/.default offline_access] starting
2025-11-26 12:45:53.440 [info] [getSessions] [499b84ac-1321-427f-aa17-267ca6975798/.default offline_access] returned 0 session(s)
2025-11-26 13:07:09.017 [info] [getSessions] [499b84ac-1321-427f-aa17-267ca6975798/.default offline_access] starting
2025-11-26 13:07:09.017 [info] [getSessions] [499b84ac-1321-427f-aa17-267ca6975798/.default offline_access] returned 0 session(s)
2025-11-26 14:59:14.301 [info] [getSessions] [499b84ac-1321-427f-aa17-267ca6975798/.default offline_access] starting
2025-11-26 14:59:14.301 [info] [getSessions] [499b84ac-1321-427f-aa17-267ca6975798/.default offline_access] returned 0 session(s)
2025-11-26 15:22:59.684 [info] [getSessions] [499b84ac-1321-427f-aa17-267ca6975798/.default offline_access] starting
2025-11-26 15:22:59.684 [info] [getSessions] [499b84ac-1321-427f-aa17-267ca6975798/.default offline_access] returned 0 session(s)
2025-11-26 15:44:07.803 [info] [getSessions] [499b84ac-1321-427f-aa17-267ca6975798/.default offline_access] starting
2025-11-26 15:44:07.803 [info] [getSessions] [499b84ac-1321-427f-aa17-267ca6975798/.default offline_access] returned 0 session(s)
