2025-11-24 14:07:49.852 [info] [getSessions] [all] starting
2025-11-24 14:07:49.852 [info] [getSessions] [all] returned 0 session(s)
2025-11-24 14:07:49.852 [info] [getSessions] [all] starting
2025-11-24 14:07:49.852 [info] [getSessions] [all] returned 0 session(s)
2025-11-24 14:07:49.852 [info] [getSessions] [all] starting
2025-11-24 14:07:49.852 [info] [getSessions] [all] returned 0 session(s)
2025-11-24 14:07:49.853 [info] [getSessions] [499b84ac-1321-427f-aa17-267ca6975798/.default offline_access] starting
2025-11-24 14:07:49.853 [info] [aebc6443-996d-45c2-90f0-388ff96faa56] Native Broker is only available on Windows and macOS
2025-11-24 14:07:49.855 [info] [getSessions] [499b84ac-1321-427f-aa17-267ca6975798/.default offline_access] returned 0 session(s)
2025-11-24 14:07:50.446 [info] [getSessions] [499b84ac-1321-427f-aa17-267ca6975798/.default offline_access] starting
2025-11-24 14:07:50.446 [info] [getSessions] [499b84ac-1321-427f-aa17-267ca6975798/.default offline_access] returned 0 session(s)
2025-11-24 14:08:31.279 [info] [aebc6443-996d-45c2-90f0-388ff96faa56] Native Broker is only available on Windows and macOS
2025-11-24 14:08:31.305 [info] [getSessions] [all] starting
2025-11-24 14:08:31.305 [info] [getSessions] [all] returned 0 session(s)
2025-11-24 14:08:31.305 [info] [getSessions] [all] starting
2025-11-24 14:08:31.305 [info] [getSessions] [all] returned 0 session(s)
2025-11-24 14:08:31.305 [info] [getSessions] [all] starting
2025-11-24 14:08:31.305 [info] [getSessions] [all] returned 0 session(s)
2025-11-24 14:08:31.311 [info] [getSessions] [499b84ac-1321-427f-aa17-267ca6975798/.default offline_access] starting
2025-11-24 14:08:31.311 [info] [aebc6443-996d-45c2-90f0-388ff96faa56] Native Broker is only available on Windows and macOS
2025-11-24 14:08:31.322 [info] [getSessions] [499b84ac-1321-427f-aa17-267ca6975798/.default offline_access] returned 0 session(s)
2025-11-24 14:08:32.850 [info] [getSessions] [all] starting
2025-11-24 14:08:32.850 [info] [getSessions] [all] returned 0 session(s)
2025-11-24 14:08:33.025 [info] [getSessions] [499b84ac-1321-427f-aa17-267ca6975798/.default offline_access] starting
2025-11-24 14:08:33.025 [info] [getSessions] [499b84ac-1321-427f-aa17-267ca6975798/.default offline_access] returned 0 session(s)
2025-11-24 14:08:42.456 [info] [getSessions] [499b84ac-1321-427f-aa17-267ca6975798/.default offline_access] starting
2025-11-24 14:08:42.456 [info] [getSessions] [499b84ac-1321-427f-aa17-267ca6975798/.default offline_access] returned 0 session(s)
2025-11-24 14:08:42.840 [info] [getSessions] [499b84ac-1321-427f-aa17-267ca6975798/.default offline_access] starting
2025-11-24 14:08:42.840 [info] [getSessions] [499b84ac-1321-427f-aa17-267ca6975798/.default offline_access] returned 0 session(s)
2025-11-24 14:41:01.905 [info] [getSessions] [499b84ac-1321-427f-aa17-267ca6975798/.default offline_access] starting
2025-11-24 14:41:01.905 [info] [getSessions] [499b84ac-1321-427f-aa17-267ca6975798/.default offline_access] returned 0 session(s)
2025-11-24 15:02:05.454 [info] [getSessions] [499b84ac-1321-427f-aa17-267ca6975798/.default offline_access] starting
2025-11-24 15:02:05.454 [info] [getSessions] [499b84ac-1321-427f-aa17-267ca6975798/.default offline_access] returned 0 session(s)
2025-11-24 15:40:41.898 [info] [getSessions] [499b84ac-1321-427f-aa17-267ca6975798/.default offline_access] starting
2025-11-24 15:40:41.898 [info] [getSessions] [499b84ac-1321-427f-aa17-267ca6975798/.default offline_access] returned 0 session(s)
