2025-11-26 17:34:39.478 [info] [aebc6443-996d-45c2-90f0-388ff96faa56] Native Broker is only available on Windows and macOS
2025-11-26 17:34:39.482 [info] [getSessions] [all] starting
2025-11-26 17:34:39.482 [info] [getSessions] [all] returned 0 session(s)
2025-11-26 17:34:39.482 [info] [getSessions] [all] starting
2025-11-26 17:34:39.482 [info] [getSessions] [all] returned 0 session(s)
2025-11-26 17:34:39.482 [info] [getSessions] [all] starting
2025-11-26 17:34:39.482 [info] [getSessions] [all] returned 0 session(s)
2025-11-26 17:34:39.483 [info] [getSessions] [499b84ac-1321-427f-aa17-267ca6975798/.default offline_access] starting
2025-11-26 17:34:39.483 [info] [aebc6443-996d-45c2-90f0-388ff96faa56] Native Broker is only available on Windows and macOS
2025-11-26 17:34:39.484 [info] [getSessions] [499b84ac-1321-427f-aa17-267ca6975798/.default offline_access] returned 0 session(s)
2025-11-26 17:34:40.886 [info] [getSessions] [all] starting
2025-11-26 17:34:40.886 [info] [getSessions] [all] returned 0 session(s)
2025-11-26 17:34:40.937 [info] [getSessions] [499b84ac-1321-427f-aa17-267ca6975798/.default offline_access] starting
2025-11-26 17:34:40.937 [info] [getSessions] [499b84ac-1321-427f-aa17-267ca6975798/.default offline_access] returned 0 session(s)
2025-11-26 17:34:48.763 [info] [aebc6443-996d-45c2-90f0-388ff96faa56] Native Broker is only available on Windows and macOS
2025-11-26 17:34:49.069 [info] [getSessions] [all] starting
2025-11-26 17:34:49.069 [info] [getSessions] [all] returned 0 session(s)
2025-11-26 17:34:49.069 [info] [getSessions] [all] starting
2025-11-26 17:34:49.069 [info] [getSessions] [all] returned 0 session(s)
2025-11-26 17:34:49.069 [info] [getSessions] [all] starting
2025-11-26 17:34:49.069 [info] [getSessions] [all] returned 0 session(s)
2025-11-26 17:34:49.373 [info] [getSessions] [499b84ac-1321-427f-aa17-267ca6975798/.default offline_access] starting
2025-11-26 17:34:49.373 [info] [aebc6443-996d-45c2-90f0-388ff96faa56] Native Broker is only available on Windows and macOS
2025-11-26 17:34:49.427 [info] [getSessions] [499b84ac-1321-427f-aa17-267ca6975798/.default offline_access] returned 0 session(s)
2025-11-26 17:34:49.972 [info] [getSessions] [499b84ac-1321-427f-aa17-267ca6975798/.default offline_access] starting
2025-11-26 17:34:49.972 [info] [getSessions] [499b84ac-1321-427f-aa17-267ca6975798/.default offline_access] returned 0 session(s)
2025-11-26 17:57:07.881 [info] [getSessions] [499b84ac-1321-427f-aa17-267ca6975798/.default offline_access] starting
2025-11-26 17:57:07.881 [info] [getSessions] [499b84ac-1321-427f-aa17-267ca6975798/.default offline_access] returned 0 session(s)
2025-11-26 18:25:56.058 [info] [getSessions] [499b84ac-1321-427f-aa17-267ca6975798/.default offline_access] starting
2025-11-26 18:25:56.058 [info] [getSessions] [499b84ac-1321-427f-aa17-267ca6975798/.default offline_access] returned 0 session(s)
2025-11-26 18:32:24.415 [info] [aebc6443-996d-45c2-90f0-388ff96faa56] Native Broker is only available on Windows and macOS
2025-11-26 18:32:25.793 [info] [getSessions] [all] starting
2025-11-26 18:32:25.793 [info] [getSessions] [all] returned 0 session(s)
2025-11-26 18:32:25.793 [info] [getSessions] [all] starting
2025-11-26 18:32:25.793 [info] [getSessions] [all] returned 0 session(s)
2025-11-26 18:32:25.793 [info] [getSessions] [all] starting
2025-11-26 18:32:25.793 [info] [getSessions] [all] returned 0 session(s)
2025-11-26 18:32:26.701 [info] [getSessions] [499b84ac-1321-427f-aa17-267ca6975798/.default offline_access] starting
2025-11-26 18:32:26.701 [info] [aebc6443-996d-45c2-90f0-388ff96faa56] Native Broker is only available on Windows and macOS
2025-11-26 18:32:26.715 [info] [getSessions] [499b84ac-1321-427f-aa17-267ca6975798/.default offline_access] returned 0 session(s)
2025-11-26 18:53:44.628 [info] [getSessions] [499b84ac-1321-427f-aa17-267ca6975798/.default offline_access] starting
2025-11-26 18:53:44.628 [info] [getSessions] [499b84ac-1321-427f-aa17-267ca6975798/.default offline_access] returned 0 session(s)
2025-11-26 19:16:01.415 [info] [getSessions] [499b84ac-1321-427f-aa17-267ca6975798/.default offline_access] starting
2025-11-26 19:16:01.415 [info] [getSessions] [499b84ac-1321-427f-aa17-267ca6975798/.default offline_access] returned 0 session(s)
2025-11-26 19:37:06.488 [info] [getSessions] [499b84ac-1321-427f-aa17-267ca6975798/.default offline_access] starting
2025-11-26 19:37:06.488 [info] [getSessions] [499b84ac-1321-427f-aa17-267ca6975798/.default offline_access] returned 0 session(s)
2025-11-26 20:34:24.627 [info] [getSessions] [499b84ac-1321-427f-aa17-267ca6975798/.default offline_access] starting
2025-11-26 20:34:24.627 [info] [getSessions] [499b84ac-1321-427f-aa17-267ca6975798/.default offline_access] returned 0 session(s)
2025-11-26 20:55:26.712 [info] [getSessions] [499b84ac-1321-427f-aa17-267ca6975798/.default offline_access] starting
2025-11-26 20:55:26.712 [info] [getSessions] [499b84ac-1321-427f-aa17-267ca6975798/.default offline_access] returned 0 session(s)
2025-11-26 21:34:37.930 [info] [getSessions] [499b84ac-1321-427f-aa17-267ca6975798/.default offline_access] starting
2025-11-26 21:34:37.930 [info] [getSessions] [499b84ac-1321-427f-aa17-267ca6975798/.default offline_access] returned 0 session(s)
2025-11-26 22:03:37.894 [info] [getSessions] [499b84ac-1321-427f-aa17-267ca6975798/.default offline_access] starting
2025-11-26 22:03:37.894 [info] [getSessions] [499b84ac-1321-427f-aa17-267ca6975798/.default offline_access] returned 0 session(s)
2025-11-26 22:33:52.787 [info] [getSessions] [499b84ac-1321-427f-aa17-267ca6975798/.default offline_access] starting
2025-11-26 22:33:52.787 [info] [getSessions] [499b84ac-1321-427f-aa17-267ca6975798/.default offline_access] returned 0 session(s)
2025-11-26 22:55:33.400 [info] [getSessions] [499b84ac-1321-427f-aa17-267ca6975798/.default offline_access] starting
2025-11-26 22:55:33.400 [info] [getSessions] [499b84ac-1321-427f-aa17-267ca6975798/.default offline_access] returned 0 session(s)
2025-11-27 06:48:02.794 [info] [getSessions] [499b84ac-1321-427f-aa17-267ca6975798/.default offline_access] starting
2025-11-27 06:48:02.794 [info] [getSessions] [499b84ac-1321-427f-aa17-267ca6975798/.default offline_access] returned 0 session(s)
2025-11-27 07:13:14.172 [info] [getSessions] [499b84ac-1321-427f-aa17-267ca6975798/.default offline_access] starting
2025-11-27 07:13:14.172 [info] [getSessions] [499b84ac-1321-427f-aa17-267ca6975798/.default offline_access] returned 0 session(s)
2025-11-27 09:07:16.799 [info] [getSessions] [499b84ac-1321-427f-aa17-267ca6975798/.default offline_access] starting
2025-11-27 09:07:16.799 [info] [getSessions] [499b84ac-1321-427f-aa17-267ca6975798/.default offline_access] returned 0 session(s)
2025-11-27 09:28:40.826 [info] [getSessions] [499b84ac-1321-427f-aa17-267ca6975798/.default offline_access] starting
2025-11-27 09:28:40.826 [info] [getSessions] [499b84ac-1321-427f-aa17-267ca6975798/.default offline_access] returned 0 session(s)
2025-11-27 09:51:25.319 [info] [getSessions] [499b84ac-1321-427f-aa17-267ca6975798/.default offline_access] starting
2025-11-27 09:51:25.319 [info] [getSessions] [499b84ac-1321-427f-aa17-267ca6975798/.default offline_access] returned 0 session(s)
2025-11-27 10:15:28.194 [info] [getSessions] [499b84ac-1321-427f-aa17-267ca6975798/.default offline_access] starting
2025-11-27 10:15:28.194 [info] [getSessions] [499b84ac-1321-427f-aa17-267ca6975798/.default offline_access] returned 0 session(s)
2025-11-27 10:49:15.327 [info] [getSessions] [499b84ac-1321-427f-aa17-267ca6975798/.default offline_access] starting
2025-11-27 10:49:15.327 [info] [getSessions] [499b84ac-1321-427f-aa17-267ca6975798/.default offline_access] returned 0 session(s)
2025-11-27 11:10:36.542 [info] [getSessions] [499b84ac-1321-427f-aa17-267ca6975798/.default offline_access] starting
2025-11-27 11:10:36.542 [info] [getSessions] [499b84ac-1321-427f-aa17-267ca6975798/.default offline_access] returned 0 session(s)
2025-11-27 11:33:05.994 [info] [getSessions] [499b84ac-1321-427f-aa17-267ca6975798/.default offline_access] starting
2025-11-27 11:33:05.994 [info] [getSessions] [499b84ac-1321-427f-aa17-267ca6975798/.default offline_access] returned 0 session(s)
2025-11-27 14:25:01.998 [info] [getSessions] [499b84ac-1321-427f-aa17-267ca6975798/.default offline_access] starting
2025-11-27 14:25:01.998 [info] [getSessions] [499b84ac-1321-427f-aa17-267ca6975798/.default offline_access] returned 0 session(s)
2025-11-27 14:47:12.033 [info] [getSessions] [499b84ac-1321-427f-aa17-267ca6975798/.default offline_access] starting
2025-11-27 14:47:12.033 [info] [getSessions] [499b84ac-1321-427f-aa17-267ca6975798/.default offline_access] returned 0 session(s)
2025-11-27 15:10:54.915 [info] [getSessions] [499b84ac-1321-427f-aa17-267ca6975798/.default offline_access] starting
2025-11-27 15:10:54.915 [info] [getSessions] [499b84ac-1321-427f-aa17-267ca6975798/.default offline_access] returned 0 session(s)
2025-11-27 15:32:46.052 [info] [getSessions] [499b84ac-1321-427f-aa17-267ca6975798/.default offline_access] starting
2025-11-27 15:32:46.052 [info] [getSessions] [499b84ac-1321-427f-aa17-267ca6975798/.default offline_access] returned 0 session(s)
2025-11-27 15:54:21.479 [info] [getSessions] [499b84ac-1321-427f-aa17-267ca6975798/.default offline_access] starting
2025-11-27 15:54:21.479 [info] [getSessions] [499b84ac-1321-427f-aa17-267ca6975798/.default offline_access] returned 0 session(s)
2025-11-27 17:48:57.132 [info] [getSessions] [499b84ac-1321-427f-aa17-267ca6975798/.default offline_access] starting
2025-11-27 17:48:57.132 [info] [getSessions] [499b84ac-1321-427f-aa17-267ca6975798/.default offline_access] returned 0 session(s)
2025-11-27 18:19:09.489 [info] [getSessions] [499b84ac-1321-427f-aa17-267ca6975798/.default offline_access] starting
2025-11-27 18:19:09.489 [info] [getSessions] [499b84ac-1321-427f-aa17-267ca6975798/.default offline_access] returned 0 session(s)
