2025-11-24 14:07:27.595 [info] Reading sessions from keychain...
2025-11-24 14:07:27.595 [info] Getting sessions for all scopes...
2025-11-24 14:07:27.595 [info] Got 0 sessions for ...
2025-11-24 14:07:27.595 [info] Getting sessions for all scopes...
2025-11-24 14:07:27.595 [info] Got 0 sessions for ...
2025-11-24 14:07:27.595 [info] Getting sessions for all scopes...
2025-11-24 14:07:27.595 [info] Got 0 sessions for ...
2025-11-24 14:07:27.595 [info] Getting sessions for all scopes...
2025-11-24 14:07:27.595 [info] Got 0 sessions for ...
2025-11-24 14:07:27.595 [info] Getting sessions for all scopes...
2025-11-24 14:07:27.595 [info] Got 0 sessions for ...
2025-11-24 14:07:27.595 [info] Getting sessions for all scopes...
2025-11-24 14:07:27.595 [info] Got 0 sessions for ...
2025-11-24 14:07:27.595 [info] Getting sessions for all scopes...
2025-11-24 14:07:27.595 [info] Got 0 sessions for ...
2025-11-24 14:07:27.595 [info] Getting sessions for all scopes...
2025-11-24 14:07:27.595 [info] Got 0 sessions for ...
2025-11-24 14:07:27.595 [info] Getting sessions for all scopes...
2025-11-24 14:07:27.595 [info] Got 0 sessions for ...
2025-11-24 14:07:27.595 [info] Getting sessions for all scopes...
2025-11-24 14:07:27.595 [info] Got 0 sessions for ...
2025-11-24 14:07:27.595 [info] Getting sessions for all scopes...
2025-11-24 14:07:27.595 [info] Got 0 sessions for ...
2025-11-24 14:07:27.595 [info] Getting sessions for all scopes...
2025-11-24 14:07:27.595 [info] Got 0 sessions for ...
2025-11-24 14:07:27.595 [info] Getting sessions for all scopes...
2025-11-24 14:07:27.595 [info] Got 0 sessions for ...
2025-11-24 14:07:27.595 [info] Getting sessions for all scopes...
2025-11-24 14:07:27.595 [info] Got 0 sessions for ...
2025-11-24 14:07:27.675 [info] Getting sessions for all scopes...
2025-11-24 14:07:27.675 [info] Got 0 sessions for ...
2025-11-24 14:07:29.579 [info] Getting sessions for all scopes...
2025-11-24 14:07:29.579 [info] Got 0 sessions for ...
2025-11-24 14:07:33.527 [info] Logging in with 'any' account...
2025-11-24 14:07:33.527 [info] Logging in for the following scopes: user:email
2025-11-24 14:07:33.573 [info] Trying with local server... (user:email)
2025-11-24 14:07:36.979 [info] Exchanging code for token...
2025-11-24 14:07:37.344 [info] Token exchange success!
2025-11-24 14:07:37.344 [info] Getting user info...
2025-11-24 14:07:37.759 [info] Got account info!
2025-11-24 14:07:37.760 [info] Storing 1 sessions...
2025-11-24 14:07:38.169 [info] FetcherService: Electron fetch failed with status: 429 
2025-11-24 14:07:38.577 [info] FetcherService: Node fetch failed with status: 429 Too Many Requests
2025-11-24 14:07:38.966 [info] FetcherService: Node http/s failed with status: 429 Too Many Requests
2025-11-24 14:07:41.243 [info] Reading sessions from keychain...
2025-11-24 14:07:41.243 [info] Stored 1 sessions!
2025-11-24 14:07:41.243 [info] Login success!
2025-11-24 14:07:41.244 [info] Getting sessions for all scopes...
2025-11-24 14:07:41.244 [info] Got stored sessions!
2025-11-24 14:07:41.244 [info] Got 1 verified sessions.
2025-11-24 14:07:41.244 [info] Got 1 sessions for ...
2025-11-24 14:07:41.244 [info] Getting sessions for all scopes...
2025-11-24 14:07:41.244 [info] Got 1 sessions for ...
2025-11-24 14:07:41.245 [info] Getting sessions for all scopes...
2025-11-24 14:07:41.245 [info] Got 1 sessions for ...
2025-11-24 14:07:49.499 [info] Getting sessions for all scopes...
2025-11-24 14:07:49.499 [info] Got 1 sessions for ...
2025-11-24 14:07:49.499 [info] Getting sessions for all scopes...
2025-11-24 14:07:49.499 [info] Got 1 sessions for ...
2025-11-24 14:07:49.676 [info] Getting sessions for read:user,repo,user:email,workflow...
2025-11-24 14:07:49.676 [info] Got 0 sessions for read:user,repo,user:email,workflow...
2025-11-24 14:07:49.849 [info] Getting sessions for all scopes...
2025-11-24 14:07:49.849 [info] Got 1 sessions for ...
2025-11-24 14:07:49.851 [info] Getting sessions for user:email...
2025-11-24 14:07:49.851 [info] Got 1 sessions for user:email...
2025-11-24 14:07:49.851 [info] Getting sessions for read:user,repo,user:email,workflow...
2025-11-24 14:07:49.851 [info] Got 0 sessions for read:user,repo,user:email,workflow...
2025-11-24 14:07:49.851 [info] Getting sessions for all scopes...
2025-11-24 14:07:49.851 [info] Got 1 sessions for ...
2025-11-24 14:07:49.851 [info] Getting sessions for read:user,repo,user:email,workflow...
2025-11-24 14:07:49.851 [info] Got 0 sessions for read:user,repo,user:email,workflow...
2025-11-24 14:07:49.854 [info] Getting sessions for read:user...
2025-11-24 14:07:49.854 [info] Got 0 sessions for read:user...
2025-11-24 14:07:49.855 [info] Getting sessions for user:email...
2025-11-24 14:07:49.855 [info] Got 1 sessions for user:email...
2025-11-24 14:07:49.859 [info] Getting sessions for all scopes...
2025-11-24 14:07:49.859 [info] Got 1 sessions for ...
2025-11-24 14:07:49.933 [info] Getting sessions for read:user,repo,user:email,workflow...
2025-11-24 14:07:49.933 [info] Got 0 sessions for read:user,repo,user:email,workflow...
2025-11-24 14:07:49.934 [info] Getting sessions for user:email...
2025-11-24 14:07:49.934 [info] Got 1 sessions for user:email...
2025-11-24 14:07:49.997 [info] Getting sessions for all scopes...
2025-11-24 14:07:49.997 [info] Got 1 sessions for ...
2025-11-24 14:07:49.997 [info] Getting sessions for all scopes...
2025-11-24 14:07:49.997 [info] Got 1 sessions for ...
2025-11-24 14:07:49.999 [info] Getting sessions for read:user,repo,user:email,workflow...
2025-11-24 14:07:49.999 [info] Got 0 sessions for read:user,repo,user:email,workflow...
2025-11-24 14:07:50.000 [info] Getting sessions for user:email...
2025-11-24 14:07:50.000 [info] Got 1 sessions for user:email...
2025-11-24 14:07:50.000 [info] Getting sessions for read:user,repo,user:email,workflow...
2025-11-24 14:07:50.000 [info] Got 0 sessions for read:user,repo,user:email,workflow...
2025-11-24 14:07:50.445 [info] Getting sessions for all scopes...
2025-11-24 14:07:50.445 [info] Got 1 sessions for ...
2025-11-24 14:07:50.445 [info] Getting sessions for all scopes...
2025-11-24 14:07:50.445 [info] Got 1 sessions for ...
2025-11-24 14:07:50.452 [info] Getting sessions for read:user,repo,user:email,workflow...
2025-11-24 14:07:50.452 [info] Got 0 sessions for read:user,repo,user:email,workflow...
2025-11-24 14:07:50.452 [info] Getting sessions for user:email...
2025-11-24 14:07:50.452 [info] Got 1 sessions for user:email...
2025-11-24 14:07:50.452 [info] Getting sessions for read:user,repo,user:email,workflow...
2025-11-24 14:07:50.452 [info] Got 0 sessions for read:user,repo,user:email,workflow...
2025-11-24 14:07:50.496 [info] Getting sessions for all scopes...
2025-11-24 14:07:50.496 [info] Got 1 sessions for ...
2025-11-24 14:07:50.497 [info] Getting sessions for all scopes...
2025-11-24 14:07:50.497 [info] Got 1 sessions for ...
2025-11-24 14:07:50.497 [info] Getting sessions for all scopes...
2025-11-24 14:07:50.497 [info] Got 1 sessions for ...
2025-11-24 14:07:50.499 [info] Getting sessions for all scopes...
2025-11-24 14:07:50.499 [info] Got 1 sessions for ...
2025-11-24 14:07:50.500 [info] Getting sessions for read:user,repo,user:email,workflow...
2025-11-24 14:07:50.500 [info] Got 0 sessions for read:user,repo,user:email,workflow...
2025-11-24 14:07:50.500 [info] Getting sessions for user:email...
2025-11-24 14:07:50.500 [info] Got 1 sessions for user:email...
2025-11-24 14:07:50.500 [info] Getting sessions for read:user,repo,user:email,workflow...
2025-11-24 14:07:50.501 [info] Got 0 sessions for read:user,repo,user:email,workflow...
2025-11-24 14:07:50.502 [info] Getting sessions for all scopes...
2025-11-24 14:07:50.502 [info] Got 1 sessions for ...
2025-11-24 14:07:50.503 [info] Getting sessions for read:user,repo,user:email,workflow...
2025-11-24 14:07:50.503 [info] Got 0 sessions for read:user,repo,user:email,workflow...
2025-11-24 14:07:50.503 [info] Getting sessions for user:email...
2025-11-24 14:07:50.503 [info] Got 1 sessions for user:email...
2025-11-24 14:08:25.915 [info] Reading sessions from keychain...
2025-11-24 14:08:25.915 [info] Got stored sessions!
2025-11-24 14:08:25.915 [info] Got 1 verified sessions.
2025-11-24 14:08:25.915 [info] Getting sessions for all scopes...
2025-11-24 14:08:25.915 [info] Got 1 sessions for ...
2025-11-24 14:08:25.915 [info] Getting sessions for all scopes...
2025-11-24 14:08:25.915 [info] Got 1 sessions for ...
2025-11-24 14:08:25.915 [info] Getting sessions for all scopes...
2025-11-24 14:08:25.915 [info] Got 1 sessions for ...
2025-11-24 14:08:25.915 [info] Getting sessions for all scopes...
2025-11-24 14:08:25.915 [info] Got 1 sessions for ...
2025-11-24 14:08:25.915 [info] Getting sessions for all scopes...
2025-11-24 14:08:25.915 [info] Got 1 sessions for ...
2025-11-24 14:08:25.915 [info] Getting sessions for all scopes...
2025-11-24 14:08:25.915 [info] Got 1 sessions for ...
2025-11-24 14:08:25.915 [info] Getting sessions for all scopes...
2025-11-24 14:08:25.915 [info] Got 1 sessions for ...
2025-11-24 14:08:25.920 [info] Getting sessions for all scopes...
2025-11-24 14:08:25.920 [info] Got 1 sessions for ...
2025-11-24 14:08:25.920 [info] Getting sessions for all scopes...
2025-11-24 14:08:25.920 [info] Got 1 sessions for ...
2025-11-24 14:08:25.921 [info] Getting sessions for all scopes...
2025-11-24 14:08:25.921 [info] Got 1 sessions for ...
2025-11-24 14:08:25.921 [info] Getting sessions for all scopes...
2025-11-24 14:08:25.921 [info] Got 1 sessions for ...
2025-11-24 14:08:25.921 [info] Getting sessions for all scopes...
2025-11-24 14:08:25.921 [info] Got 1 sessions for ...
2025-11-24 14:08:25.921 [info] Getting sessions for all scopes...
2025-11-24 14:08:25.921 [info] Got 1 sessions for ...
2025-11-24 14:08:25.975 [info] Getting sessions for all scopes...
2025-11-24 14:08:25.975 [info] Got 1 sessions for ...
2025-11-24 14:08:26.177 [info] Getting sessions for all scopes...
2025-11-24 14:08:26.177 [info] Got 1 sessions for ...
2025-11-24 14:08:27.057 [info] FetcherService: Electron fetch failed with status: 429 
2025-11-24 14:08:27.660 [info] FetcherService: Node fetch failed with status: 429 Too Many Requests
2025-11-24 14:08:27.981 [info] Getting sessions for all scopes...
2025-11-24 14:08:27.981 [info] Got 1 sessions for ...
2025-11-24 14:08:28.055 [info] FetcherService: Node http/s failed with status: 429 Too Many Requests
2025-11-24 14:08:31.246 [info] Reading sessions from keychain...
2025-11-24 14:08:31.246 [info] Got stored sessions!
2025-11-24 14:08:31.246 [info] Got 1 verified sessions.
2025-11-24 14:08:31.246 [info] Getting sessions for all scopes...
2025-11-24 14:08:31.246 [info] Got 1 sessions for ...
2025-11-24 14:08:31.246 [info] Getting sessions for all scopes...
2025-11-24 14:08:31.246 [info] Got 1 sessions for ...
2025-11-24 14:08:31.246 [info] Getting sessions for all scopes...
2025-11-24 14:08:31.246 [info] Got 1 sessions for ...
2025-11-24 14:08:31.247 [info] Getting sessions for all scopes...
2025-11-24 14:08:31.247 [info] Got 1 sessions for ...
2025-11-24 14:08:31.247 [info] Getting sessions for all scopes...
2025-11-24 14:08:31.247 [info] Got 1 sessions for ...
2025-11-24 14:08:31.247 [info] Getting sessions for all scopes...
2025-11-24 14:08:31.247 [info] Got 1 sessions for ...
2025-11-24 14:08:31.247 [info] Getting sessions for all scopes...
2025-11-24 14:08:31.247 [info] Got 1 sessions for ...
2025-11-24 14:08:31.247 [info] Getting sessions for all scopes...
2025-11-24 14:08:31.247 [info] Got 1 sessions for ...
2025-11-24 14:08:31.247 [info] Getting sessions for all scopes...
2025-11-24 14:08:31.247 [info] Got 1 sessions for ...
2025-11-24 14:08:31.247 [info] Getting sessions for all scopes...
2025-11-24 14:08:31.247 [info] Got 1 sessions for ...
2025-11-24 14:08:31.247 [info] Getting sessions for all scopes...
2025-11-24 14:08:31.247 [info] Got 1 sessions for ...
2025-11-24 14:08:31.247 [info] Getting sessions for all scopes...
2025-11-24 14:08:31.247 [info] Got 1 sessions for ...
2025-11-24 14:08:31.247 [info] Getting sessions for all scopes...
2025-11-24 14:08:31.247 [info] Got 1 sessions for ...
2025-11-24 14:08:31.247 [info] Getting sessions for all scopes...
2025-11-24 14:08:31.247 [info] Got 1 sessions for ...
2025-11-24 14:08:31.247 [info] Getting sessions for all scopes...
2025-11-24 14:08:31.247 [info] Got 1 sessions for ...
2025-11-24 14:08:31.247 [info] Getting sessions for all scopes...
2025-11-24 14:08:31.247 [info] Got 1 sessions for ...
2025-11-24 14:08:31.247 [info] Getting sessions for all scopes...
2025-11-24 14:08:31.247 [info] Got 1 sessions for ...
2025-11-24 14:08:31.247 [info] Getting sessions for all scopes...
2025-11-24 14:08:31.247 [info] Got 1 sessions for ...
2025-11-24 14:08:31.262 [info] Getting sessions for read:user,repo,user:email,workflow...
2025-11-24 14:08:31.262 [info] Got 0 sessions for read:user,repo,user:email,workflow...
2025-11-24 14:08:31.285 [info] Getting sessions for user:email...
2025-11-24 14:08:31.285 [info] Got 1 sessions for user:email...
2025-11-24 14:08:31.285 [info] Getting sessions for read:user,repo,user:email,workflow...
2025-11-24 14:08:31.285 [info] Got 0 sessions for read:user,repo,user:email,workflow...
2025-11-24 14:08:31.375 [info] Getting sessions for all scopes...
2025-11-24 14:08:31.376 [info] Got 1 sessions for ...
2025-11-24 14:08:31.565 [info] Getting sessions for read:user,repo,user:email,workflow...
2025-11-24 14:08:31.565 [info] Got 0 sessions for read:user,repo,user:email,workflow...
2025-11-24 14:08:31.570 [info] Getting sessions for user:email...
2025-11-24 14:08:31.570 [info] Got 1 sessions for user:email...
2025-11-24 14:08:32.840 [info] Getting sessions for all scopes...
2025-11-24 14:08:32.840 [info] Got 1 sessions for ...
2025-11-24 14:08:32.849 [info] Getting sessions for all scopes...
2025-11-24 14:08:32.849 [info] Got 1 sessions for ...
2025-11-24 14:08:32.851 [info] Getting sessions for all scopes...
2025-11-24 14:08:32.851 [info] Got 1 sessions for ...
2025-11-24 14:08:33.032 [info] FetcherService: Electron fetch failed with status: 429 
2025-11-24 14:08:33.040 [info] Getting sessions for read:user,repo,user:email,workflow...
2025-11-24 14:08:33.040 [info] Got 0 sessions for read:user,repo,user:email,workflow...
2025-11-24 14:08:33.241 [info] Getting sessions for all scopes...
2025-11-24 14:08:33.241 [info] Got 1 sessions for ...
2025-11-24 14:08:33.248 [info] Getting sessions for all scopes...
2025-11-24 14:08:33.248 [info] Got 1 sessions for ...
2025-11-24 14:08:33.260 [info] Getting sessions for read:user,repo,user:email,workflow...
2025-11-24 14:08:33.260 [info] Got 0 sessions for read:user,repo,user:email,workflow...
2025-11-24 14:08:33.261 [info] Getting sessions for user:email...
2025-11-24 14:08:33.261 [info] Got 1 sessions for user:email...
2025-11-24 14:08:33.267 [info] Getting sessions for read:user,repo,user:email,workflow...
2025-11-24 14:08:33.267 [info] Got 0 sessions for read:user,repo,user:email,workflow...
2025-11-24 14:08:33.590 [info] Getting sessions for all scopes...
2025-11-24 14:08:33.590 [info] Got 1 sessions for ...
2025-11-24 14:08:33.595 [info] Getting sessions for read:user,repo,user:email,workflow...
2025-11-24 14:08:33.595 [info] Got 0 sessions for read:user,repo,user:email,workflow...
2025-11-24 14:08:33.595 [info] Getting sessions for read:user...
2025-11-24 14:08:33.595 [info] Got 0 sessions for read:user...
2025-11-24 14:08:33.595 [info] Getting sessions for all scopes...
2025-11-24 14:08:33.595 [info] Got 1 sessions for ...
2025-11-24 14:08:33.595 [info] Getting sessions for all scopes...
2025-11-24 14:08:33.595 [info] Got 1 sessions for ...
2025-11-24 14:08:33.702 [info] Getting sessions for all scopes...
2025-11-24 14:08:33.702 [info] Got 1 sessions for ...
2025-11-24 14:08:33.820 [info] Getting sessions for user:email...
2025-11-24 14:08:33.820 [info] Got 1 sessions for user:email...
2025-11-24 14:08:33.820 [info] Getting sessions for read:user,repo,user:email,workflow...
2025-11-24 14:08:33.820 [info] Got 0 sessions for read:user,repo,user:email,workflow...
2025-11-24 14:08:33.900 [info] Getting sessions for user:email...
2025-11-24 14:08:33.900 [info] Got 1 sessions for user:email...
2025-11-24 14:08:33.900 [info] Getting sessions for read:user,repo,user:email,workflow...
2025-11-24 14:08:33.900 [info] Got 0 sessions for read:user,repo,user:email,workflow...
2025-11-24 14:08:33.989 [info] FetcherService: Node fetch failed with status: 429 Too Many Requests
2025-11-24 14:08:34.002 [info] Getting sessions for all scopes...
2025-11-24 14:08:34.002 [info] Got 1 sessions for ...
2025-11-24 14:08:34.022 [info] Getting sessions for read:user,repo,user:email,workflow...
2025-11-24 14:08:34.022 [info] Got 0 sessions for read:user,repo,user:email,workflow...
2025-11-24 14:08:34.030 [info] Getting sessions for user:email...
2025-11-24 14:08:34.030 [info] Got 1 sessions for user:email...
2025-11-24 14:08:34.097 [info] Getting sessions for all scopes...
2025-11-24 14:08:34.097 [info] Got 1 sessions for ...
2025-11-24 14:08:34.098 [info] Getting sessions for read:user,repo,user:email,workflow...
2025-11-24 14:08:34.098 [info] Got 0 sessions for read:user,repo,user:email,workflow...
2025-11-24 14:08:34.368 [info] FetcherService: Node http/s failed with status: 429 Too Many Requests
2025-11-24 14:08:37.562 [info] Logging in with 'any' account...
2025-11-24 14:08:37.562 [info] Logging in for the following scopes: read:user repo user:email workflow
2025-11-24 14:08:37.563 [info] Trying with local server... (read:user repo user:email workflow)
2025-11-24 14:08:41.827 [info] Exchanging code for token...
2025-11-24 14:08:42.168 [info] Token exchange success!
2025-11-24 14:08:42.168 [info] Getting user info...
2025-11-24 14:08:42.451 [info] Got account info!
2025-11-24 14:08:42.451 [info] Storing 2 sessions...
2025-11-24 14:08:42.452 [info] Reading sessions from keychain...
2025-11-24 14:08:42.452 [info] Stored 2 sessions!
2025-11-24 14:08:42.452 [info] Login success!
2025-11-24 14:08:42.452 [info] Getting sessions for all scopes...
2025-11-24 14:08:42.453 [info] Got stored sessions!
2025-11-24 14:08:42.453 [info] Got 2 verified sessions.
2025-11-24 14:08:42.453 [info] Got 2 sessions for ...
2025-11-24 14:08:42.453 [info] Getting sessions for all scopes...
2025-11-24 14:08:42.453 [info] Got 2 sessions for ...
2025-11-24 14:08:42.453 [info] Getting sessions for all scopes...
2025-11-24 14:08:42.453 [info] Got 2 sessions for ...
2025-11-24 14:08:42.454 [info] Getting sessions for all scopes...
2025-11-24 14:08:42.454 [info] Got 2 sessions for ...
2025-11-24 14:08:42.454 [info] Getting sessions for all scopes...
2025-11-24 14:08:42.454 [info] Got 2 sessions for ...
2025-11-24 14:08:42.455 [info] Getting sessions for all scopes...
2025-11-24 14:08:42.455 [info] Got 2 sessions for ...
2025-11-24 14:08:42.455 [info] Getting sessions for all scopes...
2025-11-24 14:08:42.455 [info] Got 2 sessions for ...
2025-11-24 14:08:42.455 [info] Getting sessions for all scopes...
2025-11-24 14:08:42.455 [info] Got 2 sessions for ...
2025-11-24 14:08:42.456 [info] Getting sessions for read:user,repo,user:email,workflow...
2025-11-24 14:08:42.456 [info] Got 1 sessions for read:user,repo,user:email,workflow...
2025-11-24 14:08:42.456 [info] Getting sessions for read:user,repo,user:email,workflow...
2025-11-24 14:08:42.456 [info] Got 1 sessions for read:user,repo,user:email,workflow...
2025-11-24 14:08:42.459 [info] Getting sessions for read:user,repo,user:email,workflow...
2025-11-24 14:08:42.459 [info] Got 1 sessions for read:user,repo,user:email,workflow...
2025-11-24 14:08:42.485 [info] Getting sessions for all scopes...
2025-11-24 14:08:42.485 [info] Got 2 sessions for ...
2025-11-24 14:08:42.485 [info] Getting sessions for read:user,repo,user:email,workflow...
2025-11-24 14:08:42.485 [info] Got 1 sessions for read:user,repo,user:email,workflow...
2025-11-24 14:08:42.839 [info] Getting sessions for all scopes...
2025-11-24 14:08:42.839 [info] Got 2 sessions for ...
2025-11-24 14:08:42.840 [info] Getting sessions for all scopes...
2025-11-24 14:08:42.840 [info] Got 2 sessions for ...
2025-11-24 14:08:42.841 [info] Getting sessions for read:user,repo,user:email,workflow...
2025-11-24 14:08:42.841 [info] Got 1 sessions for read:user,repo,user:email,workflow...
2025-11-24 14:08:42.847 [info] Getting sessions for all scopes...
2025-11-24 14:08:42.847 [info] Got 2 sessions for ...
2025-11-24 14:08:42.848 [info] Getting sessions for all scopes...
2025-11-24 14:08:42.848 [info] Got 2 sessions for ...
2025-11-24 14:08:42.849 [info] Getting sessions for read:user,repo,user:email,workflow...
2025-11-24 14:08:42.849 [info] Got 1 sessions for read:user,repo,user:email,workflow...
2025-11-24 14:13:31.611 [info] Getting sessions for all scopes...
2025-11-24 14:13:31.611 [info] Got 2 sessions for ...
2025-11-24 14:13:31.612 [info] Getting sessions for read:user,repo,user:email,workflow...
2025-11-24 14:13:31.612 [info] Got 1 sessions for read:user,repo,user:email,workflow...
2025-11-24 14:18:31.611 [info] Getting sessions for all scopes...
2025-11-24 14:18:31.611 [info] Got 2 sessions for ...
2025-11-24 14:18:31.612 [info] Getting sessions for read:user,repo,user:email,workflow...
2025-11-24 14:18:31.612 [info] Got 1 sessions for read:user,repo,user:email,workflow...
2025-11-24 14:23:31.612 [info] Getting sessions for all scopes...
2025-11-24 14:23:31.612 [info] Got 2 sessions for ...
2025-11-24 14:23:31.613 [info] Getting sessions for read:user,repo,user:email,workflow...
2025-11-24 14:23:31.613 [info] Got 1 sessions for read:user,repo,user:email,workflow...
2025-11-24 14:28:31.613 [info] Getting sessions for all scopes...
2025-11-24 14:28:31.613 [info] Got 2 sessions for ...
2025-11-24 14:28:31.614 [info] Getting sessions for read:user,repo,user:email,workflow...
2025-11-24 14:28:31.614 [info] Got 1 sessions for read:user,repo,user:email,workflow...
2025-11-24 14:33:31.612 [info] Getting sessions for all scopes...
2025-11-24 14:33:31.612 [info] Got 2 sessions for ...
2025-11-24 14:33:31.613 [info] Getting sessions for read:user,repo,user:email,workflow...
2025-11-24 14:33:31.613 [info] Got 1 sessions for read:user,repo,user:email,workflow...
2025-11-24 14:38:31.612 [info] Getting sessions for all scopes...
2025-11-24 14:38:31.612 [info] Got 2 sessions for ...
2025-11-24 14:38:31.612 [info] Getting sessions for read:user,repo,user:email,workflow...
2025-11-24 14:38:31.612 [info] Got 1 sessions for read:user,repo,user:email,workflow...
2025-11-24 14:41:00.668 [info] Getting sessions for read:user,repo,user:email,workflow...
2025-11-24 14:41:00.668 [info] Got 1 sessions for read:user,repo,user:email,workflow...
2025-11-24 14:41:01.349 [info] Getting sessions for all scopes...
2025-11-24 14:41:01.349 [info] Got 2 sessions for ...
2025-11-24 14:41:01.350 [info] Getting sessions for read:user,repo,user:email,workflow...
2025-11-24 14:41:01.350 [info] Got 1 sessions for read:user,repo,user:email,workflow...
2025-11-24 14:41:01.905 [info] Getting sessions for all scopes...
2025-11-24 14:41:01.905 [info] Got 2 sessions for ...
2025-11-24 14:41:01.905 [info] Getting sessions for all scopes...
2025-11-24 14:41:01.905 [info] Got 2 sessions for ...
2025-11-24 14:41:01.905 [info] Getting sessions for read:user,repo,user:email,workflow...
2025-11-24 14:41:01.905 [info] Got 1 sessions for read:user,repo,user:email,workflow...
2025-11-24 14:41:01.908 [info] Getting sessions for all scopes...
2025-11-24 14:41:01.908 [info] Got 2 sessions for ...
2025-11-24 14:41:01.909 [info] Getting sessions for all scopes...
2025-11-24 14:41:01.909 [info] Got 2 sessions for ...
2025-11-24 14:41:01.909 [info] Getting sessions for read:user,repo,user:email,workflow...
2025-11-24 14:41:01.909 [info] Got 1 sessions for read:user,repo,user:email,workflow...
2025-11-24 14:43:31.612 [info] Getting sessions for all scopes...
2025-11-24 14:43:31.613 [info] Got 2 sessions for ...
2025-11-24 14:43:31.614 [info] Getting sessions for read:user,repo,user:email,workflow...
2025-11-24 14:43:31.614 [info] Got 1 sessions for read:user,repo,user:email,workflow...
2025-11-24 14:48:31.613 [info] Getting sessions for all scopes...
2025-11-24 14:48:31.613 [info] Got 2 sessions for ...
2025-11-24 14:48:31.614 [info] Getting sessions for read:user,repo,user:email,workflow...
2025-11-24 14:48:31.614 [info] Got 1 sessions for read:user,repo,user:email,workflow...
2025-11-24 14:53:31.613 [info] Getting sessions for all scopes...
2025-11-24 14:53:31.613 [info] Got 2 sessions for ...
2025-11-24 14:53:31.614 [info] Getting sessions for read:user,repo,user:email,workflow...
2025-11-24 14:53:31.614 [info] Got 1 sessions for read:user,repo,user:email,workflow...
2025-11-24 14:58:31.614 [info] Getting sessions for all scopes...
2025-11-24 14:58:31.614 [info] Got 2 sessions for ...
2025-11-24 14:58:31.615 [info] Getting sessions for read:user,repo,user:email,workflow...
2025-11-24 14:58:31.615 [info] Got 1 sessions for read:user,repo,user:email,workflow...
2025-11-24 14:59:21.865 [info] Getting sessions for all scopes...
2025-11-24 14:59:21.865 [info] Got 2 sessions for ...
2025-11-24 14:59:21.866 [info] Getting sessions for read:user,repo,user:email,workflow...
2025-11-24 14:59:21.866 [info] Got 1 sessions for read:user,repo,user:email,workflow...
2025-11-24 15:02:04.872 [info] Getting sessions for all scopes...
2025-11-24 15:02:04.872 [info] Got 2 sessions for ...
2025-11-24 15:02:04.872 [info] Getting sessions for read:user,repo,user:email,workflow...
2025-11-24 15:02:04.872 [info] Got 1 sessions for read:user,repo,user:email,workflow...
2025-11-24 15:02:05.454 [info] Getting sessions for all scopes...
2025-11-24 15:02:05.454 [info] Got 2 sessions for ...
2025-11-24 15:02:05.454 [info] Getting sessions for all scopes...
2025-11-24 15:02:05.454 [info] Got 2 sessions for ...
2025-11-24 15:02:05.455 [info] Getting sessions for read:user,repo,user:email,workflow...
2025-11-24 15:02:05.455 [info] Got 1 sessions for read:user,repo,user:email,workflow...
2025-11-24 15:02:05.458 [info] Getting sessions for all scopes...
2025-11-24 15:02:05.458 [info] Got 2 sessions for ...
2025-11-24 15:02:05.458 [info] Getting sessions for all scopes...
2025-11-24 15:02:05.458 [info] Got 2 sessions for ...
2025-11-24 15:02:05.459 [info] Getting sessions for read:user,repo,user:email,workflow...
2025-11-24 15:02:05.459 [info] Got 1 sessions for read:user,repo,user:email,workflow...
2025-11-24 15:03:31.614 [info] Getting sessions for all scopes...
2025-11-24 15:03:31.614 [info] Got 2 sessions for ...
2025-11-24 15:03:31.614 [info] Getting sessions for read:user,repo,user:email,workflow...
2025-11-24 15:03:31.614 [info] Got 1 sessions for read:user,repo,user:email,workflow...
2025-11-24 15:08:09.401 [info] Getting sessions for read:user,repo,user:email,workflow...
2025-11-24 15:08:09.401 [info] Got 1 sessions for read:user,repo,user:email,workflow...
2025-11-24 15:08:31.616 [info] Getting sessions for all scopes...
2025-11-24 15:08:31.616 [info] Got 2 sessions for ...
2025-11-24 15:08:31.617 [info] Getting sessions for read:user,repo,user:email,workflow...
2025-11-24 15:08:31.617 [info] Got 1 sessions for read:user,repo,user:email,workflow...
2025-11-24 15:13:31.615 [info] Getting sessions for all scopes...
2025-11-24 15:13:31.615 [info] Got 2 sessions for ...
2025-11-24 15:13:31.615 [info] Getting sessions for read:user,repo,user:email,workflow...
2025-11-24 15:13:31.615 [info] Got 1 sessions for read:user,repo,user:email,workflow...
2025-11-24 15:18:31.615 [info] Getting sessions for all scopes...
2025-11-24 15:18:31.615 [info] Got 2 sessions for ...
2025-11-24 15:18:31.616 [info] Getting sessions for read:user,repo,user:email,workflow...
2025-11-24 15:18:31.616 [info] Got 1 sessions for read:user,repo,user:email,workflow...
2025-11-24 15:23:31.615 [info] Getting sessions for all scopes...
2025-11-24 15:23:31.615 [info] Got 2 sessions for ...
2025-11-24 15:23:31.616 [info] Getting sessions for read:user,repo,user:email,workflow...
2025-11-24 15:23:31.616 [info] Got 1 sessions for read:user,repo,user:email,workflow...
2025-11-24 15:28:31.616 [info] Getting sessions for all scopes...
2025-11-24 15:28:31.616 [info] Got 2 sessions for ...
2025-11-24 15:28:31.617 [info] Getting sessions for read:user,repo,user:email,workflow...
2025-11-24 15:28:31.617 [info] Got 1 sessions for read:user,repo,user:email,workflow...
2025-11-24 15:33:31.616 [info] Getting sessions for all scopes...
2025-11-24 15:33:31.616 [info] Got 2 sessions for ...
2025-11-24 15:33:31.617 [info] Getting sessions for read:user,repo,user:email,workflow...
2025-11-24 15:33:31.617 [info] Got 1 sessions for read:user,repo,user:email,workflow...
2025-11-24 15:38:31.616 [info] Getting sessions for all scopes...
2025-11-24 15:38:31.616 [info] Got 2 sessions for ...
2025-11-24 15:38:31.617 [info] Getting sessions for read:user,repo,user:email,workflow...
2025-11-24 15:38:31.617 [info] Got 1 sessions for read:user,repo,user:email,workflow...
2025-11-24 15:40:41.463 [info] Getting sessions for all scopes...
2025-11-24 15:40:41.463 [info] Got 2 sessions for ...
2025-11-24 15:40:41.464 [info] Getting sessions for read:user,repo,user:email,workflow...
2025-11-24 15:40:41.464 [info] Got 1 sessions for read:user,repo,user:email,workflow...
2025-11-24 15:40:41.898 [info] Getting sessions for all scopes...
2025-11-24 15:40:41.898 [info] Got 2 sessions for ...
2025-11-24 15:40:41.898 [info] Getting sessions for all scopes...
2025-11-24 15:40:41.898 [info] Got 2 sessions for ...
2025-11-24 15:40:41.899 [info] Getting sessions for read:user,repo,user:email,workflow...
2025-11-24 15:40:41.899 [info] Got 1 sessions for read:user,repo,user:email,workflow...
2025-11-24 15:40:41.902 [info] Getting sessions for all scopes...
2025-11-24 15:40:41.903 [info] Got 2 sessions for ...
2025-11-24 15:40:41.903 [info] Getting sessions for all scopes...
2025-11-24 15:40:41.903 [info] Got 2 sessions for ...
2025-11-24 15:40:41.903 [info] Getting sessions for read:user,repo,user:email,workflow...
2025-11-24 15:40:41.903 [info] Got 1 sessions for read:user,repo,user:email,workflow...
