2025-11-24 13:42:45.899 [info] Extension host with pid 240521 started
2025-11-24 13:42:45.899 [info] Skipping acquiring lock for /home/east/.config/Code - OSS/User/workspaceStorage/6b30999b8c9495b2e482c73f7957a5bc.
2025-11-24 13:42:45.909 [info] ExtensionService#_doActivateExtension vscode.ipynb, startup: false, activationEvent: 'onNotebookSerializer:jupyter-notebook'
2025-11-24 13:42:45.930 [info] ExtensionService#_doActivateExtension vscode.git-base, startup: true, activationEvent: '*', root cause: vscode.git
2025-11-24 13:42:45.932 [info] ExtensionService#_doActivateExtension ms-python.python, startup: true, activationEvent: 'workspaceContains:.venv'
2025-11-24 13:42:46.118 [info] ExtensionService#_doActivateExtension vscode.git, startup: true, activationEvent: '*'
2025-11-24 13:42:46.158 [info] ExtensionService#_doActivateExtension vscode.github, startup: true, activationEvent: '*'
2025-11-24 13:42:46.180 [info] ExtensionService#_doActivateExtension ms-toolsai.jupyter, startup: false, activationEvent: 'onNotebook:jupyter-notebook'
2025-11-24 13:42:46.181 [info] ExtensionService#_doActivateExtension ms-toolsai.vscode-jupyter-cell-tags, startup: false, activationEvent: 'onNotebook:jupyter-notebook'
2025-11-24 13:42:46.183 [info] ExtensionService#_doActivateExtension ms-toolsai.vscode-jupyter-slideshow, startup: false, activationEvent: 'onNotebook:jupyter-notebook'
2025-11-24 13:42:46.497 [warning] [Decorations] CAPPING events from decorations provider vscode.git 2444
2025-11-24 13:42:46.528 [info] ExtensionService#_doActivateExtension ms-toolsai.jupyter-renderers, startup: false, activationEvent: 'api', root cause: ms-toolsai.jupyter
2025-11-24 13:42:46.530 [info] ExtensionService#_doActivateExtension ms-python.vscode-python-envs, startup: false, activationEvent: 'onLanguage:python'
2025-11-24 13:42:46.571 [info] ExtensionService#_doActivateExtension vscode.emmet, startup: false, activationEvent: 'onLanguage'
2025-11-24 13:42:46.899 [info] Eager extensions activated
2025-11-24 13:42:46.944 [info] ExtensionService#_doActivateExtension vscode.github-authentication, startup: false, activationEvent: 'onAuthenticationRequest:github'
2025-11-24 13:42:46.979 [info] ExtensionService#_doActivateExtension vscode.terminal-suggest, startup: false, activationEvent: 'onTerminalShellIntegration:*'
2025-11-24 13:42:47.033 [info] ExtensionService#_doActivateExtension ms-python.debugpy, startup: false, activationEvent: 'onLanguage:python'
2025-11-24 13:42:47.076 [info] ExtensionService#_doActivateExtension vscode.debug-auto-launch, startup: false, activationEvent: 'onStartupFinished'
2025-11-24 13:42:47.077 [info] ExtensionService#_doActivateExtension vscode.merge-conflict, startup: false, activationEvent: 'onStartupFinished'
2025-11-24 13:42:47.100 [error] Activating extension ms-python.debugpy failed due to an error:
2025-11-24 13:42:47.100 [error] Error: Extension 'ms-python.debugpy' CANNOT use API proposal: portsAttributes.
Its package.json#enabledApiProposals-property declares:  but NOT portsAttributes.
 The missing proposal MUST be added and you must start in extension development mode or use the following command line switch: --enable-proposed-api ms-python.debugpy
	at T (file:///usr/lib/code/out/vs/workbench/api/node/extensionHostProcess.js:106:33255)
	at Object.registerPortAttributesProvider (file:///usr/lib/code/out/vs/workbench/api/node/extensionHostProcess.js:199:122496)
	at t.registerDebugger (/home/east/.vscode-oss/extensions/ms-python.debugpy-2025.14.1-linux-x64/dist/extension.js:2:862293)
	at e.activate (/home/east/.vscode-oss/extensions/ms-python.debugpy-2025.14.1-linux-x64/dist/extension.js:2:1113992)
	at $y.kb (file:///usr/lib/code/out/vs/workbench/api/node/extensionHostProcess.js:116:15342)
	at $y.jb (file:///usr/lib/code/out/vs/workbench/api/node/extensionHostProcess.js:116:15087)
	at file:///usr/lib/code/out/vs/workbench/api/node/extensionHostProcess.js:116:13245
	at async _b.n (file:///usr/lib/code/out/vs/workbench/api/node/extensionHostProcess.js:112:13382)
	at async _b.m (file:///usr/lib/code/out/vs/workbench/api/node/extensionHostProcess.js:112:13345)
	at async _b.l (file:///usr/lib/code/out/vs/workbench/api/node/extensionHostProcess.js:112:12801)
2025-11-24 13:42:47.176 [warning] [Decorations] CAPPING events from decorations provider vscode.git 2444
2025-11-24 13:42:48.200 [error] Error: Extension 'ms-python.python' CANNOT use API proposal: testObserver.
Its package.json#enabledApiProposals-property declares:  but NOT testObserver.
 The missing proposal MUST be added and you must start in extension development mode or use the following command line switch: --enable-proposed-api ms-python.python
	at T (file:///usr/lib/code/out/vs/workbench/api/node/extensionHostProcess.js:106:33255)
	at get testResults (file:///usr/lib/code/out/vs/workbench/api/node/extensionHostProcess.js:199:105905)
	at x.activate (/home/east/.vscode-oss/extensions/ms-python.python-2025.16.0-universal/out/client/extension.js:2:946549)
	at /home/east/.vscode-oss/extensions/ms-python.python-2025.16.0-universal/out/client/extension.js:2:2457
	at Array.map (<anonymous>)
	at v.activateWorkspace (/home/east/.vscode-oss/extensions/ms-python.python-2025.16.0-universal/out/client/extension.js:2:2447)
2025-11-24 13:43:41.701 [warning] [Decorations] CAPPING events from decorations provider vscode.git 2444
2025-11-24 13:43:49.031 [info] ExtensionService#_doActivateExtension vscode.npm, startup: false, activationEvent: 'onTerminalQuickFixRequest:ms-vscode.npm-command'
2025-11-24 13:43:54.090 [info] ExtensionService#_doActivateExtension vscode.configuration-editing, startup: false, activationEvent: 'onLanguage:json'
2025-11-24 13:43:54.103 [info] ExtensionService#_doActivateExtension vscode.extension-editing, startup: false, activationEvent: 'onLanguage:json'
2025-11-24 13:43:54.112 [info] ExtensionService#_doActivateExtension vscode.json-language-features, startup: false, activationEvent: 'onLanguage:json'
2025-11-24 13:44:43.610 [info] ExtensionService#_doActivateExtension vscode.typescript-language-features, startup: false, activationEvent: 'onLanguage:jsonc'
2025-11-24 13:51:42.882 [warning] [Decorations] CAPPING events from decorations provider vscode.git 2445
2025-11-24 13:54:27.103 [warning] [Decorations] CAPPING events from decorations provider vscode.git 2445
2025-11-24 13:55:48.499 [info] Extension host terminating: renderer closed the MessagePort
2025-11-24 13:55:48.512 [error] TypeError: Cannot read properties of undefined (reading 'subscriptions')
	at Object.X [as deactivate] (/home/east/.vscode-oss/extensions/ms-python.vscode-python-envs-1.10.0-universal/dist/extension.js:2:668378)
	at aJ.eb (file:///usr/lib/code/out/vs/workbench/api/node/extensionHostProcess.js:116:11836)
	at file:///usr/lib/code/out/vs/workbench/api/node/extensionHostProcess.js:116:9986
	at Array.map (<anonymous>)
	at aJ.$ (file:///usr/lib/code/out/vs/workbench/api/node/extensionHostProcess.js:116:9974)
	at aJ.terminate (file:///usr/lib/code/out/vs/workbench/api/node/extensionHostProcess.js:116:10217)
	at RP.terminate (file:///usr/lib/code/out/vs/workbench/api/node/extensionHostProcess.js:118:914)
	at bs (file:///usr/lib/code/out/vs/workbench/api/node/extensionHostProcess.js:391:10410)
	at MessagePortMain.<anonymous> (file:///usr/lib/code/out/vs/workbench/api/node/extensionHostProcess.js:391:6949)
	at MessagePortMain.emit (node:events:519:28)
	at MessagePortMain._internalPort.emit (node:electron/js2c/utility_init:2:2949)
2025-11-24 13:55:48.514 [info] Extension host with pid 240521 exiting with code 0
