2025-11-24 14:07:27.814 [info] [main] Log level: Info
2025-11-24 14:07:27.814 [info] [main] Validating found git in: "git"
2025-11-24 14:07:27.814 [info] [main] Using git "2.51.0" from "git"
2025-11-24 14:07:27.814 [info] [Model][doInitialScan] Initial repository scan started
2025-11-24 14:07:27.814 [info] [Model][doInitialScan] Initial repository scan completed - repositories (0), closed repositories (0), parent repositories (0), unsafe repositories (0)
2025-11-24 14:08:31.279 [info] [main] Log level: Info
2025-11-24 14:08:31.279 [info] [main] Validating found git in: "git"
2025-11-24 14:08:31.279 [info] [main] Using git "2.51.0" from "git"
2025-11-24 14:08:31.279 [info] [Model][doInitialScan] Initial repository scan started
2025-11-24 14:08:31.279 [info] > git rev-parse --show-toplevel [3ms]
2025-11-24 14:08:31.279 [info] > git rev-parse --path-format=relative --show-toplevel [2ms]
2025-11-24 14:08:31.287 [info] > git rev-parse --git-dir --git-common-dir --show-superproject-working-tree [2ms]
2025-11-24 14:08:31.294 [info] [Model][openRepository] Opened repository (path): /home/east/shared/eastSync/pyEast/ML/research/MLDev
2025-11-24 14:08:31.294 [info] [Model][openRepository] Opened repository (real path): /shared/eastSync/pyEast/ML/research/MLDev
2025-11-24 14:08:31.294 [info] [Model][openRepository] Opened repository (kind): repository
2025-11-24 14:08:31.304 [info] > git config --get commit.template [2ms]
2025-11-24 14:08:31.312 [info] > git for-each-ref --format=%(refname)%00%(upstream:short)%00%(objectname)%00%(upstream:track)%00%(upstream:remotename)%00%(upstream:remoteref) refs/heads/main refs/remotes/main [1ms]
2025-11-24 14:08:31.323 [info] > git status -z -uall [6ms]
2025-11-24 14:08:31.323 [info] > git for-each-ref --sort -committerdate --format %(refname)%00%(objectname)%00%(*objectname) [2ms]
2025-11-24 14:08:31.359 [info] > git for-each-ref --format=%(refname)%00%(upstream:short)%00%(objectname)%00%(upstream:track)%00%(upstream:remotename)%00%(upstream:remoteref) refs/heads/main refs/remotes/main [8ms]
2025-11-24 14:08:31.364 [info] > git rev-parse --show-toplevel [5ms]
2025-11-24 14:08:31.370 [info] > git config --get --local branch.main.vscode-merge-base [5ms]
2025-11-24 14:08:31.370 [warning] [Git][config] git config failed: Failed to execute git
2025-11-24 14:08:31.376 [info] > git rev-parse --path-format=relative --show-toplevel [8ms]
2025-11-24 14:08:31.381 [info] > git reflog main --grep-reflog=branch: Created from *. [7ms]
2025-11-24 14:08:31.387 [info] > git symbolic-ref --short refs/remotes/origin/HEAD [1ms]
2025-11-24 14:08:31.387 [info] fatal: ref refs/remotes/origin/HEAD is not a symbolic ref
2025-11-24 14:08:31.387 [warning] [Repository][getDefaultBranch] Failed to get default branch details: Failed to execute git.
2025-11-24 14:08:31.392 [info] > git rev-parse --show-toplevel [11ms]
2025-11-24 14:08:31.542 [info] > git rev-parse --path-format=relative --show-toplevel [145ms]
2025-11-24 14:08:31.542 [info] > git merge-base refs/heads/main refs/remotes/origin/main [150ms]
2025-11-24 14:08:31.560 [info] > git rev-parse --show-toplevel [8ms]
2025-11-24 14:08:31.564 [info] > git diff --name-status -z --diff-filter=ADMR --find-renames=50% bc3275f8d6bd9be6bcd06098349cb0d69ea91ff9...refs/remotes/origin/main -- [17ms]
2025-11-24 14:08:31.566 [info] > git rev-parse --path-format=relative --show-toplevel [2ms]
2025-11-24 14:08:31.571 [info] > git rev-parse --show-toplevel [1ms]
2025-11-24 14:08:31.581 [info] > git rev-parse --path-format=relative --show-toplevel [6ms]
2025-11-24 14:08:31.613 [info] > git rev-parse --show-toplevel [27ms]
2025-11-24 14:08:32.833 [info] > git rev-parse --path-format=relative --show-toplevel [1215ms]
2025-11-24 14:08:32.907 [info] > git check-ignore -v -z --stdin [68ms]
2025-11-24 14:08:32.907 [info] > git rev-parse --show-toplevel [46ms]
2025-11-24 14:08:32.912 [info] > git config --get commit.template [56ms]
2025-11-24 14:08:32.928 [info] > git rev-parse --path-format=relative --show-toplevel [16ms]
2025-11-24 14:08:33.033 [info] > git rev-parse --show-toplevel [9ms]
2025-11-24 14:08:33.039 [info] > git for-each-ref --format=%(refname)%00%(upstream:short)%00%(objectname)%00%(upstream:track)%00%(upstream:remotename)%00%(upstream:remoteref) refs/heads/main refs/remotes/main [21ms]
2025-11-24 14:08:33.230 [info] > git rev-parse --path-format=relative --show-toplevel [191ms]
2025-11-24 14:08:33.261 [info] > git rev-parse --show-toplevel [13ms]
2025-11-24 14:08:33.268 [info] > git status -z -uall [14ms]
2025-11-24 14:08:33.268 [info] > git for-each-ref --sort -committerdate --format %(refname)%00%(objectname)%00%(*objectname) [8ms]
2025-11-24 14:08:33.287 [info] > git rev-parse --path-format=relative --show-toplevel [20ms]
2025-11-24 14:08:33.446 [info] > git rev-parse --show-toplevel [117ms]
2025-11-24 14:08:33.594 [info] > git rev-parse --path-format=relative --show-toplevel [141ms]
2025-11-24 14:08:33.808 [info] > git rev-parse --show-toplevel [114ms]
2025-11-24 14:08:33.819 [info] > git rev-parse --path-format=relative --show-toplevel [4ms]
2025-11-24 14:08:33.853 [info] > git rev-parse --show-toplevel [26ms]
2025-11-24 14:08:33.877 [info] > git rev-parse --path-format=relative --show-toplevel [17ms]
2025-11-24 14:08:33.892 [info] > git rev-parse --show-toplevel [2ms]
2025-11-24 14:08:33.901 [info] > git rev-parse --path-format=relative --show-toplevel [2ms]
2025-11-24 14:08:33.980 [info] > git rev-parse --show-toplevel [70ms]
2025-11-24 14:08:34.002 [info] > git rev-parse --path-format=relative --show-toplevel [14ms]
2025-11-24 14:08:34.015 [info] > git rev-parse --show-toplevel [3ms]
2025-11-24 14:08:34.022 [info] > git rev-parse --path-format=relative --show-toplevel [1ms]
2025-11-24 14:08:34.030 [info] > git rev-parse --show-toplevel [1ms]
2025-11-24 14:08:34.037 [info] > git rev-parse --path-format=relative --show-toplevel [1ms]
2025-11-24 14:08:34.045 [info] > git rev-parse --show-toplevel [1ms]
2025-11-24 14:08:34.052 [info] > git rev-parse --path-format=relative --show-toplevel [1ms]
2025-11-24 14:08:34.059 [info] > git rev-parse --show-toplevel [1ms]
2025-11-24 14:08:34.066 [info] > git rev-parse --path-format=relative --show-toplevel [1ms]
2025-11-24 14:08:34.073 [info] > git rev-parse --show-toplevel [1ms]
2025-11-24 14:08:34.079 [info] > git rev-parse --path-format=relative --show-toplevel [0ms]
2025-11-24 14:08:34.086 [info] > git rev-parse --show-toplevel [1ms]
2025-11-24 14:08:34.094 [info] > git rev-parse --path-format=relative --show-toplevel [2ms]
2025-11-24 14:08:34.095 [info] [Model][doInitialScan] Initial repository scan completed - repositories (1), closed repositories (0), parent repositories (0), unsafe repositories (0)
2025-11-24 14:09:20.989 [info] > git check-ignore -v -z --stdin [1ms]
2025-11-24 14:09:26.030 [info] > git check-ignore -v -z --stdin [1ms]
2025-11-24 14:09:39.374 [info] > git config --get commit.template [10ms]
2025-11-24 14:09:39.375 [info] > git for-each-ref --format=%(refname)%00%(upstream:short)%00%(objectname)%00%(upstream:track)%00%(upstream:remotename)%00%(upstream:remoteref) refs/heads/main refs/remotes/main [2ms]
2025-11-24 14:09:39.395 [info] > git status -z -uall [11ms]
2025-11-24 14:09:39.396 [info] > git for-each-ref --sort -committerdate --format %(refname)%00%(objectname)%00%(*objectname) [2ms]
2025-11-24 14:09:43.958 [info] > git check-ignore -v -z --stdin [2ms]
2025-11-24 14:09:44.429 [info] > git config --get commit.template [8ms]
2025-11-24 14:09:44.430 [info] > git for-each-ref --format=%(refname)%00%(upstream:short)%00%(objectname)%00%(upstream:track)%00%(upstream:remotename)%00%(upstream:remoteref) refs/heads/main refs/remotes/main [1ms]
2025-11-24 14:09:44.445 [info] > git status -z -uall [9ms]
2025-11-24 14:09:44.445 [info] > git for-each-ref --sort -committerdate --format %(refname)%00%(objectname)%00%(*objectname) [2ms]
2025-11-24 14:09:46.526 [info] > git check-ignore -v -z --stdin [5ms]
2025-11-24 14:10:05.237 [info] > git log --format=%H%n%aN%n%aE%n%at%n%ct%n%P%n%D%n%B -z --shortstat --diff-merges=first-parent -n50 --skip=0 --topo-order --decorate=full --stdin [4ms]
2025-11-24 14:10:06.178 [info] > git merge-base main origin/main [1ms]
2025-11-24 14:10:37.357 [info] > git config --get commit.template [8ms]
2025-11-24 14:10:37.358 [info] > git for-each-ref --format=%(refname)%00%(upstream:short)%00%(objectname)%00%(upstream:track)%00%(upstream:remotename)%00%(upstream:remoteref) refs/heads/main refs/remotes/main [1ms]
2025-11-24 14:10:37.376 [info] > git status -z -uall [10ms]
2025-11-24 14:10:37.378 [info] > git for-each-ref --sort -committerdate --format %(refname)%00%(objectname)%00%(*objectname) [3ms]
2025-11-24 14:11:06.953 [info] > git config --get commit.template [8ms]
2025-11-24 14:11:06.953 [info] > git for-each-ref --format=%(refname)%00%(upstream:short)%00%(objectname)%00%(upstream:track)%00%(upstream:remotename)%00%(upstream:remoteref) refs/heads/main refs/remotes/main [1ms]
2025-11-24 14:11:06.969 [info] > git status -z -uall [9ms]
2025-11-24 14:11:06.976 [info] > git for-each-ref --sort -committerdate --format %(refname)%00%(objectname)%00%(*objectname) [8ms]
2025-11-24 14:13:01.907 [info] > git config --get commit.template [8ms]
2025-11-24 14:13:01.907 [info] > git for-each-ref --format=%(refname)%00%(upstream:short)%00%(objectname)%00%(upstream:track)%00%(upstream:remotename)%00%(upstream:remoteref) refs/heads/main refs/remotes/main [1ms]
2025-11-24 14:13:01.926 [info] > git status -z -uall [10ms]
2025-11-24 14:13:01.927 [info] > git for-each-ref --sort -committerdate --format %(refname)%00%(objectname)%00%(*objectname) [3ms]
2025-11-24 14:13:06.952 [info] > git config --get commit.template [3ms]
2025-11-24 14:13:06.963 [info] > git for-each-ref --format=%(refname)%00%(upstream:short)%00%(objectname)%00%(upstream:track)%00%(upstream:remotename)%00%(upstream:remoteref) refs/heads/main refs/remotes/main [2ms]
2025-11-24 14:13:06.986 [info] > git status -z -uall [13ms]
2025-11-24 14:13:06.986 [info] > git for-each-ref --sort -committerdate --format %(refname)%00%(objectname)%00%(*objectname) [2ms]
2025-11-24 14:13:13.657 [info] > git config --get commit.template [9ms]
2025-11-24 14:13:13.657 [info] > git for-each-ref --format=%(refname)%00%(upstream:short)%00%(objectname)%00%(upstream:track)%00%(upstream:remotename)%00%(upstream:remoteref) refs/heads/main refs/remotes/main [1ms]
2025-11-24 14:13:13.678 [info] > git status -z -uall [12ms]
2025-11-24 14:13:13.678 [info] > git for-each-ref --sort -committerdate --format %(refname)%00%(objectname)%00%(*objectname) [3ms]
2025-11-24 14:13:18.714 [info] > git config --get commit.template [11ms]
2025-11-24 14:13:18.714 [info] > git for-each-ref --format=%(refname)%00%(upstream:short)%00%(objectname)%00%(upstream:track)%00%(upstream:remotename)%00%(upstream:remoteref) refs/heads/main refs/remotes/main [1ms]
2025-11-24 14:13:18.735 [info] > git status -z -uall [11ms]
2025-11-24 14:13:18.737 [info] > git for-each-ref --sort -committerdate --format %(refname)%00%(objectname)%00%(*objectname) [4ms]
2025-11-24 14:13:27.668 [info] > git config --get commit.template [9ms]
2025-11-24 14:13:27.668 [info] > git for-each-ref --format=%(refname)%00%(upstream:short)%00%(objectname)%00%(upstream:track)%00%(upstream:remotename)%00%(upstream:remoteref) refs/heads/main refs/remotes/main [1ms]
2025-11-24 14:13:27.686 [info] > git status -z -uall [9ms]
2025-11-24 14:13:27.689 [info] > git for-each-ref --sort -committerdate --format %(refname)%00%(objectname)%00%(*objectname) [3ms]
2025-11-24 14:13:32.712 [info] > git config --get commit.template [8ms]
2025-11-24 14:13:32.712 [info] > git for-each-ref --format=%(refname)%00%(upstream:short)%00%(objectname)%00%(upstream:track)%00%(upstream:remotename)%00%(upstream:remoteref) refs/heads/main refs/remotes/main [1ms]
2025-11-24 14:13:32.728 [info] > git status -z -uall [9ms]
2025-11-24 14:13:32.730 [info] > git for-each-ref --sort -committerdate --format %(refname)%00%(objectname)%00%(*objectname) [3ms]
2025-11-24 14:13:41.506 [info] > git config --get commit.template [8ms]
2025-11-24 14:13:41.507 [info] > git for-each-ref --format=%(refname)%00%(upstream:short)%00%(objectname)%00%(upstream:track)%00%(upstream:remotename)%00%(upstream:remoteref) refs/heads/main refs/remotes/main [1ms]
2025-11-24 14:13:41.524 [info] > git status -z -uall [9ms]
2025-11-24 14:13:41.527 [info] > git for-each-ref --sort -committerdate --format %(refname)%00%(objectname)%00%(*objectname) [4ms]
2025-11-24 14:14:08.860 [info] > git config --get commit.template [8ms]
2025-11-24 14:14:08.861 [info] > git for-each-ref --format=%(refname)%00%(upstream:short)%00%(objectname)%00%(upstream:track)%00%(upstream:remotename)%00%(upstream:remoteref) refs/heads/main refs/remotes/main [1ms]
2025-11-24 14:14:08.878 [info] > git status -z -uall [9ms]
2025-11-24 14:14:08.881 [info] > git for-each-ref --sort -committerdate --format %(refname)%00%(objectname)%00%(*objectname) [4ms]
2025-11-24 14:14:58.901 [info] > git config --get commit.template [12ms]
2025-11-24 14:14:58.902 [info] > git for-each-ref --format=%(refname)%00%(upstream:short)%00%(objectname)%00%(upstream:track)%00%(upstream:remotename)%00%(upstream:remoteref) refs/heads/main refs/remotes/main [2ms]
2025-11-24 14:14:58.929 [info] > git status -z -uall [15ms]
2025-11-24 14:14:58.934 [info] > git for-each-ref --sort -committerdate --format %(refname)%00%(objectname)%00%(*objectname) [7ms]
2025-11-24 14:15:03.963 [info] > git config --get commit.template [11ms]
2025-11-24 14:15:03.964 [info] > git for-each-ref --format=%(refname)%00%(upstream:short)%00%(objectname)%00%(upstream:track)%00%(upstream:remotename)%00%(upstream:remoteref) refs/heads/main refs/remotes/main [2ms]
2025-11-24 14:15:03.987 [info] > git status -z -uall [12ms]
2025-11-24 14:15:03.987 [info] > git for-each-ref --sort -committerdate --format %(refname)%00%(objectname)%00%(*objectname) [1ms]
2025-11-24 14:15:57.092 [info] > git config --get commit.template [10ms]
2025-11-24 14:15:57.093 [info] > git for-each-ref --format=%(refname)%00%(upstream:short)%00%(objectname)%00%(upstream:track)%00%(upstream:remotename)%00%(upstream:remoteref) refs/heads/main refs/remotes/main [1ms]
2025-11-24 14:15:57.112 [info] > git status -z -uall [10ms]
2025-11-24 14:15:57.112 [info] > git for-each-ref --sort -committerdate --format %(refname)%00%(objectname)%00%(*objectname) [2ms]
2025-11-24 14:16:02.544 [info] > git config --get commit.template [1ms]
2025-11-24 14:16:02.555 [info] > git for-each-ref --format=%(refname)%00%(upstream:short)%00%(objectname)%00%(upstream:track)%00%(upstream:remotename)%00%(upstream:remoteref) refs/heads/main refs/remotes/main [2ms]
2025-11-24 14:16:02.575 [info] > git for-each-ref --sort -committerdate --format %(refname)%00%(objectname)%00%(*objectname) [2ms]
2025-11-24 14:16:02.576 [info] > git status -z -uall [12ms]
2025-11-24 14:56:23.087 [info] > git config --get commit.template [10ms]
2025-11-24 14:56:23.088 [info] > git for-each-ref --format=%(refname)%00%(upstream:short)%00%(objectname)%00%(upstream:track)%00%(upstream:remotename)%00%(upstream:remoteref) refs/heads/main refs/remotes/main [1ms]
2025-11-24 14:56:23.109 [info] > git status -z -uall [12ms]
2025-11-24 14:56:23.109 [info] > git for-each-ref --sort -committerdate --format %(refname)%00%(objectname)%00%(*objectname) [2ms]
2025-11-24 14:59:37.935 [info] > git config --get commit.template [11ms]
2025-11-24 14:59:37.935 [info] > git for-each-ref --format=%(refname)%00%(upstream:short)%00%(objectname)%00%(upstream:track)%00%(upstream:remotename)%00%(upstream:remoteref) refs/heads/main refs/remotes/main [1ms]
2025-11-24 14:59:37.957 [info] > git status -z -uall [12ms]
2025-11-24 14:59:37.957 [info] > git for-each-ref --sort -committerdate --format %(refname)%00%(objectname)%00%(*objectname) [2ms]
2025-11-24 14:59:42.993 [info] > git config --get commit.template [10ms]
2025-11-24 14:59:42.994 [info] > git for-each-ref --format=%(refname)%00%(upstream:short)%00%(objectname)%00%(upstream:track)%00%(upstream:remotename)%00%(upstream:remoteref) refs/heads/main refs/remotes/main [1ms]
2025-11-24 14:59:43.015 [info] > git status -z -uall [11ms]
2025-11-24 14:59:43.015 [info] > git for-each-ref --sort -committerdate --format %(refname)%00%(objectname)%00%(*objectname) [1ms]
2025-11-24 15:11:43.256 [info] > git config --get commit.template [11ms]
2025-11-24 15:11:43.256 [info] > git for-each-ref --format=%(refname)%00%(upstream:short)%00%(objectname)%00%(upstream:track)%00%(upstream:remotename)%00%(upstream:remoteref) refs/heads/main refs/remotes/main [1ms]
2025-11-24 15:11:43.280 [info] > git status -z -uall [13ms]
2025-11-24 15:11:43.280 [info] > git for-each-ref --sort -committerdate --format %(refname)%00%(objectname)%00%(*objectname) [2ms]
