2025-11-24 13:35:48.591 [info] [main] Log level: Info
2025-11-24 13:35:48.591 [info] [main] Validating found git in: "git"
2025-11-24 13:35:48.591 [info] [main] Using git "2.51.0" from "git"
2025-11-24 13:35:48.591 [info] [Model][doInitialScan] Initial repository scan started
2025-11-24 13:35:48.591 [info] [Model][doInitialScan] Initial repository scan completed - repositories (0), closed repositories (0), parent repositories (0), unsafe repositories (0)
2025-11-24 13:37:25.503 [info] [main] Log level: Info
2025-11-24 13:37:25.503 [info] [main] Validating found git in: "git"
2025-11-24 13:37:25.503 [info] [main] Using git "2.51.0" from "git"
2025-11-24 13:37:25.503 [info] [Model][doInitialScan] Initial repository scan started
2025-11-24 13:37:25.503 [info] > git rev-parse --show-toplevel [4ms]
2025-11-24 13:37:25.504 [info] > git rev-parse --path-format=relative --show-toplevel [2ms]
2025-11-24 13:37:25.510 [info] > git rev-parse --git-dir --git-common-dir --show-superproject-working-tree [2ms]
2025-11-24 13:37:25.518 [info] [Model][openRepository] Opened repository (path): /home/east/shared/eastSync/pyEast/ML/research/MLDev
2025-11-24 13:37:25.518 [info] [Model][openRepository] Opened repository (real path): /shared/eastSync/pyEast/ML/research/MLDev
2025-11-24 13:37:25.518 [info] [Model][openRepository] Opened repository (kind): repository
2025-11-24 13:37:25.528 [info] > git rev-parse --show-toplevel [1ms]
2025-11-24 13:37:25.533 [info] > git config --get commit.template [9ms]
2025-11-24 13:37:25.534 [info] > git rev-parse --path-format=relative --show-toplevel [2ms]
2025-11-24 13:37:25.561 [info] > git rev-parse --show-toplevel [17ms]
2025-11-24 13:37:25.564 [info] > git for-each-ref --format=%(refname)%00%(upstream:short)%00%(objectname)%00%(upstream:track)%00%(upstream:remotename)%00%(upstream:remoteref) refs/heads/main refs/remotes/main [25ms]
2025-11-24 13:37:25.574 [info] > git rev-parse --path-format=relative --show-toplevel [10ms]
2025-11-24 13:37:25.587 [info] > git rev-parse --show-toplevel [10ms]
2025-11-24 13:37:25.595 [info] > git status -z -uall [13ms]
2025-11-24 13:37:25.595 [info] > git for-each-ref --sort -committerdate --format %(refname)%00%(objectname)%00%(*objectname) [9ms]
2025-11-24 13:37:25.596 [info] > git rev-parse --path-format=relative --show-toplevel [5ms]
2025-11-24 13:37:25.806 [info] > git for-each-ref --format=%(refname)%00%(upstream:short)%00%(objectname)%00%(upstream:track)%00%(upstream:remotename)%00%(upstream:remoteref) refs/heads/main refs/remotes/main [182ms]
2025-11-24 13:37:25.813 [info] > git config --get --local branch.main.vscode-merge-base [4ms]
2025-11-24 13:37:25.813 [warning] [Git][config] git config failed: Failed to execute git
2025-11-24 13:37:25.817 [info] > git config --get commit.template [12ms]
2025-11-24 13:37:25.817 [info] > git rev-parse --show-toplevel [15ms]
2025-11-24 13:37:25.820 [info] > git reflog main --grep-reflog=branch: Created from *. [3ms]
2025-11-24 13:37:25.847 [info] > git symbolic-ref --short refs/remotes/origin/HEAD [23ms]
2025-11-24 13:37:25.847 [info] fatal: ref refs/remotes/origin/HEAD is not a symbolic ref
2025-11-24 13:37:25.847 [warning] [Repository][getDefaultBranch] Failed to get default branch details: Failed to execute git.
2025-11-24 13:37:25.851 [info] > git rev-parse --path-format=relative --show-toplevel [31ms]
2025-11-24 13:37:25.857 [info] > git merge-base refs/heads/main refs/remotes/origin/main [6ms]
2025-11-24 13:37:25.860 [info] > git for-each-ref --format=%(refname)%00%(upstream:short)%00%(objectname)%00%(upstream:track)%00%(upstream:remotename)%00%(upstream:remoteref) refs/heads/main refs/remotes/main [14ms]
2025-11-24 13:37:25.861 [info] > git rev-parse --show-toplevel [5ms]
2025-11-24 13:37:25.866 [info] > git rev-parse --path-format=relative --show-toplevel [2ms]
2025-11-24 13:37:25.866 [info] > git diff --name-status -z --diff-filter=ADMR bc3275f8d6bd9be6bcd06098349cb0d69ea91ff9...refs/remotes/origin/main [6ms]
2025-11-24 13:37:25.879 [info] > git rev-parse --show-toplevel [9ms]
2025-11-24 13:37:25.887 [info] > git status -z -uall [13ms]
2025-11-24 13:37:25.887 [info] > git rev-parse --path-format=relative --show-toplevel [5ms]
2025-11-24 13:37:25.887 [info] > git for-each-ref --sort -committerdate --format %(refname)%00%(objectname)%00%(*objectname) [10ms]
2025-11-24 13:37:25.907 [info] > git rev-parse --show-toplevel [2ms]
2025-11-24 13:37:25.911 [info] > git rev-parse --path-format=relative --show-toplevel [1ms]
2025-11-24 13:37:25.915 [info] > git rev-parse --show-toplevel [1ms]
2025-11-24 13:37:25.919 [info] > git rev-parse --path-format=relative --show-toplevel [1ms]
2025-11-24 13:37:25.922 [info] > git rev-parse --show-toplevel [0ms]
2025-11-24 13:37:25.927 [info] > git rev-parse --path-format=relative --show-toplevel [1ms]
2025-11-24 13:37:25.931 [info] > git rev-parse --show-toplevel [1ms]
2025-11-24 13:37:25.935 [info] > git rev-parse --path-format=relative --show-toplevel [1ms]
2025-11-24 13:37:25.939 [info] > git rev-parse --show-toplevel [1ms]
2025-11-24 13:37:25.943 [info] > git rev-parse --path-format=relative --show-toplevel [1ms]
2025-11-24 13:37:25.947 [info] > git rev-parse --show-toplevel [1ms]
2025-11-24 13:37:25.950 [info] > git rev-parse --path-format=relative --show-toplevel [1ms]
2025-11-24 13:37:25.954 [info] > git rev-parse --show-toplevel [1ms]
2025-11-24 13:37:25.958 [info] > git rev-parse --path-format=relative --show-toplevel [1ms]
2025-11-24 13:37:25.961 [info] > git rev-parse --show-toplevel [0ms]
2025-11-24 13:37:25.965 [info] > git rev-parse --path-format=relative --show-toplevel [1ms]
2025-11-24 13:37:25.968 [info] > git rev-parse --show-toplevel [0ms]
2025-11-24 13:37:25.972 [info] > git rev-parse --path-format=relative --show-toplevel [1ms]
2025-11-24 13:37:25.977 [info] > git rev-parse --show-toplevel [1ms]
2025-11-24 13:37:25.981 [info] > git rev-parse --path-format=relative --show-toplevel [1ms]
2025-11-24 13:37:25.985 [info] > git rev-parse --show-toplevel [1ms]
2025-11-24 13:37:25.988 [info] > git rev-parse --path-format=relative --show-toplevel [0ms]
2025-11-24 13:37:26.146 [info] > git rev-parse --show-toplevel [154ms]
2025-11-24 13:37:26.155 [info] > git rev-parse --path-format=relative --show-toplevel [6ms]
2025-11-24 13:37:26.159 [info] > git check-ignore -v -z --stdin [5ms]
2025-11-24 13:37:26.160 [info] > git rev-parse --show-toplevel [1ms]
2025-11-24 13:37:26.165 [info] > git rev-parse --path-format=relative --show-toplevel [1ms]
2025-11-24 13:37:26.165 [info] [Model][doInitialScan] Initial repository scan completed - repositories (1), closed repositories (0), parent repositories (0), unsafe repositories (0)
2025-11-24 13:37:29.690 [info] [main] Log level: Info
2025-11-24 13:37:29.690 [info] [main] Validating found git in: "git"
2025-11-24 13:37:29.690 [info] [main] Using git "2.51.0" from "git"
2025-11-24 13:37:29.690 [info] [Model][doInitialScan] Initial repository scan started
2025-11-24 13:37:29.690 [info] > git rev-parse --show-toplevel [5ms]
2025-11-24 13:37:29.690 [info] > git rev-parse --path-format=relative --show-toplevel [3ms]
2025-11-24 13:37:29.697 [info] > git rev-parse --git-dir --git-common-dir --show-superproject-working-tree [2ms]
2025-11-24 13:37:29.705 [info] [Model][openRepository] Opened repository (path): /home/east/shared/eastSync/pyEast/ML/research/MLDev
2025-11-24 13:37:29.705 [info] [Model][openRepository] Opened repository (real path): /shared/eastSync/pyEast/ML/research/MLDev
2025-11-24 13:37:29.705 [info] [Model][openRepository] Opened repository (kind): repository
2025-11-24 13:37:29.717 [info] > git rev-parse --show-toplevel [3ms]
2025-11-24 13:37:29.720 [info] > git config --get commit.template [9ms]
2025-11-24 13:37:29.741 [info] > git rev-parse --path-format=relative --show-toplevel [21ms]
2025-11-24 13:37:29.777 [info] > git rev-parse --show-toplevel [20ms]
2025-11-24 13:37:29.781 [info] > git for-each-ref --format=%(refname)%00%(upstream:short)%00%(objectname)%00%(upstream:track)%00%(upstream:remotename)%00%(upstream:remoteref) refs/heads/main refs/remotes/main [27ms]
2025-11-24 13:37:29.785 [info] > git rev-parse --path-format=relative --show-toplevel [3ms]
2025-11-24 13:37:29.798 [info] > git rev-parse --show-toplevel [10ms]
2025-11-24 13:37:29.802 [info] > git status -z -uall [10ms]
2025-11-24 13:37:29.802 [info] > git for-each-ref --sort -committerdate --format %(refname)%00%(objectname)%00%(*objectname) [6ms]
2025-11-24 13:37:29.836 [info] > git rev-parse --path-format=relative --show-toplevel [35ms]
2025-11-24 13:37:29.842 [info] > git config --get commit.template [6ms]
2025-11-24 13:37:29.842 [info] > git for-each-ref --format=%(refname)%00%(upstream:short)%00%(objectname)%00%(upstream:track)%00%(upstream:remotename)%00%(upstream:remoteref) refs/heads/main refs/remotes/main [11ms]
2025-11-24 13:37:29.846 [info] > git rev-parse --show-toplevel [5ms]
2025-11-24 13:37:29.852 [info] > git config --get --local branch.main.vscode-merge-base [7ms]
2025-11-24 13:37:29.852 [warning] [Git][config] git config failed: Failed to execute git
2025-11-24 13:37:29.856 [info] > git for-each-ref --format=%(refname)%00%(upstream:short)%00%(objectname)%00%(upstream:track)%00%(upstream:remotename)%00%(upstream:remoteref) refs/heads/main refs/remotes/main [4ms]
2025-11-24 13:37:29.856 [info] > git rev-parse --path-format=relative --show-toplevel [7ms]
2025-11-24 13:37:29.860 [info] > git reflog main --grep-reflog=branch: Created from *. [5ms]
2025-11-24 13:37:29.864 [info] > git rev-parse --show-toplevel [5ms]
2025-11-24 13:37:29.873 [info] > git symbolic-ref --short refs/remotes/origin/HEAD [10ms]
2025-11-24 13:37:29.873 [info] fatal: ref refs/remotes/origin/HEAD is not a symbolic ref
2025-11-24 13:37:29.873 [warning] [Repository][getDefaultBranch] Failed to get default branch details: Failed to execute git.
2025-11-24 13:37:29.878 [info] > git for-each-ref --sort -committerdate --format %(refname)%00%(objectname)%00%(*objectname) [6ms]
2025-11-24 13:37:29.878 [info] > git rev-parse --path-format=relative --show-toplevel [12ms]
2025-11-24 13:37:29.882 [info] > git status -z -uall [13ms]
2025-11-24 13:37:29.882 [info] > git merge-base refs/heads/main refs/remotes/origin/main [6ms]
2025-11-24 13:37:29.908 [info] > git diff --name-status -z --diff-filter=ADMR bc3275f8d6bd9be6bcd06098349cb0d69ea91ff9...refs/remotes/origin/main [22ms]
2025-11-24 13:37:29.909 [info] > git rev-parse --show-toplevel [27ms]
2025-11-24 13:37:29.913 [info] > git merge-base refs/heads/main refs/remotes/origin/main [6ms]
2025-11-24 13:37:29.918 [info] > git diff --name-status -z --diff-filter=ADMR bc3275f8d6bd9be6bcd06098349cb0d69ea91ff9...refs/remotes/origin/main [2ms]
2025-11-24 13:37:29.918 [info] > git rev-parse --path-format=relative --show-toplevel [6ms]
2025-11-24 13:37:29.940 [info] > git rev-parse --show-toplevel [2ms]
2025-11-24 13:37:29.945 [info] > git rev-parse --path-format=relative --show-toplevel [1ms]
2025-11-24 13:37:29.950 [info] > git rev-parse --show-toplevel [1ms]
2025-11-24 13:37:29.954 [info] > git rev-parse --path-format=relative --show-toplevel [1ms]
2025-11-24 13:37:29.958 [info] > git rev-parse --show-toplevel [1ms]
2025-11-24 13:37:29.962 [info] > git rev-parse --path-format=relative --show-toplevel [1ms]
2025-11-24 13:37:29.966 [info] > git rev-parse --show-toplevel [1ms]
2025-11-24 13:37:29.970 [info] > git rev-parse --path-format=relative --show-toplevel [1ms]
2025-11-24 13:37:29.975 [info] > git rev-parse --show-toplevel [1ms]
2025-11-24 13:37:29.979 [info] > git rev-parse --path-format=relative --show-toplevel [1ms]
2025-11-24 13:37:29.984 [info] > git rev-parse --show-toplevel [1ms]
2025-11-24 13:37:29.987 [info] > git rev-parse --path-format=relative --show-toplevel [0ms]
2025-11-24 13:37:29.992 [info] > git rev-parse --show-toplevel [1ms]
2025-11-24 13:37:30.154 [info] > git rev-parse --path-format=relative --show-toplevel [159ms]
2025-11-24 13:37:30.159 [info] > git rev-parse --show-toplevel [1ms]
2025-11-24 13:37:30.164 [info] > git rev-parse --path-format=relative --show-toplevel [1ms]
2025-11-24 13:37:30.168 [info] > git rev-parse --show-toplevel [1ms]
2025-11-24 13:37:30.173 [info] > git rev-parse --path-format=relative --show-toplevel [1ms]
2025-11-24 13:37:30.178 [info] > git rev-parse --show-toplevel [1ms]
2025-11-24 13:37:30.182 [info] > git rev-parse --path-format=relative --show-toplevel [1ms]
2025-11-24 13:37:30.186 [info] > git rev-parse --show-toplevel [0ms]
2025-11-24 13:37:30.189 [info] > git rev-parse --path-format=relative --show-toplevel [1ms]
2025-11-24 13:37:30.194 [info] > git rev-parse --show-toplevel [1ms]
2025-11-24 13:37:30.198 [info] > git rev-parse --path-format=relative --show-toplevel [1ms]
2025-11-24 13:37:30.201 [info] > git rev-parse --show-toplevel [0ms]
2025-11-24 13:37:30.205 [info] > git rev-parse --path-format=relative --show-toplevel [1ms]
2025-11-24 13:37:30.205 [info] [Model][doInitialScan] Initial repository scan completed - repositories (1), closed repositories (0), parent repositories (0), unsafe repositories (0)
2025-11-24 13:37:30.230 [info] > git check-ignore -v -z --stdin [4ms]
2025-11-24 13:37:42.472 [info] > git check-ignore -v -z --stdin [1ms]
2025-11-24 13:37:50.136 [info] > git check-ignore -v -z --stdin [1ms]
2025-11-24 13:37:50.850 [info] > git check-ignore -v -z --stdin [2ms]
2025-11-24 13:38:05.227 [info] > git check-ignore -v -z --stdin [2ms]
2025-11-24 13:38:53.341 [info] > git check-ignore -v -z --stdin [2ms]
2025-11-24 13:38:54.142 [info] > git check-ignore -v -z --stdin [3ms]
2025-11-24 13:38:56.750 [info] > git show --textconv :.venv/bin/activate [5ms]
2025-11-24 13:38:56.754 [info] > git ls-files --stage -- .venv/bin/activate [5ms]
2025-11-24 13:38:56.758 [info] > git hash-object -t tree /dev/null [5ms]
2025-11-24 13:38:56.758 [warning] [GitFileSystemProvider][readFile] File not found - git:/home/east/shared/eastSync/pyEast/ML/research/MLDev/.venv/bin/activate.git?%7B%22path%22%3A%22%2Fhome%2Feast%2Fshared%2FeastSync%2FpyEast%2FML%2Fresearch%2FMLDev%2F.venv%2Fbin%2Factivate%22%2C%22ref%22%3A%22%22%7D
2025-11-24 13:38:56.759 [info] > git hash-object -t tree /dev/null [1ms]
2025-11-24 13:38:56.759 [warning] [GitFileSystemProvider][stat] File not found - git:/home/east/shared/eastSync/pyEast/ML/research/MLDev/.venv/bin/activate.git?%7B%22path%22%3A%22%2Fhome%2Feast%2Fshared%2FeastSync%2FpyEast%2FML%2Fresearch%2FMLDev%2F.venv%2Fbin%2Factivate%22%2C%22ref%22%3A%22%22%7D
2025-11-24 13:38:58.801 [info] > git check-ignore -v -z --stdin [1ms]
2025-11-24 13:39:05.851 [info] > git config --get commit.template [4ms]
2025-11-24 13:39:05.852 [info] > git for-each-ref --format=%(refname)%00%(upstream:short)%00%(objectname)%00%(upstream:track)%00%(upstream:remotename)%00%(upstream:remoteref) refs/heads/main refs/remotes/main [1ms]
2025-11-24 13:39:05.861 [info] > git status -z -uall [6ms]
2025-11-24 13:39:05.861 [info] > git for-each-ref --sort -committerdate --format %(refname)%00%(objectname)%00%(*objectname) [2ms]
2025-11-24 13:39:21.097 [info] > git blame --root --incremental bc3275f8d6bd9be6bcd06098349cb0d69ea91ff9 -- .venv/bin/activate [1ms]
2025-11-24 13:39:21.098 [info] fatal: no such path .venv/bin/activate in bc3275f8d6bd9be6bcd06098349cb0d69ea91ff9
2025-11-24 13:40:08.222 [info] > git show --textconv :.venv/bin/activate [4ms]
2025-11-24 13:40:08.222 [warning] [GitFileSystemProvider][readFile] File not found - git:/home/east/shared/eastSync/pyEast/ML/research/MLDev/.venv/bin/activate.git?%7B%22path%22%3A%22%2Fhome%2Feast%2Fshared%2FeastSync%2FpyEast%2FML%2Fresearch%2FMLDev%2F.venv%2Fbin%2Factivate%22%2C%22ref%22%3A%22%22%7D
2025-11-24 13:40:08.223 [info] > git ls-files --stage -- .venv/bin/activate [2ms]
2025-11-24 13:40:08.223 [warning] [GitFileSystemProvider][stat] File not found - git:/home/east/shared/eastSync/pyEast/ML/research/MLDev/.venv/bin/activate.git?%7B%22path%22%3A%22%2Fhome%2Feast%2Fshared%2FeastSync%2FpyEast%2FML%2Fresearch%2FMLDev%2F.venv%2Fbin%2Factivate%22%2C%22ref%22%3A%22%22%7D
2025-11-24 13:40:59.444 [info] > git log --format=%H%n%aN%n%aE%n%at%n%ct%n%P%n%D%n%B -z --shortstat --diff-merges=first-parent -n50 --skip=0 --topo-order --decorate=full --stdin [4ms]
